<?xml version="1.0" encoding="UTF-8"?>
<!-- Generated by org.testng.reporters.JUnitReportReporter -->
<testsuite hostname="DESKTOP-P1ON6IV" failures="0" tests="4" name="Maventest.openHRMDemo" time="20.611" errors="0" timestamp="2025-07-10T21:45:04 IST" skipped="0">
  <testcase classname="Maventest.openHRMDemo" name="CloseBrowser" time="0.251"/>
  <testcase classname="Maventest.openHRMDemo" name="Login" time="3.605"/>
  <testcase classname="Maventest.openHRMDemo" name="MyInfo" time="2.688"/>
  <testcase classname="Maventest.openHRMDemo" name="LaunchChrome" time="14.067"/>
</testsuite> <!-- Maventest.openHRMDemo -->
