<?xml version="1.0" encoding="UTF-8"?>
<testsuite xmlns:xsi="http://www.w3.org/2001/XMLSchema-instance" xsi:noNamespaceSchemaLocation="https://maven.apache.org/surefire/maven-surefire-plugin/xsd/surefire-test-report-3.0.xsd" version="3.0" name="TestSuite" time="26.916" tests="2" errors="0" skipped="0" failures="0">
  <properties>
    <property name="java.specification.version" value="17"/>
    <property name="sun.cpu.isalist" value="amd64"/>
    <property name="sun.jnu.encoding" value="Cp1252"/>
    <property name="java.class.path" value="E:\Selenium\Test-maven\target\test-classes;E:\Selenium\Test-maven\target\classes;C:\Users\Admin\.m2\repository\org\seleniumhq\selenium\selenium-java\4.34.0\selenium-java-4.34.0.jar;C:\Users\Admin\.m2\repository\org\seleniumhq\selenium\selenium-api\4.34.0\selenium-api-4.34.0.jar;C:\Users\Admin\.m2\repository\org\jspecify\jspecify\1.0.0\jspecify-1.0.0.jar;C:\Users\Admin\.m2\repository\org\seleniumhq\selenium\selenium-chrome-driver\4.34.0\selenium-chrome-driver-4.34.0.jar;C:\Users\Admin\.m2\repository\com\google\auto\service\auto-service-annotations\1.1.1\auto-service-annotations-1.1.1.jar;C:\Users\Admin\.m2\repository\org\seleniumhq\selenium\selenium-chromium-driver\4.34.0\selenium-chromium-driver-4.34.0.jar;C:\Users\Admin\.m2\repository\org\seleniumhq\selenium\selenium-json\4.34.0\selenium-json-4.34.0.jar;C:\Users\Admin\.m2\repository\org\seleniumhq\selenium\selenium-manager\4.34.0\selenium-manager-4.34.0.jar;C:\Users\Admin\.m2\repository\org\seleniumhq\selenium\selenium-devtools-v136\4.34.0\selenium-devtools-v136-4.34.0.jar;C:\Users\Admin\.m2\repository\org\seleniumhq\selenium\selenium-devtools-v137\4.34.0\selenium-devtools-v137-4.34.0.jar;C:\Users\Admin\.m2\repository\org\seleniumhq\selenium\selenium-devtools-v138\4.34.0\selenium-devtools-v138-4.34.0.jar;C:\Users\Admin\.m2\repository\org\seleniumhq\selenium\selenium-edge-driver\4.34.0\selenium-edge-driver-4.34.0.jar;C:\Users\Admin\.m2\repository\org\seleniumhq\selenium\selenium-firefox-driver\4.34.0\selenium-firefox-driver-4.34.0.jar;C:\Users\Admin\.m2\repository\org\seleniumhq\selenium\selenium-http\4.34.0\selenium-http-4.34.0.jar;C:\Users\Admin\.m2\repository\org\seleniumhq\selenium\selenium-ie-driver\4.34.0\selenium-ie-driver-4.34.0.jar;C:\Users\Admin\.m2\repository\org\seleniumhq\selenium\selenium-remote-driver\4.34.0\selenium-remote-driver-4.34.0.jar;C:\Users\Admin\.m2\repository\com\google\guava\guava\33.4.8-jre\guava-33.4.8-jre.jar;C:\Users\Admin\.m2\repository\com\google\guava\failureaccess\1.0.3\failureaccess-1.0.3.jar;C:\Users\Admin\.m2\repository\com\google\guava\listenablefuture\9999.0-empty-to-avoid-conflict-with-guava\listenablefuture-9999.0-empty-to-avoid-conflict-with-guava.jar;C:\Users\Admin\.m2\repository\com\google\errorprone\error_prone_annotations\2.36.0\error_prone_annotations-2.36.0.jar;C:\Users\Admin\.m2\repository\com\google\j2objc\j2objc-annotations\3.0.0\j2objc-annotations-3.0.0.jar;C:\Users\Admin\.m2\repository\io\opentelemetry\opentelemetry-api\1.51.0\opentelemetry-api-1.51.0.jar;C:\Users\Admin\.m2\repository\io\opentelemetry\opentelemetry-context\1.51.0\opentelemetry-context-1.51.0.jar;C:\Users\Admin\.m2\repository\io\opentelemetry\opentelemetry-exporter-logging\1.51.0\opentelemetry-exporter-logging-1.51.0.jar;C:\Users\Admin\.m2\repository\io\opentelemetry\opentelemetry-sdk-common\1.51.0\opentelemetry-sdk-common-1.51.0.jar;C:\Users\Admin\.m2\repository\io\opentelemetry\opentelemetry-sdk-extension-autoconfigure-spi\1.51.0\opentelemetry-sdk-extension-autoconfigure-spi-1.51.0.jar;C:\Users\Admin\.m2\repository\io\opentelemetry\opentelemetry-sdk-extension-autoconfigure\1.51.0\opentelemetry-sdk-extension-autoconfigure-1.51.0.jar;C:\Users\Admin\.m2\repository\io\opentelemetry\opentelemetry-sdk-trace\1.51.0\opentelemetry-sdk-trace-1.51.0.jar;C:\Users\Admin\.m2\repository\io\opentelemetry\opentelemetry-sdk\1.51.0\opentelemetry-sdk-1.51.0.jar;C:\Users\Admin\.m2\repository\io\opentelemetry\opentelemetry-sdk-metrics\1.51.0\opentelemetry-sdk-metrics-1.51.0.jar;C:\Users\Admin\.m2\repository\io\opentelemetry\opentelemetry-sdk-logs\1.51.0\opentelemetry-sdk-logs-1.51.0.jar;C:\Users\Admin\.m2\repository\net\bytebuddy\byte-buddy\1.17.6\byte-buddy-1.17.6.jar;C:\Users\Admin\.m2\repository\org\seleniumhq\selenium\selenium-os\4.34.0\selenium-os-4.34.0.jar;C:\Users\Admin\.m2\repository\org\apache\commons\commons-exec\1.5.0\commons-exec-1.5.0.jar;C:\Users\Admin\.m2\repository\org\seleniumhq\selenium\selenium-safari-driver\4.34.0\selenium-safari-driver-4.34.0.jar;C:\Users\Admin\.m2\repository\org\seleniumhq\selenium\selenium-support\4.34.0\selenium-support-4.34.0.jar;C:\Users\Admin\.m2\repository\org\testng\testng\7.11.0\testng-7.11.0.jar;C:\Users\Admin\.m2\repository\org\slf4j\slf4j-api\2.0.16\slf4j-api-2.0.16.jar;C:\Users\Admin\.m2\repository\org\jcommander\jcommander\1.83\jcommander-1.83.jar;C:\Users\Admin\.m2\repository\org\webjars\jquery\3.7.1\jquery-3.7.1.jar;C:\Users\Admin\.m2\repository\commons-io\commons-io\2.11.0\commons-io-2.11.0.jar;C:\Users\Admin\.m2\repository\org\apache\commons\commons-compress\1.21\commons-compress-1.21.jar;C:\Users\Admin\.m2\repository\org\apache\poi\poi\5.2.3\poi-5.2.3.jar;C:\Users\Admin\.m2\repository\commons-codec\commons-codec\1.15\commons-codec-1.15.jar;C:\Users\Admin\.m2\repository\org\apache\commons\commons-collections4\4.4\commons-collections4-4.4.jar;C:\Users\Admin\.m2\repository\org\apache\commons\commons-math3\3.6.1\commons-math3-3.6.1.jar;C:\Users\Admin\.m2\repository\com\zaxxer\SparseBitSet\1.2\SparseBitSet-1.2.jar;C:\Users\Admin\.m2\repository\org\apache\poi\poi-ooxml\5.2.3\poi-ooxml-5.2.3.jar;C:\Users\Admin\.m2\repository\org\apache\poi\poi-ooxml-lite\5.2.3\poi-ooxml-lite-5.2.3.jar;C:\Users\Admin\.m2\repository\com\github\virtuald\curvesapi\1.07\curvesapi-1.07.jar;C:\Users\Admin\.m2\repository\org\apache\poi\poi-ooxml-schemas\4.1.2\poi-ooxml-schemas-4.1.2.jar;C:\Users\Admin\.m2\repository\org\apache\xmlbeans\xmlbeans\5.1.1\xmlbeans-5.1.1.jar;C:\Users\Admin\.m2\repository\org\apache\logging\log4j\log4j-api\2.17.1\log4j-api-2.17.1.jar;C:\Users\Admin\.m2\repository\org\apache\logging\log4j\log4j-core\2.17.1\log4j-core-2.17.1.jar;C:\Users\Admin\.m2\repository\org\apache\logging\log4j\log4j-web\2.17.1\log4j-web-2.17.1.jar;C:\Users\Admin\.m2\repository\com\aventstack\extentreports\5.1.2\extentreports-5.1.2.jar;C:\Users\Admin\.m2\repository\io\reactivex\rxjava3\rxjava\3.1.6\rxjava-3.1.6.jar;C:\Users\Admin\.m2\repository\org\reactivestreams\reactive-streams\1.0.4\reactive-streams-1.0.4.jar;C:\Users\Admin\.m2\repository\org\freemarker\freemarker\2.3.32\freemarker-2.3.32.jar;C:\Users\Admin\.m2\repository\org\projectlombok\lombok\1.18.26\lombok-1.18.26.jar;C:\Users\Admin\.m2\repository\com\google\code\gson\gson\2.10.1\gson-2.10.1.jar;"/>
    <property name="java.vm.vendor" value="Eclipse Adoptium"/>
    <property name="sun.arch.data.model" value="64"/>
    <property name="user.variant" value=""/>
    <property name="java.vendor.url" value="https://adoptium.net/"/>
    <property name="user.timezone" value="Asia/Calcutta"/>
    <property name="os.name" value="Windows 10"/>
    <property name="java.vm.specification.version" value="17"/>
    <property name="sun.java.launcher" value="SUN_STANDARD"/>
    <property name="user.country" value="US"/>
    <property name="sun.boot.library.path" value="C:\Program Files\Eclipse Adoptium\jdk-17.0.15.6-hotspot\bin"/>
    <property name="sun.java.command" value="C:\Users\Admin\AppData\Local\Temp\surefire6493744077730385407\surefirebooter-20250712224812086_3.jar C:\Users\Admin\AppData\Local\Temp\surefire6493744077730385407 2025-07-12T22-48-10_465-jvmRun1 surefire-20250712224812086_1tmp surefire_0-20250712224812086_2tmp"/>
    <property name="jdk.debug" value="release"/>
    <property name="surefire.test.class.path" value="E:\Selenium\Test-maven\target\test-classes;E:\Selenium\Test-maven\target\classes;C:\Users\Admin\.m2\repository\org\seleniumhq\selenium\selenium-java\4.34.0\selenium-java-4.34.0.jar;C:\Users\Admin\.m2\repository\org\seleniumhq\selenium\selenium-api\4.34.0\selenium-api-4.34.0.jar;C:\Users\Admin\.m2\repository\org\jspecify\jspecify\1.0.0\jspecify-1.0.0.jar;C:\Users\Admin\.m2\repository\org\seleniumhq\selenium\selenium-chrome-driver\4.34.0\selenium-chrome-driver-4.34.0.jar;C:\Users\Admin\.m2\repository\com\google\auto\service\auto-service-annotations\1.1.1\auto-service-annotations-1.1.1.jar;C:\Users\Admin\.m2\repository\org\seleniumhq\selenium\selenium-chromium-driver\4.34.0\selenium-chromium-driver-4.34.0.jar;C:\Users\Admin\.m2\repository\org\seleniumhq\selenium\selenium-json\4.34.0\selenium-json-4.34.0.jar;C:\Users\Admin\.m2\repository\org\seleniumhq\selenium\selenium-manager\4.34.0\selenium-manager-4.34.0.jar;C:\Users\Admin\.m2\repository\org\seleniumhq\selenium\selenium-devtools-v136\4.34.0\selenium-devtools-v136-4.34.0.jar;C:\Users\Admin\.m2\repository\org\seleniumhq\selenium\selenium-devtools-v137\4.34.0\selenium-devtools-v137-4.34.0.jar;C:\Users\Admin\.m2\repository\org\seleniumhq\selenium\selenium-devtools-v138\4.34.0\selenium-devtools-v138-4.34.0.jar;C:\Users\Admin\.m2\repository\org\seleniumhq\selenium\selenium-edge-driver\4.34.0\selenium-edge-driver-4.34.0.jar;C:\Users\Admin\.m2\repository\org\seleniumhq\selenium\selenium-firefox-driver\4.34.0\selenium-firefox-driver-4.34.0.jar;C:\Users\Admin\.m2\repository\org\seleniumhq\selenium\selenium-http\4.34.0\selenium-http-4.34.0.jar;C:\Users\Admin\.m2\repository\org\seleniumhq\selenium\selenium-ie-driver\4.34.0\selenium-ie-driver-4.34.0.jar;C:\Users\Admin\.m2\repository\org\seleniumhq\selenium\selenium-remote-driver\4.34.0\selenium-remote-driver-4.34.0.jar;C:\Users\Admin\.m2\repository\com\google\guava\guava\33.4.8-jre\guava-33.4.8-jre.jar;C:\Users\Admin\.m2\repository\com\google\guava\failureaccess\1.0.3\failureaccess-1.0.3.jar;C:\Users\Admin\.m2\repository\com\google\guava\listenablefuture\9999.0-empty-to-avoid-conflict-with-guava\listenablefuture-9999.0-empty-to-avoid-conflict-with-guava.jar;C:\Users\Admin\.m2\repository\com\google\errorprone\error_prone_annotations\2.36.0\error_prone_annotations-2.36.0.jar;C:\Users\Admin\.m2\repository\com\google\j2objc\j2objc-annotations\3.0.0\j2objc-annotations-3.0.0.jar;C:\Users\Admin\.m2\repository\io\opentelemetry\opentelemetry-api\1.51.0\opentelemetry-api-1.51.0.jar;C:\Users\Admin\.m2\repository\io\opentelemetry\opentelemetry-context\1.51.0\opentelemetry-context-1.51.0.jar;C:\Users\Admin\.m2\repository\io\opentelemetry\opentelemetry-exporter-logging\1.51.0\opentelemetry-exporter-logging-1.51.0.jar;C:\Users\Admin\.m2\repository\io\opentelemetry\opentelemetry-sdk-common\1.51.0\opentelemetry-sdk-common-1.51.0.jar;C:\Users\Admin\.m2\repository\io\opentelemetry\opentelemetry-sdk-extension-autoconfigure-spi\1.51.0\opentelemetry-sdk-extension-autoconfigure-spi-1.51.0.jar;C:\Users\Admin\.m2\repository\io\opentelemetry\opentelemetry-sdk-extension-autoconfigure\1.51.0\opentelemetry-sdk-extension-autoconfigure-1.51.0.jar;C:\Users\Admin\.m2\repository\io\opentelemetry\opentelemetry-sdk-trace\1.51.0\opentelemetry-sdk-trace-1.51.0.jar;C:\Users\Admin\.m2\repository\io\opentelemetry\opentelemetry-sdk\1.51.0\opentelemetry-sdk-1.51.0.jar;C:\Users\Admin\.m2\repository\io\opentelemetry\opentelemetry-sdk-metrics\1.51.0\opentelemetry-sdk-metrics-1.51.0.jar;C:\Users\Admin\.m2\repository\io\opentelemetry\opentelemetry-sdk-logs\1.51.0\opentelemetry-sdk-logs-1.51.0.jar;C:\Users\Admin\.m2\repository\net\bytebuddy\byte-buddy\1.17.6\byte-buddy-1.17.6.jar;C:\Users\Admin\.m2\repository\org\seleniumhq\selenium\selenium-os\4.34.0\selenium-os-4.34.0.jar;C:\Users\Admin\.m2\repository\org\apache\commons\commons-exec\1.5.0\commons-exec-1.5.0.jar;C:\Users\Admin\.m2\repository\org\seleniumhq\selenium\selenium-safari-driver\4.34.0\selenium-safari-driver-4.34.0.jar;C:\Users\Admin\.m2\repository\org\seleniumhq\selenium\selenium-support\4.34.0\selenium-support-4.34.0.jar;C:\Users\Admin\.m2\repository\org\testng\testng\7.11.0\testng-7.11.0.jar;C:\Users\Admin\.m2\repository\org\slf4j\slf4j-api\2.0.16\slf4j-api-2.0.16.jar;C:\Users\Admin\.m2\repository\org\jcommander\jcommander\1.83\jcommander-1.83.jar;C:\Users\Admin\.m2\repository\org\webjars\jquery\3.7.1\jquery-3.7.1.jar;C:\Users\Admin\.m2\repository\commons-io\commons-io\2.11.0\commons-io-2.11.0.jar;C:\Users\Admin\.m2\repository\org\apache\commons\commons-compress\1.21\commons-compress-1.21.jar;C:\Users\Admin\.m2\repository\org\apache\poi\poi\5.2.3\poi-5.2.3.jar;C:\Users\Admin\.m2\repository\commons-codec\commons-codec\1.15\commons-codec-1.15.jar;C:\Users\Admin\.m2\repository\org\apache\commons\commons-collections4\4.4\commons-collections4-4.4.jar;C:\Users\Admin\.m2\repository\org\apache\commons\commons-math3\3.6.1\commons-math3-3.6.1.jar;C:\Users\Admin\.m2\repository\com\zaxxer\SparseBitSet\1.2\SparseBitSet-1.2.jar;C:\Users\Admin\.m2\repository\org\apache\poi\poi-ooxml\5.2.3\poi-ooxml-5.2.3.jar;C:\Users\Admin\.m2\repository\org\apache\poi\poi-ooxml-lite\5.2.3\poi-ooxml-lite-5.2.3.jar;C:\Users\Admin\.m2\repository\com\github\virtuald\curvesapi\1.07\curvesapi-1.07.jar;C:\Users\Admin\.m2\repository\org\apache\poi\poi-ooxml-schemas\4.1.2\poi-ooxml-schemas-4.1.2.jar;C:\Users\Admin\.m2\repository\org\apache\xmlbeans\xmlbeans\5.1.1\xmlbeans-5.1.1.jar;C:\Users\Admin\.m2\repository\org\apache\logging\log4j\log4j-api\2.17.1\log4j-api-2.17.1.jar;C:\Users\Admin\.m2\repository\org\apache\logging\log4j\log4j-core\2.17.1\log4j-core-2.17.1.jar;C:\Users\Admin\.m2\repository\org\apache\logging\log4j\log4j-web\2.17.1\log4j-web-2.17.1.jar;C:\Users\Admin\.m2\repository\com\aventstack\extentreports\5.1.2\extentreports-5.1.2.jar;C:\Users\Admin\.m2\repository\io\reactivex\rxjava3\rxjava\3.1.6\rxjava-3.1.6.jar;C:\Users\Admin\.m2\repository\org\reactivestreams\reactive-streams\1.0.4\reactive-streams-1.0.4.jar;C:\Users\Admin\.m2\repository\org\freemarker\freemarker\2.3.32\freemarker-2.3.32.jar;C:\Users\Admin\.m2\repository\org\projectlombok\lombok\1.18.26\lombok-1.18.26.jar;C:\Users\Admin\.m2\repository\com\google\code\gson\gson\2.10.1\gson-2.10.1.jar;"/>
    <property name="sun.cpu.endian" value="little"/>
    <property name="user.home" value="C:\Users\Admin"/>
    <property name="user.language" value="en"/>
    <property name="java.specification.vendor" value="Oracle Corporation"/>
    <property name="java.version.date" value="2025-04-15"/>
    <property name="java.home" value="C:\Program Files\Eclipse Adoptium\jdk-17.0.15.6-hotspot"/>
    <property name="file.separator" value="\"/>
    <property name="style.color" value="always"/>
    <property name="basedir" value="E:\Selenium\Test-maven"/>
    <property name="java.vm.compressedOopsMode" value="32-bit"/>
    <property name="line.separator" value="&#10;"/>
    <property name="java.vm.specification.vendor" value="Oracle Corporation"/>
    <property name="java.specification.name" value="Java Platform API Specification"/>
    <property name="surefire.real.class.path" value="C:\Users\Admin\AppData\Local\Temp\surefire6493744077730385407\surefirebooter-20250712224812086_3.jar"/>
    <property name="user.script" value=""/>
    <property name="sun.management.compiler" value="HotSpot 64-Bit Tiered Compilers"/>
    <property name="java.runtime.version" value="17.0.15+6"/>
    <property name="user.name" value="Admin"/>
    <property name="path.separator" value=";"/>
    <property name="os.version" value="10.0"/>
    <property name="java.runtime.name" value="OpenJDK Runtime Environment"/>
    <property name="file.encoding" value="Cp1252"/>
    <property name="java.vm.name" value="OpenJDK 64-Bit Server VM"/>
    <property name="java.vendor.version" value="Temurin-17.0.15+6"/>
    <property name="localRepository" value="C:\Users\Admin\.m2\repository"/>
    <property name="java.vendor.url.bug" value="https://github.com/adoptium/adoptium-support/issues"/>
    <property name="java.io.tmpdir" value="C:\Users\Admin\AppData\Local\Temp\"/>
    <property name="java.version" value="17.0.15"/>
    <property name="user.dir" value="E:\Selenium\Test-maven"/>
    <property name="os.arch" value="amd64"/>
    <property name="java.vm.specification.name" value="Java Virtual Machine Specification"/>
    <property name="sun.os.patch.level" value=""/>
    <property name="native.encoding" value="Cp1252"/>
    <property name="java.library.path" value="C:\Program Files\Eclipse Adoptium\jdk-17.0.15.6-hotspot\bin;C:\Windows\Sun\Java\bin;C:\Windows\system32;C:\Windows;C:/Users/Admin/Desktop/Chinmay/Selenium/eclipse//plugins/org.eclipse.justj.openjdk.hotspot.jre.full.win32.x86_64_21.0.7.v20250502-0916/jre/bin/server;C:/Users/Admin/Desktop/Chinmay/Selenium/eclipse//plugins/org.eclipse.justj.openjdk.hotspot.jre.full.win32.x86_64_21.0.7.v20250502-0916/jre/bin;C:\Program Files\Eclipse Adoptium\jdk-17.0.15.6-hotspot\bin;C:\Program Files\Amazon Corretto\jdk17.0.15_6\bin;C:\Windows\system32;C:\Windows;C:\Windows\System32\Wbem;C:\Windows\System32\WindowsPowerShell\v1.0\;C:\Windows\System32\OpenSSH\;C:\ProgramData\chocolatey\bin;C:\Program Files\Vagrant\bin;C:\Program Files\Git\cmd;C:\Program Files\Amazon\AWSCLIV2\;C:\Program Files\Microsoft VS Code\bin;C:\Program Files\OpenJDK\jdk-17.0.2\bin;C:\Program Files\Java\jdk-21\bin;C:\strawberry\c\bin;C:\strawberry\perl\bin;E:\Maven\apache-maven-3.9.10\bin;C:\Program Files\Apache\Maven\apache-maven-3.9.10\bin;C:\Users\Admin\AppData\Local\Microsoft\WindowsApps;;C:\Program Files\Oracle\VirtualBox;C:\Users\Admin\Desktop\Chinmay\Selenium\eclipse;;."/>
    <property name="java.vm.info" value="mixed mode, sharing"/>
    <property name="java.vendor" value="Eclipse Adoptium"/>
    <property name="java.vm.version" value="17.0.15+6"/>
    <property name="java.specification.maintenance.version" value="1"/>
    <property name="sun.io.unicode.encoding" value="UnicodeLittle"/>
    <property name="java.class.version" value="61.0"/>
  </properties>
  <testcase name="loginWithValidUserNameAndValidPassword" classname="OpenHRMTestClasses.LoginTestClass" time="4.077">
    <system-out><![CDATA[12.07.2025 22:48:34,072 INFO  LoginPageClass:36 - Username is entered
iVBORw0KGgoAAAANSUhEUgAABVYAAAJNCAIAAABV7bmTAAAAAXNSR0IArs4c6QAAIABJREFUeJzs3Xd8XFedN/7vOffeadKMerMs2Vax5CL3njidFKeyIQEWCEvZAMvy7LPALksSOs8uPAu/Z1lgIVlgaQHSC3ESbCdxYsdx4t6bmtV7n37vOb8/RhqPpmlkyZY183m/8opn7py5cyXLuvf7uacw+XAJAcB0kDN9AAAAcKVhM30AAACQatwP1cd5Vb2MRwKQhFD2AwBAHKGnCcQBAAAw4xABAEwCCn4AALhoiAMAAGDGIQIAmBgqfwAAmF7BMwuyAAAAuJwQAQDEczmKfwQMAACzwqUp1iVSAAAAuGTO1DcTUVXZhRkA+YweD8CVS069NpeJ/QcAALPCJfuVjhMCAABcCoH6P/QBIgCAKC7+Ogy1PQBAiptaKICzBwAATJfQsj/0KQYCAFxwMRdeU7tYw6UeAMAscjE99ic/B6C86M8CAAAYE9r5PxQiAAC6mFJ8Mm9AnQ8AkBzi/D5PqGKfzByAmCMAAAAuBUQAAJMp0RNoioIfACAFRf7yj1fAJ5YFoDsAAABMO0QAkNISLdcnaoeyHwAAwiQ0AiCBKh9BAAAATCNEAJC6EqrbYzdC2Q8AAAma4K5/YkEAUgAAAJg6RACQoqZS/09L8Y8EAQBgdpmWCjxeFjBRlY8UAAAAJqWzp39oxElEjvS0gtyswEZEAJCKJi6/o7W4uKIdpT4AQHKI//t8ssV59Bv/E3UHwKAAAABIUGdP/8DQSOBx4EEgBUAEAClngpp8ysX/NNT8iA0AAGbcJOvssN/cCb77ooMApAAAABBf4P5/6FNEAJCKJlv/J1iMT3FaAQAAuOIk8kt7otv1E7Ua13hSQQBSAAAAiE8IGfUpIgBIIZOq/ye+9jOn06L3sQUbqWgJzyohq4MYn+ohAgBAMpGC3EOyv5naT8iGd+jUdvKOxGw7yQkCMCgAAAAuAiIASBXxSvrJ3vwvqGabPslW34+aHwAA4mGcbJnMlknFNWzNh0gKeeBJuedX1Hk6avOY3QFQ6AMAwDRBBAApIfH6P37xL4n4bY+wqx+cpuMCAIBUwjhb8yG25kNy92Pile/GquujlPxx+wIgHwAAgMThHiYkv2mp/yURFVTzv9uK+h8AAKaIXf0g/7utVFAd67wjI09JsU9RmGoGAAAShwgAktx01f9s3lr+6SdZcc30HRoAAKQuVlzDP/0km7d2gvQ53nMAAIBJQwQAyWzq9X/gPgwrqOYf/SXZMqf16AAAILXZMvlHf8kKqqPc8x+TYAqAcAAAABKECACS1rTU/wHs3h+i/gcAgOlny2T3/jDwECkAAABcBogAIPUkUP+H3pDhtz2C/v8AAHCJsOIaftsjgcexugMgBQAAgOmCCACSU8zLoMTq/yCWX435/wAA4JJiVz/I8quDT5ECAADApYMIAJJQghdAE19jSWJXfXJ6jgkAACA2dtUnQ89AU0kBAAAA4kAEAKlkUldXksiczlbff+kPCwAAUh1bfT+Z06clBUAyAAAAcSACgGSTyBCAhOp/Ilr0PmL4NwIAAJce47TofTTZsxUAAMAkobyB1DD5+l8SsbKNl/zAAAAAiIiIlW0cPRldRGYdpwEAAEAIRACQVKJf9Ex0KRS1/iciVrRk2o4MAAAgrsBJJ8EUYBykAAAAkDBEAJBaIi+JYtX/RMSySi7PUQEAAARPOomkAKjwAQDg4iACgOQxYReACS6YZEQbq2NaDgwAAGBiISedyBQgEoYDAADARUAEAEkt8SEAkfU/ScwFCAAAlw/jEeelCxtQzwMAwLRAhQNJYsJro3i9KKPV/7jYAgCAyyzsdCSjvBp7C85bAACQAEQAkKLid67EdRQAAMyIKCegKZyTcDoDAIAwiAAgGUxpFoCILgC4YAIAgBkkJzMcAB0BAABgUhABQCqKMwRAYtglAADMlGiDACYcDgAAAJA4RACQpCa1onJkW4lrLAAAmAmSogXU8U5mOGEBAEDiEAFAyondBUDK8BYAAACXT6xRaZNYHSDiNZzTAAAgFCIAmPWmcnEzwcUWAADA5SXjDQIAAACYKnWmDwDgEog9CiD2ZRWGAKQoSVIXutfwDXoGW0ba253tnc7uLk/3gHfQo3slSZWpNs1aYM27p+KOBRnzZvp4ASA1SCIW8j8K+yNq8/g7AwAAIEQAAKNQ9qemfs9A/WDjmb5zp/rPNA01D/lHBAkmiYgxRpIYk1IyIiKNqzbVOtPHCwApIbRij1W9x6vqUfEDAEBsiAAgmcUs7CNmAQj+KcM3QXIypHG0+8SrjTvO9NcO+gaJJCPGGeOkCJKMKF1L9xheXeickVWxXlO8KdeWM9NHDQBJLli8SyJ2oZKP3wMg/L0X8SoAAKQORAAwu0Up1Cc/ZzKq/VQjpHy54bXnal/o9w4wIk6MiBFjUgpdipK0OWsLV9cO1J8bqA3MEllqn7uucLXClJk+cABIReHV+9hzVPUAAHAREAFAikIXgFR2qu/MC/V/HvAOcsYCRT5jpAvdbrJ/oPzuxTnVfzr7zPHek5xxRswv/HeWbckwZ8z0UQNASphKR4AoewEAABgPEQAkrfijACBlDftGXm3c0evuG6v/JSOWZc5ambf8lnk3to60fn///+vx9KpcIUm61JfnLVtTuGKmjxoAIAQmBQQAgIuFCABSxQSjACK7ACApSFLnh5pO9p4O3E0TJDPNGSvzlt1Ycl2uJfvl89tfb37T6XcqTAm++rdLH9C4NtNHDQApZFytHroqQPyWAAAACUAEALPYpCYCiNEKhX5qMaRRO9DQ5+1nxHRpLM6uurPstprcJV2unp8e/e/T/Wd1oROx4CX13WVbShzFM3vMAJBCxtf0UZ9hLAAAAEwFIgBIMTLas8hIQCIbSE6GMOoG6g1pcMbfX3bn3RW3ZZgzDnUd+6+j/93v6WfEiDEmiYgMKdYVrLm+5BqGi2gAuFzilO2xJgUEAACYFEQAkJxk3KcTtodkZUijw9WVbc56YNGHbyi9RkhxvOfUY8d+1e8ZYMSJydFZuJjMs+betuCmLEvmTB8yAKSY8T3/x08KGKs5AABAohABQMpJZBQAEoFk5TN8mebM+xf+1cr8ZUR0svf0r0/8vsvVwzkjKaUkIhJS2LX0e8vvWpa7ZKaPFwAg1MRjAZAIAABAfIgAIOVFGwUAycqsmD+66P4SezFnvMPZ+asTv68fPs8Zl5KIpJCSMSq1z72rbMt1JVcrXJnp4wWAlDPu/v9MHwwAACQfRACQRCbZ3T98CQBIARbVMs9RQkRe3fuDAz+uHajnjBtkMMZsalp11sLVBctrcpcUpxcqDPU/AMyQyOr/4vIApAgAABABEQBAOCQCSU9K+UL9K7XDTfOzKhY45lVmLFhgL5lrL8owO2b60AAAwsXsF4AKHwAAJg8RACS/GCV9+GaMAkgpt8278e7S60w+t/SMSL+LvB5mtEvzIJntzJxOHL8bAWDGXLrSHqEBAADgMheSUJwqPkbdP7mdwJVP+kakq5/8HmbNILOdqWZiPPgqE3raULve8I73/D7Z0yC9w5IYM9nInsdyFij5VUrREp5bzszpM/pFAEAKG78uQPgL44t5FPYAAJA4RAAwW02xRMdEAMlJCjHU7j+zQ7Qdl65+MvxksjGrg+dVqvPW8rwqplmIiBhnZruSt5BZs8Rgm+g+JzpOiZFu6exhnWf0s29we4FStFhdertavJIUbaa/KgBIFfGK+YQLfSQCAAAQByIASBmJ1fpIBGYxv9t/8mXvvj/IoQ6S4sJ2SVT3tn//H3h+lWn9A0rpWsZV5ihSHEWKFCR0qfuke8DoPOU/9qJ+fj/TPWKgWQy26vV7tKW3m656kGm2mfy6ACDlYZkAAACYLogAACAZSO+w951f+vf/iYiIBS+V+ehjIaTPZTQdcDcd0hbfbNr0KZ5ZQowT46SYmGJi5nSeOVcrv1ZvO+J98yeiu5akkJ5h33uP6+ffs275Js8tJ6wRAACXS6KlPiIBAACYJEQAkJommAsQfQFmF+nq877+Q//pHaMD/qVk1gyeV8Gz57H0XNJ9cqhdDHfKoS4x2OY/+YoYbDVf8/fK3JXhO1JNaula5b6f+I8+5zv8jBzqJEU1uuvcL33NfOOX1JI1oRMKAAAAAADMOogAIFmgak9V0uf0vv2Y/9S20Wn8hcFzF5jWPaDOW8ts2cQUIil1n/QOif5mo2GPXrfbaDniee2H1ju/y7PnR+6QWeymNR/mmcXePb8UPfWMcdF73vv2L9jNeUrOghn4CgEgNeEOPwAAXAK4owUpJPHlAGDWkIb/xEv+k6+O1f+CF1Rbb/+OtuhWlp5PXCXGiHGmWXh6vlqy2rTpby1bvqHW3CF66twvf0v6PdF3yzW1/Brz5s+y9BySkhgTrUf9h58mYVzmrw8AUo2M+zTmtovdPwAApBpEAJDSErjSgiua6G/2n3iVApW8lMySZr7uCzx/IfHo4/aZalEKFltufsi08RNGw7t647sxd61oavk15qs/R7qXiBEx/6Gnje6ziR6YEPFf1Q1Dyin9xAkhdF2/iJ0IIYwpfLphGFN5+/SSJN26Rxd64m/xC7/H8F7KgwIAAAC4cmEgACSbRKr6K6J2gakTul77lug8PTrnH+dqzV1K0dIJ38cUk3njpxnj+tnXtPKrRnsQRKMuvlU5s92o30NclUL43n7Ues8Pgu3dHs/eve8KIbxe7zXXbE6z2Xp7e/e8886Lf36pf6D/Yx/56F133sH5aNLqdntaWlqOHj924MDB+vp6p9OZZrPVLFu2aeOGZcuWZWdlMRaly29La+vhw0dsNmtaWtqymhqLxdLR0Xng4IF39u49e/acx+MtLMhfvmLFxg3rly5ZYjabo34VUsrh4eFztbWHDx85eOjQ4NCQFEJRFClkTk62IyMjIyPTbk93OZ2DQ0O33HzzurVrgocdeHt3d8+ZM2f2HThw+MgRr9vDFGZPt1dXVa1etWrx4kU5OTmKMi5zeb3prSHfEBHpwri97Garao16YE6/69WGHWZFG9FdRbbCa0uuahg8v7/z0IjutClmC7f6hN+pu5x+p8rVDHPG3PQ5FZkL8my5ytjUjD3u3n999/+b7yj91NKPppvSJ/yrH/GNfPOd7+fasj6//EF7Au0BrmQJDRTAaAIAABgPEQDMSpejhkdOcMWTnmF//W6SIjBLH7cXqBXXMi16tRmOcW393/DWIxO1Us2b/tZ1fh9Jybiq171j9J9XcsoDr46MjPy///iP2tpam8322vbtbW1t//Xzn2/dutXt9thsNo/XE6jqpZTNLS0vvPjijh2vWSyWOUVFpaUlQoiGhsbf/va3zz333HXXXffZz3ymorws8gAaGhr/9xf/0WwyX3vtNd/4+tcPHDz069/85uTJk3a7XVXV/v6+s2fPvLVr1xNPPPHBD97/iY9/PC0tLXInjefP//rXv96+Y0dR0ZxNmzatXL7cZrN2dHbu3bv3L9u2+/3+9es3zJ9f6vV4dV2Xclz/BV3X97777h//9MR7775bOm/e2jVrFi9erChKQ0PD0aNHf/u7323csOGvP/zhjRs3atqFE8rBriNvtu7mjBenz7l1/k2xvr1CiufrXhryD0sp71hw6zUlV50fbn629kWf4ZMkNxWtX5ZXk0H2dmfnuYH6Hc07DWGUZcy/q+y2jXPWa1wlIpff1enuand1XDt304r8ZfH/NoUUrzTuODNwVuHVI34nIgAAAABIQYgAAGC2EgMtouNUcBUAnlum5C9M/O2Mq2rJ6gmb8dwKnlUqehuIcSkMve7tYASgKkp6erphGNnZWZqm/e73j2/d+nJeXr6qaQN9fSpXAhGA0+X69W9+c+zYsQ9/6IPr1q3Lyc7hnEmizs7OJ5986qmnnnrppZc6Ojp+8dijFosl7NMzHA6FcSFEWlr6sWPH/+1737/pphv++kMfysvPU7jS1d21bfv2V155tbe399FHH7NZrR9/4IGwG/IDA4MPPfLI4UOHVq9a/dV/+Up1dXWwwU033rigrOzRxx7r6+155OGvFhYUGIahalqwC4AQ4vkX//zTn/60s7Nj8+ZrvvD3n69aWBUo9Q3D6OntffzxPzz62GN19fXf+fa3NqxfH/xQq2pVuULE0lSbEmNQBhFpXE0z2Zy6U5CwKlZGZFOtZtXsNXyaoq3OX3F96TWBrgRdru5na198s2V37UD9n84+U2grWJhdQUQDniGv4TWEsbV+27K8pTzukg0tw23bm95Queo2PC6/a8K/eoCZFeX+PW7pAwDAlCECAAiH2/+zhdF+TPo9jKuBO+28aAkzRbkHPkVM0ZijkHobiIgpitFyUK7+EFNMRMQ5t1osRNLhcLz22mvbtm//xte/vmHDelVRzzc1ZWVmBPbg83o5V770xS+uXbMmtD532O0PPvi3vX19r7766t69e7e+/Mq9f/X+sE9PS0uTRIrCDx8+vH/fvq997WubNm40m02BcGGRrF6+bLmhGy9t3SqEeOmlrTdcf/38+ReWOZBSPvbYY/v37c/IzLzvvg8sWrQotId/enr6PXfddfjQ4ddff/2rX33o8d//Liw+OHL02M9+9l9dXZ1lZeVf/Mf/vbCyMjhaQVGUgvz8j33so0ePHduzZ89XH3p4659ftNlsgVeLbHm6NBTi6ZqNRxvgEMAZtyk2SZKIrFpgFAPjxBgjhXE59j6VK3PSC2+dd+OxnpM97p5ud8/B7iPlWQsUpvR7+w1hcMb3dx863XNmcd6iWJ+lC2N70xu97j5OzKt7XToiALgixS7yg69EbYJwAAAAEoTpAAHGan6U/rON6G1kwYteznn2vEv0QcyaMTb7HZPD3TS2joAQwufzqara3Nz83X/9P9/59rfef8/dRYWFeXm5a1avKi8f7SyQlpb+wEc/um7t2rACm4hyc3I2X31VWlqapmkvvPhnn88X1kA3DJOmEbHm5uZbb7312ms2WyzmYB3OGMvKyvybv/l4Tk4OY9TS2nr4yJHQifp6e3ufff55TdMqysuW1SwLrf8DcnJya2pqTGbz/gP739u3P/Qlp9P1pz/9qb29Q0p5yy23hNb/QdlZWTfdeKPZbG5ubv79438IfrRfGiqpnHG/NOLMG8gZN6smksQZ9wg/EZm4pjBFShKSMjXHuO+VNSfdZCMiQ4gh75AhjEAvAKJAViB/e/oJrx7+DQxqHGw83H1UkiAir+EZ8TtjHhYAAABA8kIEAKkB5X0yEsNdwb9YJiWzZF6qTwpWzoxJv0e6B8aeMVXTiNjgwOAtN9+yccOGqO82m02lpSWR5XdgDyUlJZkZGZyxgYF+tzt8kcL09HRJJITIzs6+/rrrIkMEIiovKysvLzMM4fG429s7DOPCyoUNjY1ut5sxlpOTm5WVFfleReG5ubkWi4Vz5Y2dO0PjgzNnTh86fJiIzGbL7bfdFnW2QkVRKirK83JzNU177rnnnM7RulrjJmIkicyKOXYnAGKMCZKMcUOKXHMWEZkUTWEKkeSMhd3TFFIIKSWRwhW7yR6YEbDX0ydH73/y2qH6Q91HZbR/7V7D+3bbu60j7URMMnIb3kHvkJDxVm0AAAAASEqIAABg1hL+kHRHSnffJfoc6Rm6UI8KXfpG+5AzxhRFkVIyzj/4wfujFvkTsqfbTWYTMZJS6kb44nY2a2B2AFlaWlJQkB91D5qmLV+2XAhDCOl0OkMjgO7unrHj5IxHr8VNJhPnnHPW3d0lxiIAwzBOnz7T0d4upaysrCwpmRvr+HNycrJzcjjnHZ2d7R0dgY3pmk1IIUmauRZeyo+nMk2SlCTTVBsRGdKQRIyYwhSfHPfdaB5uHfaNEMl0Lb0mZ7HCFSll60ibwpRA0GAIY/v51wc9Q5Gf0jTUsqvtHbNitqlWKaUu9GHfCCIAuGIhtQYAgEsHEQCkoIQurnAFNgto1mB5KSWJnrpL8vcmhXSODxdksMZmnHMphd1un1scs0iOb2RkJND/nzEWOXOe2+0OfFB+fkF6uj3qHhhjBYUFgeLdEEKE3MnPyckOzAjAiMUak+92uw1dJ2IWsyV4q9/v9zc0Nvr9fiHE4sWLVDXmxDFpNltgGQJd1wcGRvtHmLgqSUpJCptgxhmNK0RSSjJxjYgMKYjJsa/rwnejz923o3lnv3fAL/x3Lbi1KqeSiHyGr3mkNV1Lu6Hk2jQtjRE7O1B7tOeEHD/2QEr5csO2LnfPNcWbqrIqpZRSSpffbSACgCsfTkUAADDdMB0gAMxW3F5woRZnzOg4Lf1epoVPqj9F0jci+5spOPyeq8ziGPtQCtyLttsdZot5snseGho+ePjQo48+1tbWTpIUzkPX1QtwulzBslzGLlkHBwbMJpMkUhUltNQvKSk1mUy67h8cHBwZGbHbw0MEwzC6uro8Xo+u+6sXLeIhEUBraysxpirKmzvf/Gxbu9+vp6enW60Ws8ViGLrb7XE6nW63i4Q8ffYsSWkYhs/nH/3OEAt8Rcf6Tv7o4M+sikWX/mG/S1HMadzslX6f8GpMdWjpDUPnGTFiFPgOS5KSiBhJEoahG9Lw6N4zfed+f/qJswO1aVra39V8+obSawLfE7fu7vcNZJgcawqWew33tqY3RvzOPe3vLs9bkmHOCH6NjYPnd7TsnJs25/qSza83vSVJSGJuwy0uRDkAAAAAqQIRAADMVjxn/oVJsBkTfU2i64xSvHx6P8VoPyHdQxS4Py8laZZgBECBYlVSxLj1cFJKp9PZ3d1zvrmpuam5s7OzvaOjsbFRVZWMjMyMjIzBwUFiZBjhRX6g1mWMCcMwRLy71oGbhZpJCx2PUFiQv2XLbX/84x/rGxrOnDlbWFgYNqS/q7v76LGjum7k5uTecP11we26bvT29THGpJRWm214ZMRisfh0P3mk0+nknBNjJk1TFbvP71++fLkUQlGV3Jyc0O8MMVKJu4XHL3XOlDQtnRPzSp8goTJFkhzyD5NkYROZB564dc8vjv/6ybPPDHgHB7yDFRlln1r8sXWFa4rtRcGWA94hXegWxWxVbXeX3f5W6x6/0A91HT3dd2590ZpAG4/u+eWJ3yukrMhbtsAxL8eaLYmklCM+py7Ch10AXJkmmO0/2stYIAAAAGJBBAAAs5VSUM01qzRGJ4GXw5167S6ev5Bp1mn7DKH7jz4f+pzZ85nJFnwupWREUsaZ9p50XT985Mirr7767nvvud2eFcuXVVRU3n3nnfMXzM/IyDh/vulfvvrVwcFBxrgQ8e5Lx7mg55xLKTnnwjBCj4Vz/vef//y5c+cOHjz0zHPPVlRWzC0uDr7q8XheePHF/fv32+32L33pi6EvCSH8Ph8R+Xzez3/uczfeeENg4oPABwVyBCmlkFIKIYQgIlVVw2ZDEEIszq76/MoHNa4FvgJGJEOW4BDS+O7efz/Sezz0XVKSlKQpWqmjtGGwYcg3zBlblFN124L3WdRxXTy6Xb1CCItqsaqWufbiW0tveqHhZa/wvlT/6oq8GrNqliTf6zhwsu90rjXn+rmbzaq5wJYX6KTQ7x3wGf44320AAACApIQIAABmK55RzPLKZfsJYpyISBj+09uUsk1qyarp+gij+5xe9zaNDdGXQqjFy4iP/uaUgfHujKQc7cAe1f79+7/9ne82NDauX7/+Mw8+uHhRtd1uD1bLHo9H13UppaZpmmYKf3O8bOGCrKxsn89rsVg1zRR2nz8vN/frX/vaf//il3vefvuRr33tvg/cV1lZyRj19PY+88yzO3e+UVpS+vGPf/yuO+8IfaOicFuaLdABweP1WSzRh1dEWZ9g/NETMUaMswvRwPgOE5IxHjbaOdClQuPaDSXXtmaWP1f3kiH1Xa175jtKrp17tcovnLbqhxqJkVWxWFULY2zLgpvf7TzQ5e461nfqrZY975t/fZ+7f3vTGz7hu7b4qvLMBUSUZc5iRMRowDvoMbyJfG8BAAAAkgkiAACYrZjZrpZf5Ws/MfacyaEO3+6fKff9mKnTMCOA9Lu8bz8mpRGcl44RKfM3hNyPl0LIqKvlBTmdrn95+JH2traFlZWPPPxQeVlZWHtF4YE76qqqRM4FkJaWJoVgnAspRew4QFG4EJIRmc2myIUJqhYu/OxnPtPR0XHi5Mm2H/2IGAt0GZg/f/5X/vkrGzdsKCwsCJvwz2Qylcydu3//ASLW0tKSyLcrlCFFYHy/MdF4+8C0/IzIkPpYQDA6H6DGlbvLtzQMNb3bvm9QDj1z7s8LHPPLMucH3iilPD/UxIjZNJtFsRBRri33xpJrHz/zFGf0q5O/X1+0+kDX4bMDdZnmzDvLbgtMtZimpTHiROTUnV5EAHDlQQd+AAC41BABAMCspWjq3JW6o1AMdY5O18cVvfmw58WvWG79BrNlTela2vD7j78kmg9dmJdeGLxgIc8tD20lpQjMBxBrKMBbu3a3NDdrmnbttdfOLS6OzAsYMSkEEXFika8Gbr8LITRVVZWYv7EHh4ZVVSXGOOeRO6mrq3/44YdLSkt/+IMf5GRn6bquG4ZJ08zmmFMYmkymispKReGMsT3v7PncZz9jMmmxGkfyGN7AJH+6NOJ3Y/BLnTMmJXn8HiIycxOXjMZmCLBptn9Y8Zl/HDrf7epuc7X/z8nH/2XtP6ZpNiLShd7p6uTELYrFpGhEpHJlZf6ynS27OtydLt31+Kmn2l2dTr/rfy1/MNMyOjug3ZTOOSdJbr/H5Xcn/hUBAAAAJAcsCggAsxjPr1Lmb6DQfuaKqtfu8Wz/ntF9juIOrY9D6l7/qVd9+x6XuufCVsZMGz7BlAt99SWRFDL+ul0nThwPDKG32WyR9+cDAwGEFIqi6IYRWB0wlNvtCdy01zRNVWP2u3c6RzhnnHOfzyfGzxqo6/r3//3/nm86f9cddxQW5GuaZrVa7enpcer/wMD+ZTXL5hTN4ZyfOnXy2PHjcRoHhIYgI7qbM8YbStIsAAAgAElEQVSJeQyvjP3tkSSFNCQRY3zAP0JEhjQMEpLIL3QLNxNRmintobVfyrPlMmJHeo795sQfPbqHiFy6u987yDizqJbgYool9uLV+Ss4U1SmbG9+/Vjvifn2krWFq4OfaFbNGtOIpF/4nX7nhF8UAAAAQJJBBACpAosrJyVmStOW3s7Sc8aNmVdUve5t747/q9e+QfqkO3tLZ69v3++8ux+VQ50X+hEIQyldrc7fOL6p1A1jdDrAGD9hjPPA60NDQ4YRHkkIIbq6u10ud6BnPovICIZHhomIM+Z2u33+mNPXSSEDOx+dniBEd3fPO+/sVRRVHz9T4IQWVVddffXVjDHDMP74xz8ODg7Gadzb23vm7NngU41xXRiBuRLjkFKSkFJKkuQXPiLyGD5DGoEeBC599C59qWPufZXvt2k2hSl/adrxcsM2Xeh9nn6P4eHE0zQrH+upYVEtG4rWZpkzJBER44zfMu/GDPOFFRxMXLOqFkkkpOh19yX+3QC4wuCcBgAAFwkRAADMbkrhYtP6j0t9/P1zKYy2454dP/Bs/zej6wwltvyb9Lv9tTvdL/yL793fyJFeCvaol5LZMrXVH2LmtLC3MJKSSDeMyPI+YO2aNYEx/Hv2vNPbG15znj137oknnhgeHpZS6rrOo00roOu6JPL5fCLGRxDRwOCgwhUppclkUpRxnQU0TWOMDQ8N/eEPf9ix4/WTp063tLQ0NTU3N7f09fX39fU5XS4RbbnB9PT0Bz72scrKCl03dr755v/85jfDw8NRvmlS1tXX/9M/f6WhoTG4sc8zwDknRl7DF2dGQyHliO7ijMmxhQKkFIHZAUhKrxj9O+WMb5yz7uo5GzljCuMv1r/yduveXnefLgzGmE21hX7fKrMqluYsNqQhSZba59bkLQmdjNCkaBkmR6B8anN2xDowAAAAgGSFuQAgVeEOStLgqmnFvaK71nfwaaaGjldn0j3oP77Vd2qbWn6VacUHlMLFzGyPug/p7tebD/j3/1FvPcY4I+LjpxGQ6pLb1Hnrw1ewZ0xRFCml3+czjOgpw8YN61csW37s+LGz585++zvf+d6//Wt2djYR+f36kaNHHn7ka3fffbfT5ayvr+/u6W5pba0oHzfXwIjTGfhIt8fjj9ELQErp9/sNIaQUkSsTZGdnXXXVVa+/9to7e/fu2r07MJqAMc4DA/0Zy8rKqlm69AP33rt+/bqw0QELFsz/r5/89KMPPNDU1PTzn//8zNlz//zlL5XMnRucO3BgYOCVv/zlxz/+iZRiw4b1wTe6DXdgNQC34R4t6aMRwvALnySpMN7nGyAiv/AbwmBEBgmfcSHWSdfS7q2481Tf6ZbhtkHf0PN1W8syFkhpcKZYVUvoKgMmRftA+d3bm3YqTKnJWVKcVhT6iSpXs6zZ54ebiajb3RPrwAAAAACSFSIAgFHIBGYzZr7m76WzV6/fQ2EFJ1eZlMbZt9zn3qL0XHXOEp4xl6XlEiMiTtIQI92it95oP0HuYSLGeMR4eynUyutMax9gavjged0wXC53Wloa5zzqjfTATfhvfvMb3/nu/zl79uybb715+513bdiwwWqx1Dc0DA8PffUrX9m8+WrO2G9/97u+vv4vf/mfbrzxxo985K+zs7ICb/e4PSazyWy2+Hw+ny96BGAIMTIyYk+3K6ri9/mFYSghAwo459/8xtcddvtrr7/u8XhUVdU0TeFcEum67vf7Ozo62tvb//KXv6xbt+7LX/pSTc3S0DkLiooKn3nqyZ8/9t+v7dixZ/fuO97cuWjR4gULFpjN5oGBgaNHjqiatmXLlk/+zd9kZWZe+PuQSkFaPmc8TbXFiQD8UjcrlqK0IkPqGVp6oCdAliXTbrJzxvxi3Nebb8v7SNX9jx3/jVnRfMJ3duBcYVph4CPCdjvHXnTH/Jvrhho3Fq3VlPBZDAtt+YVp+YwxQxpSTrCgAwAAAECSYfLhkpk+BoBJi1Kuy+gvybE/QrbL4ARuMqSNDN2DJElk+37z9B86XDJioNW767/02jdjzwIoKVCoM0aMkQz8rUtijIhRZCkoJZFUy68yX/9Fnjk3cncul2v7jtd8Pp/H47l9y5bs7Kzonyplc3PLtu3bTp063dnVaTaZ8/LyFi1afNutN+fn5xOR1+vdtfvt+ro6s8VcXV29YsUKs2l00sH6+vq3du2y2x2c882br87NyYncv2EY27bvGBkZkVKWlS1YuWJF2FiA+vr6p55+5uChQ/PnzSspKcnOyU6zpRmGPjw83NnZdfbs2cNHjrjdbiHE2jVrvv2tb82fPy/sI/x+/5kzZ9/Zu7ehoaGvr294eNiWZsvJzlm4cOGmjRvLyhaYTKbQ9ueHmhkxIYXCeJG9SGXRJzL0Gf7m4VaVK1JKm2rNT8sb8g0PegZ1aXDGM0yO4Ez+AUKIswN1FsXEmWJWTLo0DGFkWzLTTelhe3b6nH3egaK0ApWHJ91drm6X3y1Ialydmz4HEQBcUVxfKQn8SAZ+LtnYo2hPg8/GtQliUR7F2gAAAEnF/VA9EZ2pD69lqspKEAHAbDUtEYAc3wYRwOwnxUCL78Af/YeeIaLQZQIuameSuKItu9O04ZM8PT92K8kYC0yzF7+Y1HV9ZMTZP9BvNpkyMjKsVmvYAgFCCMbC1wUM7jn+/ergq5HN9h88+P3vfz/Nlvbggw/WLF0SWJgg2Njv93d397z6l1d/9J8/FsJQVe3hhx76q/ffExYiBBiG4fF4nE6X0+W0Wix2uz3yqwCAqUAEAAAAUxc/AsBAAABIGoxnlpiv+YJSvML7xn+IkW4WcQc4UVKQNcO84RPa0jtiTR8w+pGMTVj8B6iqmpmZkZmZEatB1Fo6uOf4HxGrWUtL6z99+Z+8Pu9Pf/rT5cuWhU03yBgzmUzFxXM+9tGPNjY0PvHUU0KIhsYGv1+PGgEoipKWlpaWlkaUN9GXCwAAAABXIty9AYCkwjSrVn2z7SO/0JbfPTaBf5x16aPhmjp3me2vfmha9cH49f8VTtf1Rx97rK29beWKVcuWLo263ECAyWS67777At8OwzAwMwYAAABAskIvAIBoGIqg2Y075lhu+LJRfYt+6i9Gx2k51CF9IyTlWH/ZwF9woCaWo2M/FI3Z85XccnXxbeqCDUwLn2Ru1unvH2hobBRCLlxYGfWufqi8/DyT2SSEyM3NjdVYCCGlDB1HEBinQIwF84XQaRED4xqEEMEODqGPA6SUgREQodujflCgQfBx8NPDRk8EdhjosxDrkIItQ3cbHHARdbdh7SMHbkQ+jfpVB/YeFsfE/MaO/zYG9x/5TQgIbAl2Bgm+JMcvE4GxGwAAAKkMEQAAJCemWtTSteqc5UZ/o+g8a3SfkwMtYqhdjvRKv5ukIMaYojFrBrMX8owinjWPz1mi5FYyqyM5hsq6PW6Px5NgY6fLZRhGdnZ2ZXlFcM2/ICFEV1fXudpan8+fmZlRWVHhcDj6+vpOnjothGCcFeTlV1SUO53O02fOuD0eKYQkmjunuLS05MDBQ6WlJXOLi50u18mTJxdVV6enj87e5/F4jh8/MTA4aLPZli5Z7HA4hBCdnZ21dXU+nz8jw7GwstLhcPT09La2tS6srLTZbL29vc0tLUuXLGk8f76zs8sQBuc8OyuroqLCbDL5fL6GhobWtnZiVFleUVw8Z3Bw8OSp07quB6rlOXOKqhYuDHx6fX1D/0D/6lWrGGONjY3DwyOLFy+qr2/o6OwUwuBcKSosmDdvXmCmQyFEU3NzS2trRVlZYWFhX39/bW2dxWJeVlMTmBjy2PET2dnZlRXlROR2u/cfOFhdtTAvL8/j9hw8cnjl8uVWq1VKee7cuf6BwZUrlgd2K6Xs6Oioq2/weD2ZGRkLKxc6HPbzTU3NLS2GPjqrZc3SJZzzk6dOzykqLC0tJaIDBw+aTOaFlRXNzS3dPT26rhORkGLj+vXDIyNtbW1VVVVWi6W3t7e3ry87O/vEyZOcMUVRdN1QFOXqqzZN308ZAAAAzDKIAAAgqakmJW+hkluh6h7yuqTfKd2D0uckppDuYyYrszjIbGcmG9OsFLGA3KyWnpZms9kURalvaIi8/R5m//4Dfr9/yZIli5csjpx3oKur+7XX38jMzMzLza2tre3q7r7m6qt7e3sPHzmydPFin8e3c9dbjDGrzXrk2LF5JaUOu11KqaqKz+c7fORI4/nG9991t8vpOnzkaEnx3EAEIKXctWv34NDQ/Pnzauvqa+vq/vpDH+zs6tr55psOuyMvL7ehsbG3r+/azZv7+vtOnDxZMneuzWbr6+07ceJkVWXluXO1PT098+bPc7vc++sb/D7/smU1Z86ePXL02PzSUqfbteP112+4/jrDMPYd2L98aY3VapUktZB0o6GxoaHx/MoVKzjnjeebOjo6Fi6srKuvc7nchYUFbrfn7Xf26rpRXV0V6B3Q1NR84NAht9tdUFBw/vz5d/e9l5uTG4gAmpqa39u3z+6wz59Xqmmax+3et39/b1/vrTff7PF4Dhw8WL1wodVq9Xg8e/a+Ozw8nJ+ft2D+fCLq7et7ddv2gvy8rKysI0ePNTW3bLn1lvNNTefO1S5ZVM0YD9zS7+vr37d/f2VFeUFBgdfr2/vue7m5OXOLi8+cO9vV1b2ouopzRUpBRL09PbvefttsNi+qru7r76+rq3PY7RaTqa9/oLmlpWzBggyH45L9xAEAAMAsgAgAUhc6+6cQxplmI83GKJeir9yXhDIzMysrK/ft23f48OHmlpZ5paWxWo44nT//2c8yMjI+cO+9+XnhU/0JIc6cPZOZlXnTDTeYzebKysqXXn65rb2dc27STJs2bjBbLE8/8+zpM2dWrFhuNplXrliRl5cbeO/w8LAQorOz68ixo5UVlcIwgh0spJT1jY0VFeXLamoWVVW1d3Tqul5XV5+dlX3TjTdomlZRXv7KX7Z1dnZqmmYYY535GRlCSCK/7l8wf97mzZsNw9i2Y0dbW/uiRdVHjx1fXlNTU7OUiE6ePGW1WEZGnFLITZs2ms3msK8r8M8/MF6AjXaqJympamHlkiVLdL/+xs6dff19QojRMQVSZjoc587Vbr7qqqGhYVVRA0MMdF2va2ioKC+vb2xsaWlZsGCBJApEBnV1dcXFxYYhGDEiam5pkVKWzJ175szZ0pISzvkbb+zMy8u95eabFUVZumRJa2srY0wYRk529saNG4OH2t3dwznv7+t3uVytrW18dESANAzhyMi4atOm4LfUEMLv97+5a9fCykpGpOu6w+HYsGFDa2tb/8DAqpUrcqKtKwkAAACpAxEApAoU/JBqOOd/++lPHT165MSJkz/+yU//4QtfmDOnKGycv8/vbzrf9OOf/GTE6fzkJz9x4w3XR+5HSjk0NJydnaVpGhGZTFp6WtrI8LDdbvf5fSdPnvLp/r6B/g3r1jHGPB7P9h07uKIoirKsZmnxnDlSypqlS5pbWnOys0NX5+Scb7n1lu2vvd50vqmoqGjJksWGYfT39xcWFgQ6LKSnp9vt6UNDw44MR+jcjYwRY0xV1bqGRsMQTrdrYGBw0/r1Xp/P5XJlZIze5V68eBERjYw0SCmffe55rnAiumrTprnFxYEGCuNOp/PpZ54lor7+/owMR2AE/YlTp9raO3x+v3NkpKq66sKQfikKCvIbzze1tbX5fL6iwsLhkREi6u3tHRwcvPmmG80m08nTp0tKSkhKxtii6qraunq73R4IPfx+/5mzZ5csXjSvtHT7a6/19/c7HI72jo4N69dzztva210ul81m03VdUdX2jo4nn3paCJGRkXHtNZs5Z2lpNs1s6u3rq6urKykp8fl8kkhRlLa2tieeekpKsphNd9x+OyMqKZ7r8Xje3rMnLzePxjp0GIZO4ycOAAAAgNSECABSVUQkgIwAkk9hQcEP//3ff/TjH+/bt++b3/rWDTdcv3jx4vT0dM65rus9Pb2HDh189719QohHHnl4y623Rp8IkDFF4bpuBApIIaVu6FxRAssHNLe1WsyWdWvWLF60qL29Q1XVqoULMzIcjPOc7GySUkhZWVHZ0Nhw6MgRv98f3Kuu6yaT6c7bt3R1dzc3tzz/4p8/9IEPmEymwMj2wM4N3VBUReEKESmcE5FhiMC/UymlxWIxmc2NTefLFiyYWzLX5XJxzg1jdAh9b2+f1WoJdDpYtqzGbDaTlFmZmcEDECRNJtOSxYuJ0cmTp0aPTZLVajWZTbX1datXrJxbXHxhhj8p09Pt5WVlBw4eSktLy8hwDA4PCyHa2tudTueZc+fcHk9Xd3d/f7+iKFLKZUtrDh4+fPDQIUlEjPr7+3t7e02a5vfrw8MjrW1tGRkZJpPJ5/NJKdvbO1paWjs6O2664XqS0m5PX7VqJUlpMplMJpOQ0mw25+XlnT17tqevd+3qNedqa4lICpGenrZ65cpAdwbGmJCU4XCsX7f2hT+/NLe4OHJaB0gWyTBfCQAAzAhcHAAAJLPS0tKvPfLIoUOHDx8+vGvX7m3bdxi6zjhnjFks5qKiorvvunPVqlXz582LNVkAZ6ywoODU6TPt7e25ubkNDQ0utzs7O9vtclsslqs3bbLb7aqqBgbMc8Zyc3MLCvKllIqieD0eRsQ5r66qampu9vv14G6FENt3vFZRUb5i2XKrxXrsxHFJMj8/7+TJU/PnzcvKyqqtqxtxjuRkZWma5vG4e3t7LRZLS2srZzxQ6ufl5qxftzYtzXb4yNGKsrLcvLy83JzG8025ubkul2vnW2+tXLFCVVQiKswvSEuzyZBlAgIHoCpKVdVCznl7e0d7e3vgLnlpScnSJUusFuu52tp580oLCwsD7RkxReGVFeXPvfjn5ctqTCazEIbP52ttbc3Py1MVNSc7e2BwsLmldf68UiKyWMxVVQtfe/0NYRiMsda2NpNmcjgcnCtFhYXNTc0LKyuXLV1a39hQUV5WWVFuMmnt7e1CSiGE2WwuLprD2Gilx4gpilpYULDrXK3FYs7MzNB1nSQJKTRNmzNnTnAtACIyhJGXl7dh/bo3d+1eWFFxiX++AAAAYJZBBAAAkOQyMzKuu/aaqzZtdLs9brfL6/UxRlxRrBaL1WYzm0zxlwxkjFVVVfX29f1l23az2ez2eFauWFFUWNjY2Gg2mcwmc2CAABEpqkJEr+98I7Aq3fx585bV1FgsFs5Zfn7+oqrq/a6DwZvqmqatXrXqrd27z9XWuT3uZUuXZmdnW63W7u6el1991WKx+nze1StX5ebmSqKysrI33nzLbDYPDQ/f+r6bNE3TVE1VNUVRFlZWtra2vbf/wF133L569eo3d+167vnnPV7vnDnFc4uLu7q7TSbTn7duJcaEEBXlZdds3hw8ALPFEnisqqrZZGKMmTRN4YqiKDVLl3Z2dp6rrc3JyQl8gaqmEmOFhYUZDnthQYHb5U6z2YaGhlwez+ZNm/Lz86WUJpOpp6e7ZG6x2WwmxuaVllZWVhw/fsLQ9a6u7kWLqmuWLmWMtbe379r99uDg4Jo1q/sHBra+8opJMw07neULFswpKuru7u7r73/ymWcCqxhcs3mzxWoxaVpOdnZaetqCefMsFoumaZwzi8XS1dn11DPPBpZCfN+NN2qaqmoaY2zF8uXNTc2qqgS+4ZxxzWSKnOgRAAAAUg2TD5fM9DEATFqUHvsy+ksy5I9gk+BGOb5N6FMpyfb95mk/cgAAgFjcXykJ9PEPpDVjHUEin46mOaF/hAU8LMqjWBsAACCpuB+qJ6Iz9eG1TFVZCRHFWyMKAAAAAAAAAJIGIgAAAACAWQv39AEAYDIQAQAAAAAAAACkBEQAAAAAAFcu3OYHAIBphAgAUhCupgAAYDbA+QoAAKYbIgAAAACAK8jUC39EBwAAEAsiAAAAAAAAAICUgAgAUsPkb4jgFgoAAAAAACQZRAAAY9U+in4AAJhZCZyJcLICAICpQAQAEA5XVwAAcKXBuQkAAKYFIgAAAACAK06Ump9N1AAAAGAiiAAAYmBEUsz0QQAAQMqYwkkHcQAAACQIEQCkoliXSmHbpXvochwNAAAATjoAAHBZIAKAWenibneEv4tNsB/Z33xRnwMAADBpCZ90cMsfAAAuHiIASDYs7tNJEW3Hp3o0AAAAiQmcdKbxLDYd7wcAgGSDCAAgJlG3d6YPAQAAUoWoH3/SuTTVOzIBAIAUhwgAksXkLmoixwSM2xz40zi5DTMCAgDA5SCFcXLbTB8EAAAkP0QAALH5RvT9T8z0QQAAQPLT9z9B3pHg0wSnrcU9fQAAmCxEAJAyErtOCmul7/7VpTkaAACAC4y4pxs2mWofsQAAAMSBCABSVLDn/wSLAnSc9r/16OU5JAAASE3+tx4VHadRvQMAwGWACAAguuB1mH/rd0XrsZk9GAAASFai9Zh/63ejrgQQLREIm7smVjMAAIDoEAHAbBXniifOikosZqtoV1VjT31PflG6Bi7yQAEAAGKQrgHfk1+c5oUAAQAAYkMEABAu8lJMdJz2/uZTSAEAAGAaSdeA9zefCgwBiINFPIjxPPY7AQAAxiACgCQyyYuhmBdVYdsZEZFofM/76H0YEQAAANNCtB7zPnqfaHyPIrv9R56WpqmYRyYAAACIACDlJXClFdggOk67/3MLZgcEAIAp8r/1qOc/t0SdAjBuPI0SHgAApkqd6QMAuNwYkYx8OP55rBcYkW/rd/UDT2tXf1Jd80FiCNEAACBhUuj7n/Dv/pXoOB12z39SxX2cuQAREgAAQHyIACA5hdXw4SX9RO0jt4c2EB2nvU//s/fFbytLblbKNihzlrLsEmZ1IBEAAIBxpJDuIdnXbLQdN+r3ihPbpG9kglv9kWPWomYEqPUBAOCiIAKAFDO+1h99FtkxgBGTMTsCjG73jegHn9UPPht4NtZYkgxPE2KlDzLOawAAcKVhE80dE3waMpcMi7I9/J2RicA0FPjICAAAIBpEAJBcJrzdP4VdRnnASIZ/HCMmw+KDwGVY5HGFXRtKitEOAAAuv8T650cp6ieq/yfXBSDiGUp7AACYCkQAMItNqt4PbRxlOoCQ2/4TdgQYt20sBQip8xkxyUY7BIx7d/wCHxd3AACzRdRf1Wx84T9x/Z9IF4C4SQTOGAAAMFkYugxJK+aFUbx7LBO8I+r1WWjHzpBrPEaMWESvURbyHwAAzC6xfoGzwLmAsfj1f/h7JtwS5zjib8ZyAgAAEAMiAEg6iV3jRCnbIyt8lsCWwOOou4sdBIS8jEQAAOAKxRL4Rc1YsPBnoe8KbRC6w8k9iDhB4WQBAABThIEAAFEmBYx4bdyW8CEDgcch8wKM7/Mf6MQpR6/bIiYLDP0oAACYFaL294+yPl+s+j9yCEDscwBGAQAAwDRCBACzW/zpAGIuDRj+tiivxHkQJwUIrfCjBAGj/QhCVw8AAIBZIKJKj/0ksCV677Ao9T+NO0VE/TgW7Y9oRxj/+AEAABABQHJKbJ7AKBMExlgyMErBP34jhW6nKEEAhbaJGgeEidiMsAAA4BKZoJqP/ULcSQGjtIl6t3+C6WYSP5qEXgMAgFSHCABSy8QdASIXAkggBQjfX0QQEGwTFB4HRB5olA3IAQAApt3kKuY4rSOn/Zvw/n/MIQCMwppjMgAAAJgWiABg1pvUWIA4r4ZW9Il2/h9f6o/v+U/BuQNltCOIvIpLrOMCAABcPomuGpNY8Z/I9vF7iv5ssosJ4OQBAABBiAAg5YR1BEh0OED8zv8xpwCgcfeF4g7+xyUaAMAsEn2pv4hf5hdT/0ftLJDoYSXeFAAAUhEiAEgGUW71s3Fd7RPuQB99OMDEnf9jTwEQNtpg3LWZjGgAAABXqsnO25/gpADhb4y1wsDklwxI5FUAAEg1iAAgFU3cEWAyKUCcuQBjZgEhr8W7OEssHkCIAAAQX0Jl8EXVypOdETDhfgGxkgCU9AAAMCWIACB5JdgRIDwFYCxk8H4i6UD4/seCgPDhAOM/NqG6PbELPVwOAgBcNvGmA4zWIkp//oTHBcR/S5QtcackAAAAQAQAyWMyvf0nbD+WAsTvIxC/53/wDn+M3v7xL8twYx8AYAZNqnKesPK/sCXRcQGo3AEA4FJBBABJLW5HgDjDARJKAca6A0S92y/HPx+9mhvbOmGFj6s/AIArVsw++jG2TXJcQMTu0QUAAACmDyIASHbxb/cnmAJQvPH/gVdjdfsPmw4w7NXIY8P9fwCAK0GU+jluSR1zUoD4N/+nUP8DAABcBEQAkDwmHAswQYM4KUC0G/5RgoBoy/5NMAUAbtoAAMxaE8wLEHdowKTq/4k/HScPAABIDCIASAEJDgdIIAWIeDVKt/844//jXKTh5j8AwBUrwfo68eX8Jlv/T3YIADIBAACIBREAwCRTgNjd/uOM/8fgfwCAZBXnjv1ki/+Lqf8BAAAmAxEAJJWYXf0nWiAwgRSAKLEgIOr4fxbxAm77AwDMRol0v5/MvACTrv8T+TBkBAAAEAsiAEg2iawOeFEpwPjuACFtIuv56FlA/Ku6xCIBBAcAANMo0VI5sXaxWkUdIHDR9T+mAAAAgKlABABJKHoKEHZb/+JTgPDuAMEeAXGygKivxms6pVYAAHA5xP+dHHdqgBiF/KTqfwAAgMlDBACp5GJTgIjqfXwQEDIZQMz7/yGtosLtfQCAK9Nkq+44d+kji/8p1f+TGYYAAAAQgAgAklMikwIkmgLQJIOA8VlAguU9rtgAAGav+MU5m7DVRCsIJF7/AwAAxIcIAFLdxClAyPNojdnYZVi0LCDwLFoGgNv+AACzUfTSO94N+YneMa31P5IBAACIDxEAJK0EOwLESQEi1/mLNf9foEUwC4i6KMA4EldpAACz1kS/weNU/pMt/lH/AwDA9EIEAMksXgpAE48IiN4dYOIx/yzkOiwiDgjdDwAAzH4JLuE30VoejAoAACAASURBVBwBCbwL4/8BAGDKEAFACktgXoBocUH0Mf8xOvaziCszGfMJAABc2RKu3GM3injT1Ot/AACAxCECgCQXsyNAtJfjNI7e/z9k60RZQNh7oj0Jh3wAAGBGTEOpnUj1nuiaghO1RjIAAACJQwQAyW+yKUCc4jteEBCRBUy5iMdFHQDAbBLlt/bF9ttH/Q8AAJcIIgBICZNKASZsH/OGf0T1H+vKDPf3AQBmtYQH/Sf8rjhtMP4fAACmDyIASBUTpwAREwROWKvH6/wf9dJMxnsRAABmnwR+oSf4O3/yyw0CAABMGiIASCETV/XRugMkctM+0YkAJrxkQ/cAAIArxxTq7Em9dVLFPwAAwFQgAoCUM9nuAIkHAdMwEQAu+AAAZq2L+BUe8y1x94VzBQAAXDREAJCKJkgBYrRIPAgIbR8Jd/oBAJLAFOvwiyv+Uf8DAMAUIQKAFJXQoIBoLRJe/G+CHQMAQAq6uHkEE3sdAABgYogAIKUl1B0gRrk/9SwAAABSxATV+/TNKQgAABAfIgBIdROnABP1GZjq+H+AFFX0gvf+l0f/zQxtMf/P3ShxILkk9BON4h8AAC4vRAAACQ/yT+C+P+IAmCVQfgNMv8n9M0qsNf5pAgDA9EIEADBqErP9JdYU0wECACSxSRfnk3wDin8AALgUEAEAjDPpICAo4coeV3VwBboSfiyvhGMAmH4X9ZONfw4AAHCJIAIAiCKhCQIi3xOEG/0AE2u/x/yje2b6IACm2ZRrdxT/AABwSSECAIhuShP+R17BIRQAAEhW01S1o/gHAIDLABEAwASmZ/G/qVzZIT6AK4BfrHpaX/6ucLiIiEhjQ+X8xD3qe2VRfrbzdvtvfcHIHiQiMnJ5wxZta7nxiW/ojsDLNdqPvqAQEb3n+4dfiMC25k9bnl1HRPK6h7zLe4iIKFd98l+VtJf9m7eNfqhRxN/7uOm9ssv0FUOKmbn6G5U/AABcTogAABI1PVnAVD4Y4NKJ92NmO+b7yI8NW+gmv3ScNjZ+z1i+zvT4pxXXhRfk8p97rzt44R+J0iMqfuv9RI0ScrphYx8X+qGR83DIjd/wlrRfeK60i43f89oesewsvYgvEOBKgt/rAAAwU/hMHwDA7MNw9QappMn/wbD6P4TtPd8HnxfBp9nbfaH1f5DjWMw9xNRjhNb/Y+Typ3XzZHcFcCVgIf8BAADMFPQCALhIk1g7AGD2kqueHuvAT6z7HtMzW7iXyFyv3/uf/jwXEZHjZf/Gq83v5BKRsflCHMDaP2x64XruJXIc89/74+BOJqNI3folrdZBSr3/ge+N7eG0qCY6Mj1fHcBlgZofAACuHOgFADAlLPZ/AElgyFhyeuxxmfr8Fu4lIiJvmfr83cETiKg4JImIjhkl/tFNxjrtyetHGw/VaC/ccxFnG37wC1qtg4jIKNMO1gS3i6wovQMArhg4HQAAwJUMEQDApYJLQEgC50XG2MOhah4y5p9c1Xxo7HF2nSAiR4dUxrZ0VSuhu+lbOu69CcnltbkXd9AAlxEKfgAAmF0wEADgMpnsdSGGGMCVwE1KrJeK+CDRaOd8PxFRmvPCT61uGt9YI/2SHSPANEMZDwAASQwRAMAVCtegcEmFTcYf6+fNRgaNpQBhzdovdBAgjYiRHvKq6h/fWB9/uon6cZEbYx0V7rUCAAAAXBwMBAAAgJjKed/YQ8dpETqrv/m0CM7w11fOiai7nBtjW/JPG6G7yT4mJr0iAAAAAABMO0QAAAAQk005XT32uE6/Z6sILMhnbtLvvjD5P69dxYiIapRmbXST8q7//jdGGzuO+UMaAwAAAMDMwUAAAIAU59jq/YetUbY3f9r67Hp28D51+XcCC/LJvOe9n30+vNnQ7do7o/P2Ke/dzOZvDcwIIIv+4P3sHy71sQMAAADAZKAXAAAAxFOqPfEldUiL/qJrvemJkAX/2u8x76yJMkx/qEaZ9IoAAAAAADDt0AsAAADic1Vr//MjddVTvuXvCkeglNfYULly5D7tYGlYW3bkf1nadvtufd7IHiQiMnL58b827czVP3FstIWBWQEAAAAAZgqTD5fM9DEAAECSO+b7+/80AisL9N1n+d3NmNAfAAAA4NJwP1RPRGfqm8O2V5WVYCAAAABMpx79Y3/n+avnjfntUhnbZm7S7/+FMfaUNUcbKQAAAAAAlwMGAgAAwHQp2aZn+2X2Vl9JtPkFichYpb1TdLmPCgAAAABGoRcAAABME5k3GO9lo1x75nOK9/IdDwAAAACMh14AAAAwTdjBz1mO9Ijlu/Ul74qMQan4iYhIY64ifu5mbdd6Zsz0IQIAAACkNEQAAAAwjYxcfvAe08F7Zvo4AAAAACASBgIAAAAAAAAApAREAAAAAAAAAPD/s3fvcVGddx74v885M8AAAwwwICMgKiqOl/FOMDGSRJOoiblU06ZNsk2NTbu7Tbp1u780dbO7WX+N2667P7vNtqkh7dps21WbGk1i0piIMZGYi4qX8YZ4QbkNMMBwn3Oe5/fHXJgZUAGBMwOf9yvR4cyZc75nMhCe7/k+3wdGBaQAAAAAAAAAAEYFpAAAAAAAAAAARgWkAAAAAAAAAABGBaQAAAAAAAAAAEYFpAAAAAAAAAAARgWkAAAAAAAAAABGBaQAAAAAAAAAAEYFpAAAAAAAAAAARgWkAAAAAAAAAABGBaQAAAAAAAAAAEYFpAAAAAAAAAAARgWkAAAAAAAAAABGBaQAAAAAAAAAAEYFpAAAAAAAAAAARgWkAAAAAAAAAABGBaQAAAAAAAAAAEYFpAAAAAAAAAAARgWd1gEAwGBSTTmdWbe4M2YqyRO5MYPHGInJWgcFADAshCp1uCRXla7hvL7qWHTFp7LzotYxAQAAhBekAABGiPbpq9qtD7gzbFoHAgCgESZzQxI3JClpUzvy7nMR6atKDfY3DSd2aB0ZAABAuEAKACDitU97qHXBt9WEsVoHAgAQXtwZNneGrXX+mrjPfm04+WetwwEAANAeUgAAEUw1ZrjueL5z/GKtAwEACF9qwtjmJf/SOfFO476fyK4qrcMBAADQEtoBAkSqruyFDV/7A8b/AAB90Tl+ccPX/tCVvVDrQAAAALSEFABAROrMXeJ86Fc8NlnrQAAAIgaPTXY+9KvO3CVaBwIAAKAZpAAAIk9X9sLGFf+hdRQAABGpccV/oBYAAABGLaQAACKMasxouucnWkcBABDBmu75iWrM0DoKAAAADSAFABBhXHc8j/p/AICbwWOTXXc8r3UUAAAAGkAKACCStE97CP3/AABuXuf4xe3THtI6CgAAgOGGFABAJGld8G2tQwAAGCHwExUAAEYhpAAAIkb79FVqwlitowAAGCHUhLHt01dpHQUAAMCwQgoAIGK0Wx/QOgQAgBEFP1cBAGC0QQoAIDKophx3hk3rKAAARhR3hk015WgdBQAAwPBBCgAgMnRm3aJ1CAAAIxB+ugIAwKiCFABAZHBnzNQ6BACAEQg/XQEAYFRBCgAgMijJE7UOAQBgBMJPVwAAGFV0WgcAAH3CjRlahwAAMALhpytA3wljukjIEMYMYUwXcWYRl0IGkzAkUbRRRBtJbxB6A0k6knVERKpCXGHudnK3s04XdbpYeyO1O1lrPWt1MFcNc1Wx5irmqtH6sgBGF6QAACIDjzFqHQIAwAiEn64A1yJiTSJlEk+dKFImiuQcbsoRSVkk6/v6ellPsl7oDUQkrrWP6maNFZLzImu4yOrPS3XnWf051uYctGsAgB6QAgCIEEzWOgIAgJEIP10BAoiUiXzMNJ5u5elThXmKiE8b2vPJepEyQU2Z4N/AWmqZ44xUc0qqsUvVJ1n9+aENAGD0QQoAAAAAAGD0ErHJfOwcPnY2HzuLZ8ykqDgtg4lPE/FpfPwiIqKuVqnqmHT1qHT1iHT1MGtr0DAwgBEDKQAAAAAAgFFHJGby7Hw1ez7PnCcC7sOHkag4Pq6AjysgIlZfLl35Qr78uXT5EGu6onVkABEMKQAAAAAAgNFCxKXwnFvVnFt5zkKROFbrcPrKM19AtT3Cmq5KFw/KFz+RLn7CWuu1jgsg8iAFAAAAAAAw8vFxBeqE2/mERTzdqnUsAycSx6q21apttVRjl8oPyOUfSZdKtA4KIJIgBQAAAAAAMGIJg4lPukuddKc68Q7SRWsdzqDh6VaeblXmf1M+v08+96F07gPWjqUEAG4MKQAAAAAAgBFIJI9Xp9ytTlrKM+doHcuQ0UWrU+5Vp9wrXTksn3tfPvMX1nBB65gAwhpSAAAAAAAAIwpPm6LmLVPzlonUSVrHMkx45hyeOUeZ8bB8eo98eo9Ue0briADClKR1AACggdIdRetfKXGEbHWUbNpYtNWuUUwacezftn5j0fodN7js3t+x66nd+0rRpv21NxsfAABAf3DzZPftf9f10MvKbc+MnvG/n0idpNz2TNdDL7tv/ztunqx1OADhCFUAADCa1Zaedk3OtZwtO7HXYV1iHsQjpy15es2SQTweAADAdYnEseq0leq0BzD0FSkTlNu+x6fcI598Uz65izVd1ToigDCCKgAAGMXsXxY7jZbF4yaTq9SOO/YAABCZ9DHK7K93rfxPd+EPMf734+bJ7sIfdq38T2X2o6SP0TocgHCBKgAA6F3pjqLtZd7HpoL71y1O8z1j37qx5Kz3CeuzTxd4753b96w/kFSYYi8u82xP3LOxhFYW0C7fzrkFG1b5VyGq3fvK7mJ/417fU4792zafzlqdV7G9xEVERMbCNY/Y7Ns2e74MPF1QhMbCNY/0fg/fUbKpqMJ2jWdL7ZVkstrMVnNuyfbT5x2L0wL36j6+yVqYEnzAlVmlu+xO/5tjPb+pyPOlP5Lava/sLs3zvG/2rdd7KwAAAAZOzb1DnfkVNW+51oGEKZ41j2fN4+NvlY/9SS7bp3U4ANpDCgAAelG6o2h7vfXZ5wrM3kHv7q3mNU9YfeN/3wi2dEfR5o2Nq59bZvO8zGkvTinY8JxncGsnorO7ThSuWfOEmci+Z/2ukq126xNW3/g/pWDD01byHr9k0/5Ub5bBad/u8BzEvnVjSXFRUXFu95ebdyT6T729zOI9tX3P+qKiypWeCIOZC9Y9V3CNq7SXlpGpYKKZyGy1bN9VUeoo8GcKAo/v2L9tcwmRyf9CV/GuxtXPrbF5divZvb7E0v1l0R6z/w0JcI23AgAAYIBE8njFtlqduVrEpfRh91FNzVvOs/L5se260u1YMgBGOUwEAICeah31RCmJ3uGwuWDdc97RtWP/ibNkWe27g21bVTCZKvd2N70zFi4OGteaCgq9g2rr3EITnbXbiYgc50udAXuaJ9pM5HTU9TiI1ZZL1H06qy2XqL7JQUSOkr1lNHmlb6RtXbY6l84e6Fe7PiL7pbNktFnTiIis4yaTq3i/rylg8PHNiwsLTUEvNRXM9Txls1qIuve0WS1ELkdvcfT+VgAAAAyIOv3BruUvKQXfwfi/j0RcilLwna7lL6nTH9Q6FgAtIQUAAD2l2fKMVFayfuOe0qDttaWnXZQ7LuAWt9WWGzR6NwfX25vNadSTuWDdc48sMXvXIFi/MWBGQPBBLGYjmZIsPQ7gsFc4yWILyDbYrBZyNlb24xpr9x6opNzpvtv+1mUFRiq75L1eR2Pw8dPMwb9fdV+XOclERksf+gj2/lYAAAD0k0iZ6F76j13LX+LZC7SOJfLw7AVdy19yL/1HkTJR61gAtIGJAAAQyDuaNS9+ZIN5z/pdlds3Fm0PmYRfVrJ+Y0nQi3L7e5aARgC5BRtWpe59ZXdxv0P1xdatZ67g2hznS51EzpBrcZXayWYlh8NFZAw6tNlI9f0OEQAAYHCpU5crcx/n2flaBxLJdNHK/Cd5ulX35e/kU+9oHQ3AcEMKAGA06n1A62gMuhlvXbbBO6l/z/pd9s07EjesSqVBaWVn/7LYGdjAb2Ct+C2re5ty30eeOoLgI9TufWV3sd1OVqvZbAzZv9LhGuipAAAABoEwmNR5jytzHxexqPwfBDw7352aK1Jz5S9+x9qdfXgFwAiBiQAAo5HZbOxZNu9wuMiUZetZ025d9myBkeqbHJ56eM9sfK/ava8UbdrfvzF86Ik8N+T7G3/wlHvH/m3rX+l7L4CeMxr80x9O7HV4yvsrS7tn69c6UAIAAADa4ZaZ7qUvuBd9H+P/QSRiU9yLvu9e+gK3zNQ6FoDhgxQAwKhknVtoqtweOGa279lc4pq8yFPtX7v3laL1O+zdz5W4THkTzZ7+f077Zt9Tjv3FxU7LksX9m+VuNhvJad/jPUbt3jfsTgrJLNww/mWrc13FRb5WBY6Srd3B94H9y2InTbaG1jKYrVkmcpXaa8lcsCSXzu7yHt+xv7gYtwcAAEAj6tQV7qUvqNMf0DqQkUmd/oB76Qvq1BVaBwIwTDARAGB0Slvy9BrzjqLNG/3jfGPhmjW+yvy0JU/fT6/s7p4nn1uwwTvOtz7xHG3d6J9CP6BqfOuyZx3bNu8qWr+LiMhUcP9qx+7tZY2V/ZnNb1u1hnYU+dsBTO51RUDvioMVtu5JB0REpfZKCu4m6GWeaDPZi0+fdyxOCzq+yVqYay9GIQAAAAw7ZcG3lPynhHGM1oGMZHzsHPcSizCm6z57TetYAIYcEz/O0joGALixmmePaR0CAMDIlL4ZNcAQjkRsspK/Vrnl28SY1rGMDkLoPv217tAW1tagdSgAN6X9+XIiOlNeEbJ9yoQsVAEAAAAAAIQdkTzBXfC0alutdSCjCWNKwdMiNllf8ivWcEHraACGClIAAAAAAABhhGfMVBZ+V51yj9aBjEaqbTXFJOgO/lKqQgEmjExIAQAAAAAAhAuene++9W/4+Nu0DmT0UqfcI6Li9J+8LF0+pHUsAIMPKQAAAAAAgLDAJyxy3/q3PGu+1oGMdnz8bW5dtP6TX0jlB7SOBWCQIQUAAAAAAKA9dWKhsuhZbun3SjswFHjWfPftP9AxWT5frHUsAIMJKQCA0ah0R9H2stCNpoL713lX/osQ9j3rd7kKgxf8GzSOkk1FdvO11hq8RkBbN5ZQ31/iKNlU1LgkaFXF2r2v7C52er8IWekw4L+acaiuGgAANILxfxjiFpuy6FkiQhYARhKkAABGK5P12acLukeRjpJNRbs3UaRlAcKL9Ynn+p4wsG8tsjvJErCldu8ru4vJ+uxzBWZvgqNoK3mzAI7927aXWVY/t8xG5Ni/bXPRNkIWAABgpODjb1Nuewbj/zDELTbltmcYV6QLH2sdC8DgkLQOAADCg7ngiQKj8/R5h9aBjAr2Pes3lpwN2eg4X+o0Fj7sy8tYl63OpbMHShyeF5S4TAVzPb8bmhcXFppcpfbaYY8bAAAGH8+a7771b/jYWVoHAr3jY2e5b/0bNGiAEQNVAAAQwNlYSWSm0Ip0yi3YsMp7fztwEkHg3IFetocU6gd/WbqjaDt5D+vYv21ziavHMWv3vrK7Ms/qKLE7/VXx9j3rd1USEZGxsMB4resIPHgoR8mmIrv/yoKK7QOemlzQ/VrP0VZTie8CLaufW0b+6+1+c7onAjj2b9t8Omt1XsV273UZg9+HSlPB/U9Q8eaSgMDMBeueKwiM1GI2Ur3nYUh9QV2lkwAAYATgY6Ypt/4Nz87XOhC4Hp6dr9z6N7rin0nVJ7WOBeBmIQUAAF6VDheZsizkG/+nFGx42lODXrKpqGTT/tR1i9NKdxRtr/dVqjtKNhXt3mpe84SVrrF93ORdJZUOb1Kh1F5JRL4vax31ZMpL9eUOjIVr1iwx9zIf4WxJhfcp3+DZO2h3lGwqshP1ngWwrVrTezGlb4b/Ol91/eZd2/aaH/Gd2k4F929YnOYZzDu9gRMRUVnJ3oL7N6xK8+y2fWORqftL75sTei6nfbujYMNzVu/7+UaJzTPzwrpsg/fs1/8PUlt62kUpiT2L/R37T5wly2pM2QAAiHAiKUsp+I464XatA4EbUyfcTp0u/b6fssYKrWMBuCmYCAAARERk37O9jEx5E83+ivTFvtvO5ok2EzkddZ5xe/eg1Fyw7jnPLfRrbU+1mOis3e45QWmZ0WQih6OWfKewWdPIUbK3jCav9N0h98xHKPmy1B9Y7nTfjPfavQcqKbfAe9PeXPDEtasArsVhr3CarMv8V2bNMpGr0kFEVLrf7jRZn/COq61PrLQEv9SyxPOUeaLNROTfs/vN6cmy2lsdkLZkkYWcFaX9mmVh/7LYSZOtwYUM9j3rNxZtDpgUAAAAEUpEG5WCp9WpK7QOBPpKnbpCKXhaRPf71w+AsIIqAIDRymnfvNEeuKG7JN5fkR5YM59CRGm2PGNxScn6jZdWB/Wxv+72000OIrOjyWHKWpJXsf30ecfiNLJXOE1ZNjORvdFJRlvAnW6zNctUYi+1k81KRGQyp/qeqat00uRF3UNis9lI5OrXRZsXP7JhMYVMPfBMfHDU+zIg3q1JJqrsfqUpyZcSSDOnEFEvN+dDdb+k/xwlm3YF5Dv8vBUEtXtf2b3ecY2ZDgAAEAmU/LXK7K9rHQX0jzL769TaoP/oP7QOBGDgkAIAGK1CVgQIEtAIILdgw6rUva/s9iyGY178yAbznvW7KrdvLNoecJBrbrdmmUoqSh0FNnsF5RXarLS3pLGSiByugPG20dyXzvaOJkdgZb53lN6/FEDQbP+Va54we2YT9Da73tyHQf4Q8QSZe50RftqSRZbiXSf2OqxYFAAAIBIpcx5TblmrdRQwEMota1lLre7w61oHAjBASAEAQA/2L4udgSvPB3ee901lJ/ue9bvsm3ckekeqvW43J5rJXukgs8NltqaRuc5M9lK7ncrIbPVPZXc5Qgf3RkvPkW3PMbmjsb9N8TzV/t25j+7K/FSLiYLq9HtmHIbHjcf/AAAQ2dRJdyn5a0gXrXUgkYEL7ubuNqW9U+3sVDvb1Q6Vq27uVrjCBedCyEySJVlmsk7SyZIuRo6KlqJjdDGxOkO0PARvsi5ayV/DXFXyuQ8G/+AAQw8pAAAI5XC4yFOl7/36fKnTMxEgmHXZs45tm0/3GCoHbbfacku22/dQmcW2yjvSLj1wwkmW1d5JB0kmqqwMOITDXuHsvS4g1WKiYrudfNPjHY5+lgD0qPZ32Ct8Pf/SzCnkPH3esTjNlx1odA5/CuBa439fF0P/vACHw9XX6gkAAAgn3DxZmf+kMI3TOpCw5nK3VLdVX3JVVLZW1bXXOzubWpW2TqWzi3d1qJ1ccDfvUriiciGIy0ySmCxLsk7SyUyOkqKi5agYOXp+2pxHJ68eivCEaZwy/0nWWCE5Qlf4BQh/SAEAQCiz2Ugl9j12z0T02r1v2J1EVN/koNpSz0oBvjXw9pS4TAUTzf4VBEK3ExHZrJbtuyrPmqzLyN81wEW5070tA8wFS3Lt2wPa8m8tcZkKCnvrdeepfi/Zard6VgTYWuK61ooA15BmTiFnyZeli5fZyH8ET4fCNNti694i+9b9E9d5VgTYVdmHAw4u+9Zr3f/3vkt7Sq3dkV/jXQIAgDCmi1Hnf5PnLNQ6jnDEBb/sqvi89suS2s/POc93ql1EggtBJIRvH0YkBDHPIyLh/Zu8Owj/TsQktjT7ziGMNmehOv+b0l9eJKVj6M4CMBSQAgCAHjy38XcVrd9FRGQquH+1Y/f2ssZKSlvy9P30yu71G33L2ecWbFicRkTX2k7+vnq+e++eHn6Bje5tq9ZY9m/bXFTkaTcwOeBed8/ANtCe9d7AjIUFluKS3gsBSncUbadextK2Vfc7XtntbVhAxsI1BZVFJWcddURpZC5Yt4Y2Fe1eX0JENLnAaiqx93rwIeLYf+IsEZWVdL+NREQWT4dF26o1tKPIF/l13yUAAAhXytzHlVlf0zqKMNKmtFW11Vxqvny07tjRumNVbbVccBLEWMConpF/8O/dGPCsYAH7MG+CQDDKS5o8K3XGkAavzPoaq7+gO7RlSM8CMOiY+HGW1jEAwI3VPHtM6xAAAEam9M0ztQ4BRgV1YqH7nn8RSfjdm4jI2dlYUv3ZYUdpWdP56rYahSvBd/Gvh/nv/odWCHj/lJj0Letjj+Q+LDN5SK+CNVbo3/sn+XzxkJ4FoL/any8nojPlFSHbp0zIQhUAAAAAAMCQE8Yx6tzHMP4nog61Y/fFd3eU7XS5XV2KW5Dw3r1ngZX+gnwpge6KAJ/AUX/gs94jMBGrN9yddddQj/+JSCRlqXMfk2pPM1f1UJ8LYLAgBQAAAAAAMLSU2Y+quUM4NT0icMFPNNiLTv3uZMMpwQWx7in9vtp+T62/6L7Nz7xfME/Nvz8vQEwIIZjnGEwIQeTZQTBi35r6eEpM8vBclJp7J5v9qP6j/xye0wHcPKQAAAAAAACGkDppiTr761pHobFOtXPXhXe2n99Z39FA1F3JTyL4MZHvfr6vGMCfJhBERAZdTE7CuIrWqy1dLb5sga9uQBARTU7OvSd7yXBemjr7UanquHxu73CeFGDAJK0DAAAAAAAYsURcqjrrqyKu5+K6o4ibu39/bvtvTr1e3+H0bgos7he+Pxn5buv7CgICdojSRRVm3vaM7bsSkzrc7d6n/OkDiYhIluQHx98XI0cPx1X5o/P+J04dzpMCDBiqAAAAAAAAhopqW61OukvrKLQkiP5y+YM/nv2TIhTPnH8WsIwf8zf28yzmxxh5yvqZtzGALMnxUcbZ5ukPjr+vsatp87FfOjsa/Qf3H8ozU8CWMn2uedbwX6M66S7Jtlp38JfDf2qA/kIKAAAAAABgSPDMucrMVVpHobGS6kO/PFmkCMVb4S+CGviF3OoXwd0AM41jF45ZcJtlYbQUtevCO+9X7OviXb2eRRBFSVF3Zt2eHG0ajqvqQZm5Srr8mXTlS03ODtB3SAEAAAAAAAwJdcZXRPJ4raPQUmVb9X8de6Vd6fC3kSN1nQAAIABJREFU++8u3fcv6Rewnp/3K0aJUYkPTFi+2HKbJXbMwZrPtp76/ZXWSi5UCnhFiNyk8YszbmOM9XhmOIjk8eqMryAFAOEPKQAAAAAAgMGnTl2uzHhY6yi0xAX/w9kdjrY6z91+4Rvnewbp3eN/f9k/kSQxg2xYZFn4+JSvjYlNd3W5Xjv9+p/Ov8kF9x21e6aA5+a/Z3KBzHQ/sH0vVh+r1cUSkTLjIenix/KpdzSMAeCGkAIAAAAAABhsUXHq9AdJF6V1HFo621j2ee1h4S/r9/E+7LEogNmQMj997oqce6Yk5hJjJ52n/3B2x2c1X3DOmXd1QO/fgYUDEiMitnL8vTkJ2cN/jUF00er0B+Xz+6mrVeNIAK4NKQCACCFUYrLWQQAAjDi+umKAwaVMW6lOGtal6cLQodrPHW0O5rvPLyig4N+/7J8gYiQx6Y7MRfeNu3dyUm6MHNOldr1X8cEfz71R3VbtbRngfUn3/X9/BkEIyknMui/nXkbaTAEIpE5aokxbqTvyB60DAbgmpAAAIoPU4eKGJK2jAAAYaaQOl9YhwAgk4szqtJVaR6G9bWW7/CN/FnjP3/dAMCJGmfFjn535nTm+Tv6qULec2vrmhbdVrnhyBIKRIJJ8+QJvIwDvIoJMZtKijILs+CxtLrIHddpK+exe1urQOhCA3iEFABAZJFcVUgAAAINOclVpHQKMQKp1Bc/O1zoKjR2rP96utEmeobq/BMB/914QY8wSN6Zw7G0PTLgvJTrZ0zvgkuvyq6e2Hqr+wrdKYFD7AP/8fwqoAshNnLBy/AqJSZpcZk88O1+1rtB9/lutAwHoHVIAAJFB13BeSZuqdRQAACONruG81iHASCPizerU5VpHob1fnniVCe8YPmQhACLSy1F3Zt5+X849U5MmMyZ5lgP8vPbwa6d+V9ZU3r2fZ40AfzdBD99UAkakk/RrrX+l1UKA16JOXS6fepu1oBAAwhFSAACRQV91rCPvPq2jAAAYafRVx7QOAUYaNW8Zz5yndRQaU7i7vOky+WbnC8/Mf989/IQo49/P+t6C9Hl6Se9/ySdVJT89srlVaeu55p+n5z/3pBE8RQESCUGC6LEpj8wyzxz267sBnjlPzVum+2Kr1oEA9AIpAIDIEF3xKaarAgAMuuiKT7UOAUYUEZOoTrlX6yi0d7axzFvJH3jrnsigM9yWUfCU9YmUmBT/zq3u1rcuvfvqyf/h3lxBwPjfd8Nf+OcCeJYXEERE01Os92bfFQ5dAHtSp9wrn3iTdTRpHQhAKKQAACKD7Lyoryp1Z9i0DgQAYOTQV5XKzotaRwEjCp+8lI+7ResotFdS84UqeNDqfUTZxuyv5j58W8Ytcfo4/57tSvvWM3/cc+k97p/8H9wyIOjPgMF+QpTxkdyHUqJTKCzxcbfwyUvlYzu0DgQgFFIAABHDYH8TKQAAgEFksL+pdQgw0qiTl2odQliobqsR/l5+jBixhRkLvjPtqYzYdNa9NgBxwf/9yOZPqj9zq+7u4X13v8Dgzn+++/+eNQJX5izLT5sXeLRwoyIFAGEpXDpnAsANGU7skJuvah0FAMAIITdfNZzAb+cwmNTcO9RJd2kdxcApiiKE6MOONyBIqFz1PaY4Xdyq3Aeem/MDS9yYwBF7U1fzv37x0+LKTxTu7h7ji+4qAE8KgfkL/X0NBRhj89NnPz7lazoprG9nqpPuUnPv0DoKgFBIAQBEkrjPfq11CAAAIwR+osKg47l3UtgsTdcvnPNjx47u2fNWVdUgLJPZqXZ2qp2ekXxWfOYztu9+2/pkrC42cB9Xl+u/T7x6sOoQCRIU1AOABTcDFMGtARmjqclTvm/7a11AK8EwxSSee6fWQQCEisgfUgCjluHkn6Mv7Nc6CgCAiBd9Yb/h5J+1jgJGFJ46SZ1YqHUUAySEuHCxvOTTgwcPHrj5o3Wp7i7uJkYTE8f/cPazd429XQrOjAghfnFyS/GVA6pQgnr5Me/Nf28WIGhVAM/zLNWQumbqE2MM6Tcf5zBQJxby1ElaRwEQBCkAgAhj3PcTqa1B6ygAACKY1NZg3PcTraOAkYZPuF0kjtU6igGSJCklxUxE58vLbv5onWq7W+3Iih/7bwX/Mi05L2S6fhd3/8exX+y9tE8Righs9SeCm/8xopBe/4JidIa/m/XXs1JnhHMLgEAicSyfcLvWUQAEQQoAIMLIrqrE957XOgoAgAiW+N7zsmsQqp0BAvEJi7QO4cZcrmZFUXpuZ4zFGmIlSWptbXUr7ps8i5u7Z5tn/eL2fzdFm0Ke6uJduy689WHFRxSy+h/z/ePZ7MsFdGcDGMtOyFo/d11+2vybDG+YRcQHA0YVpAAAIk/U5YNJb/9A6ygAACJS0ts/iLp8UOsoYKThOQvVsB/pHTl6+Pd/eP3EyWO9Ppuckmw0GlVVrbh8+SZPlBKT+kjuw/H6+J5Pldaf+OO5NzrUDu/XjEJv54uAXADz/isEzTbP+PtZ31uQPu8mYxt+6oRFPGeh1lEAdEMKACAiRZftNf35O5gRAADQd1Jbg+nP34ku26t1IDACqTkLicK9NN3V3Hzp0sU977zNOe/5rNmclmxKEUKcPn3qJk8ULUcbdIae29uUthc//zdnRyMF3P8XIR3/AnoBMmI6Jo8zZv1wzrMbb3lxWvJUKSK7LTIVKQAIJ2G9kAYAXEfU5YPJf3zUdcfzneMXax0LAEC4i76w37jvJ6j/hyGhi4mI27xW67TPv/isvr5u/0f77igMXbwwJjomKiqKiNraWofi7M1drhc+29DmbvMM8zkREwEDfkbMV//PJJYSk5wRmz4hISc/fd6MlGkhqwlEHJ6zkHQxpHT0YV+AIYcUAEAEk11VSbu+1z7todYF31YTIrUFEQDAkJKbr8Z99mv0/4eho2bnc8ssraO4MZMp2Wqd9vHHH3355eczZ9hSUlIDn5VlOcmURESulpaOjo6YmJhBPDUX4r2KD047zxERMRLCX+Pv/ZMJMkbHZ8RmTE6amGeaYonLyIhNT41JiZS2f9fHLbPU7AVy+UdaBwJASAEAjASGk382nPxz+/RV7dYH3Bk2rcMBAAgX+qpSg/1Nw4kdWgcCIxzPjowGdbIsz5s7/8TxY42NjcePHyssDF2yfmretEOHPq2vd1y5cplz3uxqnmWbo9MNwnjhouvSzvNvubk7YJ0/FqszJBtM05KmTEjMsSbnZcVlGvSxErHIrPa/AY4UAIQNpAAARgjDiR2GEztUU05n1i3ujJlK8kRuzOAxRmKy1qEBAAwLoUodLslVpWs4r686Fl3xqey8qHVMMCrwzPDqUSdIKG5Fr9f3fCo11Txp0uTPPj904uRxm22WyZQc+OzYsWOJqKGh4bXfvEpEqampFkumJcNy8yE1djbmJk1YkD4nLdacEpOSEmOyxGUkRiUadDEs7HsoDIpw+5DAaIYUAMCIIjsvxjov0rE/ah0IAADAqMAtNp4VXqO7S5cuHf7y81tuWWixhE4SZIzdeeeS0mNHq6urTp85VXDLrS5Xc62jduKEXCKKiTHIsmwwxKanpaelp49JHxMfFzcoIU1PsdpSZ0hM6mXALzgpbcRVknSkM9BILAEgIp41j1tsUmWp1oEAIAUAAAAAADBQfOycsBq1VldXvfXWm1VVlWXnz91559I5s+dKUlB4CQmJy+5dsfPNN/bt+yAmOmZf8QddnV3/8A/PS5Iky/Lf/u334+PidTpZlnWyLA/WVPwoKSro606XqD4qLh/mV4/xxjrqcpHgxHQUEyclplHyBHlsHhszk0zjw+q9vSlM4mPnIAUA4QApAAAAAACAAeJjw6sRYGtra3NzMxG1tbXt3PmnixcvFC6+w5ScLEvdEwMnT85LSUmpr6/fvuP/YmIM6enpzc1NSUkmIkpPSx+SsLgq2hup1SGqSvnZYn7hC97WGlgQ4F8ZgFedI/pEEcRkRgljpJy5cu4ilp7H4s0UnRDRGQE+dhZ9rnUQAEgBAAAAAAAMjIhJ5BkztY4iyLhx4+bNnf/RgeIx6RmyTj569HBFxeWCWxbOmTPPs+YfESUkJMyePffAgf0TJ+bOnDFr8uQp1+7/L0gI6mohzkkQyRLpDSTpqF8T+Nsc/NS7atlBcfW4aGkgQYKo1/F/0CYuRGOVevQttfRtKTGNWaZL2fOkCQUsdWKE9jniGTNFTCLraNI6EBjtmPhxltYxAAAAAABEHp6zsPPrr2sdRajW1paX//vnnZ2dd9+9rLHR+dFHxXq9Pjtr3MqVD6WmehcCbG5uam1tTUoyGQyG3o/S1czLS8TFEl57gVrrhMqFIKaTmCFRShrD0q0sazZLt5L+Gi8PpHYKV41orqLaM7z6BL9yijdcpi43YySIPH8IX04gJBfgyQ540wW6aBZnksfPlW55kqVNpQhcLzD6949JFw9qHQWMfO3PlxPRmfKKkO1TJmQhBQAAAAAAMEBK/lr3XT/SOopeVFVVvfLrl1NSUh/7xhMffrj38JEvhRBxcXHLlq2YOWPWtdf5E9TZIhxn+dEdyvF3qatTBNyi94/GhW+rFJ8ojZslTVvBLDYWl0J6Q1+rAzoaqMauXvySVxzm9RXU0Src7aQq/hcHnpF6ZAdYtEGevVKe/wRLsJAu+ibep+Gm/+Al3aEtWkcBI9/1UwDyP9+eqFFgAAAAAAARTJn7mEjL0zqKXhiNRkVxnzx54urVK2fPnpk0aUp6enpNTVVDff3UqdaYmN5u3Xe6RNk+5eNfKcW/4hXHhar23IX5/mJExEi4O4XjkmrfK06/J+rPU2cLMyRStPHG8ekMlJQt5dwiT1+pm7ZUGjdbMk9gsQkkVNHZSoIHna4nVeFXTooze6nLJSWkk8HU93dGW6ytXj7zntZRwMinLHqWiOqdzSHbU02J6AUAAAAAADBA4Tn+95g3L//CxQsXLpRnZFgeeOChKL2+vPy8Tq9PSOjt/p/rqrL3/+NlH4u2pp7V+H6B5fqeW/SCiEiIplrlyC5m38tMmbJ1iTzvUTKk9ClKSaaETCkhkyYWyl0u4arj9efp9PvqmQO8vVkEtwkIaRkgmmqVT36r2j+Qb/m6bPsKyRFQDhDOHxgYPVAFAAAAAADQbyI113379/vXGG8YxcTEREdFnTl7WlHcWZnZFsvYtLT01FRz6Dp/3C3OF7v/55u88pRwd3rq/D27MP8/ImjePQsu0fdPDWCqW7TU8wufc/u7LDGdJWWS1OfbjYyRLobFJkupE6W8u2Xb/SxKR7XlQqj+ooBecC7anKLsE2q+Io21UVTcQN6pYSTiUnSn3mFtDVoHAiPc9asAkAIAAAAAAOg3nr1AnXqf1lFcT0pKalNT08WLF3SynJs7WZZ7NNLvalE//Y37L/8pOto8G1iP+ntGJFgveQ7mf5aIseB5+x0t/PRearjA4lOZ0TyQBv5R8VLOQtm2nBmM1OESLQ2MREgM3QEIwWvO8spjksnCEsaE98KBTLpUItWVaR0GjHBIAQAAAAAADDI++W6es1DrKK5HkqSccTk1NdVT86wWi4WFjI07m5U9/6x++WfR2eq/4d/NV/Tfa5FDUKP+gI3d+wvBa8+Li5+RRFLG9AEOy6OMUuZsaUK+nJgqas+JrvbAwELipMYq9eJnUmw8S5sczqsGSjWnpIrPtY4CRjikAAAAAAAABpky6xGRbtU6ihvQ6/W2mbMyMnqM/zualD99X7UXC654NoQO9X3j/6C+AMLTDJAFlgAEviKwUwARiQ4XP/ex1HaV5d45wCwAk5jBxLLmyVPvErV20VQTmKpgvt6E3pRERwu/cEhKyWbmyQM517Bgrir57PtaRwEjHNoBAgAAAAAMMmHK0TqEPgmd/E9EHY3K3p+p5V8Q6+WGetDAnjFmNEup46S0XErJZYnJFJ3EZINwN1N7o2iuEw2XhbOCXLW8qZo6WkgI0eMIXV/s1nV06pb+AyVYBn4ZSeP0q/+LffyKenyPcNUFBhwYNutsd+/+pyjG2JS7+9GJYBhFyscGRrBw/MYAAAAAAAhr+hiRlK11EEREqqoqihId3ed++Nyt7P+5WvqW4N5l/4Km8QdgBqM8c7mUd4+UPoliTIG38QP2FNTVIly1ouGSuFrKz32kVp0RgkKOrJ76kIjr7ttA0QkDv1RDsu6uH0pZc5R9/8VrywPnI/jjF0TU0db11ot6QdLUe8OwL4BIyiZ9DLk7tA4ERi9MBAAAAAAA6B9hylYWflfrKIiIysvLil7bIklSelq6TnfD23uCH/yV8vFWoSqMiIRgjAWO/7tX4IuJjfrqf8izH2XJ40gfSz1LCXw7khzNYpNZyngpe748Y6U8fg45y6m5LuS0wnGRtVZJk5dc+1B9wCSWMlHKmsnLD7IOV6+LFzIicneKujIpew6LNw/8XEMkKk534s+s3al1HDCSXX8iQNglxgAAAAAAwpy4mZr2wcM57+jsdLmaz5w5pSjKDfYWQpQfUD79g+f+vyDyj/89X3ofS7KcMzf6r99kOYtI1vcjGklH0fFswmL947/TP/yiZLGSPro7uSC4+8hb/Mj/Xm+Rv75gjI2ZEfXYL6WMKSHZBH8WQxDx2nK1pIjUzps619AIkw8PjFpIAQAAAAAA9I+IT9c6BCKihoaGo0ePeB5cuVJxg71dNcqBLbyle1H6kLvoniG0PH6e/v5/JePYgYelj5VmrIr6+i/1d35PSh4beBblwGuisnTgR/aHmjxJ9+BLcpYtcFKCCL4k5fi7/PD/9rhK7YXJhwdGLaQAAAAAAAD6R8SnaR0CEdHVyitlZWeJyOls2L7jj6+//ttLly4K0fugVy3dxi8f9bfuD17Dz/sHi03UrfxXSh6MlnVxZnnBE/pHX5azrP5z8aYabn+P1K6bPzwzT9EteVZKCC71DygLYJwr778sau03f67BFSYfHhi10AsAAAAAAKB/1KnL+NjZWkdB6Wnp1qnTJMZaWls7OtpramqOHPny4sUL6WljEhKCGu+JmhPuHT8S1yrC9ywBGJcU9eT/MNP4QYuPSSw2RZ71FWqvF44LpLqJiBznpKlLWWzyTR+cscRMFhOtlpWQ4KGLBRIRkeAK62ySchf3b0bDEJPqzsrlH2kdBYxk6AUAAAAAADCYxM2PYAcDYyw9fcz99z+45ltrl927Ii/PGh0dc+FCeUurK2i/Tpf6/k894/+evfi8RQH6aN2ip1jq5CGIUtbd9ff6O56mKAMR8Y42UV48WMeWZn1Vv+ARYpIIqPgPrILgl46Kq4Mw9WAQhcmHB0YtLAoIAAAAANBPBpPWEQRJTk7Jzy+YMcPmcNReuFg+cUJuwJOCn/tQreiuh2fBg2TPunpSzjx5xgNDFV9UvDTvcZ0hQdn1r8S5cvC3UfOfJCYPwpGZJBd8i18+zK+e6nX+g2h28LMfyuPmD87pBkWYfXhgtEEVAMCIVeV+cm37kzt5718CAADAgImYm1jffvBwzlVV9Uz+Z4zFxcXl5Iy/o/CuoNUBu1r52f2iqy1w2T8WXA4gdFHyzBUUmzKEsepiZNtX9ff+vZD1oqmBOlsH7cjGMfKc1aSP8nzl7zvgu16hlu4U4bQIX5h8eGDUQhUAAAAAAED/iGiNR3Gqqp47d+Zq5VV3lzs+Pj49fUxmZpbBYOi5J3ec4xcOeR4HZgH8WwSRnDVdst4/DGFLMx/W1ZxT7e+LhvPMMljNFJg08VaWMl5Un6HepgPw1hZ+4k15wZpBOt3N0vzDA6McUgAAo1GV+8kXFM//fiqeMryRH7KRlb4YU5xBdKjr2VfVihly1nGVZuhLq9w20pVmKLbjRCQXb4nyzKyz/by98LjnuJ6N6sNru7Jm6EqrFFsdEcnFT1HhqyoRNa+I/s2DUu/nAgAAiCRRsdqe/7PPPv3ww72tba3++/9ZmdkPPbQqPj4+ZE9R/jFvcfoL/ntOBCBJp7/3OZKGpU4+OkG+/W/lmQ9Q8oTBPGxipjxhLq8+489xiIDLZIz4wa3y7EdJr/F/NS+tPzwwymEiAMDowwt/riSk6rZtMRTPoKxXu2xEROrDLygJM6I2bzEUzxC2FzwbiYiySN68xbD5GYmIqE6l1YbNL+qaSZ3jmVNwqKuwSrdti3dj4c9V78uOC+dLhs1PyURq4U7mOVfC212FVdc7FwAAQITQdDDZ1tb25eEvOrs6Z82aPWvWHKMxob29/dRp+6uv/jJ0RUDuVr/c4S+MF75/AsmZUyht+rAFzxIyWPYCFjO4q5Ixed7XibGQS/NPdlAbHaL2zKCe8SaESSYCRitUAQCMUnXKIz+ibS8ZNnu+PKRmEVXky0RUmi8XHuemKu+Ono0+kjODiKQmoqzLgogoP2pzPtl+3v7I8eDjz5BLiSibNRNRvlxFRNmMjl/7XCgEAACACCLkKA3PrnJVCK7X62fPmpOZmR0dHX327Jl39rxV63A4HI60tO5l50XNKd7oYMx7V7x7tTz/A0mW531Dg2sYdEnjJVMGb6gMnAjgT3wQI37qPdliI6b9HVBtPzwASAEAjD5S8YOy7VWV6pRH1iqUqtv2kp6qOBFlvdr+7KvenZIv9/bSVFYbvCFjZ8cjbwuaEbV5Cz28tiurD6fP6PVcSAEAAEAk0Wm5znysITYzM7uqqmrHn7aNGWNJS0uLjo7mnDPGdPqgwPjxncR6Xy3POykgzsRSA5cPiFiMSZkzRUNlYMvDoNUBr56S3a0UZdQsQj9NPzwASAEAjFgZUhNR71V2+VGb84k8k/brlHt3yr/JkIjU7r4AHodueA4+5ZCgVN22Z2Qi9YZ7e1T1ei4AAICIouXNZFmWly+/r7m58cyZMy7XmbKys0QkhJg4cWKyKWDBOaWDn/rI89B//98/MPb8KVmsLGnscF/A0JBz5yvH3u2udBDd/Q8ZI9HeSC11lBwGKQDMxQZN4fMHMHKxhlRKeFvxzLTPOKQmELuQLxGpD69tf/bnKpH8xlMyETVlSJQvVxBlHVI97f2eXdvH+fmSM4OoTqQRZex096UEgIgGei4AAADwiY6Kfuwb33zi8W/On7dg/PgJEyZMvKPwrr96IqjpvWirFx2tgR3yQjHGTNk0yNPytZM6jTHW3fWQkTf3wYiIRGsdb7yicYQAYQBVAAAjl1T8UlTy2q7Cte2FRJ7m/8UZRCS/8aLuyRe6nl1LREQzot7ID9nISl/0dvu/odLVujnHlcK17USsOZUSqnjGjVOLAzwXAABA+OBEw9JC/9pkWc7Ls+blWRVFISKdrscv9o1XhFB6Fv/7awEYk1hMQjhMjx8ULCqWJImp3rpEETwXQHS4RFNVwMIIGuJaBwCjGhM/7uuNOwAAAAAAIKL2H9pJH6N1FDcgSv+v662XhNIVuDFwVMx0ev2yv5fmPK5JeIOv6UrnyyvI7e65LoAgwYjp7npGvnUtMY1zN+TuMPzMqnEMMKK1P19ORGfKK0K2T5mQhYkAAAAAAAD9xtSuPuw1mFpbW/d/tK+s7KwQvLHR6XQ6b/QKwZ1XBVfoGne9GRFJMjMkDUm4mpB0RN3rArKAPz3bRXsTce3vwA//hwcgECYCAAAAAAD0k7uNYhKG84QtrS1/+cu748blpKSkvvvuO6qqfu1rXw/ehQXNBRBEHW0kRMhCAMFr5kkkG4Yj+uHB1Z79DkVgLqCjiYT2KQByt2kdAYxqSAEAAAAAAPRT13CP4nSyLj4+/sqVitd+s8XlchHRL17+eeAOcXFxa5/6TsAGIbjiSQH0XCHPOyQWnJSW4Yh+ePAu/wjf3wTROwfA82WbMyxSAMP+4QEIhBQAAAAAAED/sM7mXhrsD6XExIS5c+Yd+uzTxsZGzrkQVFfnCNyhs7Mz+BWCSPScAhB0k5yroq1R8+Z4g0V0tpGqhuY7PMsBeP7u6vLnRDTEOpu1DgFGNaQAAAAAAAD6h3UM9yhOp9MXFt6VnZ1TWXn1yNHDnKvz5i0I3CEqKiokRv/EeNbjCe+oWHDRMoKGo66rgRMfugsBfA9EOJQAaPHhAQiEFAAAAAAAQD+137Ab3+CLiorKy5uamztpzJgMIcS0adOvuzvrdbW/oJvggovOFhJ8ZKwLyK+WBs7877n6X7jUO2jx4QHwQwoAILJpX80GABBRwmUMABGOtTVodWqdTme1TrvxfoyYPoYYu1bpOyMSQojGK9TZTDEjYV0AUXHMP+7vec2MSEhhkenQ8MMDgBQAQKQSPb5ALgAA4DqY76+QBcMABoa11Gkdwg0xlpROso4Ud+D98JC+gKL6tGiqYiMgBSA4r6vwT/sPXBSAfI9lfRQx7b/1I+HDAyMZUgAAEUYEPBI9NwIAQG+8QyBB3sE/o17nSAP0EWup1TqEPkiwMElH5BbBA2MP7yDZVS9cNSx9qmZBDpaWat7WEPItzUIuPDY5HKY8RMaHB0YupAAAIonw/SX8/+dGCQAAQN94ZwgzTxe07kQAsgAwAKylRusQbkxKmUCSXlB7d/8/opBCAKG6xfE3KLdQuzAHBz/3IVOUkJv/oVU/0YnhkQKIgA8PjGBIAQBEDNFj8C+87W0JWQAAgOvzj/+DBv+CGHWvGQ7Qd6y5UusQ+iAuhSRdYIf8nhNhBJFy5qDcUk3xYzSKcjAIwS8e9jwMWQggKBFgiKcwaAcQGR8eGLmQAgCIACE3/z2D/ysxk8qT5tfETWmiWEVo//8zAICwpWM8gdrGtJ7JcX4+tuOc5FktzTdWYMK7eDoSAdB3rLmStThEvFnrQEIJIZh/untUvGTOVC95m8+FjP+78wKdbeq+/5Tv/zcNwh0srkruKO85/z8Qk2UWZyLS+Fcm1uJACgC0hRQAQITwjf+5oOqYcZ9nfLUzLmPK9OkzLGmmJKNeh+9lAIBrciuKs9F1pbL20In50a1V867+X3rnJYkREyT5sgBIAED/uDtY4+WwSgEoivL++++OHz8xL883sV/3vo1IAAAgAElEQVTSSTPvVy8e8w/6PRNhAnMBnseKfZ902wVmGq9N6DeNVxwVzqssdPzvLfHxfn9HxzJjmubtAFnjZXJ3aBsDjHIYNgCEOxE8/j9pXFiS/vDtC+dNy5ugdWgAAJFBr9OlpZrSUk1zZk45ebr8nYNpC2remNZ8UCLi1J0FwIwA6BfmvEiZc7WOgoioq6vr7NnT+4o/rKqqdCtKdwqASJqwiCTfuoDM+0uF/4Pe3RSzs1X95DXdvT8mXYw213AzlE5+5bDoavN8FdAC0N8DlIQgKS6VkrK0jdT7sQHQFFIAAGHNX9LmH/8fy1z1yIqlKcmJWocGABCRpuVNGJOW8vbbEl0ha/NBWQRkAYIGRwA3INVfUDU6tRDC4aitqa0xxBgyMjL+8v57x44d7ezsjIuLS09LD9yTGTPkMRN5VZn3hUTEQmfLCyImBC87IKqOsawFw30xN6+llp/6wJPmCFkOsLsogBHFJLAwqNqQ6i9oHQKMdkgBAIQ94Z3/Xx0zriT9YYz/AQBuUkpy4ooVS7ft5MmdVzM6L0mevqoM0wGgf1hDuSbn5Zx/8cVn+z/a19bWLklSSnLy1cqrsqybO3feHYVLEhISgvaW9dLMB9SqTSEtAHs5bLNDKf65/rHfaV4q31/qodd4k8PzOHAJwJCkHkvJpuiEax5luGj1sQHwQwsxgPAVksb+POOrty+ch/E/AMDNS0lOvH3hvMNjv8oFcXGN24YA1yXVlWnyeWlubtr7wV8aGxujovQxMdHVNdVEtHDhrXcvvberq7O4+INjx0qF6A5MypzFYuKu/9n2FAKo5Uf4J78g7h6eCxkUov6c8sVO5u3pSb2uCOipptRNKSRJ1iLGQEKqK9M6BhjtUAUAEN58JQBXYiZ1xmVg/j8AwGCZljeh9HDGVcOkzPZzwl8gjUIA6DNWVybVnuFpecN83ubm5paWlqys7BXL74+Pj3/3vT0nTx6vqLj8x//7fcXly4qqZGVlW63TdL5WwSxlvDxunnJmfy+XEDpgFl37tkQlZUvT7icWCXcKO5rU9/9dKJ2er0K+d4NKAPRRLHPOcIfXg1R7hiEFAFqLhO9tgFHMf0uqPGn+lOnTtQ4HAGBEyZs+/WLSfE7EUQIAA8JqTw//SaOjoxljKSmpXV2d+/fvq6i4LIS4cKH8woVylasTJ+TmL7hFkgJ+yY9JkrJnk6xnwZ/vwIL5blxR9r0srhwepou5GYJz+x71whehm33/BPY7lKfeQXHaNwLQ5AMDEAJVAABhqjsrL0gQ1cRNmWFJ0zYkAIARJtOSdip+iufHrGAkhHcSNEoBoI+kmlPq9AeH+aTx8cbMzKyjRw8fPXqYiCRJiomOSUhMnDHDNn/egtBeAETEJGnacnboj9Rc7W8E2H17vMfxecMV91v/GPX4byk+vceTYUQ4zimfvCq62kOmADBPDaVg/hUQGZPkBY+HQ12DVHNK6xAAkAIACGe+NIAQ1ESxpiSjxvEAAIwspiRjM8V67xn6R0VIAECfSTUnh/+kMTExubmTrl69Yow3po8Zk5WZPX78hMzMrKioqGu+JsGis93tPrA1tPI/4NMe2DxP1F5y/36N7r4NzGILz+8H0XRFfW+DaKjsWbzjXf+QdbcGlDKtLG3qNY40rDT5wACEQAoAIKz5K9kUIel1+IYFABhMep1OEZJ/8C8w/Id+YtUnmfOSMI0bzpPKsmybOSslOSUtfUxSYlJcXBzr0cNfCFFdXTVmTIb3KSbJtzylHnubN9VTwMjfc5+851p6jIhXlbt3/5Nu2fNS9oJw+7YQjVeUt/9ZveCbrdDj+zbwcpgkSda7SRetQaDBmPMSq0YKALSnfT0MAFxLz5a2AAAwFAR+5MKAsI4mqerY8J83LS19zpx5mWMz4+PjQ8b/QoiamupXfv3fv/2f18rLz3c/EZuqW/pDz87+kX9gL4DAo3hLY6rPuf/vGXH1MAk+LJfVJ6LFobz7/6rnS0iEfrMGzghg/nqA1Bxp4qKwmAVQdYx1NGkdBQBSAAAAADC6CYz74SZIV49qHYIX57yy8uqed9/e8uqvLl++pKqqy9UctDrguFuknDkhA34WkALr2VFftLm6fvMt9eCvqbVu2C7kmoQqrh5R/vwD9exHJLpXAfTHHfh9LHzbpfH5LHn8cIfam/D5qMAoh7piAAAAAIABkjw3ybW+yexsdH52qOSk/WRdnUOSpClT8vIX3DIuZ3xQjUBcqjzva7z6rGh3+bcFDv577Q4gVLd7/6/F1ePy4u+ydO0WJ3K38tI3lJKtvOEq+aPtLeDAB1JMrLzgGyRfu0vCsBFcuhoJ6yzAKIAUAAAAAIx2KAKAAZMqS6WKL3j2Aq0CEEIcO1b67nvvNDc3CSHi443Ll62YPn2mTqfr6Og48PH+Rbct9u7KJGnKEvn4buXUR/7uf6FVAAFd9Mi3Ubg7lNPF6vlP9YufkvK/RfKwz6vvalZ2/Ug9dYC4wkK+YVnI3+RPCwhBuhXPh0sJQMUXUmWp1lEAEFIAANBXa9dt2rJpndZRAAAAhB3pijYpACHElSsV77//Xtn5c5IkJSWZmpoaOefR0dFtba3nzp3d/1FxXZ3DEGOYN88Xnhwt3/eicDym1l/xr5nn4S0EEN5OAUEjbU95QFd7196XdWUfS7c8yTLnMIOJerQhHHxNV/jZD5UDr3CXM3BzaCLAH2b3YyZPKZCsK8Okl6F05QutQwDwQgoAAAAAAGDgpMuf0cK/1uTUly9funCxPCoqet68+TNn2I4cPXzoUMlHB/bLsnzp0iVVVczmNF3wikIsLk237Hnx5nruauje6B8/B3cK9E+q9w6jBVcvHFGvnpbG58t5hdKUpWQwDc2VCWq6wk//RT31Ab9qF0qXf83CwHF+6BqHAcN9yWTR3fptksJlsCNd/lzrEAC8wuW7AgBu3qHXNr1aM+vFH92V0fO5I9vXvk5PbVqdf/1DHNm+9t3k3o8AAAAAvZEvfyZVHuWWWcN8XsaY1Tq9ra1t9uw5SUkmnU4niA4dKrl06SIRRUVFLVy4+LZbF8XFxYe+MOdWecE3xP5fkeKmkIkAwXofYHe1q2eKeXkJ++jXsm2FPOcRircMVkWAEIK5rqifva7a94rmOqG6r3XPn3whhXQBZERCkqV5X2GZcwYlpJsnVR6VLx/SOgoAL6QAAEaK6g921mTPoAuHqunBMQM9yOzVW2YPblgAAAAjndIhXTw4/CkAIjKZTEuX3sM5r6tzfP75oU8OfkxEBoPBYhl799J7s7Kye3+ZrJfnfZ1X2tVTHwSOokMnBQQvs0ch9+HdndxZyYu3KCX/K0/Ml6bdw8xTWWwSRceTHN2f/oiClC7R6aI2p6g+yU/uUc+XCLcSmJDoNUPRM+XgDZsxeVKBPP+JMCoBuHiQlA6towDwCpdvDAC4SVWHL5Bt+Wp654V3jj74Ld9vIdUf/OhnR+uIZkzz/RJwZPvad5NXpB99+yQRZT/1w+SdPztaR5R616MvLbf4qgCmHnrpD5fTs4+fvExENO2uLd/S4NcaAACASCFfPKgs/K5W087PnDn17nt76uocjLHJk6fMnj13mnW6LMvXe01Mov7eH5HSxs+VBC8KIIhYSF995nvMArZ3Fwh0tin2fXRqn2RMZanjWfI4MmWxRIuUkE5xJhadQHoD6Qz+3Yl3UVeb6GwVrXXkqhVNVcJ5RdRf4LXnqMXpXcUw+I0MOWNoC09f/wLPRjm3QP/Av5E+dqBv56AT8sWDWscA0A0pAICRofJQKeU/ackYM2/GunOHaFY+EdHRn//sKN316JbllkOvbTpOvixA3dHL967b8q3KnS/94dWf0VOb1uUf2b729U8OLQ+aJnC8JvnFTaszjmxf+/oXO6uRAgAAALgm6eJBufyAOuF2Tc5uNCbU19eZzealS+7NyRkfGxvL+lKWn2DRrXhR2fUjXv6F6B7he1/Ietx7D5mNHzotXxBvrqPmOir/nMk60seQLoZ0UUynZ3q9kGOJScSIOGdqh1DcQukidxcpHcLdQaqb9VaD0PPs3QLXAmTdO0iZ03RLfzhkHQoGQi4/ICEFAOEEKQCAEaH61CEa/8wYIpqVP+2DQ0cofzZRdX0VZT+43EJE+ctn7Tzp7/qTnT+biCwZ6ZRquzWfiDKSU6kh5JCptqkZRDR70ozX0cMWAADgBiTtUgAWy9gnHv9mZmZWbGxcv17IEsfq7nlO2blerTodUucfMguA9TYXgPlWEAjtxq8qTG0havFs576X+cf2QoTe5xcBI/+g9QiDMwIBoYfOX2BEUmK6/u51zDylX2/CUJPKD2gdAkAQpAAARoKqwxfq6ppeWHfUt+EozZ5FVQ11ve6dmnyNqYFBMjIsgxkiAADAiCaVf8SavikSx2pwakmaPDlvYK9laVN1971Af/mZeulIyC33G/YIpIAVBHodrovAooLAF/ZWoxA8HyE06dBzLYDAUIlIGpOru/f/YZk3aHw8zFjTVan8I62jAAiCFADACHB0+wdNMx5b94y3k9/Rn6/7Ymf1rAd7u7cPAAAAQ0GqOyefL1bmfEPrQPqLMcss3YMv0Xs/UU9/FDg2D0wE9NqQv+dGETAzv9dO/r2u7dfr9pAsQK9n9/cmYJY83fIfs7FztGrHcC3y+WKp7pzWUQAE6XuvTgAIV0fOHffW9nukZac2HTpcSWOm5qde3vlOJREdeudo7xUBAAAAMEiksg9JcK2jGAiWlK2/f4NuaqEI6OTvv/1+41qAoGOFLiXof3SdIX3PLT2bEXj285YJ+F4gGJNSc/QPbmRj54bb+J8El8o+1DoIgFBIAQBEvENHLtO0SQF1b5Z8W2LdB58cIsuDT86iD/6wdt2mnWNmzdAyRgAAgJFPLtsnn/tA6ygGKjZV9+BG/a1/xYypgWP4kPn2oUT334H5gpBqgsCp+yy4jD/wz5AFCILP4H3Ou4/nNVEG3fR7dI9vYebJN3fxQ0I+94Fctk/rKABCMfHjLK1jAIBeeJrlCCIuSBW0ZeKm7z21WsN41q7btGXTOg0DAAAYCv/16vYnzq6TGekkkhlJjBgRY+F2MxEihjpzVdd9P9U6ipvAVV62Tyl+mVed6Tn9/vr36q+zXkDPZgG97BnY5P86VQb+AxridYvWSLO+ygxJA7vWoRb11j/Ix3ZoHQWMRu3PlxPRmfKKkO1T/v/27j64rvK+F/1vrbUl24Bt/CajghRwkuKQOLJIgk5p0jrQXCclc8phbhySmU4LE/f+0U6Y6cnxgYbJH1w6IRpOz7HnZM5p4ULOJAcoaV03NybxTQCX8BLxZoQN2DG2g42RLb/L2LKl/XL/kGzLL7zLWpLW5zOM2fvx1t7fLUZiP9/1PGvNabIKAAAAhk36m1+kr/067xQfQJqlv/tH9X/2v+pavvB21+Q75ozH6pOTpvPHRmrv8IVvcx3D01cNpFNm1P/pP2S/93+N2vl/+tqv09/8Iu8UcAYqAAAAGB7JkQPZhp/nneIDmzAl/ZP/Vv/VO9MPtSZZXQw5UD90Np4MGTzl8P4plUFtyEUBBtuBtz7Kf3rdMHQbQjJ5eumKr9Yv/uekcf5wvd2zIdvw8+TIgbxTwBm4IgDwrtgFAADvRrb+Z5XLvly96NN5B/lAkiSJS79U1ziv+upjlWcfqO7cXKvVkiEL9U9M+JOoDTnof8YT/p1hX0ByhksAnHLj1D0CWV166WezyxelTZ+O+nOH+Q0Pq/T1Z7P1P8s7BZyZCgAAAIZN8uau7JWHxnoFEAPT9KlN6eVfS+Z+obrmwf5f3VPrOxJvMW8/4/r/ONOKgJNn+7WBHQBnPDvA0D0CyYyLSn/01+mH/yDqzhn+dzrcslceSt7clXcKODMVAAAADKfs5ZWVSxdWm9vexWNHvSRNzm3IPvtXWct/KD/9v6sbH6/t25709Z40aU9OrPA/fS9A7eR24OSD/MnpCwdOuvrAxHOTGReX5n0xnf+VmDBlJN/3+5Zu7cheXpl3CnhLKgAAABhOyaFd2Us/GScVwHGTLyxd9a24/KvVrc9Wt/y6+ttnagd2nXKAv3baMfxTzuRXO/lucsZl/wP3ps7K5vy7dM6V6YeuiMkXnM03Nsyyl36SHLIEgNFLBQAAFJ1LADLsSi/9pPqRz1c++kd5BxlWSRrTPpROa04/9sXaod21135dXfv/Vratq/UdjSQZeoKAtzo14BmXCZy0iSArpU3z0pZ/nza3JZNnRd05Y+sHNNv4y9JLP8k7BbwdFQAAAAy3vkPZuhWVSz4XpQl5Rxl2SdSfm9Sfm0z7UNqyKOvZXtvyRGXT47XuLbXeN5P+3igfjWo5qVaHbgQ4fjmAE9I0yUqRTYi6icmk89KG380u+Uz64c/VplyUvM0VAkezcl+2bkX0Hco7B7wdFQCMDaWk2l8u15X8zAIMm/5yuZRUE8sAODuyVx4qXfzZcuv1eQc5m5IkmXpRMv+racui6Oup7d9e27e9dnBHvLm7drgnju6v9fVGpRKVo1GrRloXSSlKWTLh3JgwJTlnanLezJh8QXp+Y5x/UUyYOviUeb+n9620dnn2ykN5p4B3YDoBo9fQU+NOicP79h9smDkt71AA48e+/Qcnx+GTrnA+lqcfjELZ2n+ufKitNv2SvIOcfUkSE6Yms6cmsy+LiKhVolKOytGolKNWq9XKUatFkiVJEkkapbpI6yMrRZLlnXvYJHu3ZGv/Oe8U8M5UADCqHf9UesGhDa+/0a0CABhGr7/R3fDmhqGXOjf/Z3ilrz9XevGf+hf8p7yDjLgki1J2fBNEEX6ySi/+U/r6c3mngHeW5h0AeGvHP5UmcfG+Z9avW5dzHoDxZf26dR/a98zAzD+xDICzI+v8cbbx4bxTcHZlGx/OOn+cdwp4V1QAMEqd+CyaRBJx4ZGNEw51vbR+c76pAMaNl9Zvrn+zq/HwxiQZ/E07dDkADJfk0O7shX9MDu3OOwhnS3Joj//EjCEqABjVjl81N4349PZ/fOzJZ/fsPZB3KIAxb8/eA4898ez81/8xTSKNSIf8voVhl238Zbbm/rxTcLZka+7LNv4y7xTwbqkAYHQ7dmAqSWL20deu2Ll85cpfaAEAPog9ew+sXPmLT+1cPvvoa2ky+Dt2YCGADoCzpLTm/uzVR/JOwfDLXn2kpN9hTHE6QBi9kmOX0h34M03i4z1Pxuvx4IrqH1z56Y/PnZN3QICx56X1mx974tlP7Vz+sQNPpkkM/DN0CYASgLMhObgje+5H1ZkfrZ3flHcWhk2yf1v23I+SgzvyDgLvgQoARr0kktrgn2nEZT1PTj+6/fnKVzufb5z7iU9c9DsN086fXFfyswzwlvrL5X37D77+Rvf6devq3+z6wuv/OHD8f2AXQBKWADASsk2ra8/9qP/qW/IOwrApPfejbNPqvFPAe2PaAKPa8SUAEZEmUY3IatF49LUvbWrfPumjv931mVfOu7QnzinXbOoBeEulpDo5Dje8ueFT+55pPLzx+MH/NCI5tgrAEgBGQOm5H9ZmXFKef33eQRgGpRceKD33w7xTwHumAoDRLomoDSwEONYCDEz3L+rd+Du9G2u1qEXUahERtZyTAoxSg9P7gal+etLM/8T8PzH/5+wrH8me+UH1/ObqxVfmHYUPJP3tk9kzP4jykbyDwHumAoAxYkgLUKtFkpw4TUAtIpKoHesAFAEAxyXH/nX8IH9y7OD/8fX/tgAwktJdvyk9c2//1Atr0z6Udxbep2Tfa6Vn7k13/SbvIPB+qABgDBj4aHp8LcDAZ9nasQUCJ5YA+AgL8BZOWggQkSSDg47/M/KyjQ/XJjf2/9G3ozQh7yy8d+WjpY7/J9v4cN454H1SAcCYMbgjICKpDU74k4EtAIkj/wDv7HgLMHTyrz4lF6Xnf1Q7r6H82b/KOwjvWenXd5We/1HeKeD9UwHAWJLEicn/QBEw8FlWBQDwjpKhN5JTB2GElTruinOnl1u/nncQ3oPSmvtKHXflnQI+EBUAjDGDmwKGrlytHasGAHgLyUn/CpN/cpccPVh66u9rE6dWPnZN3ll4V7JXVpae+vvk6MG8g8AHogKAMen4J9eahawA74Xfloweyf5tpaf+Z0yYXJnzB3ln4R1kmx8rPfU/k/3b8g4CH5QKAMY2n2UBYOxKd7xUeuL7tdKEanNb3ll4S+nWjtIT3093vJR3EBgGad4BAACguNJtz9Q98f10+wt5B+HM0u0v1D3x/XTbM3kHgeGhAgAAgDylWx4vPb4sfaMz7yCcKn2js/T4snTL43kHgWGjAgAAgJxlm1aXfrVUCzCqpG90ln61NNu0Ou8gMJycCwAAAPKXbVqd1Cr9v/9X1abP5J2FgQ0a/z3d/Ku8g8AwUwEAAMCokG7+VV25r//3/7J6yWfzzlJo6ZbH6574frq1I+8gMPxUAAAAMFqkWzvq+nvLfYcqly7MO0tBZRtWlZ78H2nXi3kHgbNCBQAAAKNI2vVi3aPtcaSn0vKVvLMUTtb547qn/j7ZuznvIHC2qAAAAGB0SfZuqXv0e8nhveV/9xeRJHnHKYZarfTrfyh13JUc3pt3FDiLVAAAADDqJIf31j36veTQrnLbN2qTL8g7zjiXHNxR6ri79PQ9eQeBs04FAAAAo1Tp6XuSgzvLV9xQvfDyvLOMW+n250tP35u9sjLvIDASVAAAADB6Za+sTA5sK3/6hson/iTvLONQtu5fS8/em77h5H8UhQoAAABGtfSNF+t+cVu6b0v5U39aO2dG3nHGieTwntJzP8ye/WHSuy/vLDByVAAAADDaJb37Sr9alux+tfypP602t+UdZ8xLt3aUnvth9spDeQeBkaYCgHGrq/+G75SnDBnY9o1Jy0fPR4au/hu+U45rJtx7bZp3FAAYI7JXHkq7N5Qv/3q59etRmpB3nLGpfLS05r7S8/clezblHQVyoAKA8a1ncI5dXXDL0Za7+1ra6jvzjgQAvH/Jnk11v/i/06615fnXV5uvyDvOGJNufbr0wgPZuhV5B4HcqACgGNLV12Ytd1c+3BGdbdGyrHfB2oHxbPVd9Z0nLxk4sVigo++muysREZF03jZxdWPlusV9TfPql34zG/yrIbe3fWPS8rbqgluOtuyOiBj8q4HqIbJtUWnanXTeNnH11sHn7JmX5fW9AIAxL1u3In2js9zylconv1I719kB3llyaE/24o9LnT9O9m7JOwvkyQJcKJyOvgVdpQfvmrT0tlJPVBYsq0RUFywrT5lZevCuSavnRdPdfS0REZXrBib5d03onFlrWdbfGNmmeRFrKy0RjV3ViIiuauPg7WzTwPw/jj3z2r4bVlQHX3F3de83Jy29a+Lqxsp1d1diZunBuyb9vLk65W1jAgBvJ9m7pe7R9rqVS7L1NrS/g2z9Q3Url9Q92m7+D1YBQDFUF6yoRGSb2iKifmlbtCzrXbT25IfsLi+6JR787qSlQwfX9t20rH7pdyetjoiIrrZswdrqtK6IrbWIiN2VS7uy6KjFvKyzq3LD7ui5JuuKiMa65+eVF6wst1xbioiYmW1ojIiIjkpTxLZr67oioi3rWVkesfcPAONT9uqj2WtPlbc8UfnEf6g2fTrvOKNOuu3ZbN2K0rrl0X8k7ywwKqgAYHybsvLoTSsHbiadt9V3RjSuOLJoZS3m1S+9K65b3NcUJ7YJxO7yosXlmFl68Lt1XZE9dU3StLIWa/tuWnxsYX9z0hO1Szr6p6+NnmtKB1aWp3dUpu6OnrYkttamRGxrtLQIAEZY/5HSmvuzzY9VPv7vKx//k+qs38070KiQ7vpN9tK/Zi/9JDmwPe8sMIqoAGB86zn1lPvVSztqMbP04DeziMqJ4bb6pW0RUblucV/T7vIXV2T3Xpt2XTtx6bXHThOwtu+6jknL27ItM8stHZWIZEtbFh3llpXliKSzLY1IeiKmdlXfcYPRu3kMAPDeJAe2l578H+nGhysfu6bysWtqM+bknSg3yZ7N2Ssrs1dWprt+k3cWGHV8DIeCSfc1RuyuNUQ0ruhvGhysXLe496ZllYhs+TeyiDjQmEZX/w2Le29YUY3Gup9fk0Qke5sjIt3QlsTu2pRI9zWmG9qSOL7OvzHbMjOmdFQaI6Kr//K10XNN6dSrD7Rl22LwMY0dFecCAIBhlu76Td1j/7X+X/6y9PiyZPfGvOOMtGT3xtLjy+r/5S/rHvuv5v9wRlYBQNF0fqV0+drygsW9EUnPzJjSVW2MuuW3lW74Tt9NiyMiYl798raIqLv3G7Wb7h7cR9BzzYTVjTFwOoCeleUp87LOiGhMIyrRmHZFRKSrvzshbjm6aHF56MUIT37xbPltpRu+U160uNwzL+sZugwBABguafeGtHtDad2/Vi79Pyof/UL1osvzTnTWpa8/n238Rbbh/3PCP3h7Se3bTe/iYQAAwNhTmzSt+tGrKx+9qvLhz0dpQt5xhlv5aLbp0WzjI+nGh5PefXmngVGh9282R8SGzdtOGb90TpNVAAAAMJ4lvfuyF/8pe/Gfqh/6vcqcP6jO+Vx19mV5hxoG6c6X082/yjY/lr72VN5ZYCxRAQAAwPiXvvZU+tpTtafvrl78+5WLf7968ZW1qRfmHeo9Sw5sT3/7ZPbbJ9LfPpEc2pN3HBh7VAAAAFAUyaE92Us/yV76SW3qRdXmtkrzZ6oXfXr0Xz4g2bM5ff3ZbOsz6daO5MDreceBMUwFAAAAhZMceD1b+3q29p9r50yvXnh59cLW6oXzq42fjPpz8452TN+htOvFdPsL6fY16fbnk8N78w4E44EKAAAAiis5vDfb+Mts4y8jojbjw9ULPl6dfVl19sdqsy6tndcw0mHe7E52bUh3vpLufDnd8VKyZ9MIB4BxTwUAAABERCR7NmV7NmUv/SQiaudMq834aHXmh2szPlybfnF12sW185siq3ulZjkAAA9PSURBVBvO16v0J/u3pft+m+z9bbJnU7p7U7JnY3LYif3hLFIBAAAAp0oO70sOP51ue/r4SG3y7NqUxtrkxtrk2bVzZ9XOnRGTptUmnR8TJtcmTI66SbW6SZGWIitFRFTKUS0n/b3R35scPRhHDya9+6N3X3JoT3JoV3JwZ3KwK+npSg7uzPNNQvGoAAAAgHeWHNyZHNwZ8ULeQYD3L807AAAAADASVAAAAABQCCoAAAAAKATnAoCxqq+p7ejcL/c1X1E5Z1Yt9bMM8JaSajk7vKt+69MT1v+0fltH3nEAIDemDTD29De2vHnVt6vnN0+cOmNKfamUpUmS5B0KYPSq1WrlyrS+2XMO/u4X0v1bz3vkb+u6OvMOBQA5UAHAGNP7yUUH//DmyVOnTJpYn3cWgLEhSZK6UlZXys4953d6p83c93/eO/nf7pj04oN55wKAkaYCgLGk95OLDn3uP06fMa1UyvLOAjAmTZpYX1eatv9z/zEitAAAFI3TAcKY0d/YcvAPbz5/VoP5P8AHUSpl589qOPiHN/c3tuSdBQBGlAoAxow3r/r25KlTzP8BPrhSKZs8dcqbV3077yAAMKJUADA29DW1Vc9vtv8fYLhMmlhfPb+5r6kt7yAAMHJUADA2HJ375YlTZ+SdAmBcmTh1xtG5X847BQCMHBUAjA19zVfU1zt/J8Bwqq8v9TVfkXcKABg5KgAYGyrnzCplfmABhlMpSyvnzMo7BQCMHDMKGBtqaSlJkrxTAIwrSZLUUgusACgQFQAAAAAUggoAAAAACkEFAAAAAIWgAgAAAIBCUAEAAABAIagAAAAAoBBUAAAAAFAIroUL48Cae5bcv37owGVfa//z1vzyRETEC/csuS++1n5j3jkAAIBBKgAYJ+Z+vf3G+QM3u1d97857Xmg9dhcAACBUADAuNTTMjjVd3TG/IV64Z8l9g+sDjnUE3au+d+fDeyIipn/+Wzd/qeG0ke33LFl14V/fvPCC6P7ZHXe+2Pqt/7ywIbpXfe/O7Qvbb5x/4sGDT7hj1R1/tyZm7N27Z+7X2m9s3bHqjr97eG/E3Mvm5vpNAAAATuVcADD+rFnzcjQ0NsSOVXfc1331X7e3t7d/6/PT169a1R3R/bN7Hp79tfb29vb2rzU8+tM1Zxhpbb1s7/YdERHbd8b02L49ImL79j1zW+fHmh/c+XBc/a329vavz11/3x2rdgy84t6Ghe3t7Te2xpp7/u7h+Py32tvbW2P926cEAABGmFUAME6sv2/JkvsGb0///Ldunh8RC29uXzgw0tDYEC+e8hWtN7a3RkT36SOzp9//wpqYf2F3tC785Jo1L0RrrFl/WeuN0b1qZ8xduLAhIuZ/+epVd65Z072wNSKmX3hBRETs6O6OuQu/1BARrV+8etXL20fozQMAAO+CCgDGiSHnAjhhzQ+W3P/ysTszLoyIhi/d/LUfLFmy5P7jX3KGkdbW6f+ru3tH95pouLmxYVVXd3d0T599YcT27XuOP3dDw+whtwcrgO17R+CtAgAA74sKAMavF+65/+W5g+fkf+GeJasGh1v/vL01Bq4jcMeqC25eeMHpI62t8dPtOyJmt8YF3fHCmjU7o/XPGiLiwhlx7Mh+d/fOiNknv+IFF04PR/4BAGCUci4AKILuVasGd+av+cGSO352fO1/Q8MFZxiJaGiY3b1q1fqGxoa4oLU11qyJ1tbB8Rg4p0C88NOH90xvbW046XUuaG2dsX7Vz7ojYs3PH7YiAAAARhWrAGD8mv/lq1fdef+SJffH9Ku/fvX0+7Zvj2j986+tWXLnkkdjYNl/a0ScPhLROr/h/vsaFs6PiIaG2BufHJzrt/75t7q/d+edSx4eePDCCyJ2DH3JhoV/dvWav7tzyaMx/fNXz3UuAAAAGE2S2reb8s4AvLOdN704e9b5eacAGG927to/e+kn804BAMOm9282R8SGzdtOGb90TpONAAAAAFAUKgAAAAAoBBUAAAAAFIIKAAAAAApBBQAAAACFoAIAAACAQlABAAAAQCGoAGBsSKrlWq2WdwqAcaVWqyXVct4pAGDkqABgbMgO7ypXqnmnABhXypVqdnhX3ikAYOSoAGBsqN/6dF+fQ1UAw6mvr1y/9em8UwDAyFEBwNgwYf1PjxzYk3cKgHHlyIE9E9b/NO8UADByVAAwNtRv60j3b+090pd3EIBxovdIX7p/a/22jryDAMDIUQHAmHHeI3978EBPuVzJOwjAmFcuVw4e6Dnvkb/NOwgAjCgVAIwZdV2dk//tjv27urUAAB9EuVzZv6t78r/dUdfVmXcWABhRpbwDAO/BpBcfjIi9f3jz5KlTJk2szzsOwNjTe6Tv4IGeyb/6LwO/UQGgUFQAMMZMevHB0q4Nb1717cPnN0+cOqO+vlTK0iRJ8s4FMHrVarVypdrXVz5yYE+6f+u0R/7W8X8AikkFAGNPXVfntP+9qK+p7ejcL/c0X1E5Z1Yt9bMM8JaSajk7vKt+69OT1//U+f8AKDLTBhir6rd1+CALAAC8e04HCAAAAIWgAgAAAIBCUAEAAABAIagAAAAAoBBUAAAAAFAIKgAAAAAoBBUAAAAAFIIKAAAAAApBBQAAAACFoAIAAACAQlABAAAAQCGoAAAAAKAQVAAAAABQCCoAAAAAKAQVAAAAABSCCgAAAAAKQQUAAAAAhaACAAAAgEJQAQAAAEAhqAAAAACgEFQAAAAAUAgqAAAAACgEFQAAAAAUggoAAAAACkEFAAAAAIWgAgAAAIBCUAEAAABAIagAAAAAoBBUAAAAAFAIKgAAAAAoBBUAAAAAFIIKAAAAAApBBQAAAACFoAIAAACAQlABAAAAQCGoAAAAAKAQVAAAAABQCCoAAAAAKAQVAAAAABSCCgAAAAAKQQUAAAAAhaACAAAAgEJQAQAAAEAhqAAAAACgEFQAAAAAUAgqAAAAACgEFQAAAAAUggoAAAAACkEFAAAAAIWgAgDgrd20NW7fGtcNy3O1x+1b4/ZHhuW5AAB4H0p5BwCgIJbErUvyzgAAUGgqAADer5u2xqyBWz3x0CfiyWPjN66LOVMiIp6/PS67NSa+GrdeFdEet18f8WrcelVc+UD88ZVx5Mk4eOXgM2y+Pe75h7zeBwBAQdgIAMD7cmL+HxFT4o+P7Re47pHB+X9EXP7Nt3uGiVeeeIY534wrz1pUAAAiVAAAvC9XPhCzIuLVuLU5bm2O51+NiLjsgYi/iMs+EgNH9W9tjue7Y+LbPEtPPNQct94eRyJiSlwwYukBAApKBQDAezf3ExERmx8YvLv8gTgSMbEh4iMxMSJeHVzVPzD+Vo6siycj4h/ijZ6RSQ0AUHAqAADeu/3deScAAOA9UwEA8N7t6I6ImHP94N3rro+JEUe6I16NIxHxkbjxL06MAwAwOrgiAADv5PKtcfmQu883x/Lr4zNbY9ZH4vatJ8Zfvn7wz8s/EnNujdtvjeiJI6EFAAAYJawCAOB9Wdocu47f6YmHmmN5REQsvyo29xwbXJZbPAAATpPUvt2UdwYAxpGBiwXueiCWLoloj9uvj3g1br0q71gAAIXQ+zebI2LD5m2njF86p8lGAACG28GemDUlZl0ftx87U8CuZ3OOBABAhI0AAAy3ez4xZINAxJEnY+mSHOMAAHCcVQAADLelzXknAADgDKwCAAAAgEJQAQAAAEAhqAAAAACgEFQAAAAAUAgqAAAAABhX0jQ5410VAAAAAIwrU84794x3XRQQAAAAxpXZM6dFRM+bhwbm/wN3VQAAAAAwDs2eOe34zP84GwEAAACgEFQAAAAAUAgqAAAAACgEFQAAAAAUggoAAAAACkEFAAAAAIWgAgAAAIBCUAEAAABAIagAAAAAoBBUAAAAAFAIKgAAAAAoBBUAAAAAFIIKAAAAAApBBQAAAACFoAIAAACAQlABAAAAQCGoAAAAAKAQVAAAAABQCCoAAAAAKAQVAAAAABSCCgAAAAAKQQUAAAAAhaACAAAAgEJQAQAAAEAhqAAAAACgEFQAAAAAUAgqAAAAACgEFQAAAAAUggoAAAAACkEFAAAAAIWgAgAAAIBCUAEAAABAIagAAAAAoBBUAAAAAFAIKgAAAAAoBBUAAAAAFIIKAAAAAApBBQAAAACFoAIAAACAQlABAAAAQCGoAAAAAKAQVAAAAABQCCoAAAAAKAQVAAAAABSCCgAAAAAKQQUAAAAAhVDKOwAAAAAwnDZs3nbKyKVzmqwCAAAAgPFmYMJ/+l2rAADGlpZlvQvWDt7e9o1Jy9tG6oW7+m/4TmXLbRNXN54+Ul1wy9GW3Sc9vOeaCfdemx4PfHLUynWL+5oi6Rz6bCe9UHnKwO2ZpQe/W9d17G8aVxxZtLI2eGde/dJvZqfHHPr9OeXLj73uUNnqu+o73+N3AgBgDLh0TtPAWoChdYAKAGDsqC645WhLY/3SuwamvpXrFvfe1HHmmfDIOz7nj4jo6Lvp7r4FbYMz/J6ZSVNHJdqO5eyoNL3Vs3T03XR3tfO2SQNf2LjiyKLFlYGmoHHFkUUr0+Mz9pZlvTctO/29V6d1vU0zki2/a9LxRy645eglbSXzfwBg3DplLYCNAABjSOOKvpYoPXhi0pstv63Us7Z/Qdfbf10e2kqdM2uXdFQH7zamPWsrLcf+srGr2jMv6znDl1Wuu7uy7RsnlgZ0XTtx9bxay48rEdGwtRbzsuMz9s6vlIY+5zG16buTvc3vHHDgm/nza/1vEAAoEqsAAMaI6qUdtZ627KT5fmO2ZWb5ko7q6mtr1y3uj3nRtLbWc82Ee6+NISvzB9a6VxfccvSSxizWVqbESQvgj6+u75mXxdrq4FL/jr6b7q5EDNNS+eZsS1ffhzuis23gjcSWa5NL1p72sI5KU2SrTz6A39mWLbi70hJZd3MSKystcawFaKy7967TnqGrOjXSTadvLjhV5fdW1rZ9o24UlicAAGeRCgBgjKhN3x0HGk85ap3ua4yWrQPb42tNMbhHoHHFkZbG+qXfzQaWu1++otp5bUTElLWx+q5JA3XAgmWVzm9m0dX/xZUxsPC+ZVnvgkhiYDf+sdX4jSuOLLqlv3twR32t5Tu9Jx94T84ctqPcsjvpbDueNtnQliwa2AvQVbkksp83xyWnfVFjVzVmZt2njDYnPVGZ1hWd19Z3dhxdsLh3wRk2+R+ztTYlKoOPeatzDUQ0ruhvmll6cMROowAAMEr8/0t/WUYFuZX1AAAAAElFTkSuQmCC
12.07.2025 22:48:34,601 INFO  LoginPageClass:40 - Password is entered
iVBORw0KGgoAAAANSUhEUgAABVYAAAJNCAIAAABV7bmTAAAAAXNSR0IArs4c6QAAIABJREFUeJzs3Xd8XMW5N/BnTtmq1aoXy5Ks7iZX3LHBmIAxxRAgQGiBJCS5SW5uSHITWvpNv7k3LylAyqUkIYQSIEAAm2psintvalbvffs5M+8fa69lldWqHq329/2Dz5azZ59d5J2ZZ56Zw4QQBADjAf+aAACgH8aY0SFErbZKeu7rdGqn0XEAAEQZz70VYZ6VJjESgGlI9GF0LAAAMOWgmRi95Dz67LO07Gaj4wAAmFaQAgAYATGA0REBAEDUQPMxGpt/TJu+Y3QQAADTB1IAAMNDjw0AAMYXWpYRWP1puv0JcqQZHQcAwHSAFABAOOifAQDAhEIrE5GiC+hzz1PeKqPjAACIMscrao5X1PR9BCkAgMFh8A8AAJMDFQERSZhJn34KWwMAAEQuNPjvmwVACgCgP/TDAADAEGiAhrf5x7TxfqODAACIAv0m/0N3GVoagJDJ/+eAf4AAAFFkMq/wh6sJhnN0Cz37VfJ2Gx0HAMBUhIsCAgxvQideBl5HADWfAADRaDJ/z9FGhDPnY3TXczSj1Og4AACiD1IAAOPczcI4HwAgBk3Ejz8akXDSiumu52j+FUbHAQAQZZACgJg2vr009NUAACBkvJoGNC5DUsx0429p3ReMjgMAIJogBQCxa1z6ZOiZAQDAsMbeXqCtGdIl99DmHxkdBABA1FCMDgDAGIb3w9CZAwCILuOyP1/ox38UZxNCYI/AwS27hRKy6el/J3eH0aEAAEwhTa0d3b0uIoqPs6enJAYfRBUAxKLRDb9HN4eDjQABAKaHMHsBjuJXfTJfFROKLqDPPosNAgEAQppaOzq7ezkXnIvO7t6m1tNJUqQAIOZMdJcLQ30AgBg0uh//UScCRh5gDEgtpM8+Q3MuNToOAIApITj/P/AuUgAQW0Y3hx/hYRjzAwBA0IjahdGVmI0huulLtdLNv6eVdxgdBwCA8TgXg97FXgAQQ0bUYYrw4OCyTElCNg0AAAYXbFCGbVZGutQ/eELsDjCIK75Hzgx67cdGxwEAMBVh3AKxYnzH/4wxSZIkSWKMofsFAABhBFuKUKsR5khUk42btV+g639ldBAAAFMRUgAQE8ZrWWZwimbYPhwAAMCgQo1I+LYm8hMiZTCkhdfQnU9RXKrRcQAATC1IAcD0N6Lxf/inMPgHAICxCyYCwrQ7I91TcFyjm0byV9Fn/k6Z84yOAwBgCkEKAKa58Rr/Y/IfAADG0biXA8DgUgro03+noguNjgMAYKpACgCms7GP/4PzMKHpGgAAgHEUygKEaYYiOQ+SBeFYHHT747T4OqPjAACYEjCqgWlrXMb/wRuY/AcAgAkSamKQBZhY1/6S1n7e6CAAAIyHFADEukH7TH0nZFD/DwAAE6dvodlQ5QDIAoyPS++ljfcZHQQAgMGQAoDpaSy9pb4P4pp/AAAw0fq1NcgCTKDzP0cf/2+jgwAAMBJSADANjdf4H0sAAABgcvRrbsaSBYBhLLmebvkTKWaj4wAAMAZSABCjIuxdIQUAAACTYGBzM+osADIFw5t9Md35N3KkGx0HAIABkAKA6WbU3SP0mQAAYEpBazWBcpbSnU9SWrHRcQAATDakACDmRNijCl4LcLKCAgCAWBe8OmC/B0eXBUCaICKphXTnk5S7zOg4AAAmFVIAMK2MrtMzVJcLKQAAAJg0wUYnwizAsJAFiEhcKt3xVyq5yOg4AAAmD1IAEFsi6VqFHkEKAAAAJk2o0RlRUwVjpZjp1kdpwWaj4wAAmCRIAcD0MS6FkehUAQCA4calwUKLNgKfeJCW3Wx0EAAAkwEpAIhp/bpH6C0BAMAUgRZqsm3+MZ1/l9FBAABMOKQAYJoYxWRI+N4VOlsAADDJRtowoakaZxvvp4v+w+ggAAAmFlIAEKPCd5vQqQIAAEOMbwOE5mzELrqbLr3X6CAAACYQUgAwHYx9PWTfA9BhAgAAA4VpklAIMBnWfp6u+IHRQQAATBSkACAWhelRoS8FAABTCtapGWDl7XTNz4wOAgBgQiAFANMfrqgMAADRZURtEBqsCbH0Rrr+V0YHAQAw/pACgJiDEgAAAJiahmqSxlIIgKZt9BZeQzc+ZHQQAADjDCkAiHpj6dxE2NkCAACYHGiAppb5m+iWPxodBADAeFKMDgBgYo1i5gTdr5giSGhc8+n+Lm9XbW9Dg6uhydXS7G3p9HV5NZ8goTDFplrTralXF16R58w1Ol4AiCFCCMbYwNvhjxzpszCM2R+j2x6jP99JXDc6FACAcYAUAABh2B+zOrydFV1Vx9tPHu04Xt1d0x3o5cSZICLGGAliTAjBiIhUSbEpVqPjBYCYEMnIH6P6SVW8nm57nP58J2k+o0MBABgrpABgOgs/sB/02dCDSApMb7rQD7QcfrVq6/GOsi5/F5FgxCTGJJI5CUYUp8Z5dZ/GNYmRVbauy1qdYks2OmoAmOZCA/tBR/goBDBS4Vq67TF64g4KeIwOBQBgTLAXAES3cdkSCaP9WMOFeKXyjQf3PfxR0+5uf5dETCKJMUkIEeD6DFvGVfmX5ziyg51lISjHMXN5xlKZyUYHDgCxCI3XVJG/mm57jEx2o+MAABgTpAAgRqEEIJYdbT/+QsU/O31dEmOMBQv/SeOaTbXfOeeWryz+t+qe2kNtRwJcY8Q0rl2Zv8lpdhodNQDEhPAtEZong+WtpNseJTOyAAAQxbAQAKYt9JNgUD3+3lertrZ52qVQtS2xRHPi4tSFl+ZuqOut++mu/2n1timSTII0oS1MXXBexiKjowYAGB7WAkyGWSvo1kfp8U+R32V0KAAAo4EUAMSKYQspUQIQI051Vx9pO8aISBAnkWB2Lk5dsCH7whRL0iuntrxZ844r4JKZHHr2s/NvUyXV6KgBIIYMHKtjU8CpZdYKuu1Revx28ruNDgUAYMSQAoAoNuqxOgb5MUsXellnZbuvgxHThD43qeTK/MtKU+Y1u1t/c+D3xzpOaFwjOtuh3py/KTs+y9iYASBmjWJTQJgks1bQrf9Hj99OAa/RoQAAjAxSABDTBuYCUAswvelcL++s0IUuMema/Cs3F17mNDv3Nh/87YHfd3g7GDE6vTcA6YIvTz9vffY6RuhqA8AkCTO8x8h/yslbRbf8Hz1+G+kBo0MBABgBbAcI01O/Afyw43kM+GOELvRGd3OSOfHfF37+U/M/6TQ7D7UefeTgnzq8nYwkOjPcF0yk2lIuy7s40ZJgdMgAEIsiz0ej/TJSwRq69f+IoTsNANEEv1kQcyLpLaFHNV35dX+COeGLC+9aN3MNER1pO/bo4T83u1vP7AxIQpAuuF2xX1tw1YKUeUbHCwAwiDCNFNqvyVa4jm75k9FBAACMAFIAAGeh5zTtmWXzLXM+sTR9oSLJja6mPx3+c0XPKcaYECRIcMEF8RzHzNvnfPLi3AtlSTY6XgCIOViPFn1KLqJP/t7oIAAAIoW9ACB2oZsVgyyKJTc+m4h8mu8Xux8s66yQmKSTzhizKfbZicVL0xeWpszLisuQGcb/AAAQmbmX0g2/oae+aHQcAADDQwoAoD9kBKY9IcQLFf8q66melViYF59b5MzLc2TPdGQ6zfFGhwYA0F9oI0DsCDillV5Jmo+evdvoOAAAhoEUAEx/EQ7pMfKPKZflbticc6HJ7xHeXhFwk8/L9AZh7iKzg5njSMJvIwAYZuKG+kgiTKzF15HmoxfuMToOAIBw0M2FaWhc9klCRiCqCX+vcHdQwMusTjI7mGLuu2Mz45q9u0GrfN93aqdorRS+HkGMmWzkSGXJeXJaiZw5T0opYOY4Qz8EAMS6CK8RiIH9FLLsZgp46JXvGx0HAMCQkAKAaDXGITo2ApieBOfdDYHjW3n9IeHuID1AJhuzxkupRUruMim1hKkWIiImMbNDTi1m1kTeVc9bTvLGo7y3RbhaWdNx7cRbkiNdzpyrzL9cyVpMsmr0pwKAWDEug3lkBAy2+jPk99DWnxsdBwDA4BjGPxClIp/q73t34Mi/342+d61W6wQEDhMm4AkcecW386+iu5EEP/u4IJJlppiktBLTitvknGUsVOcvOHFNaH7h6dSbjgYOvqid2sWETkwiJjGTXZ1/uWnNXUy1GfWZACCmeDye4Og9NIaP5Ea/2wPvRvgUjKfXf0rv/sboIAAgRnnurSCi4xU1/R4vyc9GCgCiGFIA0Jfw9fje/2Ng19+IiE53cAWRRIyRCN7mxDmRpM69xLT601JCdt+lAadpfq1+v++dX/OWMhKchCCuS+lF1k3flVIKCNcIAIAJFkoBhMbqSAFEsZe+TR88anQQABCLwqcA5O9+97sGBQYwhQyaNVBVVIBHB+Fu973x88CBF4kFx/yCWZ1y5nwlb6VScL48Y74Un8YsDsZk4evhLSd40zEpKVeKz+x/IkmWnFlqycXMbOcd1eRzkSRzV7teu1dKniXFZxK6zgAwkTRNQwpg+iheTx011HjE6DgAIOZoa79CRG0d3f0eT0l0Yi8AAIh6wu/ybX8kcPT109v4c11KyTMtv03JXcZsScRkIiE0v/B1844avXKHVv6eXrvf+8Z/W6/8oZQ0a+AJmcVhOu8mKSHLt+OPvLWCMYm3nfJt/wO7JFVOzjPgEwIAQJS69pfk66EjrxkdBwDAWQPqYAGmLyx7mYaEHjj8UuDIq2fG/1xKn229/AfqnI0sLo0khRgjJjHVIsWlKdlLTas/a9n0HaX0Ct5a7nnleyLgHfy0kqoUrDOv/TyLSyYhiDFedyCw7xni+iR/PgCINWHWsk3E+WHC3fQw5a82OggAgLOQAoCYNtE9LZhovKMmcPhVCo7khWAWu/nCL0tpxSQNvm6fKRY5fa7lkntNq+7QKz/Uqj4c8tSyqhSsM5//BdJ8RIyIBfY+o7eciDQwzsM/q+n6GP/eOOeapo3iJJxzfQzvruv6WF4+vgQJj+bVuBb5SwI84NV9ExkUAEAfTKKbHqLMeUbHAQBwGhYCwHQTyah+ioxeYKy4ppW9y5uOnV6iL0lK6VVy5vxhX8dkk3nVZxiTtBNvqAVrSBryl1CZu1E+vkWv2EGSIjj3b3/YevUvQsd7vN4PPviQc+7z+datW2u32dra2na8//6L/3ypo7Pj1ptvuerKKyTpdKbV4/HW1tYeOHRw9+49FRUVLpfLbrOVLliwetXKBQsWJCUmDrpAt7aubt++/Tab1W63LygttVgsjY1Nu/fsfv+DD06cOOn1+jLS0xYuWrRq5Yr58+aZzeZBP4UQoqen52RZ2b59+/fs3dvV3S04l2VZcJGcnBTvdDqdCQ5HnNvl6uruvvSSS5YvOy8UdvDlLS2tx48f37l79779+30eL5OZI84xu6Rk6ZIlc+fOSU5OluVzci5vVr/b7e8mIo3rl+dfYlUG31nTFXC/WrnVLKu9mjvTlnFB9prKrlO7mvb2ai6bbLZIVj8PuDS3K+BSJMVpds6Mm1GYkJdqS5HPbM3Y6mn70Ye/nBWf8+n5t8SZ4ob9X9/r7/3u+z9NsSV+ceFdjgiOB5jKcPG/qGFNoJseoj/dRJ21RocCAIAUAEQnjOGBiIS3J1DxHgke3NtfcqQrhRcwNbLrODBJXfEpqW7/cEcp5tWfdZ/aSUIwSdHK39c7TsnJBcFne3t7/+d//7esrMxms72xZUt9ff1vH3ro5Zdf9ni8NpvN6/MGe+dCiJra2hdefHHr1jcsFsuMzMycnGzOeWVl1eOPP/6Pf/zjwgsv/PznPldYkD8wgMrKqv+4+6tmk/mCC9Z959vf3r1n76OPPXbkyBGHw6EoSkdH+4kTx9/dtu2pp5664YZP3HH77Xa7feBJqk6devTRR7ds3ZqZOWP16tWLFy602ayNTU0ffPDBa69vCQQCK1asnDUrx+f1aZomxDn1C5qmffDhh0/+7amPPvwwJzd32XnnzZ07V5blysrKAwcOPP7EE6tWrvzkTTetWrVKVc82KHua979T957EpKy4GRtnXTzU18sFf778pe5AjxDiiryN67LXnOqpea7sRb/uFyRWZ65YkFrqJEeDq+lkZ8XWmrd1ruc7Z12Vf9mqGStUSSEid8Dd5GlucDdeMHP1orQF4f9vcsH/VbX1eOcJWZrdG3AhBQAAkycpl276Hf3pRvK5jA4FAGIdUgAAEK14Zy1vPHr62n5CSCn5clpx5C9nkqJkLx32MCmlUErM4W2VxCTBda18eygFoMhyXFycrutJSYmqqj7x57+8/PIrqalpiqp2trcrkhxMAbjc7kcfe+zgwYM33XjD8uXLk5OSJYkJoqampr///emnn376pZdeamxs/MMjD1ssln7v7oyPl5nEObfb4w4ePPTjn/z04osv+uSNN6ampcqS3NzS/PqWLf/616ttbW0PP/yIzWq9/bbb+k3Id3Z23Xv//fv27l26ZOk93/rm7NmzQwdcvGFDXn7+w4880t7Wev9992Skp+u6rqhqqASAc/78i//8zW9+09TUuHbtui9/6YslxSXBob6u661tbX/5y18ffuSR8oqKH3z/eytXrAi9qVWxKpJMxOyKTR5iUQYRqZJiN9lcmosTt8pWRmRTrGbF7NP9qqwuTVu0PmddsJSg2d3yXNmL79S+V9ZZ8bcTz2bY0ouTComo09vt030611+ueH1B6nxp4IUe+6jtqd9S/ZYiKR7d6w64h/1fD2AsTPJPN1kL6cbf0WO3GR0HAMQ6pAAA+kOJQbTQGw6KgJdJSvD/mpQ5j5kGmQMfIyarLD6D2iqJiMmyXrtHLL2RySYikiTJarEQifj4+DfeeOP1LVu+8+1vr1y5QpGVU9XViQnO4Bn8Pp8kyV+7++5l553Xd3we73Dcdddn29rbX3311Q8++ODlV/517cev6ffudrtdEMmytG/fvl07dz7wwAOrV60ym03BgcEcMXvhgoW6pr/08suc85deevmi9etnzTp7mQMhxCOPPLJr5y5nQsL11183Z86cvhX+cXFxV1911b69+95888177rn3L39+ol/6YP+Bg7/73W+bm5vy8wvu/up/FBcVhQYksiynp6XdeustBw4e3LFjxz333vfyP1+02WzBZzNtqZrQZZLiVJs09BhGYpJNtgkSRGRVg6sYmESMMZKZJM68TpHkGXEZG3M3HGw90uppbfG07mnZX5CYJzO5w9ehc11i0q6Wvcdaj89NnTPUe2lc31L9VpunXSLm03xuDSkAiDKhjMCgqQHkC6JD0YV0/a/o6a8YHQcAxDRsBwiAMX+04m1VjM50eSVJSsqdoDdiVueZPxImelrozHUEOOd+v19RlJqamh/+6L9+8P3vXXP15syMjNTUlPOWLikoOF0sYLfH3XbLLcuXLes3wCailOTkteevsdvtqqq+8OI//X5/vwM0XTepKhGrqanZuHHjBevWWizmvlcFT0xM+NSnbk9OTmaMauvq9u3f3/fvua2t7bnnn1dVtbAgf0Hpgr7j/6Dk5JTS0lKT2bxr966Pdu7q+5TL5f7b3/7W0NAohLj00kv7jv9DkhITL96wwWw219TU/Pkvfw29dUDoCikSkwJCD/PPS2KSWTGRIIlJXh4gIpOkykwWgrigBDX+nO/KmhxnshGRznm3r1vnerAKgCiYKxCPH3vKp/X/AkOquqr2tRwQxInIp3t7A6jFBQAjLLyGNn3b6CAAIKYhBQAA0Yr3NIdGl0wIZkmYqHcKjZwZEwGv8HSeuccUVSViXZ1dl15y6aqVKwd9tdlsysnJHjj8Dp4hOzs7wemUGOvs7PB4+l+kMC4uThBxzpOSktZfeOHAJAIRFeTnFxTk6zr3ej0NDY26fvbKhZVVVR6PhzGWnJySmJg48LWyLKWkpFgsFkmS33r77b7pg+PHj+3dt4+IzGbL5ZddNugEoyzLhYUFqSkpqqr+4x//cLlOj6tVyUSMBJFZNoeZmGSMcRKMSbrgKeZEIjLJqsxkIiGxs+mdIC44F0IQyZLsMDmCOwK2edsFkSBiJJV1V+xtORCsKejHp/u2139Y19tAxAQjj+7r8nVzEe6qDQAAE2X1Z2jdF40OAgBiF1IAABC1eIDOjveE8LRP0PsIb/fZ8SjXhP90DTljTJZlIQSTpBtu+MSgg/xhOeIcJrOJGAkhNL3/xe1s1uDuACInJzs9PW3QM6iqunDBQs51zoXL5eqbAmhpaT0Tp8SkwcfiJpNJkiRJYi0tzfxMCkDX9WPHjjc2NAghioqKsrNnDhV/cnJyUnKyJEmNTU0NjY3BB+NUGxdckDBLav+h/LkUpgoSgoRdsRGRLnRBxIjJTPaLc76Nmp66Hn8vkYhT40qT58qSLISo662XmRxMNOhc33LqzS5v98B3qe6u3Vb/vlk22xSrEELjWo+/FykAmLJQmzb9XfJNWnqD0UEAQIxCCgBgcOiBRQHVGhpeCkG8tZwGmwEeK8GF69zkggiNsZkkSUJwh8MxM2vIQXJ4vb29wfp/xtjAnfM8Hk/wjdLS0uPiHIOegTGWnpEe/IPVOed9/nSTk5NOLxImNtSafI/Ho2saEbOYLaGp/kAgUFlVFQgEOOdz585RlCE3jrHbbMHLEGia1tl5uj7CJCmChBAks2F2nFElOfivzSSpRKQLTkyc+Vxnv412T/vWmrc7fJ0BHrgqb2NJchER+XV/TW9dnGq/KPsCu2pnxE50lh1oPTzwyqCvVL7e7Gldl7W6JLFICCGEcAc8OlIAAGCga35OxeuNDgIAYhG2AwSAaCU50s+OxRnTG4+JgI+p/TfVHyPh7xUdNRRafi8pzBJ/5k0pOBftcMSbLeaRnrm7u2fPvr0PP/xIfX0DCZIlqe919YJcbndoWC6GHrJ2dXaaTSZBpMhy36F+dnaOyWTStEBXV1dvb6/D0T+JoOt6c3Oz1+fVtMDsOXOkPimAuro6YkyR5Xfefufz9Q2BgBYXF2e1WswWi65rHo/X5XJ5PG7i4tiJEySErut+f+D0N0Ms+IkOth/51Z7fWWWLJgI9Abcsm+2S2ScCfu5TmRKvxlV2n2LEiFHwGxYkBBExEsR1XdOF7tV8x9tP/vnYUyc6y+yq/d9KP3NRzrrgd+LRPB3+Tqcp/rz0hT7d83r1W70B146GDxemznOanaHPWNV1amvt2zPtM9Znr32z+l1BXBDz6B5+NpUDAGCEG39Lv7+OGg4bHQcAxBakAAAgWknJswRRaGc83l7Nm4/LWQvH9130hsPC003B+XkhSLWEUgAUHKwKGrBuvT8hhMvlamlpPVVTXVNd09TU1NDYWFVVpSiy05ngdDq7urqIka73H+QHx7qMMa7rOg83ax2c+FZNat/1CBnpaZs2Xfbkk09WVFYeP34iIyOj35L+5paWAwcPaJqekpxy0foLQ49rmt7W3s4YE0JYbbae3l6LxeLXAuQVLpdLkiRizKSqiuzwBwILFy4UnMuKnJKc3PebIUYKSR7uDQhNYrJdjZOI+YSfE1eYLEh0B3pIMDr3ywve8WjePxx69O8nnu30dXX6ugqd+Z+ee+vyjPOyHJmhIzt93RrXLLLZqtg251/+bt2OANf2Nh841n5yReZ5wWO8mvePh/8sk7wodUFefG6yNUkQCSF6/S6N9192ATA1jWK3f1wgIDqY7HTDr+kP11Nvq9GhAEAMQQoAAKKVnD5bUq1CP70JvOhp0sq2SWnFTLWO23twLXDg+b73mSONmWyh+0IIRiTCrhvRNG3f/v2vvvrqhx995PF4Fy1cUFhYtPnKK2flzXI6nadOVX/rnnu6uroYkzgPNy8dpjsvSZIQQpIkrut9Y5Ek6Utf/OLJkyf37Nn77D+eKywqnJmVFXrW6/W+8OKLu3btcjgcX/va3X2f4pwH/H4i8vt9X/zCFzZsuCi48UHwjUJXJuNCCM4550SkKEq/3RA453OTSr64+C5VUoOfgBGFtusTRFzoP/zg5/vbDvV9lRAkBKmymhOfU9lV2e3vkRibk1xyWd7HLMo5JR4t7jbOuUWxWBXLTEfWxpyLX6h8xcd9L1W8uii11KyYBYmPGncfaT+WYk1eP3OtWTGn21KDRQodvk6/HgjzbQMATIaUAvrEg/Snm4yOAwBiCFIAABCtJGcWSy0QDYeJSUREXA8ce13OX61kLxmvt9BbTmrl2+nMEn3BuZK1gKTTv5wiuN6dkRCnC9gHtWvXru//4IeVVVUrVqz43F13zZ0z2+FwhEbLXq9X0zQhhKqqqmrq/+LI9qRITEzy+30Wi1VVTf2m/lJTUr79wAO//8Mfd2zffv8DD1x/3fVFRUWMUWtb27PPPvf222/lZOfcfvvtV115Rd8XyrJks9uCBQhen99iGXx5xSDXJzg3eiLGiEnsbGrg3IIJwZjUbwOHYEmFKqkXZV9Ql1Dwj/KXdKFtq9sxKz77gpnnK9LZZquiu4oYWWWLVbEwxjblXfJh0+5mT/PB9qPv1u742Kz17Z6OLdVv+bn/gqw1BQl5RJRoTmRExKjT1+XVfZF8twAAEyt/DV33P/TMV42OAwBiBVIAABCtmNmhFKzxh1ZRMia6G/3v/U6+/kGmjMOOACLg9m1/RAg9tC8dI5JnrewzHy84H6ba1uVyf+u++xvq64uLiu6/796C/Px+x8uyFJxRVxR54F4AdrtdcM4kiQvBh04HyLLEuWBEZrNp4IUJSoqLP/+5zzU2Nh4+cqT+V78ixoIlA7Nmzfrmf35z1cqVGRnp/Tb8M5lM2TNn7tq1m4jV1tZG8nX1pQseXN+vD7fePrgtPyPShXYmQXB6P0BVkjcXbKrsrv6wYWeX6H725D/z4mflJ8wKvlAIcaq7mhGzqTaLbCGiFFvKhuwL/nL8aYnRn478eUXm0t3N+050lieYE67Mvyy41aJdtTOSiMiluXxIAcDUgwL+GLXoWupqoC0/MzoOAIgJSAEAQNSSVWXmYi0+g3c3nd6uT5K1mn3eF79p2fgdZksMWzuuKaJsAAAgAElEQVQ/HD0QOPQSr9l7dl96rkvpxVJKQd+jhODB/QCGWgrw7rb3amtqVFW94IILZmZlDezcM2KCcyKSiA18Njj9zjlXFUWRh/zF7uruURSFGJMkaeBJyssr7rvvvuycnP/+xS+SkxI1TdN03aSqZvOQWxiaTKbCoiJZlhhjO97f8YXPf85kUoc6eCCv7gtu8qcJPXwZQ0BoEmNCkDfgJSKzZJIEozM7BNhU21cWfe6r3ada3C317ob/O/KXby37ql21EZHGtSZ3k0SSRbaYZJWIFElenLbg7dptjZ4mt+b+y9GnG9xNroD73xfelWA5vTugwxQnSRIJ8gS87oAn8k8EADCxLvgSddbRzr8YHQcATH+4KCAARDEprUSetZL61pnLila2w7vlJ3rLSQq7tD4MofkCR1/17/yL0LxnH2XMtPIOJp+t1RdEggsKeynCw4cPBZfQ22y2gfPzwYUAXHBZljVdD14dsC+PxxuctFdVVVGGrLt3uXoliUmS5Pf7+bm7Bmqa9tOf/+xU9amrrrgiIz1NVVWr1eqIiwsz/g8u7F9QumBG5gxJko4ePXLw0KEwBwf1TYL0ah6JMYmYV/eJob8eQYILXRAxJnUGeolIF7pOXBAFuGaRzERkN9nvXfa1VFsKI7a/9eBjh5/0al4icmueDl8Xk5hFsYQuppjtyFqatkhissLkLTVvHmw7PMuRvSxjaegdzYpZZSqRCPCAK+Aa9kMBAEyezT+mogsjOA4AYEyQAoBYEXa/NohWzGRX51/O4pLPWTMvK1r5dt/Wn2llb5E24mJv4Wrz73zC997DorvpbB0B1+WcpcqsVeceKjRdP70d4BB/X0ySgs93d3frev+UBOe8uaXF7fYEK/PZgBxBT28PEUmMeTwef2DI7esEF8GTn96eoI+Wltb33/9AlhXt3J0ChzVndsn555/PGNN1/cknn+zq6gpzcFtb2/ETJ0J3VSZpXA/ulRiGEIK4EEKQoAD3E5FX9+tCD1YQuLXTs/Q58TOvL7rGptpkJr9WvfWVytc1rrV7O7y6VyLJrlqlM5UaFsWyMnNZotkpiIiYxKRLczc4zWev4GCSVKtiEURc8DZPe+TfBgDAZLj+V5RaaHQQADDNIQUAANFNzphrWnG70M6dPxdcrz/k3foL75Yf683HKbLLv4mAJ1D2tueFb/k/fEz0tlGool4IZktQl97IzPZ+L2EkBJGm6wOH90HLzjsvuIZ/x47329r6jzlPnDz51FNP9fT0CCE0TZMGWwOsaZog8vv9fIi3IKLOri5ZkoUQJpNJls8pFlBVlTHW093917/+devWN48cPVZbW1tdXVNTU9ve3tHe3u5yu/lglxuMi4u77dZbi4oKNU1/+513/u+xx3p6egb50oQor6j4xn9+s7KyKvRgu7dTkiRi5NP9YXY05EL0am6JMXHmQgFC8ODuACSEj5/+fyoxadWM5efPWCUxJjPpxYp/ba/7oM3TrnGdMWZTbH2/t6LEwvnJc3WhCxI5jpmlqfP6bkZoklWnKT5Yt1HvahwqMAAAY9gS6bpfkRKuSgsAYIywFwAARDlJMS26lreU+fc8w5S+69WZ8HQFDr3sP/q6UrDGtOg6OWMuMzsGPYfwdGg1uwO7ntTqDjKJEUnnbiMglHmXKbkr+l/BnjFZloUQAb9f1wfPMqxauWLRgoUHDx08cfLE93/wg5/8+EdJSUlEFAho+w/sv+/+BzZv3uxyuyoqKlpaW2rr6goLztlroNflCr6lx+sNDFEFIIQIBAI650LwgVcmSEpKXLNmzZtvvPH+Bx9se++94GoCxiQpuNCfscTExNL586+79toVK5b3Wx2Qlzfrt7/+zS233VZdXf3QQw8dP3HyP7/+teyZM0N7B3Z2dv7rtdcefPDXQvCVK1eEXujRPcGrAXh0z+kh/WA41wPcL0jITGr3dxJRgAd0rjMinbhfP5vWiVPt1xZeebT9WG1PfZe/+/nyl/OdeULoEpOtiqXvVQZMsnpdweYt1W/LTC5Nnpdlz+z7joqkJFqTTvXUEFGLBxfiBoCpJ6uUrvtf+tsXjI4DAKYtpAAATsNKgWjGzOu+JFxtWsUO6jfglBQmhH7iXc/JdykuRZkxT3LOZPYUYkQkkdB5bwtvq9AbDpOnh4gxacB6e8GVogtNy25jA6ZlNF13uz12u12SpEEn0oOT8N/97nd+8MP/OnHixDvvvnP5lVetXLnSarFUVFb29HTf881vrl17vsTY40880d7e8fWvf2PDhg033/zJpMTE4Mu9Hq/JbDKbLX6/3+8fPAWgc97b2+uIc8iKHPAHuK7LfRYUSJL03e98O97heOPNN71er6IoqqrKkiSINE0LBAKNjY0NDQ2vvfba8uXLv/61r5WWzu+7Z0FmZsazT//9oUd+/8bWrTvee++Kd96eM2duXl6e2Wzu7Ow8sH+/oqqbNm2681OfSkxIOPv/Q8jp9jSJSXbFFiYFEBCaWbZk2jN1oTnVuGAlQKIlwWFySIwF+DmfN82WenPJJx459JhZVv3cf6LzZIY9I/gW/U47w5F5xaxLyrurVmUuU+X+uxhm2NIy7GmMMV3o2H0dAKai+ZfTJffQ6z82Og4AmJ4Yhj0QjcL83fZ7KnS37+P9Huz73753bbb+QwuYynhnnW/bb7Wyd4beBVBQcKDOGDFGgkgIIkGMETEaOBQUgkgoBWvM6++WEmYOPJ3b7d6y9Q2/3+/1ei/ftCkpKXHwdxWipqb29S2vHz16rKm5yWwyp6amzpkz97KNl6SlpRGRz+fb9t72ivJys8U8e/bsRYsWmU2nNx2sqKh4d9s2hyNekqS1a89PSU4eeH5d11/fsrW3t1cIkZ+ft3jRon5rASoqKp5+5tk9e/fOys3Nzs5OSk6y2+y6rvX09DQ1NZ84cWLf/v0ej4dzvuy8877/ve/NmpXb7y0CgcDx4yfe/+CDysrK9vb2np4em92WnJRcXFy8etWq/Pw8k8nU9/hT3TWMGBdcZlKmI1Nhg29k6NcDNT11iiQLIWyKNc2e2u3v6fJ2aUKXmOQ0xYd28g/inJ/oLLfIJonJZtmkCV3nepIlIc4U1+/MLr+r3deZaU9XpP6Z7mZ3izvg4SRUSZkZNwMpAJhS3G538G+y73+Hutv3Rr/bA+9G+BRMIc9/k3Y9aXQQABCVPPdWENHxipp+j5fkZyMFANFqXFIAgyYCkAKIZoJ31vp3PxnY+ywR9b1MwKhOJkiS1QVXmlbeKcWlDX2UYOz0D2n4XrWmab29ro7ODrPJ5HQ6rVZrvwsEcM4Z639dwNCZw89Xh54deNiuPXt++tOf2m32u+66q3T+vOCFCUIHBwKBlpbWV1979Vf/70HOdUVR77v33o9fc3W/JEKQruter9flcrvcLqvF4nA4Bn4KABgLpADgHH+8gSrfNzoIAIg+4VMAWAgAANMGkxKyzeu+LGct8r31v7y3hQ2YAY6U4GR1mlfeoc6/YqjtA06/5bn98jAURUlIcCYkOIc6YNCx9KAd/cgPq62t+8bXv+Hz+37zm98sXLBAGjBCMJlMWVkzbr3llqrKqqeefppzXllVGQhog6YAZFm22+12u50odbiPCwAAY3btL+mRa6gbe5cCwHjC7A0ATCtMtaqzL7Hd/Ad14eYzG/iHuS79YCRVmbnA9vH/Ni25Ifz4f4rTNO3hRx6pb6hfvGjJgvnzB73cQJDJZLr++uuDX4eu62G+MQAAmDwJWXTtL40OAgCmG1QBAMA0JMXPsFz0dX32pdrR1/TGY6K7Ufh7SYjTW/ozRsEN64no9OXoBMkqc6TJKQXK3MuUvJVMjfplIB0dnZVVVZyL4uKiQWf1+0pNSzWZTZzzlJSUoQ7mnAsh+q4jOL18hrFQfqHvtojBdQ2c81CBQ9/bQUKI4AqIvo8P+kbBA0K3Q+/eb/VE8ITBmoWhQgod2fe0oQUXg5623/EDF24MvDvopw6evV86Zsgv9tyvMXT+gV9CUPCRUDHIoMughqo3AYApquB8uuIH9NIDRscBANMHUgAAMD0xxaLkLFNmLNQ7qnjTCb3lpOis5d0NordNBDwkODHGZJVZncyRITkzpcRcacY8OaWIWeP7XfwvSnm8Hq/XG+HBLrdb1/WkpKSigsLQNf9COOfNzc0ny8r8/kBCgrOosDA+Pr69vf3I0WOccyax9NS0wsICl8t17Phxj9crOBdEM2dk5eRk796zNycne2ZWlsvtPnLkyJzZs+PiTu/e5/V6Dx063NnVZbPZ5s+bGx8fzzlvamoqKy/3+wNOZ3xxUVF8fHxra1tdfV1xUZHNZmtra6uprZ0/b17VqVNNTc061yVJSkpMLCwsNJtMfr+/srKyrr6BGBUVFGZlzejq6jpy9JimacHR8owZmSXFxcF3r6io7OjsWLpkCWOsqqqqp6d37tw5FRWVjU1NnOuSJGdmpOfm5gZ3OuScV9fU1NbVFebnZ2RktHd0lJWVWyzmBaWlwfXbBw8dTkpKKiosICKPx7Nr957ZJcWpqalej3fP/n2LFy60Wq1CiJMnT3Z0di1etDB4WiFEY2NjeUWl1+dNcDqLi4rj4x2nqqtramt17fSulqXz50mSdOTosRmZGTk5OUS0e88ek8lcXFRYU1Pb0tqqaRoRccFXrVjR09tbX19fUlJitVja2tra2tuTkpIOHzkiMSbLsqbpsiyfv2b1+P2VAcDEW3k7tZbRB48ZHQcATBNIAQDAtKaY5NRiOaVQ0bzkc4uAS3i6hN9FTCbNz0xWZokns4OZbEy10oALyEW1OLvdZrPJslxRWTlw+r2fXbt2BwKBefPmzZ03d+C+A83NLW+8+VZCQkJqSkpZWVlzS8u6889va2vbt3///Llz/V7/29veZYxZbdb9Bw/mZufEOxxCCEWR/X7/vv37q05VXXPVZrfLvW//geysmcEUgBBi27b3urq7Z83KLSuvKCsv/+SNNzQ1N7/9zjvxjvjU1JTKqqq29vYL1q5t72g/fORI9syZNputva398OEjJUVFJ0+Wtba25s7K9bg9uyoqA/7AggWlx0+c2H/g4KycHJfHvfXNNy9af6Gu6zt371o4v9RqtQoSap/sRmVVZWXVqcWLFkmSVHWqurGxsbi4qLyi3O32ZGSkezze7e9/oGn67NklweqA6uqa3Xv3ejye9PT0U6dOfbjzo5TklGAKoLq65qOdOx3xjlm5Oaqqej2enbt2tbW3bbzkEq/Xu3vPntnFxVar1ev17vjgw56enrS01LxZs4iorb391de3pKelJiYm7j9wsLqmdtPGS09VV588WTZvzmzGpOCUfnt7x85du4oKC9LT030+/wcffpSSkjwzK+v4yRPNzS1zZpdIkiwEJ6K21tZt27ebzeY5s2e3d3SUl5fHOxwWk6m9o7OmtjY/L88ZHz9hf3EAMGGu+AE1l1HFdqPjAIDpACkAiF2hjdxh+mMSU22k2hil0OBX7puGEhISioqKdu7cuW/fvpra2tycnKGO7HW5Hvrd75xO53XXXpuW2n+rP8758RPHExITLr7oIrPZXFRU9NIrr9Q3NEiSZFJNq1etNFsszzz73LHjxxctWmg2mRcvWpSamhJ8bU9PD+e8qal5/8EDRYVFXNdDBRZCiIqqqsLCggWlpXNKShoamzRNKy+vSEpMunjDRaqqFhYU/Ou115uamlRV1fUzxfyMdM4FUUAL5M3KXbt2ra7rr2/dWl/fMGfO7AMHDy0sLS0tnU9ER44ctVosvb0uwcXq1avMZnO/zxX8xx9cL8BOF9WTEFRSXDRv3jwtoL319tvtHe2c89NrCoRIiI8/ebJs7Zo13d09iqwElxhomlZeWVlYUFBRVVVbW5uXlyeIgimD8vLyrKwsXeeMGBHV1NYKIbJnzjx+/EROdrYkSW+99XZqasqll1wiy/L8efPq6uoYY1zXk5OSVq1aFQq1paVVkqSO9g63211XVy+dXhEgdJ3HO51rVq8OfaU654FA4J1t24qLihiRpmnx8fErV66sq6vv6OxcsnhR8mDXlQSAKPDxX9BDV1Fvi9FxAEDUQwoAYgUG/BBrJEn67Gc+feDA/sOHjzz469985ctfnjEjs986f38gUH2q+sFf/7rX5brzzjs2XLR+4HmEEN3dPUlJiaqqEpHJpMbZ7b09PQ6Hwx/wHzly1K8F2js7Vi5fzhjzer1btm6VZFmW5QWl87NmzBBClM6fV1Nbl5yUJOicheubNl665Y03q09VZ2Zmzps3V9f1jo6OjIz0YMFCXFycwxHX3d0T74zvu3cjY8QYUxSlvLJK17nL4+7s7Fq9YoXP73e73U7n6VnuuXPnEFFvb6UQ4rl/PC/JEhGtWb16ZlZW8ACZSS6X65lnnyOi9o4OpzM+uIL+8NGj9Q2N/kDA1dtbMrvk7JJ+wdPT06pOVdfX1/v9/syMjJ7eXiJqa2vr6uq65OINZpPpyLFj2dnZJARjbM7skrLyCofDEUx6BAKB4ydOzJs7JzcnZ8sbb3R0dMTHxzc0Nq5csUKSpPqGBrfbbbPZNE2TFaWhsfHvTz/DOXc6nResWytJzG63qWZTW3t7eXl5dna23+8XRLIs19fXP/X000KQxWy64vLLGVF21kyv17t9x47UlFQ6U9Ch6xqdu3EAAESZhCz6+C/o8duNjgMAoh5SAACnIUcA009Gevp///znv3rwwZ07d373e9+76KL1c+fOjYuLkyRJ07TW1ra9e/d8+NFOzvn999+3aePGwTcCZEyWJU3Tg/9AuBCarkmyHLx8QE19ncVsWX7eeXPnzGloaFQUpaS42OmMZ5KUnJREQnAhigqLKqsq9+7fHwgEQmfVNM1kMl15+abmlpaamtrnX/znjdddZzKZgivbgyfXNV1WZFmSiUiWJCLSdR78VyqEsFgsJrO5qvpUfl7ezOyZbrdbkiRdP72Evq2t3Wq1BIsOFiwoNZvNJERiQkIoAE7CZDLNmzuXGB05cvR0bIKsVqvJbCqrKF+6aPHMrKyzO/wJERfnKMjP371nr91udzrju3p6OOf1DQ0ul+v4yZMer7e5paWjo0OWZSHEgvmle/bt27N3ryAiRh0dHW1tbSZVDQS0np7euvp6p9NpMpn8fr8QoqGhsba2rrGp8eKL1pMQDkfckiWLSQiTyWQymbgQZrM5NTX1xIkTre1ty5aed7KsjIgE53Fx9qWLFwfLGRhjXJAzPn7F8mUv/POlmVlZA7d1AIAoVryeLr2XXvuR0XEAQHRD5wAAYDrLycl54P779+7dt2/fvm3b3nt9y1Zd05gkMcYsFnNmZubmq65csmTJrNzcoTYLkBjLSE8/eux4Q0NDSkpKZWWl2+NJSkryuD0Wi+X81asdDoeiKMEkmsRYSkpKenqaEEKWZZ/Xy4gkSZpdUlJdUxMIaKHTcs63bH2jsLBg0YKFVov14OFDgkRaWuqRI0dn5eYmJiaWlZf3unqTExNVVfV6PW1tbRaLpbauTmJScKifmpK8Yvkyu922b/+Bwvz8lNTU1JTkqlPVKSkpbrf77XffXbxokSIrRJSRlm6320SfywQEA1BkuaSkWJKkhobGhoaG4Cx5Tnb2/HnzrBbrybKy3NycjIyM4PGMmCxLRYUF/3jxnwsXlJpMZs51v99fV1eXlpqqyEpyUlJnV1dNbd2s3BwisljMJSXFb7z5Ftd1xlhdfb1JNcXHx0uSnJmRUVNdU1xUtGD+/IqqysKC/KLCApNJbWho4EJwzs1mc1bmDMYouDMlIybLSkZ6+raTZRaLOSHBqWkaCeKCq6o6Y8aM0LUAiEjnempq6soVy9/Z9l5xYeEE/30BwORa+3lqOkb7njM6DgCIYkgBAABMcwlO54UXrFuzepXH4/V43D6fnzGSZNlqsVhtNrPJFP6SgYyxkpKStvb2117fYjabPV7v4kWLMjMyqqqqzCaT2WQOLhAgIlmRiejNt98KXpVuVm7ugtJSi8UiSSwtLW1Oyexd7j2hSXVVVZcuWfLue++dLCv3eD0L5s9PSkqyWq0tLa2vvPqqxWL1+31LFy9JSUkRRPn5+W+9867ZbO7u6dn4sYtVVVUVVVFUWZaLi4rq6uo/2rX7qisuX7p06Tvbtv3j+ee9Pt+MGVkzs7KaW1pMJtM/X36ZGOOcFxbkr1u7NhSA2WIJ3lYUxWwyMcZMqipLsizLpfPnNzU1nSwrS05ODn5ARVWIsYyMDGe8IyM93eP22G227u5ut9e7dvXqtLQ0IYTJZGptbcmemWU2m4mx3JycoqLCQ4cO65rW3NwyZ87s0vnzGWMNDQ3b3tve1dV13nlLOzo7X/7Xv0yqqcflKsjLm5GZ2dLS0t7R8fdnnw1exWDd2rUWq8WkqslJSfY4e15ursViUVVVkpjFYmluan762eeCl0L82IYNqqooqsoYW7RwYU11jaLIwS9cYpJqMg3c6BEAos/VP6PGo9R41Og4ACBaofIZolKYv9t+T/W9O/Aq2cEbg94VQthsUX9leAAAiCIejyd4I5ivCWVtBr3b90a/2wPvRvgURIfaffTQVUYHAQBTl+feCiI6XlHT7/GS/GwiCneNKAAAAAAAmFpmLqLNPzE6CACIVkgBAAAAAABElWWfpOW3GB0EAEQlpAAAAAAAAKLNVT+imYuMDgIAog9SAAAAAABTF5buw5A2/4SkcPu5AgAMhBQAAAAAAEAUypxLm39sdBAAEGWQAgAAAACYQsY+7Y/CgRiy9EZadrPRQQBANEEKAAAAAAAgam3+EWXOMzoIAIgaSAEADA5TKAAAABANGF31I6NjAICogRQAAEb7AAAQNdBmwSCyF9Pl3zU6CACIDkgBAPSH3hUAAEw1aJtgGKvupNIrjQ4CAKIAUgAAAAAAU86wY34kBaC/K/+LnDOMDgIApjqkAAAAAACiG9IBQERkS6Arf2h0EAAw1SEFALFoqK5Sv8eFEJMVEQAAxDo0OjAOZl9Ma79gdBAAMKUhBQBRaXTTHQNfFf486I0BAMCkQaMD4+PSeyhnqdFBAMDUhRQATDf9RvVjqY3knI9HRAAAAMMLNjrj2IpB7Lri+0ZHAABTF1IAAENCCgAAACbN5DQ6yCnEhBmldNm3jQ4CAKYopAAAaKhZF13XjYsIAABiCxodGE9rPkNzPmZ0EAAwFSEFABCOpmlGhwAAANNfv+Ymwm1rAcK5/HtkjjM6CACYcpACADhHv94VUgAAADAJwpcAjGjkjzQBnJYwky7/rtFBAMCUgxQAxKhQD2nYiwIEAoHJCgoAAGJRIBAYdC9AgLFa8glaeI3RQQDA1IIUAMDgQv2wUM8MAABg3HHOh8o1h8kI9H0KiQMI5/LvUFyq0UEAwBSCFABEqwg7RpH3k8I85ff7cblmAAAYd0IIv9+PCwHCBLIl0abvGB0EAEwhSAEA9DewK8Y59/l8yAIAAMA4EkL4fL5hC80iXLkGMKQFV9GSTxgdBABMFUgBQOwatlPV9/FgFgArAgAAYFwMbFYmYYSPJELs2vRtis8wOggAmBKQAgAYXrDPxDn3eDzYHRAAAMYoEAh4vd5BtwDEnD9MCEs8XfaA0UEAwJSAFADEnEi2AwhTF+D3+z0eDy4WCAAAo6Bpmsfj8fv9/R4f9WX/sI8ARKr0SlpyvdFBAIDxkAKA6WmkXaJh1wIMXBTgcrm8Xm/wegHYJgAAAAYlhAju+e/1et1ud7D4P/KpfhQFwHjaeD/FpRgdBAAYTDE6AAAjMcb6jd5Djwx8auBLNE0LlQP0PbjfC4dKECBxAAAQXSLZOybMLH3k6WYM+GFC2BJp4330zFeNjgMAjIQqAIBhhOmZRd4XHPRIdq7xDhwAAMZq2B/qgY8PO/4fRQnAsA8CRGrRtVR6pdFBAICRUAUAUWyoifphDx70hQPn/yM5f9+D+07s97s76CMDTxXhZwEAAGNFMjiPcPwfSWogwowzQEQuvZeObaWAx+g4AMAYqAKAaSvCjlEkh4Xvn4XflmnQRzDtDwAQjYb6AY+8FmCiwxv1sxBDErLo0nuNDgIADIMUAMSo8BM4I52lCd/Vw0IAAIBoxAYY6pgwj4xjLQCG8TBuVt5OheuMDgIAjIGFAAAjW1Aw1EqBfrcH1vyH+m1DvRc6dgAA0WKkCwFGt7NM+GfRasCYXPotKnvX6CAAwACoAoDoNqJu0xhr/sPP5Aw68zPs5P+w8QAAwFQQvhxg2IUAI53kH0UJAFYBwMhkzqf1/2F0EABgAKQAIHYNu1Az8izAsImACNcChDEenxgAAAYx6h/hQZ8d2AoMenvgg8MuNBv0VQCjt+FuSp9tdBAAMNmwEABiy4g2+R/0wTDF/8Pu/9+3xzaipQfo7QEATBFhfo3D7+Q/ohH+SI8EGKVLvklP3GF0EAAwqVAFAFFvvAojI++ohSnvHPaKAP2ewjw/AMBUFslv9bC1AP1u9z1m4O0RrVkL80jkz0JMK9lAS643OggAmFSoAoCYM3C6fqiZ/DAH9JvkD78XYIST/+iiAQBEkQhL9CNZFDCKa80AjJuPfZMOvUJ+l9FxAMAkQRUATAcTMfsxok5bmC0ABp4Wk/8AANEo/K/3wMcj3BRg7A0BSgBgTBxp9LFvGB0EAEweVAFALIqwECDC2/3KAYYqAZi4awGOdFsBAIBYM3HD4LFcHXAUtzGkhwmx6k469BKd2mV0HAAwGZACgJgw7C6AY8kCDLUXYJjlAOM7bkd3EABg0oxoO8DIB/OjHv+jBADGx8XfoD/eYHQQADAZsBAApomR9nLGuE1ghJX/kWwfNagRfRYAABhfI/p9jvD3fxTjf4DJk7eKlt1sdBAAMBlQBQCxYmAhwLAz+aO7+N+wlwOMpAQAXUAAgClrpBPvo1sXgBIAmGwXf50OvEC+XqPjAICJhSoAiGmjXq457MX/ws/nY/4fAGCKG+kPdZhagH6PDBqcerUAACAASURBVPXsSMf/AOPMnkwbvmZ0EAAw4VAFANPHiBb8R3jMKHb+w/w/AECMGNG+ACMa4UfSFqC9gPG3+tO0/3mq2290HAAwgVAFALElkirKkfbSxmX+f1SfBgAAJkOEP91DPRW+FmB0Bf/DNhxoWWCUNtxtdAQAMLFQBQAwmm0CRjr/j8l/AIDpahxrAcZr/A8wesXracFmOvCC0XEAwERBFQBMK6OunIyklzaW+X9M+wMATA+R/J6PrhZgHEf7aGVgTC76qtERAMAEQgoAppuJywIM9UiYWtDwMYzCsB8NAAAiN76/w0MdM9SDo3gEw3uYDCn5dMGXjA4CACYKFgLANDSKbf+GenDQR8LU/I9xL8BhoecHADB1jO6afGMZ6qMVgEly8Tdo7zPU3Wh0HAAw/lAFALEr8lqACB/EtQABAKafkf50h3k2wnKAMY7/0abAOGCM1n/F6CAAYEKgCgCmp0gKASKvBQg/+T/oG41oL0D02AAAotp4lQOEeRzNBEy2ZTfT7r9T7V6j4wCAcYYqAIh1I+ppjWLmf6gZpLFFDQAAxhjRT3r4YoHIH4+81UD7AuNp/b8bHQEAjD9UAcC0FWEhwIim/cdx5h+9NACA6WoSigLGeCRAREo2UMkGOv6G0XEAwHhCFQBMZ2PvNo1iqWe/A9AhAwCY3iZoj4DQU5HHMMLAASKw7t+MjgAAxhlSAACnhe+0hXnVsB2voXeSQncNACCajOKXPJKU8SieApgkucuo9EqjgwCA8YSFADDNRb4cIPzBYer/+x4w0iv/oXsHADAtRfLzPrr1AmM5EmA0LvgSHfyn0UEAwLhBFQBMfyPqG416Y6d+x2CSHwAg1oy0NCD8AZG/6UhiBBi5jDm05BNGBwEA4wYpAIgJI+0hRVjYH8l5UP8PADD9jO63PfK1Y5HHMJKoAUZr/VeMjgAAxg0WAkCsGNGKgEgq/0dd/I9JGwCAmBL5kH7czwkwPhKzafmt9NETRscBAOMAVQAQQ0YxYTKOEzsAABA7RlEdMClxAYzWxV83OgIAGB9IAUDMGUU3a6RlmejMAQDEoFE0AaNrL9DEgAFsibTqDqODAIBxgBQAxKLRdZ5G2lHDRgAAANPYGH/eR90ioB0Bw2x8wOgIAGAcYC8AiFGRLPUP88LRvbbfGQAAINaMpQlA8wEGkxVa8xna/gej4wCAMUEVAMS0MXbFMKsPAACRGHuTgeYGpoTLvm10BAAwVqgCgFg30isFDHqG0O0xngogljS88NO/vdIavO3c9LU7N2cYHRHAuBqvQTsG/zC1rPksbf+90UEAwOghBQAw+kUBQ50qCOkAmMIw/AYYfxMxVsf4H6YcpAAAohwWAgCcNu5V/dgOEABgGpvon3c0GTBFxWfQms8YHQQAjB6qAADOMY4VAeHfAsBQ5/4RGjPQmAoxAExR+PcAU9pqbAoIEMWQAgAYxNg3CACA4WRe/a27rzY6CICpBoN/iALOGbTqTnr/T0bHAQCjgYUAAIND3T4AAEwmNDoQTVZ/2ugIAGCUUAUAMIxQhwx1ARDLAvW7n3lx34c1XW4fEZFqdxYsnn/1hhX5jgGHas3vPfvKCwfau3xEipKSmbfp5isLPvrjd97sCj5fevPdX15MRPTRn375hyPBx3I+84vrlhNR45v3/mJfcJvClItu+tHa3leefvf1E11ujUhRMotX3H7binw0XDC9YNgPUSkxm5bfSh89YXQcADBi6EkBRAq5AIhVroNP/vnB3a6+DwVcXcfe2/6THfuWf+qWz8y19zl230M/e3NP6FhNa605+fjP/lharI34beu3f+cH1Q387Kkajmz/yS9d93/9ohxUsEGUw7AfpoPVdyIFABCN0I0CGDHUakJMqX7lb/3G/2dx10eP/u35+tD99i1/6DP+P3tY18FjQ5xhaK3H+oz/Q5r3PbPTN9JTAUwFuDQMTDcpBbTkE0YHAQAjhioAgFGahGsHABjPs/uZt08X8JM17eo7r9+UZybuq3jj6f/3WrObiHjXK09vP/8ra1KI6Mg7z9eceaE186YvfHz9DDPxroPPP/Pgjq6h32NImauv/NrVRfGSVvHSYz85E8axw0dpxaJx+ngAkwFjfpi2Vt9Je/5udBAAMDKoAgAYk4HXhcYkD0wn3R8ePHZmKj7/0ms25ZmJiCRz/seu2Zx75qCak3u7iIgO7q8JnH5IWX7TTetnBA92ln78mqtnjPy9Zyz98seL4iUiUvI3LS0NPd7c3jC2DwUwodAcQAzJmEulVxkdBACMDFIAABMFXUCYBk41dJ+56Zxd2GfNP9lnFzjP3G4vryKirsbm0IL/1Nmz+54maX5x39dGJKW4OCV0B40VTFUY8EOsW3WH0REAwMigVwUwScLUC6CIAKYsj2fIbfwyM0MpAApwInK7PKEHVNO5zYsqjXzdGRooMAh+qwFGIGcplWwwOggAGAHsBQAwRaFnCROq759XmIGMzaoQaYMe1tB4dnm/KjPGFHZ20K4FBOtzlzTRJ5UQOk+/IPo/0vdfwTnxYeAFADCFrLqDjr9hdBDw/9m797iornN//M/ae8+VGS4iICheABFBFEVFE4waL4lJNOaiaWybNk1y2vSW9qTnNKfftL/82p5f03Pa8z22Tdu0TZrY1rSaqomJJl6iRuMtEiEoCgIqKCh3GGBue6/1+2O4DBeN6MCegc/7lZfds2fPnmdDgXme/ay1AG4UbrIAAMA1JU8c1bnZfLbUf1Z/99mLXSWAUckTiSg2ObGrrFxz9oz/aRoKSwa8IgAAAISGlDtoYo7eQQDAjUIJAAAArsk6c2pa5x+Ksve2vHveTUTE3RWHtmwr7TwocfKsCCKizBmJho5d6rE33th32Xdwc+E/t2y7rEPwAAAwROZ9Se8IAOBGYSAAAMAI1/zuf//y3X72j3/yl2tyLLPXLM7/yd5mIiJnzbbf/GZbr6OkiHvX5HbM25cxb3ns+XdriIjIWbXxf36zcdCDBwCAIDDtPhrza7py5gYOBQCdoQsAAACuZ/w9jz6bG2Ho9zkpLOfLj64e2/U4YfU3l2Ra+h4WkZk24BUBAAAglOQ8pncEAHBDUAIAAIDrC0t74Mn131+4OCXCaurYZQiLSMtd+MOffu3JjJ65fVjWt1/44pfmjorwHakoo1Oyvv2jJ9eM7Wo6U6x9awQAABDq5nyewsfoHQQAfDYmhNA7BgAAGC54/7Xlwr+u/9VJ36IAo9b86PHlEf0cAwAAoe3Ab2j3f+kdBACQ8wflRFRcXtlr/5SkRHQBAABAINXt/fPXf7552/Hz1W2dqwByd8WhN/50svPh6PGZyP8BAIalhd8kxah3EADwGTAdIAAABErFriMN3uaGd/9R0d/8gkSkzLonN36oowIAgKEy9zE6/Ce9gwCA60EXAAAABEhzTTO/ztNK8n1rnp5hus4RAAAQ2u54Wu8IAOAzoAsAAAACJGL20y9k1ZXmHzpceKy8pdmheomIyBAWFp8yefndC3Ni8UcHAGBYs8XQ9Pvp07f0jgMArgnTAQIAAAAAQIBcOkm/v1/vIABGNEwHCAAAAAAAQ2LcTJo0T+8gAOCaUAIAAAAAAIDAmfuY3hEAwDWhBAAAAAAAAIGTeR+NmqB3EADQP5QAAAAAAAAgoOZ8Xu8IAKB/KAEAAAAAAEBAzVlHskHvIACgHygBAAAAAABAQJnDKetBvYMAgH6gBAAAAAAAAIE24wG9IwCAfqAEAAAAAAAAgZZ0G8VM1jsIAOgNJQAAAAAAABgEM1brHQEA9IYSAAAAAAAADIJZD+sdAQD0hhIAAAAAAAAMgvB4mrxI7yAAoAeUAAAAAAAAYHDMuF/vCACgB5QAAAAAAABgcGQ9REaL3kEAQDeUAAAAAAAAYNBkrtI7AgDohhIAAAAAAAAMGpQAAIIJSgAAAAAAADBoUhZQ1Hi9gwCADigBAAAAAADAYMpcqXcEANABJQAAAAAAABhMmffpHQEAdEAJAAAAAAAABlN8Bo2drncQAEBEpOgdAAAEkqZxt8frVTVV1TjnnAu9IwIAGDqSxCRJUhTZoMgmo0GWcasDIGhMu48uf6p3EACAEgDAcOF0eZwuj9er6h0IAIBuOBeca6qquYgc5DQYFIvZaDEb9Y4LAIim3Uvv/396BwEAGAgAEPqcLk9dQ0uLox35PwCAP69XbXG01zW0OF0evWMBGPGiEinpdr2DAACUAABCmabxpua2Fke7pnG9YwEACFKaxlsc7U3NbfhVCaCzaffoHQEAoAQAELI8HrWhyeH2ePUOBAAgBLg93oYmh8eDbikA/WSgBACgP5QAAEKS2+1tbG7FbH8AADeOc9HY3Op2o3IKoJOwaJqyRO8gAEY6lAAAQo/Hoza1tOkdBQBASGpqaUMvAIBuMlboHQHASIcSAECI0TTe7ED+DwBw85odmBcAQCfpKAEA6AwlAIAQ42h1ov8fAOBWcC4crU69owAYkcx2mnqX3kEAjGgoAQCEEqfLg/n/AABundvjxUqBAPpIv1vvCABGNJQAAEJJW7tL7xAAAIYJ/EYF0Ec6ugAA9IQSAEDIcLo8GLwKABAomsbRCACgA5MNYwEAdIQSAEDIwEdVAIDAwu9VAH2kL9c7AoCRCyUAgNCgadzrxSpWAACB5PWq6K4C0AG6AAD0gxIAQGjALIAAAIMBv10BdGAOpylL9A4CYIRCCQAgNHhVTe8QAACGIfx2BdBH2jK9IwAYoVACAAgNKj6kAgAMAvx2BdDHnHV6RwAwQqEEABAaOMdoVQCAwMNvVwDdJN2mdwQAIxFKAAChgXOhdwgAAMMQfrsC6AZjAQD0gBIAAAAAAAAMudmP6h0BwEiEEgAAAAAAAAw5o5XGTtc7CIARByUAAAAAAADQA5YGBBhyKAEAAAAAAIAeMlfqHQHAiIMSAAAAAAAA6CEmhaLG6x0EwMii6B0AAAAAAACEACFICOH3L5EQQvieEr4DemHM9y/r2GaMMWKMWMcGY1MW09HX9bgagBEKJQAAAAAAAOhNCBJccCEEJyEE5x15/kBP0lUg8O3odQC74/vSxMWs4QJrKJfqylh9KXNcDUT4ANA/lAAAAAAAAICIiHMhOHEuOBdC3ETKP2BCMWtJd1DSHb6HzNnEaoulq0XSlSJ29bRUc3bQIwAYYVACAAAAAAAYuYQgzgXXhC/z1zkYS6QYn8PH5xARaR6p+lPpcoFUdVK6fJK1VOsbG8DwgBIAAAAAAMCII7jQuPAl/0Nwt/9myEY+bjYfN5uIWPNl6dIJqeK4XHGM1ZfrHRlACEMJAAAAAABgpBCCuMa1YM78+yMixmoRY7WM+9XWWuniYfnCYenCYdZ8We+4AEIPFgUEGIkK3nzl+TeL+uwu2vDiKxv67h7Gmo+/9OIrL33U9JkHXuMrdj21BzY9/+KmPbW3EB4AAEDgaJrwerjbrXk8XFNDKf/3J2wxWsb9nnt/7v7c695lP9KSF+kdEUCIQRcAAIxcJQeLas2yml9YefuCxECfPGb+iudmkTks0OcFAAAYCCFI0zjXhKaFZtJ/DSI6SY1Oojlflsv2S6UfyOc+YC1VegcFEALQBQAAI5Wr8FCRMXvt8hwq2Z3vCfz5jXab3a7gtywAAOiEc6F6uceteT18mOX//rTkRd67fuxZ8wd1wTM8dqre4QAEO3QBAEC/nOUH9mzKq2n1EBktSdm3rV0w0SYREbkuHtn4TnG5QyNFjkm/7Ym7U22SbxDBEVq2JKHk8KFKZ9LdT6xo3LT+bPxjCz0737tQ6yLFbJ9x38oHUixERGpTybHju/Orqh0aSbItMfNLj2TH9zjJwUMXParRnr50+drEqk1vHi+q18hoT1+6fN30yI4AG4s2bjleUqupkmxLTP/8mrmJvX+fFW148UhJyvyfPpze7xXWHjtTHpPyQEICZUX+8mR+Y9bcKL9n1arjG7YWlTs0MlqSbl86o+dpbyjIop3Pv01rnlsxg6j2wLW/GgAAAIHGudA0oalDsqxfcOBx6TwunWU+KJ99Tz67U6rK1zsigCCFEgAA9MOVv+fVPO3udevmxcqumgv79pScdk/MsRBdPfLy5sqEe5Y/n5qgOMr2bz/4m92W5+7qaKIv2XfQNSPnq/fF203kPELUVrYlP33tl744Pqy9/INdG94+mPGd5akSkVRfUWvPfeihKaPtirdyz193vb43/rllCZ0nOR61euXzj1irD2x7+b3tL4ZZZ9+1+oWJpoqD219972Be6spsM5GzaMPrx9WcJc9kJ9q1qoKd+1/ZbHzu0Sxzj4tIf+y5/pN/IiJetj+vfcaquVFElJ2a9FHenvK5a5I6n23Oe/mvheqMRc8uTrZrVXlv7dl5hWhc96tvKMhervXVAAAACJzO5J+PmNy/BxGZqM57Sku/Tz7zrlz0jlT9qd4RAQQdfPwEgH44mp1kiU4eY1Eko21M6sovLM+xEJEnb1+Rc0bumvQEs0JKVPLSFVMMp0tKOl9ly1z0L8tS4+12m5GIiNS4FWvnJkUZFWNk6u3J8Z66ct/ceFLy0tXzZ4yxmxVSLInZqfbWCxe7Zs2LmrNoZUqkIhkTF05L5Z6orCV3p0QqiiVp4bRUXlN8gYio8lB+yZjsdfMTo4ykWBKyV2clVZadcAzgAl2fFhWYkuelEBGROXPZTGPB8UJX57OVR4uqYzIfuyvZd/6ctTlTeI+X30iQvV3rqwEAABAIgguvl3vcXPWO0Py/iwiPV3Oe9Kz+lXfhv4rRKXqHAxBc0AUAAP2ImTst9eSRl/9Ynz0tecqklKQxFoWI6GpVLbVe2Pl8nv+xCc6urcSec+pFRCZ0lRntFjs5a+qJ4ohIq80/uD2vssbhafWl3X4t+DExsR1bEhGRPSrS/6HKichTVeeki8d/+uJxvzezJ7iI7Dd4fVW7P6qJn909BWDi3JT435Ucbc5cFEFEnqoGjy0hvjsoKTlp3P4C/6/PZwfZxzW/GgAAALfEN+GfpgrOR3bq35OIGq/e/k2eslgu3CoXbmXORr0jAggKKAEAjEQGiahvmupwOsiSHE1ERJb0x76dUl1edLrk0u4Tx2ut6V99fH68REQUv2Dll6b7D2JX+va8X58rf8f6XY70JYueSI20ENUc3v5qv7fNr8ucvuA7i+N77LnxufdLT+U5SN33z+f39dhde6Bs0arkAYcCAACgH1/b/zCe7e8W8bgMHpfBJ94uF26Rz7yrdzgA+kMJAGAkSkqKpQ8ulfB0/7HortLKauPoZTGdjyVjfEpWfErWUn5h60t7d5+d/1h6XEIM5dU7bPbYa5z4hjianRQxaVl2ou+tqtwDnY3fmDDa4rrU5LWnRt3A0X00HTpUac5a9M3be17F1eO/2VKUtzw522xMGG1pvVTdSIkd5+dl5ZeIxt/MmwEAAAwSzoWmCrX/3jPoQUtZrE2YpyTOkQs2SVeL9A4HQE+YCwBgJDJPz1lkr9z4x115VxwulVRnfXnerv/dXR8zJ8tXFKjcvW3DR2W1bR7insbyCxVO2W4lImN2brK56OAfDpTVOjXV6ajO37V+U77rs9+wB3uEhZorj5Y2qaqzOm/7prPaQONPzE1Pqi18eUthdZtH9ThqS4/84bWDlTf4Eaiq8NCVyHnzk212e4//UrLnxdTsP1ZDRIlzp8TXFm5433eZVcc2HSvGL0sAAAgmqsq9Ho78fwAMFnX2Y957fqbOWkeSrHc0ALpBFwDAiCTFLn18ddSu/bs3btrqISIyR0Rm3P3QA51L7sXPSrZvP/bSR/tVTorZnrR4+cqJREQ0btF3Hj2+ac/Bl47sV4nMMQm5i5MHOhDAnLX0K817Nm375zGVbBOyVsxxbi25gZf5s2R95Snj1rfyX37puMpJsUfOuH1RfO8svf9FAUtOlLVOzJ4X0fekkfNmxu75IL9kwfLUiOyvfkHe+O7B9ev3+xYFXKFs3zrAGAEAAAYDbv7fCh6fyeMzxZhM+ZO/SVdO6R0OgA7YyFksFCCkXa1t0jsEAIDhKS4m8gaOAggKmspVTPsXCFL1p0reX+VP39Q7EIDAc/6gnIiKyyt77Z+SlIiBAAAAAAAAIUAI8nq5x8OR/wcEj5/uufvH3jufE+EJescCMKQwEAAAAAAAIKhxTaiY9j/gFLM671/EqEnKx69JF4/oHQ3AEEEJAAAAAAAgeKH5f1BpqctE5Hjl+CsYFAAjBAYCAAAAAAAEKdXLvV40/w8uHjvFu/R5NfdbZLDqHQvAoEMXAAAAAABA0BGCVC+W/RsiwhzuveO7IixGOfoya76sdzgAgwglAAAAAACA4MK5UL0Y/D/U1OwvCGuUcuRlrBcIwxgGAgAAAAAABBGuCS/yf51oU+/1Lv43PmGe3oEADBaUAAAAAAAAgoWmCa+Xc+T/+uGTFngX/ZuWcqfegQAMCpQAAAAAAACCgqYJFZP/BQE+dqa68F+1KXfrHQhA4KEEAAAAAACgP+T/QYXHpasLv6tNvVfvQAACDNMBAoxEBW++srm0xx5zTELu0kWLJlh0i+mmFLz5ymaa/9OH0wN94po9L28vSFv57MLYgQVTmrDmuRUzbuTotgt7th7c35byzFfnx/jtbq3K372rqKDGqXJSzPbUO5evmx7Z+aRWW3R855Hi8lpNJVLssbn3LV0aat8yAADol6//XyD/DyZ89GTvgmeIhHxmh96xAAQMSgAAI1VKd+asttWXnzi46Y2tjsfWrUzQO7CQlXHv2mRVMX/2gc7yA+9vPFZPJpl6Hq0W7fzFjsbUxQu+kRYXY9KqT+1/fce2jcZ169KMRFR94J8v5xuzly3/3qQ4m+woObJ/0z+20+Nrl8Zc850AACAk+O7/I/8PQmJ0ipr7beKaXPy+3rEABAYGAgAAKWHRqQuXLBrjLCmu0TuWEKZY7Da75QYKqxZVNc17eO0TWdbeZ0jL/d431q3LTowJM5Jiic9asniCVlR0wfds/NwV3/vW6pXpCTaLTMbI1IW3zbY7Tp+tH5SLAQCAoYL+/yDHY1LV27+pJS/UOxCAwEAXAAD4mAwm8nrcRKReLdz5wZmCyw6XSorZPuO+lQ+k+LrNneUH9mzKq2n1EBktSdm3rV0w0SYR8aa8t3ftLO04PnXRkrVZ0RXv/eXVK+nPfTnb5jt98/GXfldoX/XEY509+5Xv/+XlhsznH80yE7kuHtn4TnG5QyNFjknJXndfZozS2Y2fumBRc/7OUocle+Wzi2PVquMbthaVOzQyWpJuX3qNlvuiDS8eKUnpO0BAayzN23motMTXZm+PXfrwyty4judaz+595b0LtS7fJc+1d59s5/Nv08pHI0+/XVTeRkp04sqHlyRV7t2wp7LW43u4PDuKiKj2wKb1ZxOf+er8mI7Il6xwHt9S5HCpZI6ZuHbdktTOnv3UJStSiWor+wQu2W19+voVo9yxZbHbejzj9qpkt9l7vwAAAEIH58j/QwAfk6He9g3mdUoVx/WOBeBWoQQAAESkNebv3X1RnpKTSESO6ho1df5XV8XFWKjx070vbdkz/tsrs83kyt/zap5297p182JlV82FfXtKTrsn5liocu+OrVfjHntidapdq71cvPtgUfX0BUnTJ9ryL+Q7snPtRES1+ReqiaqLiijdl5ZX5pd4khakm4mofO8vNlUmLFv+/IwExVG288396//c+sxTHSPkGz8+vD81a93jybFWKzXnvfzXQnXGomcXJ9u1qry39uy8QjSu7+WkP/Zcv7MDyLXVTbFzF62aFGczeMoPbn/1zYMTvrEgkYjK9/7vtsqEZSu+6othy8GjbeSXjFft3GNZ99iXv2Kpeu/1XVs3bLRFTHzwiS8nGav2/HXX1vcLMz6X2bf/33Hy8NH5C77x7QR724Xtm/Zv3F32wqrkgX1bavMOXZQz1vb3KrWpZO+RY1riuqnGgZ0TAACCBvL/EMITZ6vzv6a4mqWaYr1jAbglKAEAjFSlR55/8Uj3Q6M9/Z7Va5KIiKKyljzQuTsqa8L4944UX6DsNHI0O8kSnzzGohDZxqSu/EKq75iGZidFxadGGYkoZkLWuglERJSQnGEvKShy5ObYiWoKzjpSs5OrTpbludKzzUTlJXnOhAemG4k8eccvqOmLvpKdQEQUlbxybX3F74r2l8/3BUOJWd9YneVLsCs/LKqOyXz2ruQoIqKEnLU5Ff+7v2AgF526YHlH0GRJmpYYdayyuJ4Soz3HjvWM4eH6it8VurpfZ89dtSg1gogS786JPbTDM+/LC7ofvlddTpl9Sw7q+KyvzE8kIjImL8vKz/ukqpqS4288Vl6zZ1uRM2X+yqQeu2sPbFp/xEFEZIleunZR+g3MPQAAAEFICFJVrmnI/0OGlryIXM2GD37OHFf0jgXg5qEEADBSTcx+7t7O28smu83/XnLbhf278/Iq2x1Oj8qJiFI5EVHM3GmpJ4+8/Mf67GnJUyalJI3pGPc+Y0H6/tePvPjapdmZE5OSJiZF+c6VMG+a/VjRmcacuVFVxSfaEh9cklpcsrPgrCc7y1hSVElpC2ZIRHS1qpbG5yZ2v3vExOSIwuLL9eSrRyQkdCa5nqoGjy0hPqrrSCk5adzASgBqfeHOXWdO17W72jSViMhOnIiu1tTR+LTeMZzufmyP6ZpyT1GIlKgIv4dc8/b3XlExo7u2bXYrNbfWEN1oCYDX7Pnz9v2U/o0He+f4MfNXPDeLiDw1JXmbNv6j8cEvPpB0rbMAAEDwUr1cU5H/hxgt437WVm/Y+zMSmt6xANwklAAARirFaLP3O4y8avtrewvsqSvXZCWHEVHZppfyOp6xpD/27ZTq8qLTJZd2nzhea03/6uPz4yWiuPnP/OvU8tKS02eLth846Jg4/3sPppuJYrImxh+pLGiem3y60pWSkyolRE2zrz9b7JpuLSihjIF2xd86V+GGV47XpGSvXZcc4N5obgAAIABJREFUaySqz3v570E5/SFvOrZpx36e2vHl7cXYUa+xZS9/8PJrGz4peiAp4GsiAgDA4FK9XPVV2SHUqHO/wlprlaMv6x0IwE1CCQAAemlqdND4xQtmjCEiomaPk6i7VCAZ41Oy4lOylvILW1/au/vs/I7p/ZTIpLS5SWlEzvw/rD91qDZ9aQxRRGpGXOHpU0WOEk/GimTqKAqUFZyynjZMfCLFd8a4hBjKq6ykmZ0VgeYLZc1ywthool75uTFhtKX1UnUjJXY0AvCy8ktE42/4yhytjdw+e0FWUjQREV31OOg6MdzM1y4QnAVbtm2vT3zsKwsSe/2GVjVVkXvsw6IuAAAhSFMF8v8bp3HVxT0OT0urt71dbW/1tnm51625PZpH5RoXXJFkhSkG2WCUjQbJYFUsYUqYzRgWbggPM/RefCcg1JwnmaNaPv32YJwcYLChBAAAvURG2ang0/zqlMyYtgs7txRWd5YAKndv22fNXJGVGGOhxvILFU55vJWInMe27KhKmr9sSpzN4KkuqqyRjJ3N65HzsqL37Dtea5j4hK9ZPSI1I65w554mc+byzrZ7Y/bciTs3HXx1rGVdx1R8hdXR6Wv7a25PnDsl/mT+hvej190xMYqu5r11rHhAObDdFiU5Tn9Slr1koqWucOO7lWrHlXXHsDYzztx2YeeW4kYj9ZmbP1A0l6NdJXK4VOJuh8NhIVIsdrPiy//f3Hwpbs1Xu5cP6HpV0TsbtzQmLLszKyM+2kaO6qIjW4oofVXKYIUJAACDgHOhqlxgBMB1NbqbKhyVZ5tKzrdcvNpe0+Bu8mhulWsacU3TiIRGGhdccCEYMWKMmCQxiSTGmESyIsmyJOfGz/9m5r8MRngiLFqd8zhrqpQunxyM8wMMKpQAAKCXhJXr5jvePP7S/+SR0Z69Kjv1zY6BAPGzku3bj7300X6Vk2K2Jy1evnIiEVkyshKL9+36xXuaSqTYI7NXLc/tbBswT01O2n28JjO1M+GPnJ0euWefOyMjofsNk5Z879EjG9/Z9dPdvkUB5z5zX2ZMn7CIiCKyv/oFeeO7B9ev3+9bFHCFsn1rP8ddY1FAc+a6R1o3vr3/lydJCYtduji1cUd1VwzfWb3/9d07X9ztWxRwwby9ewc0y8BAFG966UhJx3bZqy+VEVGqb7nE2vw9JR6iqs3rX9ncfbx90RNrl8bI6atWK0cO7dy2fbtTIyLFHjnj7tUPpGFFAACAkCEEYQmAvjShtXnbHV7HxZaKwobTn9QXVjRXeDQvY9TrK8WIhCDm2yISREx0bBCnjqMZkSCTYswYlTZ4MfOEGeqcLxsaL7L2hsF7F4DBwASKkACh4Gptk94hAAAMT3ExkXqHACOF18tVL4YAdGt0N51tLC5uOlfSdK6s+XyDq5kTJ0Hdyb/oyPY7tomIej7bsYu6CgS+7azR0/4j+3ujzdGDGr9ycL3h4PpBfQuAm+D8QTkRFZdX9to/JSkRXQAAAAAAAENB04SGKQA6XW2veefie0evnKhz1rWqbULw7nyf+R3X73ZnjYAx6ribKYhYZ/4vSJbkRWMXRJtGDfZVaLMfk+rOyWd2DPYbAQQQSgAAAAAAAINLYAoAIiLigtc4a7eef+et8ne93Ou7je/L5BkjIiaoM4/vvMnfdziA8Nvwf9Z3BmIi2jxq8dg7GGM0yIQlSp31BammmNWXDfZ7AQQKSgAAAAAAAINLVQXXRnoBQOXq+5V7t5S9fdFRKTrye+pI6Vln0i98d/m7B/Z33dvv6ALoqAtIgvNeYwQEIyIhMenrmU/YDLahuSg+YZ4681HDnp8OzdsB3DqUAAAAAAAABhFWASSiNm/7S6f+cLDqcLvq7D3Cv89of/Ldzvcb20+d9QG7MWzG6GmnG4qb3E3UdQAjEh0zBc6OmzU/LmcoL02d+TmpulA+/dZQvinATcOi0gAAAAAAg0UIoWojPf9vV9tfOvWHXRUftKsuou5O/w5+4/l9/zHR2RDQeedfluRRlqiHUlb++8zvVLdd9eX/5D9BgESMyKSYVk5aoUhDe5vTYFWzHhFR44f0TQFuFroAAAAAAAAGC4YACCE2FP99T+V+0ZHW95jkr2vAvmAd8/x1Jf++LgCzYkqOSMqJmz01asqp+tP/dXJ9q7e1++XUvToAY2xO7MyMqEFcC/Ba+IR56vQ1hgO/HPq3BhgolAAAAAAAAAYFxyoARH8vfXNb+XZNaD3yf0a95vv38e/8F0TTRqffP/GeadHpFY5Lfyl+43TDWU1o1zreJJvumbA83Ggf5AvqnzZjjVxxXDp/UJd3B7hxKAEAAAAAAAwKVRvpqwCUtpz/W8lmL1fJfw2/DkwI0WMtQNYxFSBjUqwl9qmMLy4Yc7sg+uf5t149/RdVqF0lg46b/6LHigAzRmfMjp3F+iksDAVhi1WnP2SsOEqaV5cAAG4QSgAAAAAAAIGnqVxTR3QBoF1t31i8yel1+hL1rrn9fc3/vvyfWHdbgBBkUoyTI1LuSLj9znF3RJkiS5pKN57b/FHVUU6chG/Of9bxSta5joAgYhRlivr29K/LTNbxerWMVdr5Q/Knb+oYA8BnQgkAAAAAACDAhCB1ZE8BQEQlTWUnavO7E/VOHZudKwKyjqIAS46ceP+ke+fEzoqxjBZEOyv2vFm29aKjUvjm+u94sfC/8+87D2NsbcrqOGvM0F3bNajTVkvlB1hrrd6BAFwTSgAAAAAAAAGmaXyEzwJIRB9WHWzztLLOu/zdTf/Cby4AQcRIYvLnp6x9JPlBs2ImIqfqeuXMhm3n3xFCMCLGiHf2DlCv/F8QEU2Lnrp43B16DQHwxyfepmWsUo69oncgANeEEgAAAAAAQCAJIUb4EAAi8nLvzooPemT+PqJ7QzCKMNnnxM1em7I6OTzJt7u85cKfz/7t2JXjHTMF+NULRK/zMCLGzLJxWeKd0aZRQ32F16Clr5JL9rLGC3oHAtA/lAAAQoMkMc5H+ocJAICAkyT9bxvC8KOpAn+191z6wK25JaKOBf98fBuCiEhi0qzYGQ8k3Tc9eppVsRKRJrSDVR9tKPl7RUtlj2yfulsA/PcIIiKRHZu1eOwCiUlDdWWfgcdnalPvUQ7/Vu9AAPqHEgBAaJAkiXPtBg4EAIABkKRgSRtg2BBCaCN+CAAR/aloAxMkyK/zv2tRQIlMkuXx9M/fO365VbH4jueCb7/w3qtn/tLmbaOexQLfS7tXE2AdHQSMyKSYv5X5NV8FIXhoU++Rz+5gDWgEgGCEEgBAaFAUWVVRAgAACDBF0XP+cBiW0AJARG3etlZPe3cDv2+DERFZFMu06PTH0z4/OTKla/R+k6d5W9n2N879UxVq37MJ/8X/WPdagCbZ9O3pX4uxjB7CK7shPC5dm3K3cuT3egcC0A+UAABCg0GRXXrHAAAw/BhQAoCAEoLQAkBE+fWFgjj5Bvz7djESRGOssY+kPLhk3KIwQ1jXwVVt1a8V/+2Dyg9Fz5n+/GcQ6DEugPmeYfPHzL1tTM7QXNFAaWl3y6ffYi3VegcC0BtKAAChwWQ0OMipdxQAAMONyWjQOwQYVjSNowWAiE7U5GucE+sx//+smBnPZn0rxjJaZt2lt2ZPyy/yf32q/rQg0TFWQJDwtQywjm2Jeq4mQMQYxViiH0192G6w6XiZ18Hjp2uTlyl5G/QOBKA3lAAAQoMsSwaD4vX20x0HAAA3x2BQZBlzAUAgoQXAx+Fp8R8FEG60r5y4Yl3qWrNs8j+sqq36xx///FxzmS+97+oXkBgJ3tHt3zWOoGP2P0FMIoNk/MrULyZ1LiIQnLTUpUrBJlLRxwnBBSUAgJBhMRtRAgAACCCL2ah3CDCsaJrgIVsCEEK0tbVaLFZZvtXRMZrQNK51ZPWCJoVP/NLUR3PiZhulHj9xZxqLf/3py+eay3rGQYx1tP0L/0kBWWdFgJHM5EcmP7hk3MIgX8+DT8rVJt8pn9mhdyAAPaDyDRAyLGYj7lYBAASKLEsoAUBgaRrXO4SbpGna29u3/u73vzl3ruTWz+bS3C7u9uXn2XFZP5n3fG78/F75f0177f8t+G1JU2n3MgHktyF67mDdcwowRneOu2NN8mqJhcBEHlrKnXqHANAb0gmAUBJmNesdAgDAMIHfqBBYnIdwCwBjzGg0NTY2Hj5y6NbP5tW8Xs3LJGnx2Duem/VsvDWOUY8b9nWu+h+d+M+y5vIeuX4n361+ITo7/3tGmjFq6hdSP+c/m2Aw4ymLefx0vaMA6AEDAQBCicVsdLu9bo9X70AAAEKbyWhACwAEFteECNUKADHGIiMiiai6OgAz2Ls0pybUR1IeXJe6xqpYez1b3X7lF/m/PtdQ1p3eM79E33fDn3Vuk99+ohnR056Z8bVxtoRbD3JoCEsUT7pDqv5U70AAuqELACDE2G0WSQrysW8AAEFNkpjdZtE7Chhugn8iQCFEVfVll6ufBYYYY2FhYYqsOJ3tTuetrkDEBV83ee2X0z7fN/9vU9s2lmwurDvdNc6fdWX7zC/nF36zAHQ8w26Lz/n3Wc9MsI+/xfCGmJa0gBTTDRwIMERQAgAIMbIsRdhDo/kNACA4RdjDMLUKBJamieBfC3Df/r2///1vDx480O+zMTGxUaOihBAl54pv8Y0SwhLmxGUrUu92Y0FiV+UH713crQmN+d/n7/zKsa7kv3smACYz2W4IfzB55b9lPTPGGneLsQ09njhHm5SrdxQA3fD3DyD0GI1KZDiqAAAANyMyPMxoxEBICLCQmAUgelQ059rhI4fr6ur6PhsVNSrcHiGEuHjxwiAFcLj66B9Ov8ZFjyH+HaMnuvb5DQqwKJbp0emfm/zQf87/4dcyngg32gcpsMHGJ96mdwgA3fAnECAkmUyGqAhbs6Mt+O85AAAECUliEXbk/xB4QlBI/DlOTk5JSkouLT23e/fORx/9Yq9njUajwWggolsfCNCvitbK3516xaN5qOtWv/8Nf7+vnyzJaaNSc2KzZ46eHmuNjTRFKqEw+f918AnzhSWKORv1DgSAUAIACGFGozIq0u5odWJ2QACAz2QyGuw2C/r/YTBwHgKjAIgoLMw2OSX1/Pny8vLyCxfOT5w4yf9ZSZIS4hPOnj3T3NzU0tISFhYmBFcUQ0De2su9b5a9Xd1W05HzCyJBjDHGmMIUmUmKpMRYRqVEpsyOnZkTOzvMEMb6LhUQsnhsGh8/Ry7epXcgAIQSAEBok2UpMiLM6fK0tbtCdy1iAIBBJctSmNWM+f9h8ITEKADfnH9ZWbNO5n9y9eqVgoKTY8eONRh6/FxMnZrxwb69NTU1Hx7cLzgnxu5cvCQszHbrb32mofho9fFwk82mhIUZwsIUa7gpPMIYHmmOSLDEx1qj48PiR5miDFJgKg5BiCfORQkAggRKAAAhz2I2WsxGp8vjdHm8XlXvcAAAgoXBoPh+Q+odCAxzwdYCIIRobW212/sZOW+z2XJz73jzzX8UnSmaN++2uLgx/s9GR0cTUXt72+HDh4goMjJyeuaMgJQARpmjnp35LatisSpWs2IyySarYjHKRoWNlGSEJ84m2UAaOjdBfyPlpw5g2PN9zNU07vZ4vaqmqhrnPNg+lAAADCpJYpIkKYpsUGST0YC2fxgCPMjWAuCcf3zi+Hvvvbv6/ocyM6dLUo+fAsbYjOlZu3e/39zcdPTo4ZUrV1dXV5eXly5YsJCITCaz1RoWERGRkjI5dXJqYuIEozEwFbRxtrHjbGP9dggSnDgn4SLOhbuBNC/JJmaKIEkhJhFjxCRiw+dHmMdP5+OypYtH9Q4EACUAgOFFliWrBWvPAgAADJGgyv+JqKLi4v79e91u95atm8+Vltw2//b4+ATGusfVy7L84AMPb/jLnz85madq2qlTnxKxOXPmms0Wxti/fe85k2nwPkgIcjaIxkpRd17UFIvaMl5/XrS2kOYiIYhJZDAxawSzj5GiE1l0EkUnsfAxLHIsmcMp9KcG4AlZKAFAMEAJAAAAAADgJgVbCcBms9nt4S0tLRHhEQUFJysrLmbPnjN3zjyz2dx1zLhx4yZPTj179swnn5yIj0+Yl3Mb67zfPlj5v9fJK0+I8o949RnReFk4akn1+n/hGJEgjVSvcLZS/WXtQh5jREYrs8ewyLHSuGlSygI2JpPkEB7Xw8dm6R0CABEREyK4fm0BAAAAAIQEIcjtUoPt03R+wcl//nPT2LHjxo+fcOTIR5zzyZNT1zz8ubCwsK5jPv742J49u+5csnTO7JxegwV6EIKERm01QvWSIGZQyBJFsoXYAO7Ji/pi7f2faBVF5HZ1rQZI/W34672TSXJCmrzgSWnyEgrNWQNZ61XTq/ez1hq9A4Hhz/mDciIqLq/stX9KUiJKAAAAAAAAN0nThMet6R1Fb5qmbdr8RlHR6YULF8fHJ7z33o76+jqbzb50ybL09Gk2m42IVNVLxBSlv45gr1M0VYqaEl75ibj8KW+4TG4HaVwQMVkio1WyjWLRyWxMGotLY5HxLGIsmSM+Y9y+4ORuFo0XRV0pv1ouGi4KRx21NYi2BvI6femIr6jQKzPxFQK6nmJEUuwkaeZDUsodLHoSMTlwX7ahYNz0pFz6gd5RwPCHEgAAAAAAQOCpXu71BuOivG1tbX9+7U/NzU13333vwYMH6uvrOOeKokyenLpq5erw8Ij+X8ZVUfmx9uk74lKBVn+Raddc7bCjB0AxsfDRLDpJGpsupd3JYqaSdGOjjFUXORtES41oqRa1JfzyKVF9ljvqe93577c7gIhIVqSYJDl1oTTzIRaZGELTBBgO/I/y0W/0jgKGP5QAAAAAAAACz+PWrp0m66zozOm//32jEFySpLvvusditW7d+mZKyuSHHlxrtVr7eUHLJW3vf3uLDpDm9WUITJBg1Ktj38f/oSAiJpFskCdkKgu/wRJzBhao0Ihr5G3nlz7m+du0c0fJ4+x3XAD17AggJknRYw3L/5VNXh4qVQD57E7jlm/oHQUMfygBAAAAAAAEnsupBe1naY/HvWPHOx+fOB4fn/Clx75it9sdDoeqqlFRUb0PdTXzcx+oB34v6iv7tuL79L0h77+nu0bAmDRptjLvi2zcbLJEDjxqIdrr6dw+7cwH2pVi0XyV0TW/vp1jBJg8/S75tqdYzOQb7UHQD2s4b/7j3aR59Q4EhrnrlwDkF154QafAAAAAAABCFedCVYNxFICPLCtRo6LPnDnd3NxksVrGjUs0m80Wi6XXYaKhXNu3Xv3wD6Ktifq7mc78/u13f68N0VilnftQ1JRItkgWMW5AEwcSMWawsjEZ0pQ75fFZUniMaK8T7S3+5+8bBq8pExUnmNnCYqd8xpQEurNEycXvs7ZaveOAYU5d8AwR1Te29No/OioCJQAAAAAAgJvBNQraUQA+tjBbbGzcJ5+cMBqNaVOm9jP5X0ul+s/vaecOM877zfa7ZuO7Vmd+/w0CqlfUndeK9jJPo5Q482ZW8pMNLCJBGj9bSlsqGWVx6bQQnPV8U3+irVErPcKcNdLEnCBfL0CuPC7VFusdBQxzKAEAAAAAAASYpgnOg7oEQETR0aONJuPcOfMiI3u25XNNXD7p/etTvLaCSLA+4/y7ht33zvB9zfedz/caDtBjvgDNyys/FTVnpfipzDrqZqJnEjPZpUm3K1PvoJYrorVOaF4SxJjfZASd8TCualVnyFHFxs5gxrDPPLdeWF2JfPGo3lHAMHf9EkCwD5gBAAAAAAhCIujzf58FuQt77xJcnP9I3flT0VLvfztd+N9d98//JUmyRVH4WBYWTkYbSSbS2sjVKtqbRPNVcjYT510v6lkvEFrxh9R8WV7yr1LyogEOCvATk6Gs/m92+h3t0B9509WutxDU85Sca5/uFKrXcO8LZAq/yfcaZGLUJL1DgJEOJQAAAAAAgAEL1nkAP5uoL/Xu/Amvr+raw3r+231lsiwnzVeyH6C4DDLYmCyTpBAxEpyEJjQved3UdF5U5mln9/Cr50njrPMUXSMItCtl4p0fK/cJKWXxzU/dbw6XZ66VJt2m7nhBKzveFbb/OAVGJDRVO72LuRqVh39NRtvNf40GjYiaoHcIMNJhRQAAAAAAgIERgtwuNRg+R7e1tdXW1sTExFitYewGbrOLlsvq357Sai507el/zT8myYnTlIVPs0kLbmiOPSFEzSlesE0tOUSOWuFx9Tozi4w1PPIbNmbaTV5nl/YGdc/P1cL3SPX2jb/jG8IkQ87n5MXfpeAbEcBczeaXFpC7Ve9AYDjDigAAAAAAAIEkhFDVICgAEJ2/UP766686Xa6JEyYZDJ81E15bjbbj/9UuFnTt6JX/d2ybrErO5wzL/52NybzR7n3GmC1OSrpDmbqERY5hWrtouuL/vHC1ico8OWU+WfqsSjggBouUmE2kisunSPS/IgMjwRsqpKgxLG7qLb3XYFDMctHbrK1e7zhgOLv+XADBvWwGAAAAAEDwCYb7/0Tk8XiaGhs1TWuor+f8s1Yo1Lxa3mbt3BHfI/+c37fh25bMYYal31UWf5fsCQMOiDEKT5Cz1xke/B/jQy9KUfH+T/Kacu/7PyfVNeDT9mIdpSz8lrL0WyT3M6jZV9QQ7c3eveup7eqtvtcgEPb4GzgKYLCgBAAAAAAAMDBBMpb28uVL+/d/QEQXLp4/9NGHLS3NXq/3WgeL6kLt478JreOAXjP5kyBGRJIsz/uilP05kk03HxaTKCxGylhpfPwvSsZSUrpPJc4f56feCkAFRbHI2V8w5KxjsqHHKobCr6jRXKNu+/cAVBwCTdjj9A4BRjQMBAAAAAAAGBgeHCsCtre3tbW3u93utra2ixcvFJ76tLGxgXNut4crSs875J42dfsPeU059ZyRr2MgQMcSf5Iy+yHlzu+S9FkDCm6QyS5NXsjsUVR/QThbfNP1kdcpTV7IDJZbPblskOImU30pr7vYvZP12BQNVVJULBuTcfOLEQwCufpTqeK43lHAcHb9gQAoAQAAAAAADIwWHCWA8PDw5JSUtClpo0fHNDY1NjQ0VFVdLi0tsYaFjRuX2H2cEPzYy+on2/vN/xkRY8SI5CnzDff+lG49OfcnG6SETCl+KtUUc0ctEVFztZy2iIUPfJRBX0ablJilnX2fXG29rqubs0VOvo1M9gC8XYBItefksv16RwHD2fVLAFgUECA08YZDf92ysbDZKynxs+58dk1mBIb1AAAADJUgGQhARCajKTY2LjY2bt682wpPfXr4o0ONTQ1ZM2b6HyOaK9RjbzISwn/Bv45t0TECwB6t5D49OFPoM5Y42/DQz8XGb/K6i8Q5P/ZHeVx2YM4dMc704H+5//I14XX1WiPQh18+pZUdkmeuufn1CANNWEfpHQKMaEgaAEJS4d//slnN+vHPnv3jf35xedsHP/r7Gb0jAgAAGEGCpQDgR5KkGdOznnjiXx774uNGo7H7Ca7ygm28vbFrR89UmBERY5KceQ+LzxzE+KKSDY/+Rk6cLojUsx+R5gnYmcdMkzPvYkzyfVN6f2s0VZzeQao7YG93y4QlUu8QYERDCQAgFJ05dmrU6kdnj1aIlFG5j84bf+pcod4xAQAAjCBBUAMQQrS0tNTW1rrd3fmt0WgcNy5Rkro/5AtHNS89SJratfhfR/O//7msEdLcL5BspMHERiUrK34gxSULVRPNFQE7r8EqZ95Lth5rDXZdnSDSLnzCa4LpZok5Qu8IYETDQAAAAAAAgIHRfRxAe3v7Pzb97dy5c777/2lTpi5ZsmzMmHjWZ947UX1Gu1TkvwpgV6t816GGOfeziEQafCx+unLbl7Xjr4v2Zha4dng2Yb40Zip3HOpV5uj4Lmmq+Oh39PDLQTIpoDDZ9A4BRjR0AQCEoqk50xq2bThWrRKpNfs2HK2YNvm6rXv5v3r2T9uu+O04ufmpn+2tHvxAAQAAhik9awCapr69fVtpaWlkZFRkZJQkSUVnTv/pTy9/8smJ3ocKzk+91bFJ1GsUQMc12EZJt39raCInIinzAcMT26RAzQXgw2Q5c7l//t/9DBERqcVHyBE0H3yMKAGAntAFABCSMj/35S9t3vyT/zjkJSV+9p0/XjNV74gAAABgiLS3O2trrlosljUPP6IYDI6WljNnik6d/vSdd99OS5saFuaXYbY3aMWH/e+K97kPzpSs+0gJ6CoA18cG5R6kNOUuZvkv4Wztyv+FX+MDaRo/f0iasXYw3nrAFJPeEcCIhhIAQGiSImY98uRvH7nl87Sd27bh/V2lbq+ixM9a/twjU61qxbt/fPvdUrdXMaXd/eCzixPo5Oan3jOtTqp59wQtf/Ye+vMbFZk53hPHzjrIOinn2a/njpfUsg+3vr6rotpJZIrI/fyjX8oIO/bqL7fZs8afzv/EQREzljydcu53b1U0c1PyygefuyOBiJoL3v7lP85Vu8kQO/npb67KHIwZiAEAAAaHvgMBFEWRZNnpdB74cN9dy1ekp2ekpk5pbXMUF5+tq6vzLwHw8gPC6/b1v/dfBTAYWcoSHa4h4Ix2KXoiv3Squ7tBkOi8VEaknd0nZT5AkkHPIImISBjMeocAIxpKAAAhR607/dHm3WfO1rS1+2b/MZlGxybkLlu0PGPUQP+sVR888K53zvpf5ljVhmOfXCVyH9uw9dCYB9Y/Pd6gVmz87x3bpj65mojqzp9d8MDPVo+PMFVtIyos1X78/LPxVPi7H+16tzD36RlKfPrt375tzWiFvAVbnnn76PKMJURUV6o9+fyzT7uPvfijvb9Sl/zs52vo8F+eeedE4R2rMq/sffEfbff+x7O5dmo++saP/pG//itZg/LVAgAAGHYsFktu7h07dmwvKSkuKSkODw83my2NjQ02m23MmPju47jGC94iRr065P1HBLDoCcweo8dFBJ6UMk+7dKqrwMEY+XcECEcrrx+BAAAgAElEQVQ9tTeSLVa3+LowWe8IYERDCQAgpPCGfa9s3FyXcO+qe9aljI/w9ZG5mytK8999+y/fOzzvh0/kjB5Ie138xFjrhyf/tIMWZ06bNXeqgQo/OaPW8c1fP9RxQKZv3Jx98urc8V3T12betjBeIaLoeDsdu1xFMxLay4/+akdlnUP1EhGN903yOzpzWrJCpJisRMkzs6xElJQw2t3QTlSdf77O3fz6C7983XfG0bHVRPF94wMAAID+ZE6bbrVaCwpOlpaea2lpcTgcY8aMWb58hcnk12TubuFXznc96rcQIMVPZeFjhjr6wSGNn030p65mh15TA1J7g2ipYsFQApBQAgA9oQQAEErK3tq0Tc792fezIvzzfFPE+IyFT0/NOvTaay9ujf3FQ5P6e6mr3dn9oLq6mSzxViJKW7X+/6kq/PjMoc1//p136g+/H0tEsx579ukZfi89SWQyWf1P1rvZoHDz5srRD3zxh7eNMpx9++t/7Fya6PrFiNisH39/CdJ+AACAmyBJ0uSU1OSkFE3TnM52LkSYNcxg6PEXWrTWCM3T64U9EmMmSbYYUoZJXzoLi2GSJDj3X/6gi2hvFE2XWUIQdB0KrncEMKJhRQCAEHL+WEHY6kd65v9dpIjcR+aNziss7Oe5qbNS3cd2HatWiYi8DSc2H24ePyM9gqj9fGFhW2xm7pKnvzpnfE1FYXNqZgoVHj5UrRKRWn3oWOEN/ZFSDAYixWSgtmOHz3tv4AXxU8dH1JzfdbaZiMhxbt/Jqht5GwAAAPAnSZLBYAgPj4iMiOyV/xMR1Z8nrfef5R4rAkgSWcIHP8yhYrSSJHUl/6Ln6gDC4xKOmqBIv/t8UwCGEroAAEKIyWqp2fijX268ziGxWaP7e2HuE2vaN+x68f8caleJTGFpuaueXTyKiNqbzm1+ZdevnESKKW3ZvbkRJusXVtVt2PuT/zjmJSUiaeqXrrvYYKep6z5/7icbfv/UP02zFk4afdr92a+YsPy5R7b86q9/espJBktE5n2rcvv2FgAAAAQrxoZ6RkCv11tTczU8PNxuv9GkXTReJK72XSevuxdAkiV7RP8vDkWSgZjU486/fzuAEKK9mQQfpCUJbhzr05oBMJSY0Hc+UwAAAACAUONyqkP8Ibq2tublP/w2LS191cr7P9i3l2v8nnvuu+4rhLbrv7xHN/g+7vtXAbq2mdFqeOjnUuqwWBGAiFqq3b9ZIbyejgsURKzHhSs5jyrLvk+yUd8wWWuN+Vfz9I0BhjfnD8qJqLi8stf+KUmJ6AIAAAAAALgJfe+sDy4hyOPxlJeXflr4aVnZOU3j584V+x+gKIZJk5L8XyA0F3Xe7ut1b7xrk4lhdEeaqyRE9zfGfylEQYwRtdcHxUAAT7veEcCIhhIAAAAAAMDADP1AgLCwsEkTk86VlmzZstm358+vveJ/gN0e/h/PPe+3Q5DgPUb+9zmn4JpwNbE++0OU8DqJa33LM6KrHOBsI65/CYC5HXqHACMaSgAAAAAAAAM05Hmz1WpdufL+g4c+LC8rbW5pFkLYbDb/A8LCbD1fwYhYr4UA/QMXRMS5cDQPQfBDxNPqy/C7rtqne0ZATf/8n4jI1aJ3BDCioQQAAAAAADAwQ3/nnDE2enTMA6sfcrld77zztqZpj6x99DNf073ZmQn73x5ngpOrdZAC1kH1J4KISDC/74/w25BIHeLhG/1izka9Q4ARDSUAAAAAAICBYWyo5wLoYjKa7r5rxQ0cyEgyXH/EghCct9XJqpMUS2CD1IVWeZqIGLGu6Q97VWoEU/So3vTG2hv0DgFGNJ2XxAAAAAAACDlMv0SSMWaz2W02+2cdR5ItnKTen/ZZzw1xtVg4rg5GnENNCF5dQoLENVoeiIjJQZH7sPY6vUOAES0ofgwAAAAAAEKJ/veSPxOjyAkkKb5MuLsfXvSIXdRXUEuNPgEGluYSLVe7VgH0r3R0b1tsfWsiOmit1TsCGNGC4GcAAAAAACCkMB3bAG4Yi0xgUvewX1/EjPW8Q+51iUt5+sQXUOLSx8LT3r0KIFE/KzdaoonJekXYhQ2PtgsIWSgBAAAAAAAMTChUAIhFjCPWe+Yv/6UBGJEQQvvkn0O9wuEg0IoP+NY/6LsOYvclm23B8J1jLdV6hwAjGqYDBAhVHq/qdns9XlXTuAj9v9wAAIOHMSbLktGgmEwGowEffiAAGGPXnWgvOJgjmNUmXB3L/vW7LiAj0hqrlaItLOMhfYIMCNUlrpR0JfzMbzrArkEBgjGyRBHT+Q4oczaxlip9Y4ARDn8FAUKP16u2trm4EGaTMdxuVWQpJNoRAQD0IoRQNe7xqI5Wp8SYLcxsQCEAbg1jxBgLqhI85/zixQvhERHRo6I7dikmKXUBP/r3rmNYz0XyOreE94PfGVOWkiliaEMOGHE5n9dXdD/02+geFGA0M/so/UsATZXM7dA3BhjhMBAAIMQ4ne7G5jaz2RgdZQ+zmgyKjPwfAOD6GGMGRQ6zmqKj7GazsbG5zel06x0UhLyg+vPb3Ny0c+c7mza9UVBw0m83k6fd13tafNFzdkBfktxUo+VvGcJ4A0po/HIhtTf6HrGe/3ZcqSCyRrHIcboF2Yk1XtA7BBjpUAIHCCVOp7vN6R4VaVMU/SezAQAIRRaz0aDITS1tRGSxmPQOB0IYkxhpunUBcM4554wxSZIqKyve+Ptfm5ubGWN1tbVCiK7bAyw2TbKYucvV0QxP5Jszv9etcuIqP/WOPGUxRU7U6YJuQXsjP/2u0FTfI9HxT48SDWPELFFkT9ApRL9IGs7rHQKMdCgBAIQMr1d1tLmQ/wMA3CJFkSPDwxqaWhVFxogAuGmSTm0AQogrV6/kn8y7dPmSxWJNSkp6//2dmqbFxsZNmZI2L2d+j/ZAg1Wefp84/ib1nBu/V+mCEfGqEq1gm7zwO0N2IYHCLxzVrpb7tjtv+zPRZ9SDZItmFv1HOkj15XqHACMd/uwBhIzWNpfdZkH+DwBw6xRFttssrW2uqEib3rFAqNJrULnT2b59+7aLFy/4ZiIoKTmraVpGxrTFi5fGxsSWlZW6XK74+O7b3SxlEeVtFZrWtadv64IgYlxTj26Uxs9ik+4YsmsJAI9D3fdrpqm+q+hb5ugqBEjJOaTo3/jD6kr1DgFGOswFABAaPF6VC2ExG/UOBABgmLCYjVwIj1fVOxAIVZLEmKRDI0B9Q/2FC+cVxbBq5eqnnvxabGwcYyx61OiCgpM//c8XXnv9lb0f7Nb8En4pdoo0Nt3/DJ3j5EWv9fOEq9XzxneopYJChtD2/S+vqxR+M/+zzv96LBAoSE7K7blioA5YfbmEEgDoDSUAgNDgdnvNJuT/AACBZDYZ3W6v3lFACNOjAkCMGGNsxoysqVMzhBCjRkVzzg98uO/DD/e73e7w8IjeSxXYYqVxM4lJzG+1PCISnd3yPZYJ9Lq87/xYOK7ocGEDJkTFcbVoT9e4h67mf//7/76dcsJkGqX/NAdSbTFpHr2jgJEOAwEAQoPHq4bbrXpHAQAwrBiNSoujXe8oIIRJEtOGfEZAuz08MjKqtPRcbW1NXV1de3sbEZlM5okTJqamTomPT4iJiVEUvw/5skFKW8JOvk3OJv/zsD6t8j68/GPtg/9R7vspycF976GtXj30R+Go67rn7zcQQIie0wHK8x8nyaBLmP6kq2f0DgEAJQCAEKFpXJHRtgMAEEiKLGka1zsKCGG6DASwWq0pKZM//vhYU1MjEcXGxs3Onj19+sywsDBJkvpdKpiNnSknTFLLTvZO+7vum7Ou/yXSvFrBu0xrlR/4NbHgnYGIH/4tLz1KPRoeqPPSmP+igMweyVLv1CfKntjV03qHAIASAECI8F/gBwAAAqJ3vzTAAPky7iH+P5HBYEibktbQUD9uXOLUtPSxY8fJcu9EXZBwtjstFkvHhwdJUZb9QKv4gvC6/asAXcMAugcC+HYI4S3cL+Tn5CXfY7a4Iby4G+Np0078VT26SQjedRG++/7Cr6zRgTFp+v3MGKZjvB2BOK5KV1ACAP2hBAAAAAAAcDMY02cswOTJUyYlJZtN5n6fbW1tzfvkxNWr1YsXLYmJie3YGztVmfOw9/DfemfI/U2R53tWO7VLuNoMd/+AIsYNymXcHE+bdmyD+tErgne08AjhNwGgb4//QgC20XJKbjC0M0jVBay1Ru8oAFACAAAAAAC4WbqUABRF6THa309x8dn33t9RV1srSIwdmzh6dExHIwCTpFmfk4r3ifoq/+O7RtGznjsFkVC9WvEBfvm0ce1/s3FzB/WKbpQQ2v5fqB9vE2p3OwP5TQdInRfTPcRhTBpLyNItYD/S5Xy9QwAglAAAAAAAAG6eJDMKgmUlPP9/e3ceX1V5qHv8WcNOMAECYRI0QREQlCjiRBH1okcs6q1oj8Npew89rUPbW/H2WFr1AMeLnKOWenqKrV6tE3VCcQArolBABCLzlDCHYBIgECCQQEKGvde6fySEkAQIkOTda+f3/fRDd3b2XnnW9pOd/T7rXe+qqNi9O3/R4q8zMzMsy2rXrl3fPhf369e/9lmEVseezhX3hL96UeFjif1aN2pdLEDVRYDv69Deiqm/Cv2Pn9sD7lCbDi27W7V4Ye3fFv77c5EtS2qHrHGsy7CO7YVlu+53fqQoOAtAkr1ztekIgKgAAAAAgDNn25ZtW55nclGJHTt3rFixbMOGzMOHD8fHtxlw6YBBg67s2fPCSCSybdvWiy7qczSra1/2PXvzvEhexok2ZdU/l17ySw5Uzn7e2b7Uuepeq+d3ZLf4CCJc5q2ZFl7+vr93+ykfW3u9Q+fKO63UwS0Q8JTs/HVUAIgSVAAAAADAmTNYAZSUHF6wYP7qNatKS0ur1raMj48beMWgCy+8aN++vZ/P+iwnJ+dHPxx14YUXVj3eaneue9tY7y/3+57f4IoANYvqWbXPDvDlV5ZHNsyNfLvSTRvu3PiIzunUUrvo+/lrw1886+Vv8SvLaqet/4r7x9+2u6S4N4+RY/5agJLsvBWKVJhOAYgKAAAAADgrtmMpbODnep6X/s3ixemLLMvq1rXb1Vdfu3zFsj17dm/csH579rbF6YvKy8vj4+Mz16+tqQAkyzo3Le7WxyrmTPbDFbWP+fv1lwSof7J96cHw0g/C6+e41z9k9/kfVvvucuKaa/cqS1W8O7L6/fCKT/zyw6e8KlKdRsCOT3Bv+KXi2zdXvNNk5y03HQGoRgUAAAAAnDlT5wLYtn1x3367du3qmdozLe3yTp06de7S5Y03Xv1mSbrv+67jXnRR70FXXNm//yV1nmhd9o9O/qbIulnyIrUHzzXrBjQ43j62e4cPVH4xyVn1gXXR9faFg+2UKxTf/gRPOgO+yoq8nGXetsXelgVeUUHtn97wzIU6eyfJsp0B37V739BEkc6WXbDZzl1qOgVQjQoAiCHrP/7Fm+U/mPBPQ89p8NtrJj+z/54nbu5+8o0ULHr2xcLhT31vUPNkBAAgxlRdGtDIuQDnn5/yj9+/NyEhIRKJrFq1Yt78uZJ8309ISPjurbf3798/ISGx9oqA1dq0d2/4hZe/2duzVfVWAVS9qwPUn2Mv3/P2bPcLvrXWzLA69HAuvsEecLvV8cKzuvae7/n7tnqZMyOb5/tFBX75YfnHvaR1dqN+5VAT1U4+177h52qTdOZhmpSdk24dOWg6BVCNCgCIGYWz5xT06x8/f1Hh0FuSz3wzXYc+/lRTxgIAIOaZOhfAtu3ExMTCwsLpMz7etm2r7/vt2rVLS7v81uEjQqGTngPf8YLQyIkVb/9MJQeOjbN9yaq3FqB0wlLA9/3SIr+0yNu1UV+97HS7yO79Hbvn1erQS/HtLDdebki2K8s+vhrw5EXkRRSp8MMVqjjsH8jxvl3mbf1Ke3M9z6v5KfUP+NcNcPwjq6O27xL60RtW+/Ma/zI2N/vbdNMRgGOoAIBYkbNi/jlXjftx4rsTv8q4+e40u+rekk2ffPDSypJQXJvu16eG5EjS6mkPrki6vTx7UUF5ZfKA0Xdp2pSt+WXlCVcMH3dP/4Tdc594Q6OfuLn76mkPrki6x8udnV9WqaTbH/xfw6PojykAAFHEcUxeFyA3L2fbtq2JiYn9+11yxaCrUlNSbds+5bOsc9Pi/vF3lZ9N0P686kUALPny/XrH162Gxtt1F+TzFdm9LbJ7mxa9Y52TaLU/12p/rtU2WW3aW/GJfqidLKvqKoNWpFRlh70jh1Syzz+02y8q8I8UVx3wt2oN9etMSajfStTOc+yKgB26h257wuqQchovXzOz85Y72xebTgEcQwUAxIbyRV9suejGXybYuv2qxe8uKUkbkihJ6798afclEyZcm2Qrf84b45V6T9XDt+/v/G8/+32ilr7+/LOfD/3j+J8leFunTFi0aHj/4bW3un1/wr898PtElaa/9esv1wz/yUAzOwcAQNRzHGMVwKWXDCga/t2eqRecd975pzj4fzyr52D3lsfCM//DP7T36MDeqn86gH/8kfbjWgC/egWBWnvu+0cO60iWvyer+mvLkqyj5yP48n3fb+CFqj/Ub3DZ/zrfrZ3KCrUJDfuZ3StalgCo4mQvVLisEQ8EWsipC0IAAVC4ZH5J2sh+ktR92EDNX7xNkpSxNi/18oFJtiR1v6ZPas3jL+w/NFGSUs9N6twzJUGSnZgUHyk9cvxmjz4soVePpD3781tyjwAACBTbaeCk+5YRCoVuvGHYBRdceFrjf0myHLvvLaERv7biE2uP+U++H37tG0fH/9bRJ1r1H+n78j3fi/hexPe8Bsf/Ojqet2ptqk7dUDtbA1FDbeJG/MpO+34zXqTg9FmlB+zsr02nAI7DLAAgFmR8viZ3Z/iJx1bU3DN9yY2PDY4/4RMauVjPWazpAwBAq2Lblu1YkbCZiQBnzrKs/nfExSdVfjnJL9hW+6T6kx+Br30c3jq+FzjJyQI1Q/aTn89ff+pBnYfVuYKhldQtNOzn1mX/KCu6DnDa2+bb+etMpwCOQwUABF/houk5/R9/fvhFx+5Z8PSbS/YNvjHt8pRX5yzJH3xjd1v5y7bmKvWkGwIAAGfOcexIOGI6xRmwrAuvD32vbXjWf0R2bjzRyf+1+fW+rDMtv+7DqhYatBr6Vq0vT/1z/eqN+P6xCQh2Ykf3u7+1+9wUbeN/SU7WPNMRgLqi7vcEwOnaNj9T11x1Ue27kgcPS1wzfb106a0/75v7/Pg//XrCq++656WZCwkAQMxzHMt2DJ0McJYsyzpvkPuDl52UAbKd+mvv1b8uwHHfrjeH/9h0fb96ocHaUwManNVf5wENz0E4WiJUn3NhWXbH7qFRr9r9vhtV8/+r2NsXOVvnmk4B1GWd6GwcAFFlz96D3bp0MJ0CAGIN765oWuGwV1nhmU5xFiLlkcWvhFd+5BcX1Fmc/ySL8x1bkL/WnX69x5z8njqn/dde57/hHxqKd/rf5AwbbXXo2bh9a2mh2U+5K/5qOgVaoyNPZkvanJ1X5/6Le6VwIgAAAADQZBzHjti+qUsDNAEn3hnykJV6lff1nyLbVzdm/F//in11VvJrcHh/krF9/cF/ncUFLMlKaOcMe8S5ZIQSOp35zjYnO3+ds3m26RRAA6gAAAAAgKZhWSavDtg03Hj7gu9Yqdc6S1+p+Po1lZXUWtv/2Pn8x0bpNdcF9OVbDYz/668OYNU6mb+++nXD8achWHbqgNDI59Txgqba4+bgbPrCOrTbdAqgAVQAAAAAQJNxXCsSCXgLIFm2rcEPxfW8NrL0HW/7Uv/Qfp3oaoE1i/wdXZ9PJ54FoJrvWnXnF5zy4L9s2+rcy718hDPwPiUkN/kuNyF7z0Zn0yzTKYCGUQEAAAAATcayrMBPBKhi2VaPK9z/2d/LXeZl/C2cOUfhitrXAjym3tX+jtvMya4pULXGf8OXEjxupYB2nZxB33cuHWF17hOFK//X4WycaR3IMZ0CaBgVAAAAANCUYmMiQDW3jd3rBvuCIe51P62c+1/elm/kReoO2q3jjuFbx3UCde85/iC/VX9pgDrPVSjeHXiHc8Mvldgl+gf/kuz8DGfjTNMpgBOiAgAAAACakmVZjmt5FTFRAVSxXXXuF7rnJX93hrd2hpe7xju40y87XH+hvgavI1j/WgCq9aw6t6s31aat3THF6nW1M/D7VufeJ1w5IPo4Gz5lCgCiGRUAAAAA0MQcx444vheJoRZAku1YPQY63S9zinZ4+Ru8vJX+9qXevm/9cPhEV/Wre0i/1u0Glwy0bMfqcoFz4WA7ZZB9fpra9QjEkf8a9rfpTuanplMAJ0MFAAAAADQxy5LrWBUxVgFUsWx1SLU7pNh9b1a4zN+f7W2dH9kyzy/IUbiy6iH+Sdf5O25jku/7Vsi1uvZxeg+x+96sTr2tUBs5boCO/NdwM2dYJXtNpwBOhgoACAbLsnzft6zg/S0EgKjF+yqalePajudHwrHYAkiSJSckJ2T1uNzpcblzw2gd2efv2eLt3uTvy9ahAr/0kB8u8yOV8jz5Ecv3ZdmybMu25cZZbhvrnHZ2Ujcl97LPvUhdL7ESOwdxzF+bs/5TJ/MT0ymAU6ACAILBcexwxAu5jukgABA7whHPcYI0xxiB4zq2F4n4sVoC1GbZSuhqXdjVuXCoJEUqVFmmimK/4oginrxy+Z7skCxXjmPFJ/ihtlaojZw407mbjHVoj5vxkbyw6SDAKVABAMEQF3IrKsJUAADQhCoqwnEhPguhGdmO5bh2uNIzHaTFOXFy4tSm/YkO6wf7cH9DnHUf2tkLTacATo3mGwiG+PhQWXmF6RQAEFPKyivi40OmUyDGua5lO7E34MVx7Jwl7roPTacAGoUKAAiGuJBrW9aRMloAAGgaR8oqbMtiFgCam2VZLuebxLbKI+6a97kQIIKC9yMgMNomtjl0+Eg4HDEdBAACLxyOHDp8pG1iG9NB0Co4ruW6fOqOWe7q95z1M0ynABqLNyMgMEIht11im4PFJbQAAHA2wuHIweKSdoltQkwBQEvhdIBYZecscVe/ZzoFcBqoAIAgOeec+MRz4gsPHuaMAAA4M0fKKgoPHk48J/6cc+JNZ0ErYtmW69pcgzLGWKWF7qp3rP3bTAcBTgPlNxAw55wT77rO4ZKy0iPlbeLj4uJc17G5rjUAnITv++GIV1ERLiuvsC2rY1Iix//R8hzH8lrn1QFil7PyLWfjTNMpgNPD3z8geEIht2OHthWV4fLyyuJDpZGI57eKKw4DwBmyLMtx7LiQ267tOaz/B4Nc1/Y9PxLhr3YscDb8zV35tukUwGnjryAQVHEhlw+yAAAEiGXJDdm+73keLUCw2bvWusvftEr3mw4CnDbWAgAAAABaiM2iAMFnlexzl79h71xtOghwJqgAAAAAgJbDNQKDzl36mrP+U9MpgDPEuw8AAADQotyQTQsQUO6y191lr5pOAZw53noAAACAluaGbMflfICAcdbPcJf+RV7EdBDgzFEBAAAAAC3NsuS6tuPQAgSGs+0r95uXrUN7TAcBzgoVAAAAAGCAbVtuyLZtWoAAsHescNNfsgs2mQ4CnC0qAAAAAMAMWoBAsHdnuotftPOWmw4CNAEqAAAAAMAYx6EFiGr23q3u4j87274yHQRoGlQAAAAAgElVLYBFCxB9rH1b3UV/dDZ/aToI0GSoAAAAAADDHMcK0QJEGWvf1tDCyc7Gz00HAZqSazoAAAAAADmOJdnhSs/zfNNZIHvPBnfRn5zNX5gOAjQxKgAAAAAgKtACRAl752p38Z+drHmmgwBNjwoAAAAAiBaOY1myK8OeF6EFMMPevjCU/pKds8R0EKBZUAEAAAAAUcR2rJBlh+VFaAFanLNxpvvNy/buTNNBgOZCBQAAAABEF9u2QnG2VemHw57pLK2Iu/Itd8lfrKIdpoMAzYgKAAAAAIg6lmWF4izLUjjs+cwGaGZWWbG77DV36auqPGI6C9C8qAAAAACAKOWGbMtSOOyzQGDzsQs2ucvecNZNMx0EaAlUAAAAAED0clzbsvxwmKUBmoWzZY67/E075xvTQYAWQgUAAAAARDXbsUK2Y4W9cCVLAzSdyiPuyrfclW9ZRTtNRwFaDhUAEBz71kx5e8nSnSWVnpJS+oz80feGdjYdCQAAtAjLUihk25wU0ETs/HXuyreddR+aDgK0NCoAICB2zx3/h63d77rt91elJqgkd8WXkye9uu9XD4w813QwAADQUhzXtmw/EuZKAWfFXfO+s/pdOz/DdBDAACoAIBDKF81Yk3Tnz34+OFGSlJg6+O4J3luPTnp+Zr2HJlx684QfD0yya9+3ZvJjc4/9lYtPGjTy7p9fk9wSwU9u99wnJhWOfP6ea00HAQAgKGzbsuMsy1aE6QCnz96d6aye6q6ZKp8OBa0UFQAQCFsysnpc+2DR9Of+30wNnPDbm7tLCUP+11+G1H9kydLXXx3/pp75ycCE4+5Pun1M9ZSBypzZ4yfPmNn7X26PghIAAACcAde1baYDnJaKUnfdh87aafae9aajACZRAQBB5hUtevPNaZUDh4fWzNbgkVoyvXLg8NApnhTqOeDazhnbciQnY8obi6sXF+h97eiHh6aqcNHbH7+bUVQpN6nXlaMfHpp6ZOv0v345O6u80nW7Dxr++C0Fz/9H9qB/+5fbk6UjK54fvzjpp48+0E/S9nef+rT0nkcfuOD4x9/XP0Fa+vrz09td1S97zSJvwIQnBu97/72XVhRV2vFp1/RooRcKAICYUzUdwHasCBcLOBVn21fOug+djZ+bDgKYRwUABELftN6zly5Jeuy3j408eldp+luPflSQ0HfgMK2ZXTlgmJZM14BhWjNbN074cZ0pAMep3J65dF/y0J5S0nnD7/mXUefFyyuY/t9vTV87dLT91ZTsro8990A/lWsgJaAAAB/8SURBVG9btjFkK3/hgpmVV//x+WsTwoVLV+1R8uChvVfMXrLr9tt6lK7duk1hrdiofv21KWOR+jx2afnS1z+fH3/jM5MGJnm5706a9vz8buOGJUvat3ZX6sM/fvG8pMol741fmzhq/AND24W3ffLms0pqoZcQAIBY5DiWbTt2xOO8gAbZu9c7mZ84mZ9YpQdMZwGiAhUAEAjxQ+8cOPsPb71kf++Ba3qEVJ67bObkGeW3j3ls5LmSbh6pOv/WVzTz6MIBoXOS0u67+/ZkqWT/0k8/mJ9XUlouSZ3zd2lw14sq1kybtuD2K9PSrhkYknRB14SvV7/6uYalDRh0Tf+QdO0VPd6dvzH/tk6bVhcM+p9X5X+xMcPrr1XbEy6/6yJtmb1RaT8dmGRLduqwy5Pmb9paOuxaSUlXDB6WkiQpY9Ou0IDbhraT5F70nQs7LypswZcRAIAYZFlyXdux/XDEj4R936cIkCTrYJ6zfoabOcPav810FiCKUAEAAXHuzRPGdJry9qePfnT0ooBjHjidiwIeWwugRv7CBTMP9nr834dfFF80+79fnS8peejjEy7ZtD5j1ZwPXt3Z9YF/u3tQv+/98d93ZSzfuGjaGy9V9h/325u7X9M/7aMl89fGb8tLGfnwwPxVby7NyFBm4tDRqdIJV9YNnRN/VrsPAABOyrKtkG05jh+J+JGw15p7AKs439k409nwmZ2/znQWIOpQAQDB0XngqP8zcFTTbS8h3pEUCkk7VyzaKfWVdm9cGul17eU39kvrUTnh81U56hefsS2pf9rQHmlXtH12/IaMInVPGjjs8gWvTltZOWB4mp100TXJj06bF+o8cMK5kvoO6j/v3fQ1RX0HJnm589cWpQ7uU+eUhH79elR+umbRof5D24W3fbN9HycCAADQdGzbsm3LcaxIq5wRYB3MczZ94WyaZe9aYzoLEKWoAIDWK+nGW+9Z//HTYzJCKQOH9dUqqfTIrkVvzX61KCzb7Z524+h+Kl29ddprsycfkdz4frfcPjRJktKu6xNanXvtdf0lJVzRv98nC0qvGNhZkuKvve+2/L9++cSYuZWu233QbY8Pq3vVgYTB3xud895LE56fYsf3u7zTacxjAAAAjXO0CPC9iB+JtIo1Auw9G5wtc+wts+09G01nAaKa1dqqQQAAAKD18H1FIl5VF2A6S7Nwtn1lZ81zts61ivNNZwGiwpEnsyVtzs6rc//FvVKYBQAAAADEsqrFAuUqEvG9iB/xfD8mJgVY+7c52Qvt7K+dbQukWNgjoGVQAQAAAACxz3Esx7FcX17Ei3i+FwnkbGCrZK/9bbrzbbq9fbFVvMt0HCB4qAAAAACA1sKy5Li2I/meH/F8LyBdgFW0w85baectc3KXcZE/4GxQAQAAAACtjmVbrm1VLRZQVQR4XpQtHBiptPPX2TvX2LtW2ztWWYd2mw4ExAIqACDYAtDbA0A0sSzLdAQgulhW9TkCkjzP9z15nu/5vu8Z+JRhHTlgFWy2CzbaezZYu9fbBZtaOgEQ66gAgECq/zeZLgAATqJm5F/zbkkXANRn25ZsOaqeHeBXdwHyfd/zmuXDhhUus3OXWYXfWoXZ9r4sa1+WdbigyX8KgBpUAEDA1P7rW3Ob8T8AnJzv+zVj/qobVe+cFAHAiViWLMeydex3xPfl+36tfyW/+jNI1f/V/zxS9RtW9YtmWZJlWZYsS1b1Dcua+ZyWTGnZPQNaNSoAIEhqj/mP/q31qQAAoDGODkKsqjqgpgigBQAaqWrQXnWzyTa6eX6TbQpAI1ABAIFRM9qvfaNOFwAAaFDN+L/O4L+mETAdEGiV9mbpQK7pEEDrQgUABECdg/9VduQXZOfs2lNQWHSoJByOmM4IANHLdZ327RLP7ZJ8Qcq553XvYtt2TRFQMy+AkwIAAzL+ZjoB0OpQAQCBUTXy9zxvd8H+5as3lldUXty7Z1r/3h07tAu5/C4DwAlVhsMHDh7asatg6eqN8euzrrr84m5dkquKANu2GfwDxmyeazoB0OowbACiXe1p/57nrd+U/c3K9TcMHnhpv16mowFAMIRct2vnjl07dxx02cXrN2V/PnfJNVf0v/TiC23b9jyvpgXgjACgRVWUauc60yGAVocKAIhq9cf/6zZm3/u9mzslJ5mOBgCBdGm/Xud27TTz7+nydcnFFziOQwsAmLHiPdMJgNbINh0AwKlVVQC7C/Z/s3L97f8whPE/AJyNTslJt//DkGVrNu4uKPQ8r/bSqgBazqY5phMArREVABC96lz2b/nqjTcMHsj4HwDOXqfkpBsGD1y1brPneVUtAJdZBVpadrrpBEBrRAUARLua9f/LKyo5/x8Amsql/XqVV4Z35u+tc41VAC1h+bumEwCtFBUAENVqDkll5+y6uHdP03EAIKb0693z27zd9ScCAGh2nAUAGEIFAESpmo+hVQem9hQUnt+jq+lQABBTzu/RtWDfwfqzACgCgOZVVszlAAFTqACAAPB9v+hQSccO7UwHAYCY0rFDu+LDJZwFALS0jV+aTgC0XlQAQFSr+VQaDkdCLlfxBICmFHLdcDhSZ9aV6VBAK7BhtukEQOtFBQBEL6akAkDL4CwAoOWUH2YWAGAQFQAAAGjVGPMDLWoD43/AJCoAAAAAAC1lwxemEwCtGhUAAABo7ZgIALSQskOcBQCYRQUAoFk8+NjzpiMAAIAos2GW6QRAa0cFAAAAAKBFrKcCAAyjAgAAAADQ/Er2a/Nc0yGA1o4KAAAAAEDzW/+56QQAqAAAAAAAtIBMKgDAPCoAAAAAAM3sQJ6yF5sOAYAKAAAAAEBzy5xpOgEASXJNBwDQBErXf/rsO1vzK93UIbc9dlefBEklG6f8afaignAoJW30g8P7JUrertkvfzw9q1ztUu/55T3DOktS7vz3Jn+xq0jxaXf+YPSQ5IY3dUZPNP2SAACAaJL5mekEAMQsACA2bHz3na355ZIXzl305fTtkpQxY/aigrCkyryMV7/YLqlowZfTssorpcpDue9OW1oqqWjRlM92FYWlcHnGRzPnH2l4U2f8RAAAAEnKX6+d60yHACAqACD2uA38WttOI+5xQ2e4qcY9EQAAtFoZTAEAogWf04EY0P8HP+zTPV6y3dShN4/sKUlpdw4f2tWVFEpJe2B4qqSkG2+9p3d8SAq1S/3B969KkJQ0dNQdPZJcyY1Pu+vWoec0vKkzfiIAAIAkZfzNdAIA1Szf901nANAA/yjP8yKRyF/e/tsjD9xjOtRpePCx5//y/GOmUwDAKbzw6rR/vme44ziu6zqOY9u2dZTpaECsyFqoN39oOgTQihx5MlvS5uy8Ovdf3CuFWQAAAAAAmlPGp6YTADiGCgAAAABAs6ECAKIJFQAAAACA5rHmI1UcMR0CwDFUAAAAAACax9oZphMAOA4VAIBmwVqAAAC0dsX52vqV6RAAjkMFAAAAAKAZrPrQdAIAdVEBAACA1o5LAALNYu100wkA1EUFAAAAAKCpZadr71bTIQDURQUABIPrOpXhsOkUABBTKsNh13WYAgA0i7WfmE4AoAFUAED0qvlUallW+3aJBw4eMp0IAGLKgYOH2rVNqHqbrf2WazoXEHxlxVrzsekQABpABQBEtZpPped2Sd6xq8B0HACIKTt2FXTt1KH24J/xP9A0lr+rSKXpEAAaQAUABIBlWReknLspK8d0EACIKZu25vQ8v5t1lOk4QAxZ/o7pBAAaRgUARKk6R6XO694lPi60flO26VwAECPWb8qOi3O7d+tk1VL1LeoA4KxkfqZCjlsAUYoKAIhqVR9DLcuybfuqyy/+esma/YVFpkMBQODtLyz6esmagZdeZB9V835rOhoQfEv/ajoBgBOiAgCiXc2xqW5dkq+5ov/Mv6fTAgDA2dhfWDRzzuIr0/p265JcNfjnXACgyexYre1LTIcAcEJUAED0qn1IqmoiwKUXX3hp3ws++HQuZwQAwJlZvyn7g0/n9uud2r9vzwanAFAEAGcl/XXTCQCcjGs6AIBTq90CXHLxBckd269at3nthqx+vXue36Nrxw7tQi6/ywBwQpXh8IGDh3bsKti0NScuzr3lhiurjv/XjP+ZAgA0jcN7tW6G6RAAToZhAxDVLMvyfb/qg6lt257nOY7TvVunETcP3pm/99u83Ru3fFt8uCQcjphOCgDRy3Wddm0TunbqcOVlfbp362TXUtWu1lQAFAHAWfn6JdMJAJwCFQAQ7eq3ALZtSzq/R9ce53b2j5JU9S8AoI6a4X2V2iN/xv9AU1rGQoBAtKMCAAKjpgWoagRq/q0z/qcIAIAada7zV7sCYBVAoIkt+JPCFaZDADgFKgAgAKo+ntbMBag9NYApAADQGHUmAtT+kuP/QNNY+pbpBABOjQoACIyaYX/VjZp7GP8DQGPUWfa/zgQBAGdl+TsqzjcdAsCpUQEAQVJ78F97jQAqAAA4pQbH/Iz/gaaxlFUAgGCgAgACpvaYv855AaajAUD0qj/UZ/APNJnMmdq90XQIAI1CBQAEUs0n15qRP59lAaAxeLcEmt6SN00nANBYVABAsPFZFgAAmJT1tb5dajoEgMayTQcAAAAAEFjfvGE6AYDTQAUAAAAA4IzkrtTmuaZDADgNVAAAAAAAzghTAICgoQIAAAAAcPp2b1DGp6ZDADg9VAAAAAAATl/666YTADhtVAAAAAAATtO+bK36wHQIAKeNCgAAAADAaUp/zXQCAGeCCgAAAADA6TiQp2VvmQ4B4ExQAQAAAAA4HUwBAAKLCgAAAABAoxXl6xsWAgSCigoAAAAAQKOl/8V0AgBnjgoAAAAAQOMU79biV02HAHDmqAAAAAAANM5ipgAAwUYFAAAAAKBxqACAgKMCAAAAANAIsyaYTgDgbFEBAAAAADiVSJhVAIAYQAUAAAAA4FS+eNp0AgBNgAoAAAAAwEmVHtA3b5gOAaAJUAEAAAAAOKm//950AgBNgwoAAAAAwIkdyNOyt0yHANA0qAAAAAAAnNj8P5pOAKDJUAEAAAAAOIHdG7XqA9MhADQZKgAAAAAAJ7DgT6YTAGhKVAAAAAAAGpKzXBl/Mx0CQFNyTQcA0DxKCpWdrh2rtWeTCnNVsk8VpfJ907EAoElZluISlNhZyanq1k/nX6FeQ5SYbDoWECu+ftF0AgBNjAoAiDmrPtC6GcpaaDoHADQ/31d5icpLVJhz7H2v9/W67E4NutdwNiDoNs/V5rmmQwBoYlQAQAz5+kWlv6bDe03nAACjshYqa6FmP6chP9UNvzCdBggsLgQAxCIqACAmZHymOc+pMMd0DgCIGof3avazWvGebvmt0u4wnQYImuXvaMca0yEAND0qACD4Zjyh5e+YDgEAUakwR+//QtmLdeczpqMAweH7TAEAYhVXBACC7OAOvXIX438AOIXl7+iVu3Rwh+kcQED8fZKKd5sOAaBZUAEAgVWwVa//k3JXms4BAEGQu1Kv/5MKtprOAUS9fdla8CfTIQA0FyoAIJgO7tDbP+HkfwA4DYU5evsnzAUATmHeH0wnANCMqACAYPrgEcb/AHDaCnP0wSOmQwBRbMt8rZthOgSAZkQFAATQjCeY/w8AZyh3pWY8YToEEK3m/pfpBACaFxUAEDQZn7H+HwCcleXvKOMz0yGA6JP+mnauNR0CQPOiAgCCZs5zphMAQPDxXgrUUbJPc583HQJAs6MCAALl6xdZAgAAmkBhjr5+0XQIIJr8/XmVHzYdAkCzowIAAiX9NdMJACBW8I4K1Nj+DacZAq0EFQAQHKs+0OG9pkMAQKw4vFerPjAdAogOf59kOgGAFkIFAAQHF+kBgKbF+yog6ZvXlbPCdAgALYQKAAiIkkJlLTQdAgBiS9ZClRSaDgEYdahAc5gCALQiVABAQGSnm06AVut3mpirnzx0tpt5NFcT5zVNIqAJ8e6KVm7Oc6ooMR0CQMtxTQcA0Dg7VptOAJydL0erTbHpEEA9O1Yr7Q7TIQBDNs/VqmmmQwBoUVQAQEDs2WQ6AXB2Nk03nQBoCO+uaM1mP2c6AYCWRgUABERhrukEwPE6jdTd45TSRbZUlqfl4/TlPEnqNEo/GKNu7SVp5xTFjZKm6o+/0U8y1SNTE++XfqeJ92vDFF0wSgmSV6xlo/UZ5wjAEN5d0WrN/S8qMKAVYi0AICBK9plOANSWovsn6Txp2Th9OE57k3T9ZA2pun+suklLxunDcfJuU5cTbKDvTVo3Th9OUlF7XTOmhdMDx/DuitYpP1Pz/9t0CAAGMAsACIiKUtMJgNoeUfd4Zb+sz6ZI0pquGv+I+j2k9N7qHq/sScfd36DcKdWP6XWXBqVosLSkRXcAqMa7K1qnL581nQBA87Jty/P82l9W3zAXCQAQcAdfOXqrSJ7Urne9+yep6JTPlfhzBAAtackUZX1tOgSA5tW+bWKDX/KZCwiIuATTCYB6OtRcKTBJtnQoq979Y5RkJBnQaLy7orU5uFNf/qfpEACaXbfOHTu0b2vblm1bHdq37da5Y9X9nAgABERiZ5Vz2V6YE+qqgSOPflGuvBeUf5dSR+nGAhUl6dpRiivWplekFOXfpV6jdUe5dkjX3q84s7mBU0nsbDoB0LK+/E9VHjEdAkBL6Na5Y83IvwYVABAQyakqzDEdAq1YykNKqfmiWJ8P0NQxunucbp5cfUWAheOULilPUyfqB2M0+GlVXRFg7yiTsYFTSk41nQBoQWs+UsbfTIcAYJLl+34jHgbAtFlPa/FfTIcATtdIPT5Zh17RnyeaTgKcwHUPasQ40yGAFlF6QJNv1mGuggHEuCNPZp/ku8wCAALi/CtMJwAa50eL1S5Tq2epTLpkjNqWa90U05mAE+PdFa3HFxMZ/wOgAgACotcQ0wmAxslaqRtu0h0jJClcrDUT9Xme6UzAifHuilYi429aNc10CADmUQEAAZGYrN7XK2uh6RzAqSwZrSWmMwCN1Pt6JSabDgE0v7JizXradAgAUYGLAgLBcdmdphMAQGzhfRWtxOcTVLzbdAgAUYEKAAiOQfeqbRfTIQAgVrTtokH3mg4BNL91n2rVB6ZDAIgWVABAoAz5qekEABAreEdFa1BaqM//r+kQAKIIFQAQKDf8Qsk9TYcAgOBL7qkbfmE6BND8Zv5fHd5rOgSAKEIFAATNLb81nQAAgo/3UrQGqz7Q2k9MhwAQXagAgKBJu0NX/9B0CAAIsqt/qLQ7TIcAmtnBHZr5lOkQAKIOFQAQQHc+o9QrTYcAgGBKvVJ3PmM6BND8Zv67yg+bDgEg6lABAMF07wssCgAApy25p+59wXQIoPktflUb55gOASAaUQEAwdThfP3odVoAADgNyT31o9fV4XzTOYBmtitDsyaYDgEgSlEBAIHVtY9+8h5nBABAo6ReqZ+8p659TOcAmt9n400nABC9qACAIOtwvh76hNUBAeAUrv6hHvqE4/9oFb58RrkrTYcAEL2oAIDgu/MZ3fciJwUAQAOSe+q+F1n/D63Fpr9r4UumQwCIapbv+6YzAGgiX7+o9Nd0eK/pHAAQBdp20ZCf6oZfmM4BtJTSg/rzd1W0y3QOAIYdeTL7JN+lAgBizqoPtG6GshaazgEAhvS+XpfdqUH3ms4BtKz3/7cy/mY6BADzqACAVqmkUNnp2rFaezapMFcl+1RRKn7fAcQYy1JcghI7KzlV3frp/CvUa4gSk03HAlrcN69r5lOmQwCIClQAAAAAQOzKW62X7zQdAkC0OHkFwHKAAAAAQHD5+vRJ0xkABAYVAAAAABBYM55U/nrTIQAEBhUAAAAAEEwrp2r5O6ZDAAgSKgAAAAAggPI3aMYTpkMACBgqAAAAACCAZjwuL2I6BICAoQIAAAAAgubTJ7VjjekQAIKHCgAAAAAIlOXvatnbpkMACCQqAAAAACA4dqzRjMdNhwAQVFQAAAAAQECEKzT9t6ZDAAgwKgAAAAAgIKb/Rrs3mg4BIMCoAAAAAIAgWPj/tOZj0yEABBsVAAAAABD1tszXl/9pOgSAwKMCAAAAAKLbwZ36+NemQwCIBVQAAAAAQHT7+Nc6vNd0CACxgAoAAAAAiGKfjVP2YtMhAMQIKgAAAAAgWi2ZoiVTTIcAEDuoAAAAAICotG2RPhtnOgSAmEIFAAAAAESfgzv10b+aDgEg1lABAAAAANHno39V8W7TIQDEGtd0AABo5eZp7I+Pv6e3HpmnbqbytHp7XtELmZo4WXlTNX2S9u6V4nXB0/rx/dTmAFrO9N9q+zemQwCIQVQAAGBcC47559wkTdEtKS3yw4KsYpbemqG7v1C/LvKK9eYAfX6V7uhtOhaA1uHrl7TiPdMhAMQmKgAAAOqJG6HHR1Qf9rfbK6W39uRKVAAAml/mTM1+xnQIADGLSY0AEJW8Yn32T3oqVWNT9cffaP/R+99O1Wez9Pp1Gn+T9kj7Z+mPfTQ2VRNGaNNUjb1Je0709Dz9IVULsrTgOo1N1Zy8Yz9r0zj9blKtn71SE65TnqRypY/WhFSNTdWzDyu7+FiGY0+fd/SHztPYm7Riin7XR3945bh9mXOT3p6qj0dofKrG99HH8+RVfaNY80drYqrGpmrCdVq2t/rxq35T/UMnjtCKvOpHznm4end+97C2FMtLPxpSkpQzSWN/rLKjX654WH+ecuKXsV7U7Ff07NHd3FlevZFjfyH3akuWeqad6X9LAGi0nRn68P+YDgEgljELAACMy9ILqce+6jRWv3pIn4/Qtvs19j255VoxRi+N05NPVw9KV7yi+6frx11kZ+l3D+vyeXq0t7xiTR0mJVVvpMGn/yq34RMB+o5Q2SPKGaOekqRN09XpIaVIK0ZrXrz+NVdtpZwX9MbDevQ9dTzpjnxToJ9mqlN83e9smaSR83V3e4Wz9OebNHexbkmRyqUR+s1kxUl7X9ELY3XZy9J0TS/Qb3LVVjq8UqsLpBTlvayVKRqbK1faO0s5RbKHqF+B1mYppbckLX9FdrmW79X1XaRyZc7S1ZNP+DrYx0ctna43J2tkpga1VzhLL90kjTwu/Nx/Vnisrutyxv+BAaBRSg/ow0cVLm/EQwHgDDELAACM661HcjXx6P9+9ZC0UqvKNPIRuZLiddUYJU5R5tGHDxirfl1kS1umqGyUbu2tqsnqd4w5+oiTPr0+e4gGtdHSdElSuZZM0bX3S3u1fJaGT1JbSVLPR9R78dFj8icSr1vHNDD+l9TxYQ1qL0lub906SiunSpK6aNgIxVXdHKGOW1VU9ehc7S+XpLZX6vorq7dQUaBD5dWPvCpFkq59SBs+qd7fDddp5ChlzpWkslnKHqHL4k/6OtSKuvJ9XTDxWLwbjx//H5iqpX304EP8wQTQ7KY9qr1ZpkMAiHF8ogGAKFSkiiS1qfkyRV2kPUeH30ldq2+UFaldreP57bs26ukNuu4hZU6VJ5XNUu4oDYqXylQmtak1nu/WW3u2njR2Ss0shLq61DqLvmOKDh+d3j9/tJ69UuNTNfa66ln6bUbqx6P06ZV6aoBemlh9Z8oY3dFVfxmgCVfq7SkqlST1vEuaqhxp03SljtTAEdr7vg5I66ar731qc/LXoVbUsj2Ka19rNwccl3zV+/qHiUo46X4DwNmb8YS2fmU6BIDYRwUAAFEoSXFFx85sV572St3qLePfJkmHag3siwsa9XSvoSmmHe9Xr+laVa5vpmhg1dXv2qiNVFbrwXuy1K1P3SeWFde9p0G1j2sV5altiiRlTtRC6cF0TcjVxHnHTjHoNUqPZOqplbquXH8eV33noLH6zVaNTdd5X2hK1SSC3rqkjdau1LpPNGCE7CG6JFNrspS5WFfddOrXoUabbjpUcOzLPcfPlyjqqn7t6z4FAJrWgj9p+TumQwBoFagAACAKXalBbTT9BYUlSasmqWSUBtR7VN9RajNFX2apet27Sad+eptu2jCr+v7jxGvACC2fqDUFuuJSSVIXXT1Cs8fosCQp7wVlXVc9A7/ndcqcLk/yivXh2Ebt0IGXtapYksJZmjVFA+6SpLh4SYqPl6RVr1SfBXBgupZkyZMUr45dq8+J3TJVm/ZKkh2vdl1UcbR3uO4hbRitDTdpULyqTg1YPko77lff03kZr75P+ROPxVsw/bjv3v2yaAAANKvVH2nO70yHANBaUAEAQFS6bZYuSq9eLX9hG/386YbesHvrpy9r0wiNTdXE+3TZmFM//bqnlfSmnkrV2/PqbmzQKO2doriHVHOY/KrJukn6r1SNTdU7mfrnl6sP1FdtZHyqJo5Q3zF1t9OgvmP07X0an6oJI9TtZd3Wu/rO75Tr96ka30e7BlVvPD5FWY9UXxFgyuf6wVhJ6pSk+SM1PlVjUzWvXPc+VL3ZjrepXZ4uub9671LukvJ0ychjr1VjXsY2I/XgGM0eoLGp+v0kXVd7j+bVvXoCADSt7MX66FemQwBoRSzf901nAAA0BW+Wxv9Vv3nvTI9al+v1Prpsq65qaD2/szHnJu0Zqx/d1MSbBYCg27tNr92jw/tM5wAQU448mX2S7zILAACCq1zTf6P88urbcyar+3fPfNb6ganaMap6Rj0AoLlVlOiDXzL+B9DCXNMBAABn4fz2evdKHSiWpG4P6V9GnfmmFr6iQVNohgGghUz9hfLXmw4BoNXhRAAAAACgZX0yRivfNx0CQGziRAAAAAAgasx+jvE/AFOoAAAAAICWkv6qvv6z6RAAWi/WAgAAAABaxNpP9PkE0yEAtAqbs+te1fjiXinMAgAAAABaxNYFmvao6RAAWouqAX/9L6kAAAAAgGa2c62m/sx0CACtS82wv3YdwIkAAAAAQHMqzNF7P1d5iekcAFqdOnMBmAUAAAAANKcjB/Xez3Rwh+kcACAqAAAAAKDZ+J7e+5ny15vOAQDVqAAAAACA5vHew8pONx0CAI75/1+Wc8FYayORAAAAAElFTkSuQmCC
12.07.2025 22:48:35,039 INFO  LoginPageClass:44 - Login button is clicked
iVBORw0KGgoAAAANSUhEUgAABVYAAAJNCAIAAABV7bmTAAAAAXNSR0IArs4c6QAADoJJREFUeJzt2LENwCAAwLDS/9+FhYUvWonYF2TOWHM/AAAAwO3evwMAAACAL1gAAAAAkGABAAAAQIIFAAAAAAkWAAAAACRYAAAAAJBgAQAAAECCBQAAAAAJFgAAAAAkWAAAAACQYAEAAABAggUAAAAACRYAAAAAJFgAAAAAkGABAAAAQIIFAAAAAAkWAAAAACRYAAAAAJBgAQAAAECCBQAAAAAJFgAAAAAkWAAAAACQYAEAAABAggUAAAAACRYAAAAAJFgAAAAAkGABAAAAQIIFAAAAAAkWAAAAACRYAAAAAJBgAQAAAECCBQAAAAAJFgAAAAAkWAAAAACQYAEAAABAggUAAAAACRYAAAAAJFgAAAAAkGABAAAAQIIFAAAAAAkWAAAAACRYAAAAAJBgAQAAAECCBQAAAAAJFgAAAAAkWAAAAACQYAEAAABAggUAAAAACRYAAAAAJFgAAAAAkGABAAAAQIIFAAAAAAkWAAAAACRYAAAAAJBgAQAAAECCBQAAAAAJFgAAAAAkWAAAAACQYAEAAABAggUAAAAACRYAAAAAJFgAAAAAkGABAAAAQIIFAAAAAAkWAAAAACRYAAAAAJBgAQAAAECCBQAAAAAJFgAAAAAkWAAAAACQYAEAAABAggUAAAAACRYAAAAAJFgAAAAAkGABAAAAQIIFAAAAAAkWAAAAACRYAAAAAJBgAQAAAECCBQAAAAAJFgAAAAAkWAAAAACQYAEAAABAggUAAAAACRYAAAAAJFgAAAAAkGABAAAAQIIFAAAAAAkWAAAAACRYAAAAAJBgAQAAAECCBQAAAAAJFgAAAAAkWAAAAACQYAEAAABAggUAAAAACRYAAAAAJFgAAAAAkGABAAAAQIIFAAAAAAkWAAAAACRYAAAAAJBgAQAAAECCBQAAAAAJFgAAAAAkWAAAAACQYAEAAABAggUAAAAACRYAAAAAJFgAAAAAkGABAAAAQIIFAAAAAAkWAAAAACRYAAAAAJBgAQAAAECCBQAAAAAJFgAAAAAkWAAAAACQYAEAAABAggUAAAAACRYAAAAAJFgAAAAAkGABAAAAQIIFAAAAAAkWAAAAACRYAAAAAJBgAQAAAECCBQAAAAAJFgAAAAAkWAAAAACQYAEAAABAggUAAAAACRYAAAAAJFgAAAAAkGABAAAAQIIFAAAAAAkWAAAAACRYAAAAAJBgAQAAAECCBQAAAAAJFgAAAAAkWAAAAACQYAEAAABAggUAAAAACRYAAAAAJFgAAAAAkGABAAAAQIIFAAAAAAkWAAAAACRYAAAAAJBgAQAAAECCBQAAAAAJFgAAAAAkWAAAAACQYAEAAABAggUAAAAACRYAAAAAJFgAAAAAkGABAAAAQIIFAAAAAAkWAAAAACRYAAAAAJBgAQAAAECCBQAAAAAJFgAAAAAkWAAAAACQYAEAAABAggUAAAAACRYAAAAAJFgAAAAAkGABAAAAQIIFAAAAAAkWAAAAACRYAAAAAJBgAQAAAECCBQAAAAAJFgAAAAAkWAAAAACQYAEAAABAggUAAAAACRYAAAAAJFgAAAAAkGABAAAAQIIFAAAAAAkWAAAAACRYAAAAAJBgAQAAAECCBQAAAAAJFgAAAAAkWAAAAACQYAEAAABAggUAAAAACRYAAAAAJFgAAAAAkGABAAAAQIIFAAAAAAkWAAAAACRYAAAAAJBgAQAAAECCBQAAAAAJFgAAAAAkWAAAAACQYAEAAABAggUAAAAACRYAAAAAJFgAAAAAkGABAAAAQIIFAAAAAAkWAAAAACRYAAAAAJBgAQAAAECCBQAAAAAJFgAAAAAkWAAAAACQYAEAAABAggUAAAAACRYAAAAAJFgAAAAAkGABAAAAQIIFAAAAAAkWAAAAACRYAAAAAJBgAQAAAECCBQAAAAAJFgAAAAAkWAAAAACQYAEAAABAggUAAAAACRYAAAAAJFgAAAAAkGABAAAAQIIFAAAAAAkWAAAAACRYAAAAAJBgAQAAAECCBQAAAAAJFgAAAAAkWAAAAACQYAEAAABAggUAAAAACRYAAAAAJFgAAAAAkGABAAAAQIIFAAAAAAkWAAAAACRYAAAAAJBgAQAAAECCBQAAAAAJFgAAAAAkWAAAAACQYAEAAABAggUAAAAACRYAAAAAJFgAAAAAkGABAAAAQIIFAAAAAAkWAAAAACRYAAAAAJBgAQAAAECCBQAAAAAJFgAAAAAkWAAAAACQYAEAAABAggUAAAAACRYAAAAAJFgAAAAAkGABAAAAQIIFAAAAAAkWAAAAACRYAAAAAJBgAQAAAECCBQAAAAAJFgAAAAAkWAAAAACQYAEAAABAggUAAAAACRYAAAAAJFgAAAAAkGABAAAAQIIFAAAAAAkWAAAAACRYAAAAAJBgAQAAAECCBQAAAAAJFgAAAAAkWAAAAACQYAEAAABAggUAAAAACRYAAAAAJFgAAAAAkGABAAAAQIIFAAAAAAkWAAAAACRYAAAAAJBgAQAAAECCBQAAAAAJFgAAAAAkWAAAAACQYAEAAABAggUAAAAACRYAAAAAJFgAAAAAkGABAAAAQIIFAAAAAAkWAAAAACRYAAAAAJBgAQAAAECCBQAAAAAJFgAAAAAkWAAAAACQYAEAAABAggUAAAAACRYAAAAAJFgAAAAAkGABAAAAQIIFAAAAAAkWAAAAACRYAAAAAJBgAQAAAECCBQAAAAAJFgAAAAAkWAAAAACQYAEAAABAggUAAAAACRYAAAAAJFgAAAAAkGABAAAAQIIFAAAAAAkWAAAAACRYAAAAAJBgAQAAAECCBQAAAAAJFgAAAAAkWAAAAACQYAEAAABAggUAAAAACRYAAAAAJFgAAAAAkGABAAAAQIIFAAAAAAkWAAAAACRYAAAAAJBgAQAAAECCBQAAAAAJFgAAAAAkWAAAAACQYAEAAABAggUAAAAACRYAAAAAJFgAAAAAkGABAAAAQIIFAAAAAAkWAAAAACRYAAAAAJBgAQAAAECCBQAAAAAJFgAAAAAkWAAAAACQYAEAAABAggUAAAAACRYAAAAAJFgAAAAAkGABAAAAQIIFAAAAAAkWAAAAACRYAAAAAJBgAQAAAECCBQAAAAAJFgAAAAAkWAAAAACQYAEAAABAggUAAAAACRYAAAAAJFgAAAAAkGABAAAAQIIFAAAAAAkWAAAAACRYAAAAAJBgAQAAAECCBQAAAAAJFgAAAAAkWAAAAACQYAEAAABAggUAAAAACRYAAAAAJFgAAAAAkGABAAAAQIIFAAAAAAkWAAAAACRYAAAAAJBgAQAAAECCBQAAAAAJFgAAAAAkWAAAAACQYAEAAABAggUAAAAACRYAAAAAJFgAAAAAkGABAAAAQIIFAAAAAAkWAAAAACRYAAAAAJBgAQAAAECCBQAAAAAJFgAAAAAkWAAAAACQYAEAAABAggUAAAAACRYAAAAAJFgAAAAAkGABAAAAQIIFAAAAAAkWAAAAACRYAAAAAJBgAQAAAECCBQAAAAAJFgAAAAAkWAAAAACQYAEAAABAggUAAAAACRYAAAAAJFgAAAAAkGABAAAAQIIFAAAAAAkWAAAAACRYAAAAAJBgAQAAAECCBQAAAAAJFgAAAAAkWAAAAACQYAEAAABAggUAAAAACRYAAAAAJFgAAAAAkGABAAAAQIIFAAAAAAkWAAAAACRYAAAAAJBgAQAAAECCBQAAAAAJFgAAAAAkWAAAAACQYAEAAABAggUAAAAACRYAAAAAJFgAAAAAkGABAAAAQIIFAAAAAAkWAAAAACRYAAAAAJBgAQAAAECCBQAAAAAJFgAAAAAkWAAAAACQYAEAAABAggUAAAAACRYAAAAAJFgAAAAAkGABAAAAQIIFAAAAAAkWAAAAACRYAAAAAJBgAQAAAECCBQAAAAAJFgAAAAAkWAAAAACQYAEAAABAggUAAAAACRYAAAAAJFgAAAAAkGABAAAAQIIFAAAAAAkWAAAAACRYAAAAAJBgAQAAAECCBQAAAAAJFgAAAAAkWAAAAACQYAEAAABAggUAAAAACRYAAAAAJFgAAAAAkGABAAAAQIIFAAAAAAkWAAAAACRYAAAAAJBgAQAAAECCBQAAAAAJFgAAAAAkWAAAAACQYAEAAABAggUAAAAACRYAAAAAJFgAAAAAkGABAAAAQIIFAAAAAAkWAAAAACRYAAAAAJBgAQAAAECCBQAAAAAJFgAAAAAkWAAAAACQYAEAAABAggUAAAAACRYAAAAAJFgAAAAAkGABAAAAQIIFAAAAAAkWAAAAACRYAAAAAJBgAQAAAECCBQAAAAAJFgAAAAAkWAAAAACQYAEAAABAggUAAAAACRYAAAAAJFgAAAAAkGABAAAAQIIFAAAAAAkWAAAAACRYAAAAAJBgAQAAAECCBQAAAAAJFgAAAAAkWAAAAACQYAEAAABAggUAAAAACRYAAAAAJFgAAAAAkGABAAAAQIIFAAAAAAkWAAAAACRYAAAAAJBgAQAAAECCBQAAAAAJFgAAAAAkWAAAAACQYAEAAABAggUAAAAACRYAAAAAJFgAAAAAkGABAAAAQIIFAAAAAAkWAAAAACRYAAAAAJBgAQAAAECCBQAAAAAJFgAAAAAkWAAAAACQYAEAAABAggUAAAAACRYAAAAAJFgAAAAAkGABAAAAQIIFAAAAAAkWAAAAACRYAAAAAJBgAQAAAECCBQAAAAAJFgAAAAAkWAAAAACQYAEAAABAggUAAAAACRYAAAAAJFgAAAAAkGABAAAAQIIFAAAAAAkWAAAAACRYAAAAAJBgAQAAAECCBQAAAAAJFgAAAAAkWAAAAACQYAEAAABAggUAAAAACRYAAAAAJFgAAAAAkGABAAAAQIIFAAAAAAkWAAAAACRYAAAAAJBgAQAAAECCBQAAAAAJFgAAAAAkWAAAAACQYAEAAABAggUAAAAACQdf8geAteQ1xAAAAABJRU5ErkJggg==
]]></system-out>
    <system-err><![CDATA[SLF4J(W): No SLF4J providers were found.
SLF4J(W): Defaulting to no-operation (NOP) logger implementation
SLF4J(W): See https://www.slf4j.org/codes.html#noProviders for further details.
]]></system-err>
  </testcase>
  <testcase name="logout" classname="OpenHRMTestClasses.HomeTestClass" time="3.3">
    <system-out><![CDATA[12.07.2025 22:48:37,318 INFO  HomePageClass:45 - profile Picture button is clicked.
iVBORw0KGgoAAAANSUhEUgAABVYAAAJNCAIAAABV7bmTAAAAAXNSR0IArs4c6QAAIABJREFUeJzsvXm8JlV9J/w7Vc9y7+2+93bf3oFm6WYRZZVtsMUQcUmMyjuSGNGgYyRmUZyPjmZejBsRX2ZGE98JvhG3TKJGXEIi6OiLkaTDIipgRBBp6JVueu/bffdnq/ObP2o7e52qp567ni/9KerWU3Xq1Le+53dO/X5nIYgIDg7zDUghaML0MTp9FMb34Yk9MLodj/4Kj/wSG2MEABEIAQAgBBCBACAotgBAmP04cekkHoSwP+jSJlEmkq14Dnsz3WNqMm3PU8hDkh1tXrO28R/RozBPnoX4LASODTUnxm10FZuhQrDgU35DyW3lh8jUmIIrdR7sdNVTjRWgs5caswN746LqYh+mCzbidNSs6t6KSWPWuipfY0qh59JY1xYsSmZuNMZz1Y3tKldj1qwaeLDRWPZLK11juWyXKQ85iIz2u9GY6iFKsGNzojGL16+1XfPNjllZsPx2rCgKlDutxpRcqVG2HeMy1C0nDnML/3P7DL8S5wJwWEg4voPu/xnu+zHufQiP/CoxW4RoqsZ4S3LKnIC6SijQJNVVCdlIE2IuLmLQ5SqBvYE1claTcvOrcAWZvBSxRsuAvhmRo5qUnqak5oKYHSVvudSlaTqYsiloTMnV7GjMomGacVE3zS/2ybPzYK2r+a2xwhZMZsEuD6VojH1JRXiwYVWn4MKf1mVoLN7Pra6eaUz5irQ/2lqw/BqTP63Zq0vRmIXeuqkfy7VjtmovpX5caBozlk27nOTXmELoZdgxu9MVl3Zjx+JDnDQc5iucC8BhMWJmlO74Z7rjXtz+A2yOh8ei73Y9oh+tzSgRU5uzaGRPTXm3Rlydjr55YVVBWjQvNHlIoz25G4DduWyyOdGB56on0Ug1bzpm1WwUiPYsAI2ZmVDnoeDntIpV+Uly8FCQ2zmLRprKWiG3oIKTwuhGYz2IRs4XjeVA2XaMexhTfrQlefZcNlkwibiQxnLpSpOTclw2i0ljWVlWZL8MjXXHie5mXbsqCmvMYd7AuQAcFjPo7n/DZ+7BZ76LEwdYE0Y8bRNfZ72iMxhLmDnQQFdNhn/k7yioypCpStA3HXocjdQ2uSybDplNriJs2PM5Z9HI1D3RxcfP7GqMhbH5VXY00kpX+ZtiVjzMF40V6VUhaiz3vcvTmC2r1nbMNu8SV91rLMthIT9JBhuF0Y3GSopGdhmpLkdj+crs/NaYnTtMfpIMTgqiOxdhN7aLPbs7OxYmx2Z/gWhMw5UxJ0U0ZkxyNuyYw6zAuQAcFj/o7q30yW/gk99A2klNKTGZNoJWHewJ0RvrLqo6Dt2YVCk7UEb0W+BKQm+qupwRRRtOdOno3lYpVSaRo0acxlS8LSCNaZKcDY0VdDrMF42Z1JUzgsQnOmfuBruMWtApNfczky9fYz12aeVGNxrLry4VIywB80ZjZfBZ0G2hj37zsK4f51Bj1mXWVmPWtqtMO1aSS6ssjZVgxwS3hYG3FEY7ZntnNqdlcuIwt2BdANt27gWAczZtTI44F4DD4gF94mv08a/g3h+xxovobaepitCkoGu82DYaMptc6pyU4pUvVDVqOMlbJRg6JeRthEVVY4HmV0aT1Lpq7JoNcwpWuiqqMZErQVeFO1XOkcY4rpQ9LKyfIeVqljQmP4Geh8WksZwlvkyNFWJV1liJ0W8+D3a6Uqqre40VRjcas6sXZHZ4lKIx9gWXX+JsLuKyUFRjKVdqO6ZjtIC6FqbGMnlT56AMjZXuqkizG75pD5CaL432y9ZYt+/XoWdIXADh93+IxAvgXAAOiwujz3Ye/Rx99PPC4WhUv2TP7KcJJGS2m7MZ1Vt3ER5FooWRnU7Opkb+5myJUUS52ZSPnu5ZTVMoJfJWSGNlRBHLYcM2HWuN2XIoMiRrrIC67KKI1jwUZLXndkxXYgtbsN5qzJbVUjQms8JkpDyNRXbMwJslGwVRitva9pPJtsRZa6xMTrJvo9fVfNOYKgtFZDKPNJatK91+Lo3FOVbt57Tq2D9Mh9bD8tU4sBL7hqDaD5W+6PbYIe0GaTdIa5I0J7zmBGmMK3jrsR1bUEBABBogDaDTgk4LWw1oN+c6V6UhdAGw3/8hQi+AcwE4LD5g8Mgd+NgdOLpLNlXCDH/h0cg/YBFFFAYXqE18UjUWaOLLmStSTWqiu/mqe4YUKQ+FG6b5IzxlNRd06dg1v7QN0+yqkTs6f7zvOZsdCq666TWg0ZjsvjFkVqEr6dN6wWvMrsk17zRWRF0qrmZFY4VtV76HK7/M5ncRZlgw9jbqm3N0ziuN5UApGmMyoaRZk83u68fe2rFsjbH7uSzYLGos/kORhW7YyIHy7Fhsu3DZCB05FUdOxaGT0KvY5T/wZo5706Pe1FEyM1a8DVYOJwsHNMDmFDSmsDk911npFm4uAIeliOBX/0Qf/jQe/LkyakQ80YTx1ZGpqiO6+dzyVHXcj12Y1BKiRsoqU2JBj/gsXEidyeU3pG6KFfLu6/Ng14QqqTllz0YGnb3UmB167tLKT4qaVd1bsWzu52v6d6+xrnvfdG/BomTmRmPlNdPL1Zg1qwYeehn97kJjuWyXKQ85iIz2S49+d2/H5kRjFq9fa7vmmx2zsmD57VhRdOm20Lmw6eB6XP8CunoT1AZUt7XgKmj7Ewe9iUPe1BGLMstmqFtOFjaCFk6P49TYXOejOJwLwGGJgu76V/qjT9E9DxKVCZMW/APOEaCpEqIKRN8XwL6azEaaEHNxgUaDooLknsYWOatJuflVuIIMQXJHjfRVYzcd3kpqLojZUfKWS11dRb/zRxTL1ZhFwzTjotmLTFrran5rrLAFk1mwy0MpGmNfUhEebFjVKbjwp3UZGov3c6urZxpTviLtj7YWLL/G5E9r9upSNGaht27qx3LtmK3aS6kfF5rGjGXTLif5NaYQupUdw4ERuuGFwbpzoNqfxWe2RAlte+P7/bHnDT0C7OtHThqLG0Ebp07gtDykYgHAuQAcli7ongeC+z9B9/5I+Xkf9QXgYTSikb2MRhTMYjSyxOZC8pilTeWiTkffvLCqIC2aF5o8pNGe3A3A7lw22ZzoYGziF2jIRnnIbmromM1soJt0xe4vAI2ZmVDnoeDntIpV+Uly8FCQ2zmLRprKWiG3oIKTwuhGYz2IRs4XjeVA2XaMexhTfrQlefZcNlkwibiQxnLpSpOTclw2i0ljWVlWZL8MjSk5Cda9gG68CJatVrAwc9ybGfUa46Q1RToN6LSjqypV9PuwvozWh+jACPav5O9GAJA0J/3je/wTe3uoscUIbE3j+DHotOY6I/ngXAAOSxp0178G//Zx3P9oaLZk05V0B4gMm13D1FMMAEyrhPCP/B0FeWRXk/qmQ4+jkdoml2XTIbPJVYQNez7nLBqZuie6+PiZXY2xMDa/yo5GWukqf1PMiof5orEivSpEjeW+d3kas2XV2o7Z5l3iqnuNZdUL8pNksFEY3WisaDRSzEJ3kepyNJavzM5vjdm1OuQnyeCkIEQXIdl8Gdl0Gdl4Hlm3iazYAAPD4FcLpz5PEbRxegyOH8RDO3DvL+n2n+KOR+dCYwAAWBugp1wcbLxIUJfXGPfHn/fGD5CgaaMxWqnj4IbO8MlYH+Jyilg5sccb3eO1p+dIYwsUiONHF1Z3AOcCcFjqCH71T8G//BmO7ZP6AjBRfd4QGz7wwy2xjShaoBuTKtUyUEb0O4Q+O6VVdXwTKl9E0YYTXTq6t2VqlhnbnOK++lQ9b5ZN9vmgMU2Ss6Gxgk6H+aKxAo1+U/uTM1dz426wy6gFnZLbIjP58jXWY5dWbnSjsfzqUjHCEjBvNFYGnwXdFvroNw/r+nEONWZRZsnmy7zL30Aueg0ZVASiFz1w4ij+7PvBj+/CHY/aXtK9HUOAZSs7p12Ba89k3whpjleO7fAmDqpua7RjQACQDm7orNqEfcPs3byJA5VjO0ljrLd2bNEBp07gxLG5zoUtEhfAoaPHxyenAGBo+bJ1q6PuIc4F4LAkEDzy2eC+DwHtJEeEdoc4NQBjylkjyDVYiIWJLyf6LXrlCzW/2DZdIXTdxC/82cNVkAR6v2a7sfnVNRvmFLTN+jI0JnIl6Kpwp8o50hjHlbKHhfUzpFzNksbkJ9DzsJg0lrPEl6mxQqzKGisx+s3nwU5XSnV1r7HC6EZjdvWCzA6PUjTGvuDyS5zNRVwWimos5Uptx3SMcimRF73cv+YPyTlbClGw2ECffoj+8Av0Fz/sVmMWvW9wYCTY/BI6cjp7sHJkW2V0J3RXLyBAMLKps+Yc9qA/dcQ7ut2fOdGlxrq1IQsNODOOY0fmOhdWCF0Ah44ePzE+mRxcMbQ89AI4F4DDUkH73vcHj3yeXQtAmCZQniBQcUDoIKfwE5TWnM1oQnUX4VEkWhjZ6eibtoY2YJ7mbIlRRLnZlI+e7lllWmJlRN4KaayMKGI5bNimY62xXJ8EzL6ssQLqsosiWvNQkNWef5brSmxhC9ZbjdmyWorGZFaYjJSnsciOGXizZKMgSnFb2w5YsC1x1hork5Ps2+h1Nesag7Vn+Nd+0Lv4NTkfcvGD/ux7wT/dhod2ldlbMNyLT8KBFcHmq3DVaclJpDleOfik18iakd5an7RvuLP+fOwbTHLhTR6qHHmWNMdL1NhSwELxAoQugGd376M0VYbnkbNOP8W5AByWEPDIrzr//3vpcw8LX/uC953wfak8vQlMth7hzXrS/CrQxOdyXLjZoYnu5mtMMqRIeej24yezWV8ODzbp2DW/tA3T7KqRO1p2hKc4Jznavxquuuk1oNGY7L4xZFahK+nTesFrzLJZP980VkRdKq5mRWOFbVe+hyu/zOZ3EWZYMPY26ptzdM4rjeVAKRpjMqGkWZPN7uvH3tkxb8tb/N/9xCIc518Wgnbnax+iD/y9xam5NYbVenDmy+jas5Mj/uSh6v7HgXY4FxiJmptW9aNSY57fOukiunxtkldvfH/l8Dav05hFF+FiwIIYERC6ALbt3CscP2fTRgDw5ihXDg6zDbLmXO+it6HnIyJFREQEZAGA8U8Q7gMghbDBo9oitwWMLwIE5iRTnlC1Tf4JPykTYE5ABECIniPJBZtJ3YMAIgIyp6b0RM8U/x3/Sx8Y4odHBSfIcMKTlW7T5xAO5OHBxKoqHdabwVGoeIZ4qzvMPE5KUcRI+n9EgRTj62A4MWsM8mpMx6qVxpgHltnIfByVxhiNxLu8xjDlQdKY4WWxuoqfTdJYvrJmwypzZ2uNIb/lD7O6kjSG3WpMWTRzaUxnwazVJRE0mxpjHriQ7ZLsGIgHimnMllXR/LM8qDWmfOmCrnqqsbTqiOvHTE4sLZj+Uva1FNQYfxIyj8/Vj3o7xrCBAhtmjYG437Ud06jL/+0/99/8P9z3vwl+tXLDf/ff9Oe630Xd59FYcMrFdO3ZEBcKb/xAZd9jQDt8Gyzehy7sGA2q+x71Jg4kr58OnRSs3JhKShZdN3Xl4gVZtoIMDFmcOH/hegE4LC20v/sn9PHIiavsC5D+yXg6M72t4bwABbz7JgjRnuiy/HEwhQeavYE1cnp/TVGjnLGj5KVgvjzIsRMDJxbRnkI8ZBCkiRopb5Whrq6i36UMOuhCY4VCq5ZlrWyNWetqfmuscHxSZsEuDz0f2GLDgw2rOgWXMnihqMbi/dzq6pnGlK9I+6OtBcuvMXnQAXt1KRqz0Fs39WO5dsxW7ekP/u//tXfJtdmZdgAAAPrI3Z0vvAugm943nMaCNWfSF7wCvUqYvjd1tLbvEcWNS9VY65TLaLLiIG1XDz7lje+3rx85w7N0gfTovvm8UqC5F4D/sY99bI4y5uAwF6guC7b/ADrTfJhONGKaP/Ud7K0aYWzzK9+0QyU2F+Inyfs5nZU5MR39Z5JVBWnRhNXkIR3rmLsB2J3LJpsTHYxN/AIN2SgPReYC4LKfx3GjepIFoTEzE+o8FPycVrEqP0kOHgpyK38ylaKxnNkvwy2o4KQwutFYjs9y9mamPMwXjeVA2XaMexhTfrQlefZcNlkwibiQxnLpSpOTkBP/9//au9R9/+cAOfkFZP3m4GffM7cZLDWGtWV08xbsGwoPkc50de+jQIMcGVLfLMMd5k0doUPrwa8AECAe+jVvahRopwSNLSEQqFRhZtLizLmB97r3AcCx4+JChqtXDruBAA5LDv4ZV/svvA6AEBIO/CcJkEQHCSEA0b9wnwAJvyshvIok+8wpyX60VEC8D8I23CXcYeU/5gTW4jK/kPi28X6cGS57/JakeY2eJNqmAHE32cb/gN1nTgCOQmZfyIdAAX842if8Numboax9OFJSVgm7Fd4Mdzp/b5lP+cmiA8DSkv4TqEvolJMRH1jKBVFtc2uMKDXGXq3QmEgQIyANVcBQXrrG0m1OjWkPp2Utv8ZIORpjdKEWB6cx/vmtNCYWJJUdK0djJgsGAseKdwOKbAiEMRelxM+OxpT2lHkC2Y5JFozXmBK91pjiPUt2TKMrWWPpNtFVuXaME4qkMUFXhKOQk6dsu/QaI5LGyrFjUhqS7ZJyIz0BpzGxWMt2TANeNP4b/9x9/xeAd9m1lTf9eSkaww0vwuGT4tdHqoee8mhLKnJGjRGlxjLqRxK0qwd/mQgCB0aCFSdDKRpbSiC1gYU7HMC5AByWHLxzr4X6II0HSVFmtCjVDWoHUMwLoBhzBez4RttBNtKoPLAdc8UN1k1vbR4lDaotN24MmLkA+FGOwI09k4bBW4xDS/kEZqgZMDSH+9I/+xFo2Xyyb0Yx5JLnJN6K42njuRJAGJgXnSoPEE1IMWhM3M69xtgTogyYNKZ7kDI0pr6p7ZhtTmMZPPRGYyZ1mcdspxpTjtNmhmkL6jS8Dh2ruTSmoy4fq8i9IWb0dA51gfgMuTWWS10mO5apDT2fBm5zaUynLsVhSzum0FiG7eqRxgqWWamuNJU1mzLLaYw39SBpTFM/Jill1Ag90BhCOP+fd/U7sk51UMN/+e97V72FOVDEjmH/MN1wbvLa/NFd3tSRdL4JRl0F7ZixfiRTR/3RXckD0KENWB8s2Y4tAZBlK+Y6CwXhXAAOSw7+aVf5Z/0m43uPfZtsZCR0hCLvVgU+OMAFM0jUV5GP3InOfADBecoGP4g2kiaFRIRr2ECK1gMdO4aVgUHecS0FOAQPNBv65mNUYkIxq9qIHvM8XFhITpp7dKL1QEvhXOXjCkEVZdhbCM6oOEhd70LYR+m2F8JHQkhIGYBSRNK60hhwGtM+ukljSsnMjsYUQURRY0SgTHgevcaA9FxjvLpY4viIrDJgyGuMV5ccltSEHUvXmGC7bDSm6h7AvpUeakxZhhONSepiyNXYMUksnLos7BgfSeNLrZCW8LiSxk22C7RPn9oxNmStsGO90Zi6bBg1pvhnpTHZjolvWtRYhro4SjhumBC/uX7sgcay7BhJ/k/WbvJ/9xM6G+dgg8qbbyXrzrC1Y9y7jfRG15+L9aFIx0GrevRZttyJpU4sw6zGNHaMZGiscvRZ0mmGj4O15XRwfQGN8XZs6cGvkmXDc52JIqjMdQYcHOYA3uZXdJ74hjjeMurrD9FQp9BNSoGk47fEMbTsyC/UbZHZJsfj8Y2YDjQUnarpiCtEBCAIGE/gGd2bMFuIj6u24YbEERfuBrnGNyq9v9npEMb7zXOCiESzFZmMM49Ejhql4/8jNpLDemYQOT5jVkOaSDRTKkL6WNKzFWQjOwXkNBYeK0djwp3Cx4VUY/FWUNc81lj8V6oxENjI0JWiFDMaY0uhqDGTupQaE1lNbpHFAzIHTcPiLfkkMT2cHStRY4zaJI2Bhg0zk2VprBCrssZkHmw0Jtsx/kYoacxaXZLGIjvG2C4FPd1bMG061hpD1Zbn09KOKe15Ho0BEx/tgpPcZZYwFZqprFnbMUNdmWrMu/ZmN/9/t/Cr/n+8uXPHOzM1FpVB5OwYrfbR1Wckr84f3Ym0k6ExGwtmvFS0Y9jxR3d11p4T5jQYXOcdfw6CZi6NuR4BZGAIp8bmOhe54XoBOCxF+GdcTda+MAkCESL6TFMvKhBEJvIS+0KF6B3n7s0YQytHOphxVqyTVQhgCKkIYRMh1qAKeIgnKsY3slvZdywGi6KtkJIiLSkkleRdFc5iOLEdQysGPVhHdbIVHNvcm4AkH1wwSKBAGcYRWeUDQYIjXykaLZ+iJGWNcSrJpTHpapO6QAoLS/EqOfRXQGNiEDLZ12lMDnXy5U6hMSXxCj6B4UOtMcXWrDE5xKcqKxp1SQFGhsWcGpOUbrRjBTQm6opwbBot2BxoTE7DpLGEQ5UdE21X13bMpC4ins7pCvjHjp8gt8YSCmdTYwoDJNkxc/3YncYkqy5rjGFFWYh1tktRgvX1Y0E7lq0xcv413kWvUZ5gCfLs1sr/exU59KtuElkE8F78Gu/8azI1RiSNARBcdQYOrIoKM3Yqx59T2DGpEOeoH+3smH98DwSd8AGwPkiXr4HuNLYU4ddIfWCuM5EbzgXgsCSxbJ238UoaD6qi8WhHSrlF3ZOIABXH5qmGVoWzCdDQM5qeZMqG7NDNu+4xc0I64jAOYBtGoIlb1XrazJBJYewZv9YxqNZsh+xxaEy0hT0MSZL2PJhYVaXDpMRTqHiGeKs7zDwOM04bEtLY0aIMKcbXwXAia4x5u1Hcqks2zNwyBDEPnGsMbcxtnjXb+XWPxas1umK2TN4RmCewYiMTGlaZO1trDPktf5jVlaSxstdsL6AxnQWzVpdE0GxqjHngQrZLsmMgHihlNhMtq6L5Z3lQa0z50gVd9VRjadUR14+ZnFhaMP2l7GspqDH+JGQen58FQGvHGDZQYMOsMRD3u7ZjCADgv/wP9WdkgxzeVvnWTWRsf+Wrb4fJI90ktQjgvfKd4Y6o+0yNjZyWvDDvxD7AgLddbPHl7RiUaccAqT++L8wGAND+EehSY0sTfcvmOge54VwADksU/qkvSYc7Mo79JHgRu2K5gEDoN2VWB5ACkIIDOI7UcC79JBPK4IUiysFcLPwghIRUERoxq2IgKyaBuUwO+ygcy9E/pisFf2fOd63IhyKSxj0NE4UB5gVIJEpgXdTp5fygTiGoIsXQpPfKkCQEhCSXvC4SKYaPhDCZKsiZoTFQaIzlAOQAGzFqTKXLnmpMqy5BY6pYhkpwenUBEzhNghkFNUYkjWl0ZaMxiRg2CNRTjZn0rtOYoBKzBeuJxgjDp1ywNRpTqwskjalsl8GOWWgMCmgsvV5lx5RS0v5g0phsx8R/Zo1JqWRrzFw/2mhM8Y+5jNcY90M3GuNzb6UxxT9JStqKszs7piyYrPXadBk5Z4tKeVYgE4cqX34r9g12bvgyNKcqX/1P0J4unNoigPeCLWTzpZpypzGzQLA2gMMbEhH7kwdB0pVYVerqR2s7ptOYN34QINIKDqyESl1rx2JFEaW6ljBIfeG5ANxcAA5LFN7Jl9P6EGmMiVMAACSD5dJRrNHBdHyjaVRefL1mDG3sxbdZT5uJ9sQ5wSJjHTHdhonGwyoxOw+K/EgHFePQjOMbzaMcJVYh4U039ozJQzqeNmIAMjnJ4hNQuKVNpMVm7GiUDs8VNwI2zwht5LnKHkPLKBzZMzRsmMc6IkKXGjNEGLI0ZhqvnqGx5OXaayy+kuVKqSsLjaVcgYXGlOOKrceO8hpj7Ji9xkCtsRx2LCmP+eebYAa5M0+Tnwf1aXw6nO1i93NaMAAVb0U0BiaNGeuFrjRmBseq2o5laExTLwAwtitDY0z9KNixMuabyGHHrNWl05h53g2ruXKAiDmR3q93+Ruy3qse7Wn/yzdAazp457dx9ebOm+6ofPXtla//cef3/gaIXzzZBQ7vP1wX7HjUtg0WbpavwdqySGOdBpk+jjblLke9kM4lBOZyB8SbOU7aM1jpA0Kw2k/rg167YTXHhOsLkMDzoVqHdnOu85EDrheAwxIFWXFaZf0FQqAnib8h8o7T0AWKaYgATHGzsDUSO1FB5Y3n4hOaf8wJmvCZFKYzeZ3jU5jc82EgletZE9lgA5LAnKAONxkjGyAdJsoInxAcE18nS0rKKhseEYJA/OmG6BnnSpcOsA74zOiZIogkPbAhbsZpjHkSG40RpcbYqxUaEwliBKShSgwDlqqxdJtTY9rDaVnLrzFSjsZ4C6QQB6cxw1hPncbEgpTeuWyNmSwYCBwr3o0Uw5LfKnNRSvzsaExpT5knkO2YZMEsxtD2WmOK9yzZMY2uZI2l20RX5doxTiiSxgRdEY5CTp6y7dJrjEgaK8eOSWlItkvKjfQEnMbEYi3bMQ0IFJ8FAIPK1/+IHNvdedMduHozAOCmLcG1/43sfNC/54MF01wU8F78m7k1NrgWIHpV3vQorwmp7CnNvq4Nxtl2u/oRiDczmhzA+lBXGluqILW+uc5CPjgXgMMSxqqzEZECYjiGn1l9NRkxpZ4FIB7hJY25ity7wAzSygbnsL/Je9+Y/8Ex/4Nj/p+N+R8c8296wNvyKu2V6bXM8N1o96+8Dz3nXS6PQ/sr70PPeVfwj8M8Q7E128U1aa+4p/LhnxDTODQuJMXQDFHUSvhnE3tX8KlMgX0z3Ig3FSfxVhxPa7meNrONSVZPnCBnQM5FrvW083Fic22UAUAFPeIoRy2fxTWmvqntmG1OYxk89EZjJnWpNcayapgLANJh2oI6Da9Dx2oujemoy8cqcm+IGT2dQ10gPkNujeVSl8mOZWpDz6eB21wa06lLcdjSjik0lmG7eqSxgmVWqitNZc2mzHIa4009SBqT6kchpYwaoUyNkU2XweBqM1k6+Hf/32TnQ8G1/w03peMI6IVvoFve6f38H7wffaFYsosAZHA12XxJLjtGB1YmZ3uNE7HGYl0BcvKConbMun4kM2OJbmh9WWl2bEmhUpvrHOSDGwjgsHThjWyOXJpECkYjSX4CJIRA3PeJeHHEAbmCx6gXAAAgAElEQVTTCdMDizD9sPhtek6EOGGIbwUAAL8YDr4LAAArX0Yu/bB31Vf8FTcE//sHaaJJSiTdEnY/OjXMGDI/xseZYLnSJwzMrxG4bmZcrCXd8kmQmFoM88FtIdpPk4xoTrcgbRmKNa1GEnfCgJQfKSXCvBiCXM+5dBuxGj4IgsAY8smrok+q0ClzFveo6Unxq2F0xW4FjUE+jfFZYC+QxGrQmMwVKjQmEtC9xqQkkDBcMQJKlSZwpddYylXPNMari9EV+1iSutKtwJVMrvxDrzUm265MjSm5mh2NKW7OnqTRGIga49UlcUWkrd6OceITlCiLgE0j0ZVSY7Lt4kPpCo0JXLGy6p3GuLrAWmMirDQm2zFOXREnyIkxS11Ezg8nAomr3mssVZLajhGy+TIliZnwHvys9/g/0qveRS8UxxEEr/hTOLbb/+F/h5Ub6bm/USz9hQ7vzMtxx6MmO8aUWYIAfUMAcS3SnIr7w4BQ7rhSp5S2cJZCoFYa85qTaTrVAdBrrPb+hyprmWzNPNb+6HvaXXsEqn90b3Xz8ugP2sKjj3V++Bftfz/QbbqzCecCcHBYKCArTw8dqulIQ2bUIcRD/0I3aWQ9ESnEphqRAnepemu9nnZqQuPZxcno/fiDVwb0Af+KT3m/vCDYpV9jHOLjII5sTHy+hIu4oKYZaoTS+6tPJ/I+RzyER3hOlGNozWMdFWsdQzr+3zxOm90is4WU1Wg9bfMY2kJs2PPJr6cdHitHY8KdUBhDm2zzj9MWNFaEjUKsxn+lGgOBjRzracf7qcZS3mSNmdSl1JjIanKLLB6QOahuAubiM50LAIycFNYYozZJY6Bhw8xkWRorxKqssWJrtst2jL8RShqzVpeksciOMbZLQU/3FkybjrXG5LkApHrB0o4p7XkejQETH+2Ck9xlljAVmqmsWdsxQ12J5JTzsh5AAe/pH/j3fYq+6LeCl79P9TsJfvuvyN9e79/1Xvz9k/Gk8zOSO/zF6mdvg5Gbg5tupNGhrZVb3kHg9fSjnw4K5K8Ynnxv9a574KVb29ds7D4xcuqLTC2xsAwy7TGMZo9DQID2NFupmDRmY8GMl+rsGLSnEw8cVvuMGgPc8ZmZO+7kLH0pOPzd6U/eBgBwymtr/9dN1Td+ijTf0nqqzDvIqLztntp5q1S/HAu+/vrmYzmSIp6/sPpGOBeAw9KFN7gBCXhJiAQhGbOJCB4fi4ijqekARmSid/FXJyGhVY1/RkVoTA75STaUABf4ue+beOGt5FwguwDOutW/5q1k5TB4AI1tuPV36GN7CDmNvP5b/ovOAQ+gMwa/upXe/fkoF+u/VfnTV0ENoLUHH3g9fXh3lMn136r81/j4Yx+g990LQGDkt73XfYKcvA48gOlt+G9vpI/uBkLgxV/wXvoqMjQMADD+U/z+q4JngFxxj/+q0/CxMXLhBXDiK53P3uS94h5yyctImObTeyDpViFGe5jYLDO+ETXea94FrQkDSdRCeiDeCqGg9HRM943RSHW4SmjfcTcD/nNIH+kC7hGZLRcFkjXGcJJTYwhCcJGLeqmDVTxXXExD4goEupXRcpaUmGAug/G+LiLB8clpLOVK1pjMlYJPVkFqjSnSMmuMpBojksZAqTGBK8JqjMl+bo0RSWNaO1ZAY6Ku4oZpRkyV5WoWNaZQl0FjTHmU7ZgoFIXG8tkxk7oiTljeeF0RkSuSYcE0GmO4miWNacTB2TGd7SpJY9INBI0xmVAW4uQMs7oijWnqR5arHHbMqLF1m5THDSD7/t3/h/fgKRcHb/hL7Ul+tfOWL1XueF3l79/e+YNv44pT8t5loYOs22zWGAgaq9TD64CgF7QgallKdowNTCX7lvUjpzGtHQuz4QWtpKigXzXZMYj/SjV2ff3P3+3tfxhOuZLUAY4/3P78+9tHz6u+7ebKC04nFQA6SR/+WOPbD/u/9Ve1Ky8hdYDOJP3JxxrffljN5r7vtj4D5CM3V65+W+upv6t94CF/InQ6QLJPrv5U3yuuJHWAiScpPY8c/czMHXeqz7z4ffVrr/OWpdlgbxXs2Y0vXEXkYfETu+menCLwFtiMmG4uAIelC7J8XRinpjQdYUX5dY+TuQC4MclxSIodZgXSetqU6kN8IWSHbrLl/rwHZgBGbgIAGBiG/Z+kdwwHn7iAHlhBLv8wAYAzPuydvwLvviC4dTj4zpex79Q4F8PkjD76leHg1qvooRXkik9ClPnk+AXBtga58pPeGYCA5HWfIau20b8Z7nz8KrodyCu/QkYAEWG4Dts+FHx8uPPxq2jjcvKS/xLzcBo5Yw+966rOZ98NZ32ZXHk5PH1j8PEVnS9/GTa9LCYuYxwaQMond6CHY2jZlJD5RT8sUz/6XRrwyQwHZf6PvK5kHtRbgTZJY2AII1uzYeaWIYh54FxjaGNu86zZzq97LF6t0RWzZfKOwDyBFRuZ0LDK3NlaY8hvBcPC6ErSWNlrthfQWLbtsmJ1jjTGPLDMhu0YWk5j4oFSZjPRssrriudBrTHlSxd01VONpQOkQdKYHRt5+GR/6Upj/EnIPD4/C4DWjjFsoMCGWWMg7ndrx8iKDXquVeeP7ql87UbwKnTLO8lzj5G9qqgoBmT3T8jBp+nL3gUzJ/yvvA0aY7nuwuHwF6u3bK7e/sXKnZurt2yu3rK5et/e5Ec/OvjqyuGtlVs2V2//ogdhJ4LN1VveG11y59b4SPSv8mSSQHL8veLnWnhf6Y62WLle1L1RY+hXAeJXRTuixpgSJk7JIdeP3dmxMBtIg9iWAHhVk8YAyOZ3D/yPhwY++dDAJx/q/6Pro4OroX3Hlun/eRcdvtK/GgCepM98t/3/bZn+wJbGT456L76+CtdVLrsEnn3/9Ae2NP5xKw1aRkK/Sw9PwrKTNL++rf6KK2H/5xsf2DLznf1k0JDO9bX/eB15+paZD2yZ+fqPyBXvrvFTYeDW9zS+/5hYYqYea//1e9pHjRmUoRgaNK/hegE4LGHUBrmZiNn98D82nMHGfJB4RDm+kd1C4rRXRktAHbaIt5wLlzErj7+HPh7+sAd3bIOXrouv6YM1pwF5Dp76EH0qGVbWwJ+/Hg8AkCfwmcfhmtM8ABomt+MmPAAAz8Hdn8IzvkBe/Gtk16vIyYAPvR4PEkKewHu+gmff6r30dPzOHvjXt9LoWZ7A/dtg4+lxkOgQPnADPgMECHnxFeTEP9O7/wEAyIG/oNvf6F8ExrkAJMYUUSOGq9iTLZEoIWWSHeTKEyp55eUYmnYuACnSy95WyoPyBwDgnPaIafwgawwtq0M5+s09bSxlPojLggusarjKGEOLykhafENmXwryaXKier9yJJAZQ5uUSpO6FJFJxa3sNKadC0DUlaXGZK6kCGcvNKZQV6bGBK50FqyHGoPMuQAUGtOqizmJ1RURuQKlHbPQGPu06b5ZY0Spsfg3SWOqmSZsNSbbMSkneo1JnSisNMZypZwLIFNjci7TypXTGClLY9KcHdkaU+c0tWOyxkqzY2ZbOjCsyZwa3v23w8wJAPC/8ccAAP0r2n8qeQHajcrfvTl9ytHd3k+/Sl/2rlw3EjF6GxmN9x+8urJuR+c88O57tfdMeGg7+cZt0jX3kGcAAPD8zZXbr2ZfDrnrvf55nw5gb+X2d8TH7/HuYs4IxyYkiO9oDzIwrOjnpawfwx/j68KtoiMR83MErcZs7ZhZY7Gs0xwp7FjoGdjxmcbn7kztGFwPALj9Lzr7AOAANsFbfT3AVnLaa6u/9c5avRZf/iN6/N3+5nfXb7iSPnZX6zvPZNPq1dSFfsslpH6M/uTvKAD8+y3BK16ljb9vudLrB3LJR/sv+SgAAEySFwLcz52CW9/TWvv39ctOj/7u7O58M//3/wKEcwE4LF2Q+iClyUQAvE1N/mKjO+GIQgLpetoWI2kjs5mOuYq9+Gz7RIDo0X8d9APsvh0A4KyPe9e8lQwPR2W3cT8A4s4b6Y+/RV78Lf8lAJPP4EO/Fzy2hwAiNGEGMRyBRpOEEWEMDu8OfwD8Jja/QPovQBwCrwkzcWgJbsfJW8nw6xBvJ5d80Xvpq8hAfNOjP4ljNyfwFxhWA6TWB53jNGl+HT4EsI6fC0DaJixlzQUACW/Z62lDOp6Wa2mjuEVmmxxXjx1NfOPM7TIjV5nNwTSdpGKNmrPMCNg8I7SR5yp7DC2gbj1tJRtZs05AMtYRkPnUsVhPW2ZV/36Zn1LeTOPVMzSWvFx7jcVXslwpdWWhsZQrsNCYsnFvpTE2sXScto0FU6/ZbmPHxDzw5TH/fBPMIHfmafLzoD6NT4d1pnH7OS0YgIq3IhoDk8agZxozg2NVbccyNKapF0J/RXzArDHU2rEy5pvIYces1aXTmHneDau5coCIORHyEwWfbUEvvA5WREPlyZ6fkkNPq84iAEDP/Q1Ye3b0uOe8PNddVDgT//jezlrw7nu1/+B28sRWOA+8B7cDAF4XuQP8B8Vrwp8AAM7bER/bW7n9ajL6FDkMcPgvyShAPOOAf+fm2KEA3hPfYi7fWrnlHeRfv+idl0xVYAG/atIYU1ojjQUt9OuRHfU8CILcdow9qKgXSNJRCMzlLjziVVI/HHZMbbDwnnILmQpT9/2nyiWnw7/f1vjad+nr/tfAy2oAB9r/88306usrL7ikcsN1lZ2fmfnCnfpHfa23djkc3c0/6yXEVr/smZPBt1/dfMh0dvDN97dH/ra6eTnAZHDv+wtOQICZFnN+wQ0EcFjCIF66eGs6TzchhCASQgjG67oCiutpJ2dDvG4q0ax1jKgKYQgDPeXljtkrXvlGUtuGvwIA8H79JuL9gH79guATw8F99yeJ4X1vpJ9eF9z2KroDyKu/6qf3Z7ZRwoTAMFl7erx67FtJHWDmcULGgdahP1lh9iayHODEdwh5p3f175CxL9C/XRF8fEXwiz1hMnGC8Tq0rQb0rU+XsF27LmYrY01akA6zrKbbNCCmfJXAJMY9ajfrabOvVVwpHKT1tNl//BXCetrS0u/sA0u5KGfNdiLKjOEEJF7ZmCqzJQyfaqqAoTwtLd2spw0Wa7bbrHusPKxe69hOY6Wv2a7QWGKAEl2BQl1mjYkFibNjpWpMY8okjUnqYqWjKBnCKcBTPksaU+SGewLZjkkWjNeYEr3WmOI9S3ZMoytZY+k2rRFKtWOcUCSNCboiHIWcPGXblblme+l2TEpDsl1SbqQn4DRWeM32oK3/TQE848rg6v8c/qNnvERzUgAA+MLfTM7EdefmuosCZ9/cWQsAQK+5GQHg6Hbv8HYCACM30/OY4xxej3zc3r9zc/WWq5PeBN6hpwAAXvq+cMbB4PzXJ2eSw9sBgNwVDgR4BwGA0V8aWFQgaOfTWCfsBk8AAPw6rwmp7CnNPm+7JI3lqR+BgF9LNRa0TRqDNONGTAAFoMcoXFl7QRhgv6T6huvJ9r9s3vGW1tPHyIZLtFHoU15be/dNfv/uzta/AwDsABk53wcgF1/nhWspPvQYNld5V7zNAyAXf9SP+/ZrzlzuXfruymqA1a+qvu1mjQ/hQPuOj7WffjLY+rHm1qLLENDZm8uyFLheAA5LGjSZFwUIif9MnO0ASNmAbOoNjeMKsVc+idmwEZ7EIYhxLys15KhL0gtgxcvIZR/2LjkbnriB7gpzDAAA43tg5e94F1wO8FMAgAu+6J39OL3vdjj+OIw3wBvGOB4CrO85zh4CkM23kw2vwwOnwrXvJgPb6M/uB7gfn7/Ru+Qesu119MCp5NobSOUX9KHdiMeBAsAMHkDc8H5/02nQEFzAiEDwkfvJW17nXfvb9O5/gA3/xTvzHIBtscdb6XWWoq9c1FpDlDn2ruNTTEER8Wb3jT0C1NFI9lZp0F3MCYHELW/oE5ER+VFrrGtObK6VIpOZ0Ug1nyBGJhV5kKKvFr1FjHxmRa0zo8T5+FT1qjCoS6sx9ipd9FvsYJ+E+E2x/VI0ltkrwYpVTHvuxDykvFmqq3uN5VKXyY51UdYM3CrS0WvMoC5FLxUbO6bWmMl29UhjOj4zWGVi+FZlzabMphrj8yOzmPbh0GrMVCOUqrHpMRhcrf953uDodg+uzhGE5xBG/s/EP97Rvj7cL5DIU+QwwFqLEwEAAKfH8tmx5iTWB6P3We2H9nSssbTXCackfq4ZBta9b4z1I60OJBoj7YZJY9FcAO+O/ph5rP0R5ax+n2k/fEntyk8NXNyiu3bj2hrABnLGq6tXXFfzAJoHggfu7AhXrH3twCdfC/GigO1v/kX7KQCA9r3f9d/82vonH4KpZ+hYaPT+rvnD8/te8c6+T74Tpp6hE5ElVJ/5v0+vv/q62n+9vkZbeHhr5zQA9Tx/D7e/pJme0A7oXAAODgsIcRwljTREPlKMPeoECDvDPxOSQCBefCUS4qXWkqSWUz9zcnRf5brHF475F8ZnjP8CH3wrfeAH4WX0/s94r7rR+5MxoIfw2WdgEAAIzByE1R/w/+jWcEUAfOQPMHb0JrlOYgMIhMAY7mp4N4zFKwXcgLsIAOB3bsLX3er9/pgXrgjwzzfgcULIP9AHXu3/2of9D38YWtvwuT2wMo2TJnEp2PkHuPWb3ku+6F/wRWjtwafvhwvWGecCAHFmWhJmGIg0vpHlM3kGTaux4JrtSTs33ermAgi3yCevij6BvGXP6vWa7SqN8VlgLyBiQklKs7Nme8QJ+6I4RpVJcGMdGQGpRtJmaCzlqmca49XF6IqLxYjqklcp54hjyZV/6LXGZNuVqTElV7OjMcXN2ZM0GgNRY4XXbJftGN+85pVoXukg0ZVpvglJYyxXkro4rlhZ9U5jyrkAMjUmwkpjsh3j5wIIOUFOjFnqUnj2ORFIXPVeY6mS1HaM4IkDpLALwPOAdsjun4jH2zPRr5ZYeyYCkNHbvCdvDEP63n23EQAYeVGa09FveYdvpGvjn1afSdeCx1wVHVfi8L1kFGDkd+haANgB8fc/XfdCH7bDg3/pX/PpAPZW/vWe5ApceyY8sz0dR1AAxw/GHVs0dowpswQBmhMAG6KXXh/0pkdFXTFlNoS6qhHOUgjUSmNQX542U9rToNdY61NbWrId+0jSpf/OZrwffPvtM9/mWfqL7+rmAGzf8WptB5Wnbmt8SJz6Abe+f2ZrtF/7wEO+4cyHb2k8fIsu7TLRMU9wOO+QRAcdHJYiTnxsMO1mHn+vMu6A6LT4hKipEbcfuMaMrrHHfnoIDTi+PSiCPapsROo+/NR1hNDaNEcSciE7HTkXAg+qrfgcMitMFpj2EROpNnFibpqzzaZ89HTPKtdy0PBms+1GY+ZG+YLWmC2HIkOyxgqoSyHzbngoyKrdJ1MXGtOV2MIWrLcas2W1FI3JrDAZKU9jkR0z8GbJRkF0pzFFUcm2Y9klzlpjZXKSfRu9rnqgMf/tf+1dem3OZ4gzt+P+ylffrvu1874f4eA6y6TYcfgpXrq1fc1GcWY+AODG/2+PDo2cCaPbYeTm4KYbaTh6Px7kr0ohnFlA1SNAd9Ozv9S+/mrLxwEA+sjd7c+/y9524WmXdk7/DwAACN7E/ur+x0vTWAbUemufdCEdPClUV+XIM/6xHYU1Nvtg1wKcQ+DEUZzqYi2MHsD/3D4A2LZTXOHinE0bXS8AhyUPwoVHws97NrjiCYv+MgMYuXV64xADgXSt49BLEKaLXCReCPlpQhvMja0iEmzqjKuCMI2GbtbTZqsWnhNpq2iKyZF/InKo8V4XW08b0gPxVnjc9HRM943RSCtXBXczED+BbJqkHJ9cFCh51m7WbGdfoVZj6mAVzxUX05C4KqQx2X0T7es0xvHJaSzlStaYzJWCT1ZBao0p0jJrjKQaI5LGshr6oq647OfWGJE0RkrUmKir2HpYWLA50FjGyu2CxpjyKNsxUSgKjeWzYyZ1RZywvPG6IiJXJMOCaTTGcDVLGtNWb1KGdPVj1xqTbiBojMmEshAnZ5jVFWlMUz+yXOWwYyaN4b4noagLADe/rPMn98LUMcVvq063//4HgOD6Hch+z7Mz+YUYuRlX3xbO8A8v3dqJxv/fSw6HvoPX05uuJbe8Q/2Qa28MXvqtKPGzv9Q+/+7qXfeQJ/bCNRs7N32pEl11Jr70heTBe5JL2n8MqRdg5OYgz/c/AOBzvzRrTOh1iBPhjPMECOLACNuDgLNjggssStiufuQ0prVjYTawfyQpKqQ53o0dm320PrllrrMAAICtxlxnIR+cC8BhSQMRKXLtCgASTgBAMbGPUSOHItfzMp0FgGlIRRel4xuNXlJle0M4wTiuTxM1Skd42o9yjMaeyTNIIyrzEGeNJA9abJx2ypsh2lPyGFrh44DhDVVjaI0jaWOueJrSFwDizM/heYXG0Moag7waU7Fh5pbRGEoayzdOW9YY8xIAJKHx4xsljcm6EldGYDUWi1nl0rLhwYZVTGcmt9aYzBU7azSwGgNJY+m2iMZUI5PzacxgwezUlRA0FxqLbVdoxwqOoeU0BqVozJZVXlc8D1ZzTDCsqkte6RoTyqNuZQQDG3n4lN0WBTXG8xlrDFKNSWqX2UTZjuWqH0uyY7jjET3X2cA1Z8KaM7tJIQG95l56jfGE63fwcwHEMfwkbp/+dHXnozu4a7nEr26f92n1mdd8Ot1fe2P7ozcWfBgAuv2nzGe2hcYmDpHWFNaWAQBW+oK+lX7jOIptsLQuSEp9csey7BgAof0rsNof7pPWNGlOlFZXLh3QANrNuc5EPjgXgMOSRjKjcWhH051oFoDwT5JsIfbNe2mPAHZ8YzgjgHqsI8gtGY2bNULa9GG+7/m2Ya/XbOda/dqmmBSlCcc3SuO0M1Y8VkSNuFulngFltSRkOvWpp1envEleee162rEbnxkvCkKkV8GV7p1yfo3UaS+vpx3tK8bQMltF9Jt7WoiFi4qcCO+UuXh2NSblRPV+5UggSbmK2TCqC0DSmOJWdhrTzgUg6spSYzJXTB56pzGFujI1JnBltmA90RhkzgWg0JhWXayx09gutjzm1xj7tOm+WWNEqbH4N0ljqpkmbDUm2zEpJ3qNxQ+cT2Oa+lHoU2DSmJzL9FuG0xgpS2PSnB3ZGlPnNLVjeddsz2HHjLYUdz4CE0eLzQhIxg/4d76THFQsmIabX9Z502eh0lcgWWtsxNVARgEevLqaLAf4wlcXnTKwTODEUdzxWNwilDQmlNbwx06DjO3HNfEyikMboHGCSLrK0QaLdk12TKcxOrQhSYfMHPc6Ta0di+/OdSFyAMDm1FxnITecC8BhSQNjn35oKeNvdYKJ0UPWuhKgCB5w0UiaNpXV29jzGvXOz/Tic/mLc5lEF+2jPZrIT+pIwDxrtnP5kQ4qqiUC/AepacbjrLm4IeEtez1tJtojRF/1nGTxKcV1Mr3gNs3BNB2eqyQeK3vx9erio9+cxuLkFc3nVFfK2cUNvSGkbRS17kZjhrhxlsayo7VajSUv115j0soI5iirUWMpV2ChMWXj3kpjbGLGaKRZY6DWWA47lpTHPOriueWfJj8P6tP4dOQIm8KOWVgwABVvRTQGJo2Zo9bdaMwMjlW1HcvQmKZeCP0V8QGzxpj6UbBjudTF2bGUqxx2zFpdOo2Z7FgGn5wdM9tS+vPveVe9NevVKkCe+j45upP+2nvEH4KW9+AdZNfDeNavF0jWHsH1Wwk7mP/sL7Wv2djTO1qC/uz7kd5s2mCxxsjoc7DmrDCFztDJ/pGngdIiGlPXCyTurJNoTFPuiB8MnQyxPfemjmFcegy2Cw1qX5poOBeAg8MCA0nWPUUAL/KChj5OEs0FEM8I4Ine9ziyQUQPa/Iz6kIYXFRTkzXGoMuRwMjTSzBOLNPrLI51JGIYiPA3FvMgNB3Ts5llmfmIhBztUUQ24peQNdYxSoiAsoKUIzMSwRljaBlOFF582ceQtO2V70/z2pnOqELsS47waKKyBTWmCZ+ZNUaEbay38ICkLkCRq3I1pop6WWmM5VN8MO4GOTUmv+pCGgOtxthQC3uDPBpTtg/147TLtGPSjTXzTfB2jOXKGOtmEu29xrjeEJLGZNulsGAWY2h7rTEx4K6yY5pXzb1YVdxeLI/d2zFOKFJ+JAkAiqdobZdRY3J5LMGOsRJQzDfBzwWgsWCixhSFX9W1SdIY/ek/FnMBQGsGqn3B1f9ZPN6c8B68gzSnyvkeNHXI39i5aYfmp7kE/fFdBTTmHdtFp4/jwEoAAn6FrjzdH90FacXMQPmRn/wot8Hk3pT6+pGuPA38aphr0pzwpo91q7EliKCFzem5zkRuOBeAw5JG4rYlcZQeAcNZ/SjFuF3CeUPDGQEopLMAzN2a7dJax/HSsWgTjQRl1AjEqJEiD0SMjDGfLtbj0LiohRS11hBl43XO5lMR8Wb3JU5042mTR+BulbaoxZwQSNzyplWgzZGfWdYYiBpjebNUV1kay7Vyu8gnp7EMHnqjMZO6rNYqT/XG54EwOkgZAIOuytKYUucsJ1asIuO2iHhIecs5F0BxjeVSl8mOdVHWDNwq0tFrzKAuRb1gY8fUGis2p0lXGtPxmcGqVFdmlDWbMptqjM+PzKKmfmQ1ZqoRStYY7nwEtz1Ezsk/g9qyEWhOVP72zVKKAQDgslW5E1wUoE8/hDse5d2vVnYM2g3v6I7g1EvDF9YZOcM7vodgkBRLTklYyI5l1o+e1x45I04KvYlDpNMo044tDeD0+FxnoQicC8BhaSOO4JN4qB+BNGARzwgQh8yiC+IwnGIugCTRxPOaRktAZVGZhJl9Fknzi2uKxSnJM9jLoxzRdgxtnnFoXKwl3SoSClt48lwAuug348OWvyziP7gWKf9Gi63ZDiDxppsLINwiZEafQN6yZ/V6zXaVxvgsSLoSI88ajclczY7GpCTk+SbSMclirCNDYylXPdMYry5GV+xjSepiR2sTPhciufIPvdaYbA5TKhQAACAASURBVLsyNabkanY0prg5e5JGYyBqrPCa7bId45vXvBLNKx0IvW/U801IGmO5ktTFccXKqncaU84FkKkxEVYak+0YPxdAyAlyYsxSl6JzFScCiaveayxVktqORWcF//K5Sn4XAJ79crrzR0ReEYD49MVvwlMvzZvg4gD95y8AQLYd4/oCRHbMO7iNrjsH60MAgH49WHN25fDTbLnjSp1S2sJZujaYRmPt1WdDpR5d2pquTByE/Brj7djSQ9Ceb2sBWsK5AByWNJKhUsjMCBD/RtL4CI07E6YDrtOmBjPOn2vAaOYCSDoeiOO0ZU8rYXLJzfCfc5QjSOMbQW4QW/HFbIWMmtIhCdNirEMZFZG91yk/6qiR5H1PDluNzWPjPNqVEeRnK8hGdgqsxuJTBDYsvPsqjQl3QmEMbbLNjFHPG41xPQXkHhbWY5KB3Vet6CFrzKQupcYyo4g6HtiguroJmItPArwdy47i5tQYozZJY7qYqpnJsjRWiFVZYznHaWvtGH8jRW8IW3VJGuOjiGKEX6+NssqstcaUK3oIq1TY2TGlPc+jMUg0VqZVzy6zhIviFpwLgLVjhroytjxP3Ed//j3votdkPQz/ZIPrgt+5Pdclix70Z9+jT/wwU2NRGUTJjs0c9w78Kjj98vDVdVacTqaOeJNHtfezsWDGS1k7FgysCUZOT5Lwxp6H5kQBjS3p738AnDox11koCOcCcFjaiD/608g/E8pHBI+QcBaAOOYXtdDSeQFi50CanGZ8I8ZLCKT3VURXmKwxZt0qIpH+Gnkb0vGiscOim/W0WSvPnW0V9dKseyyPb5S81zZjaDmvuRT900W94tMx3Td68dXhKuFZuZulXHF0qiL2Gj65KFAq1S7WbGdfoVZj6mAVzxUX05C4KqQxxn3D82a5Zjuzn3Ila0zmSsEnqyC1xhRpmTVGUo3J47RBqTGBK81cAPk1RiSNkRI1Juoqth4WFmwONJaxcrugMaY8ynZMFIpCY/nsmEldyrkAND3CIt4yLJhGYwxXs6QxbfUmZUhXP3atMekG+rkAlIU4OcOsrkhjmvqR5SqHHbPSGL37//HOf2U0CNyhGIJ28E+3WWoMNHbMO/BLunIjDm8I1dVZd16t8SMStPkagTVGYFs/choT7Rj1a531L0r0402P+uMHAEqwY0sK2JpeoKMAIP60cXBYokCKCQAQEWnkH0WaRugw2SKzH58Yu3WjBELPaHqS8faqbfJPF6VhE2BOSPPH5oLNJOi3CMicGhGSkALx3/G/9IEhfnhUcIIMJzxZQrSFPQxJkvY8mFhVpcN6MzgKFc8Qb3WHRXlExCWkASuxlBTj62A4MWsM8mpMx6qVxpgHltnIfByVxhiNxLu8xjDlQdKY4WWxuoqfTdJYvrJmwypzZ2uNIb/lD7O6kjSG3WpMWTRzaUxnwazVJRE0mxpjHriQ7ZLsGIgHimnMllXR/LM8qDWmfOmCrnqqsbTqiOvHTE4sLZj+Uva1FNQYfxIyj8/Vj3o7xrCBAhtmjYG437UdSwzU4V3BN/5Mf55DNjpf+xAe2pX8KereTmPQmvKefxxoEBYHrPa3N1yITAlj1BXvQwl2rHPSBVgdiARB296JvaQ9BUrRdVNXLnIgjkvjYhYOXC8AhyUNQtIVAeIjQAAACfHioQEYxfbjeQNUKx4D8ZhfPQCVdz86mgbUNW7WCJyzOOnTyfl2e71mO+fjFRzLwllS2EUep203ZzsbNeJuFXqyNXkQswME0vAQSLxJXnntigCxG58ZLypGehVc6d4pF1YzracNkHJou2Y7M+aT1ZgYxFW/U3bA6KxqTMqJ6v3KkUBmDG3MRtfradtqTDsXgKgrS43JXEkRzl5oTKGuTI0JXJktWE80BplzASg0plUXa+w0tostj/k1xj5tum/WGFFqLP5N0phqpglbjcl2TMqJXmNJJDCXxliulHMBZGpMzmXaFYHTmG5W/9wak+bsyNaYOqepHbNfsz23HcuwpanG6EN/T046x7v6HZrsOpgQ/Mvf0Ae+BgCCxhQrCgmlVdKYf2QHLF8TnHpp+HbosjWdky+u7v95vjZYtGuyY4nGOidfRJetSa71jz9XGd8fl1mjHYvvznUhWqrA8aPQac11LorDuQAcljSSiCE7EQDGJhOAIEWmmk/HN4ZjpSghybhgyzG0JPHiqzrYS/lLcxm30jDuHJZnrCOm29SRgHnWbOfyIx1UVEsE+A9S04zHWXMBpC8kez1tgWX2sNVcACo+AYVb2kRaMpuDaTo8V9wI2DzqQp6r7DG0gOI47eiwmg3zWEcMC0wXGjNEGLI0ZhqvnqGx5OXaayy+kuVKqSsLjaVcgYXGlI17K42xiYl2LO8sALLGctixpDzmURfPLf80+XlQn8anw9kudj+nBQNQ8VZEY2DSmLFe6EpjZnCsqu1YhsY09ULor0irTVN+mPpRsGP55gJg7VjKVQ47Zq0uncbM825YzZUDRMyJUWPBNz8Cy1d7l16b9aYdONBH7u58/SOxPHO2wSSNAQDZ++9e33K65pzw7QTL1+PJL64+//NwtYUUOeoFknQUYq0Qkkr7lAvp8nXJqd74Af/4njBj9m0wNKh9aQCnTizcIQAhnAvAYYmDpJH/sDtA3FaK5wJIPaySZ5SEF0enk9TDmvxccD3tEIxBlyOBkaeXYJxYptdZGodmHt8o5UFoOqZny2vSphQmTWBtZAMSDs1jHaOErNdslwjOGEPLcKLw4ss+hqRtr3x/mteODCnaMcbdr6et0JgmfGbWGBG2/LrHkroARa7K1Zh2zfYsjbF8ig/G3SCnxuRXXUhjoNUYG2phb5BHY8r2oX6cdhcakxiTbqyZb4K3YyxXxlg3k2jvNcb1hpA0JtsuhQWzGEPba42JAXeVHdO8au7FaucCKNWOcUKR8iNJAFA8RWu7jBqTy2MJdoyVgGK+CX4uAI0FEzWmKPwWa7ZLGgv+158AAe8S5wWwBX3k7s4X3qW1Y1BIY50G2f0oVProyOmhxujyde3Tr6wcfNJrjKk/8mMo2mByb0okhEBQXxFsOI/Wh8K8A4A3eaR6bCd0mmVqbAkAZ8ZxYgEPAQjhXAAOSxqsr59EE/8jidynJHKKEq6pE24pxpV17DGl0UgByUtqkQmtSc3ws0prHcdLx6JNNBKUUSMQo0aKPBAxMsZ8ulivSctFLaSotYYoG69zNp+KiDe7L3EiefelaCR7q7RFLeaEQOKWN60CbY78zLLGQNQYy5ulusrSWK6V20U+OY1l8NAbjZnUZbVWeao3Pg+E0UHKABh0VZbGlDpnObFiFRm3RcRDypulurrXWC51mexYF2XNwK0iHb3GDOpS1As2dkytMZPt6pHGdHxmsCrVlRllzabMphrj8yOzqKkfWY2ZaoQeaIxPIfibP4Hxo96vuxEB2Qj+5W+Cr39E9UvXdmzmuLf9R3gm0JWnhcUyqA0Gp15ZObLNH90ZN+7CJNn7Gu0Yo8DOys2dtWezL96bPOod247NiR7ascUCzv04M45jR+YwM2Uh7rbp4LAkcfQjQ4SkYYZkXoAk2EYIRP+FBSXpKcDvJ57+xGamlT8fLQE+xKjbT5E0v7immK7drdraRK1tYKgSMi+Vg0+KCJLFNv6Da5FykBk1cIIWfLIPXw4b5hTku2ZyouNTZkTkStCVLSfzRWMcV8oeFtbPkHI1SxqTn0DPw2LSWM4SX6bGCrEqa6yg7VLZMT4PdrpSqqt7jRVGNxqzqxdkdniUojH2BZdf4mwu4rJQVGMpV2o7pmOUAKC35ff8373VrRGgRdDufO1D9MGvFdSYqvcNs3ZEBBxYGZx+BV19JnvQa475ozv98YPF6oVgcH1n1SasDXNpTh6oju6EmfHuNdatDVlQwKkTYfy/aCtnVuF/bh8AbNu5Vzh+zqaNzgXgsNRx+MOD6Wc/s2U8AlHn1LRzV9IJM7Z8yYe/tlsvs43OsWjOZjSh8jQUQohWusdNQAb6pq2hDZinOSt+/hl4s2uas82mfPR0zyonIutPAm2Do5DG8jtr1FzNQ43l+iRg9mWNFVCXQubd8FCQ1Z5/lutKbGEL1luN2bJaisZkVpiMlKexyI4ZeLNkoyBKcVsbByzos9y9xsrkJPs2el3NusZg7Rn+tR/0Ln5Nzodc/KA/+17wT7eF8/8X0FiIcJ+uOR1XbYRqf9TWlF+1X8fVZ9CR04U8kM60Nz1KZk6QoM39oFEX+lXsX0EHRrA6wCYDQL2pI97kUdJpFbT83I2XDhCnJ6A1zR6AdoMc3esd2T2X+dLDuQAcHLQ4/JEhL/zCJwAInpcO9POYEYgeiUdaseNw409/L7a6oacgrJ2JpomvGZStQvFmhya6W8DEa6IihRum+SM8ZTVJdenYNb+0DdPsqpE7WnaEpzgnOdq/Gq666TWg0ZjsvjFkVqEr6dN6wWvMslk/3zRWRF0qrmZFY4VtV76HK7/M5ncRZlgw9jbqm3N0ziuN5UApGmMyoaRZk83u68fe2jEEIEBedI1/zR+Sc7YUSmKxgT79EP3h5+kv7stzkVpjWB+gZ1xClq3wBwaJXyFgKrl0aB2uOAXryxWpt6ZJe9prNyBoQtAGpNH9iAd+Ffw6rfZhdQBrA4prO01vetSbPm7QmIMCnRY2JiHgZ2cExCDoTI/j1Ji341HSmpmr3OngXAAODlrIvQDCT3tCMP6TkGR6FH6KOEAkHkln8hF7AYQQm1OmZYTy2+ASokZ8Uyx/9Ds+CxdSZ3K5watuiuX07mflQb4iZ5Pd0Aztgo0MOnupMTv03KWVnxQ1q7q3Ytncz9f0715jpXcmX2AaUzfT511n8iw7puShl9HvLjSWy3aZ8pCDyGi/G42pHqIEOzYnGrN4/eFhsvky7/I3kIteQwZX57zHYgBOHMWffT/48V2441HbS4zljgLgub/mrTqpUqkS4oHgAFD2Dqsto8PrcWg9eIaJ26zLI1Jv5oTXGIO28Uu1JKu+eEADaM1gq6H6DQEAKe10OsGx/d5T/zbfOkU4F4CDgxZHPjJEkl4AYbUXj/BPlwnAaEVgoRcAAngEkl4AlnMBJFdlIzXBzMUFGg2K9gt7A2vkrBLk5lfh2BEwfObJg75q7KZTZVlVo5AdJW95GqbdRb/zRxTL1VihZkeXnz1FNWatq/mtsQIfP7a6UuehFI2xL6kIDzas6hRc+NO6DI3F+7nV1TONKV+R9kdbC5ZfY/KnNXt1KRqz0Fs39WO5dsxW7bZ2jGy+jGy6jGw8j6zbRFZsgIHhRThfQNDG6TE4fhAP7cC9v6Tbfyp++Xdhx6I5JFefBpsvrfUvI8TjE80A7RuCoXV02Wrwa8XKLMGANMe9xjg0J/OXCrXt4gzPYgUNoD2DTeXHPwdEbE1Pwo7HyJHd82qaALMLwK0I4LCkQSlG3/zIx+fj2pdx1AIAAYrxFz9RzLkaBxrY6ls9g7SlFz/8KZ63OfoD7GatZ7fsmrSAjCm3XrOdy490UFEtEW6WWvOMx1lzcUPCW/Z62ky0h2samzjJ4hNQuKWSh2xOdHzyXMUMgMSDYiuxCpLG4uQ1nXtZjcWH1WwYNRZuutIYStsMPlPeslcE0Gosebn2GpPXbNfoykJjKVdgobHMNpqRVV5j4YPm1BioNZbDjiXlMY+6eG75p8nPg/o0Ph3OdrH7OS0YgIq3IhoDk8aM9UJXGjODY1VtxzI0pqkXABjblaExpn4U7FgudXF2LOUqhx2zVpdOYyY7lsEnZ8fsbKmtHYMdj9Adj3AtGwvXswm5NMaB/yDN7QiTtmkBzYjMyBqzbIPF8kG6/qxarS9Zt0ksj3pOyMwYzIx5tedh2QgOrMT+YQBPyqCKK6SkPU1aU15rKon8y9JIt/F6TMjok80LMv9Dg9oXOpBCpwXtJnbaFmcDABBCKn397Q1nhS4AdXtr/sG5AByWNAgh6RAAJv4f9dhPPiYxXSuVCGuuCisekzLW0w7BVAmKNduj7CMkAxbYdewRhTXbFWvSlrqedtTwyL9me/QcmWvSRglZr9kuEVxsPW3FOuQ20UjNa0eGFCHQknLV/XraCo2pRUbMGiPCll/3WFJXyEbJ62kzGtOu2Z6lMZZP8cG4G+TUmPyqC2kMtBqTelUkS5XYa0zZ+JXtWAkakxiTbhxqTFIXb8dYriTbpSiPs6OxpJwqNSbbLoUF4zWmRK81pvh6k+yY5lVzL1YbqS7VjnFCkfIjSQBQPKW0Ndu71xgrAVlj8WhCswUTNaYo/BZrtmdrLGSD1Zi+fszUmJIrXfbZs7V2zEpjIRvZ7TFZYyyMGtPaMUZjHCcDK7wKN/5fZcfCRKV2BQJpT8PxaTixD6t92DcE9eVYG4BKH/rVpFMGQQpBm9A2dFqk0yCdBmk3FPZft40fzGCiDK6KBQsESgEp0ABoBzsdCDoFUvE8HwfSNRc0TcP5BecCcFjSSN3gceAVSLIwPUmDZWxUP9ka1zqOQy/Km/JfZAaTmuFnldY6jpeORZtoJCijRiBGjRR5IGJkjPl0sV6zPeYq2eei1urHNbJhz6ci4s3uS5zo1pFOHoG7VdqiFnNConsnEbPMtbW7WU87Hyc210pRI0t1laWxXCu3i3xyGsvgoTcaM6nLaq3yVG98HpgwHMMDGHRVlsYMLcocrHa9nnYpGsulLpMd66KsGbhVpKPXmEFdinrBxo6pNWayXT3SmI7PDFalujKjrNmU2VRjfH5kFjX1I6sxU43QA40ZyixrZmJOoj/y1Y9q2yVmmdcYZ/Mz7ZiCT67XGxupngWNCXYMWN4Q0fMh0YFJY5AUS05JGL/61gxpzQAcYhwqnN5SoduUzQIac1CBEADPZ4/Mfy+AcwE4LGkQQtKR/ySZ+Q8IEkKibeg/Ttyzic8XSez5TT3Q4fcFG5lUR0vSDGR6XhH4i/kOb3xIKN0HZhvFN8IfURWfkuO9afb4nCRb4SH4sIIUBxOjZ6boNxApmMHyGf7BtUj5V8qEGgkX5mbbGsyLkSM/fMQjfBSJN4TM6BPIW/YsISSUcMWEJFRRjoSADI1xjQJ11EXSlbJTpawxmavZ0ZiUBBKGK0ZAqkhahsZSrnqmMV5djK7Yx5LUlW4FrmRy5R96rTHZdmVqTMnV7GhMcXP2JI3GQNQYry6JK21vAoUd45vXvBIVkWdmy8SuFRqTbRerLqXGBK5YWfVOY1xdYK0xEVYak+0Yp66IE+TEmKUuIueHE4HEVe81lipJbcfY6kpvxwRd8T28rOpHa411ZcfiNhiItt2qfixdY6reIiljyR0YriTexKYTXx6Vt5XOUm45jcV9JURdFdUYb8eWLAj/ImD+ewGcC8BhSSNyOivtF+f9jZsOfLcAebSnzUhaTD8PeI+1dP+45ZrGalLPusEHL23DTcExtDpOhIya0iEJ02KsQxkVkeNvKT/qqJEURUwOZ44rFn3wkffdPIa2KzayU+A1Fh7LrTFQaUy4EwrjG5NtZox63miMjxqFh3g27MYks6WY0RhbCkWNmdSl1FhmFFHHAxtUVzcBc/FJQGXHStQYozZJY6Bhw8xkWRorxKqssZzjtLV2jL+RojeErbokjfFRRFX0tRQLpk3HWmNy9FuqFyztmNKe59EYJBor06pnl1nCVGimsmZtxwx1pawxjR0zqkunMTttzKnGRD7t2mA57Zjc9kgeQCqPaKEQDQ85v7o5jUVHytGY+/43YD57AZwLwGFpg50LILbKxAN2SFlcgNmYf+gZlRy2VnMByCE/jduZqRKsIhJs6ojcWD7ei88kqo8yhYibX0K1xJ1tFfWSI/+E5VDkk2XVYgwtkagFmXfhcdPTMd03RiOTB1BHyyNW2ZuBUAFYRiSIMprBvHnUREVyaEx67Zpx2uyW54qJEenG0ObVGOO+4XnTjqEFTlfMfsqVrDGZKwWfrILUGrOJenEaI6nG5DG0oNSYwJVmLoD8GpMjZqREjYm6iq2HhQWbA40p1GXQGFMeZTsmCkWhsXx2zKQu5VwAmh5hEW8ZFkyjMYarWdKYtnqTMqSrH7vWmHQD/VwAykKcnGFWV6QxTf3IcpXDjvVMY0S0Y7LGMurH2dGY0AYzaUzSFcuVpDGw0Fh8mNdYerpkx9SdvgQ+WWMkcaVWrWGraVeUZMeWNNgXYzo2L+BcAA5LGogYTvbHza/KuEApErndxHpMSbxNLDRoooiq26sstHCC0cPKePTZalKKiliMctRGv5VRkTRrJHnQYuO0geGTq+qEpoG9p9mCT/7jgOFNGf02jqSNueJpSl8AiDM/K6OIuq0QDZM0Bnk1pmLDzK0papRznLasMeYlAEhCS3kTZrBn1aWMIgLPFZCYKrVLy4YHG1YxjRRZa0wTfwMUdUUEhvg8FNGYqvdNPo0ZLFieaNUcaSy2XaEdKzjHBKcxKEVjtqzyuuJ5sBqnzbCqLnmla0wojzZRxG7qR+mTsqDGlNFvAqnGJLXLbKJsx3LVj2XZMYtWB2PHZI1Z2DFj/VimHTOsxMHWBXntWC4+2XOTlpigsdQWWWuM5U3uRsBlirdjNu0Ks8bSA2XUlUsMqJrMcd56AZwLwGFJgxlKBoRA0iMgngsAgAABEi8XALF9TMc0ArPFsBcA62EVxjoKhkDjZo2QVkvMxXztLUet+fGNqIxycE8S8ZDeXY6iS/kRrL/kTWfG5kWtFsVcANJoNN1YPuY2YlBB/VKTLeu653ljvDpZMx6HD8RwlVJuOb5R/iHkM41OIDJcMeGJjFm1FdFv7mnDPSIEcdXvlLl4djUm5UT1fuWIDUm5SiI/JnUBSBpT3MpOY9oxtKKuLDUmc8XkoXcaU6grU2MCV2YL1hONQeZcAAqNadXFGjuN7WLLY36NsU+b7ps1RpQai3+TNKaaacJWY7Idk3Ki11j8wPk0ZqgfLTUm5zKtXDmN6Wb1z60xri6w05g6p6kdkzVWmh3LsKUajdnUj4U01pUdM2vMyoJp5h7KpzFbO4YiJ/G4vrQaNNWPUm+CPG0wiVDOdoGsJc2WW/FKsmPx3blOHg4MUOMFmIeI/XQODksSR44cIXqEn/bCn8nBMAX2OLsj7Asw/OTg4ODg4ODg4LCAIH9PsUeazVZ/f9+sZ8ph9jAz06jXa8mfcjt/9lv+M9MdANi2c69w/JxNG0Ho/uzg4KCDYNyd78zBwcHBwcHBwcHBYcHBuQAcHBwcHBwcHBwcHByKwNwFwGEJYv5LwrkAHBzU6L6szrfS7uDg4ODg4ODg0FOU2/zbf/DIc88fCigN/5yebuzZe7Dd7hRIqt3u7Nl7cHq6UWL2HHSY518BzgXg4KCA6/bv4ODg4ODg4OBgRk+biNPTjemZZrPZajRa4ZGA0kazRQvdlCI2mq3Em+Awy5hXXxNuRQAHhxwIVwCc61w4ODg4ODg4ODgsAHTz4Tc+Od1XrwHA6PGxZQPphILHRsemZxqEkA1rVw0M9AHA2PjkkWMnAKBWq568YQ0APH/gyPDgsuGh5e12Z//Bo6tGho6Njrc7nYOHj/meNzDgpicsGQvrG8H1AnBwcHBwcHBwcHBwcOgWJUZ6A0pnGo3B5QMrVww1W+2k838QBM1W6+QNa6rVyuGjxwNKp6cbh46MLl/Wv37tqmazdfDQMUBoNludgCbBf0QYWTlU8f2RlUP1vlrWzR1KwLwK+wtwLgAHBw6I2E2Jnc+l3cHBwcHBwcHBoSxktvq6aRY2Gi1K6UB/30B/3fPI1PRM9AMhK4YG+/vqq1YON1vtRqPVbLUAYGTF0LKB/uGh5RNT08rJAmq1KiGkVq36nvsA7Al6qody4QYCOCx1LKx+Ow4ODg4ODg4ODoseE5PTjWZr994DhJBmqz0+MbVieBAAPI/099cBoFLxAYBS2mi1CSG+7xMC4cCB+fOpOf9BEWlAKVJKQ9pC6ggh4HnEI57ne96i+1JwLgCHJY3k+z/cKewOcH4EBwcHBwcHB4eljBInk263O+MTk6tWDg8PLQ//PHj4WDiZPyJ2OgHUod3uUKQAUK34yYVBEAj3TU5zENAJgiCgVD0/IiJCEGAAFDrgeZ7vexXfV50pXsZ+EczbDwTXD8TBIcNGO0+qg4ODg4ODg4PDrGFqeiYI6PDQ8v6+en9ffaC/jwAZn5wGAEpxcmoGACanZnzP76vXatVqu9OZmJoOKD0xNlmrVivVCgBMTU2Hp1HqmrIcwoUV2u2O5vtfBKW03e4spvUUXC8AB4cI89ZR5+Dg4ODg4ODgsHQwPjFVq1XDXv0A4Pt+f399fGKyXq/6ntdqtbfv2kcp3bBudaVSWbbMW7Vy+ODhY0eOHgeAU05aW/H9VSPDhw6Pbt+1Lxn873ueR4hbEaDV7gRBUOBCRGy12r7v16oL/gt6wT+Ag8PcwjkOHBwcHBwcHBwcSsS6taui8egAAEAIrFszEgS0UvX7++oeIQGlBEi9XiUEfOKtGhkeGlwGAB4htVqNEAh7EIRf/hSxWq14xDv1lHUUsVarzvXzzQ0QsWUd+dchCIImYq1aWdDtf+cCcHBwcHBwcHBwcHBwyAHzyP/kz2LjSevSV3q1WqlWAQCUI9Irvi8c9z0vdAFwydaX7nKAiNhstUsZ3kspbbba9VpVOezfPB3APIkdurkAHBwcHBwcHBwcHBwcHBYtWu1OidN7hR0Kykpt9uFcAA4ODg4ODg4ODg4ODg6LE933/5dBKV24XgDnAnBwcHBwcHBwcHBwcHBYhAgoLTb/X3bKQbBA1whwLgAHBxPcioAODg4ODg4ODg4OCxTtXsbqe5p47+CmA3RwcHBwcHBwcHBwcHBYbOgEgWU8Lxg/+PSuA/uPNFq1vg1rN5x11vpBxcSLIhCx05suBj2FcwE4ODg4ODg4ODg4ODiUDNeZdM4RBFYd9U8888jWZxvRqc3J3RPP7t6195wtl71oKMct5sls/zZwLgAHBwcHBwcHBwcHBk5NcAAAIABJREFUBweHRQWKaDUL4PFnH3q2QUnfpktedP66Ab957Oc/fmrnZGPbk3s2v+S0vsy7UEoXmq/HzQXg4ODg4ODg4ODg4ODgsKhA7boATBw50QSon3bWResGfACor7ro4vUDAHB8/IjljRbapICuF4CDg4ODg4ODg4ODg4PDogJFqy/zwbMufs2ptNpXE38gnmW03LkAHBwcHBwcHBwcHBwcHBzmEpTa9c8nlT62uz+OP/2Lw9MA3pqRNeXeaN7AuQAcHBwcHBwcHBwcHBwcFhUKjNAPju984NHnR1sAtZFLLtwgdQzQ3Ch/3uYWzgXg4ODg4ODg4ODg4OBQDtxCAPMGOV/ExI5/eXj/BMLAhk1bLjzZZlHA+D7I/zXflwZwLgAHBwcHBwcHBwcHBweHJY2J50cnELyTXvAbF1uOAFiocCsCODg4ODg4ODg4ODg4OCwy5AzFewAAQ8OD+e8zr2P+MlwvAAcHBwcHBwcHBwcHB4dFBULyTQcwePZlbzi70I2KXDSXcC4ABwcHBwcHBwcHBweHeYR2u7PvwOEgoADg+94pG9ZWq739cJuebhw5duKk9at7faNZg+eRIMjhA2gd2/nknubwmeduHsp9o9yZm1O4gQAODg4ODg4ODg4ODg7zBe12Z+/zhyq+f/KGNSdvWFPx/b3PH2q3Oz29aUBpo9mii2guQ4/k+tSd3vnL53cfOPr4tgO5b+QtsG/qReLjcXBwcHBwcHBwcHBwWARottrNVnvVyHB/Xx0ARlYOP7fv4NT0TK1aTQL1Y+OTYxNTJ29YMzk5PTYx5RHSaLbC/gKe7z1/4Ei9Vp2cmkHE4aHla1atCOP8Bw4fQ8SkW8HY+OToiXFKsVLx2+1Ou9N5fv/hjSevWxwdATzfgxxuk4FN56zeu62z6ZwNuW+00FwACyy7Dg4ODg4ODg4ODg4Oixj1WtX3/UNHRsfGJwFgoL9+xqknLV8+wAbqOwFtNluA0AnoxMQUAJy8YQ2leOjIKCA0m60TY5NrVq1YOTx4/MT49HSj3e7sP3S0Wq2Ep+0/eDSgtBPQ6ZnmiuHl69aMrFwxVPH9NatXVCr2q+HNa3iE5Po4r60795UvOz//KADPW2jTAToXgIODg4ODg4ODg4ODw3xBpVI57ZR1Q4PLDhw+tn3Xvh27n2+2WhVf+2VOCFm5Yqi/rz6yYmh6phEOGRjorw8uH1ixYtD3/fHJ6War3QmCVSuHw9NmGs1GoxVeu2ygv69eq1UrhJBarTbP17TPBd/v+dfuLNyidCyGPh4ODg4ODg4ODg4ODg6LA4RAvV5bvWrF8NDysAP/4aPHqxXth1ulUqnXqgBQqfiIgIgA0N9fJ4T4hHgeoTRot9uIGEb4+/vrQIBSCgAV3zc4FxY6Kr7f6QTYswkOCCEV329Du0fp9wgLz2nh4ODg4ODg4ODg4OCwWDE2Prn/4JGK7/f31fv76kODyxCh2Wqx57Ta6WcnpTT8nu90OhRpeLDdCcJJ/uJlBfwkvM9+FRMCiynsL6On8xos0EkTnAvAwcHBwcHBwcHBwcFhvqBWq45PTocTAQDA1EyjE3R83weAIAhmZhoBpdPTjeT8TieYnmkAwMTkdK1arVQrYd+BgNJGo9XpBMsG+mu1KiKOjU8AwPET477n99Vrc/eIswff8/zedHPwfd9faBMBhliQfgsHBwcHBwcHBwcHB4dFib567eT1qw8eHj1y7EQY5F+3ZmTZsn4AWL584OCR0WPHx6qVSrMVBfwrFf/Y8fGjo2PhpIDh7HSEwM7dzyPiyhWDy5cPeISsWz1y+Njx8YnpThCcvH5NhR9ZUK1WKNLFtCJAglq10kQMO0qUBc/zaguWpYWabwcHBwcHBwcHBwcHh8UHQsjyZQMbT6oiRN31a7VqGHDesHZVJwjCEDRSGs5473vehnWrCCEeIbVaLfzWHVw2sHz5QPhtH147PLy8v78OAP+HvXuPi6rO/wf+PmfuDDBchsuAgAoKhCiYSpJpamFpmlq2q5mV6bbu9rXdr227fr+bu1v7/dmWfnfzu9tldbXsYitllmlq4aW8hJGoiIICKgjDZbgMMMx95vfHgWGY4c4MMMzr+ejx3XPOnHM+n5HvZ2Y+78/7fD4MMSKRgGFI5i/19RFzNxEJBWOiIriAwlD/A7ieUMDXG4yumhSAYRjP7f8jBAAAAAAAADC8MAwjFneSqC8Q8DsZomdIJBQ6TE3P8ngSscj+CI9lHY7YzwXYVYkjA8MwIqHAYDQNPBeAG//36AkUEAIAAAAAAADwSPYj+RyWZaMjw3gjcTB/IGxRALPZ3O+b8Hg8jx7/53j8GwAAAAAAAPBOzqv6cWsKDl2NhjWhgG/msUajqa8PBTAMY3ukwtMhBAAAAAAAAABegceyPJHQZDabzZbePBfAsiyPx/Lds6zAkEAIAAAAAAAAALwIlz1hsVotZovFarFYuLQALjWAYRhiWYZlWJbHsp782H+nEAIAL3Ppc7p+ksovUv1tMmpDBBKLv8IUdochJt2YOH+oKwcAAAAAAIOEZRiWzyMaOSP8vcG4ammE7mWfv3r+0vXLhTcNBiMRBQX6JyeMnjl9UnRk6CCUDkBE9O2bdHo7aWq7et3qE6S78wl92jOMHS4M6LzbGh4ksm047Dpv2/PoSUQBAAAAvJxDH8p+17bNbRiNJolEPOgVhMGj1eq4ZRp60x0YnF6AtsVERIUlZQ7H48dGDUYIoKa2YfsHB2+UVhKRj0Q0KiLEYrEW3SjnXr337pSfLLp3RC4+CcNIxWX6fCOVX+zNuabwJN28P1rCEhECAAAAAIBOIQQANggBdFBaXv3q/+0xGk13jI95+IG7x8YouOMWi+VcbuH+r07V1jeOjgp/4RePiYQC91UDvFrRd/TRGjJoe3+FVSBpWfyGZezdCAEAAAAAgDOEAMDG40IAblzVwGAwbtuxz2g0Pf7Ifb9+9lGu///1yR+/OHIm7+qNu+5MfOV3TyeOi75ZVvnx/uPuqwZ4tYrL9GHf+v9ExBi1PvufZ6uuuq1aAAAAAAAAQ8CNIYAjJ3LUjZp77pp4b/ok7ojFYvnqWPaBo2f/vnP/S3/ZpdMZf/H0w8GB/qfP5ZWVV7uvJuC9Pt9Ixr71/zmMUSs+8kc3VAgAAAAAAGDIuCsEYLXS8dO5QqFg6fwZ7YWx7Mb1jz+/dmly4pjK6rp/7NovEgqXzJ9htdLxM716ThugD759s5fP/3eKp7ws/H6HSysEAAAAAAAwlNwVAiirqG5q1iaNj/GVSuyPhwTLJiSMWb9maVL86OKbFcU3yydPHCcQ8K9cu+mmmoD3Or19gDcQnHvXRVUBAAAAAAAYenw33bemtoGIYqLCuzph1bL7cy5eGx0dzufxFKFB5ZUqN9UEvNSlz7tZ/6/d0mPk+zHt/menLzItdabz+3TxD9jmAcR0gAAAAADQ++kAbT8dYaTS6fVanW5YTQco4HU3A6W7QgBms4WI+LwuswyCAv0z7p3CbfN4LENoGOBS10/0fM7SYxR8jLZ33v/nSMrOmRIfxooAAAAAAGDT+xCA1WrhsVj7bCTjMWaGZYdVCKB77noQIEDmS0SqOnWPZ1qtpKpTSyRCN9UEvFT5pR5OaO3//7n7s/hVl11ZKwAAAAAAgKHjriyAmMgwlmXzCm5YLFaW7S7UcbNM2dSsTZkQ56aagJeqv93dq0uPUcgxeqeH/j8RsU1KV9YKAAAAAKAX1E3NNaoGblvmLw0JDuQOqhs1kYoQHuvGld1syitrtFq9bZfHYyMVIULBUCY1mC2WcmWNRCzk/kGgH9z1/zoikeDOSeNr6xq///FK92cePfkjEaWlJripJuCl+rUWoDPGRfcBAAAAAOgldVNzZXVdoMwvUhESHhbc2KSpqa0nIpPJrNcbHB5DcB+DwUgMRSpCuP94PF51Tf3gFN0Vq9Wq1xsMRtPQVsOjuSsLgIiiIkJ+yC346LOs0dHhEWHBXZ0WExkq4PHunBTf5wI0RVmZ+7+9Vq01EV8SGnfPQ8vmJPi5OKaRu/PFI5H/+bt5XU5rCMOVQNJdFGDfHFp6jNZSjw8CWAWS7k8AAAAAAHAhs8VSW9coEQsDAvx4LGsla2CAf229Wubvy52grFLp9UbbmLzBaCxX1nBzsUkkosjwEI1WV6OqZ1nWYDASUYg8QObnS0Q1tfXqRg3DMCKhgGGZyPAQblDd4TR7PJaViEXcto9EVK9uMlssZrPZoUT7lIFOj4SHBpcra2T+Upmfr7qpua6+kat8eWWNUMAPCQ60ZT0IhQIuzaG8ssZoNJlMZi4Jgrsbn8+zDFYEZKRySxaA0WTanfn1voPfScRCvd74l//7+MTpCw7n6A1Go8lERA/MmbZ6xYN9nxah+shbO3NDlr3059dee+21//ffyydUZL7zVbXr3gR4uMBRPZywbw7VzqG1v+/+LIufwpW1AgAAAADolk6n1xsM/n6+XLY/Q4zM3zcqIozP53PdKJFQGB4WbDSaqmvqzRaLskrF4/EiFSGBMr+m5haNVmcxWzQtOoahSEUIMVRb12i2WDRaXV1DU6DMLyQ4oFnTwnX7K6tUJpMpUhHiK5VUVtdptLpuKtbSouOxrNVqdS5R3dTcotWFhwWHhwXrdHrnIzqdnmGoRasjohatzmg0GQwms8Wi0+kFAoFGq6usrvOVSsLDgvV6Q2WVistBMBiN4WHBMn+/mtr6puaWEHmAv6/UZDIP4l9jBHJ9FkC9umn7B4eul9wOCQ546P673s/8ukWr+3Bf1uHjP0xIGO3vJyWiisraywU3okeFvfjLn/SzmMrc3Oq4eS/EtL4BYeS0VS9Ns7jyjYBni5xI1dd7OIfLBVhV3dWigERkCpvg+roBAAAAAHTBYrEyDCMWtT9yz2NZnqh19nSWZfx8JWKxSCIRGU0mlmXCQoJZlhUK+AxDNXVkMVuIiGHIz1cqEYv8/aRqdbPVam1q1vB5bECAH8MwPj4Ss9lsMBqbNNqgQH+JWMSyrLpJo9cbpJIO68m1aHVFN1rn2LKSdZQihMdjnUs0mcxkJbFIyOOxoyJC+Xx+g07vcEQiFqkbm80Wi9lk8ZVKmltauGFgqUTcpGkhosAAf6GQ7+8vrW9oMhiNRMTn8aQ+YoYYTYvORyL285VardZ6deOg/j1GHBeHAG6WVW3bsa+puSUpfvTjj9z32t8/NlvMy5fMKbpZ8UNuwcmz7ZO0+/v5DOj5f4lEQtXlFZQaYXewNafBdOubnbtPFjXp+X6xs5avnBcnJWoqOPLR/jO36rQm4odOW7Xu0QQpUeWRV/+3fMLDVHC4wHTX879bEHbru92ZRwuq9cSXxc366RPzYomImor3v/GPM+V6uwth+Bt3L+V+2vNp++Z0/7oh5m6XVQkAAAAAoBesVqvJZCFRJy/xeTyBQMAQw7IskZkhRm8wcCn0FquVS84nIpZluSCCbeJAnc7Asiy3y+OxZrPZarVaLda6+sbGRo2VrEajSW8wOBQnEgm5rH5uQTuRSNBpiTJ/3xat7kZpBUMMl7fvfETqI65vaNLp9CaTSebv26Rp0QuMDMPwBTy9wcAyDLdUvEQkqqcmbr4DoVDAEGO2WIwmk49EzDIMMdwbh/5zZQigoKj0nd1fNmu096Qlr3hk7l/f/qShsXne7KlzZqTOmZH65LKMm7cruTOFAv6Y6IHlV8tmPnrfuX/87b9yRyVMu3PahJS4SGnre9Fm73znQsSzf/hZDJ+asnf+LTP3hadSJSYKvOdnLz0bxCdTwd7Nmd/ceunhGK7WP1xZ/LOXVkcKSZv9z398w3/0xdem+ZGp+kzWDS3FElFd3vWIF/70mh+rPbfzlcyjU19aEjPgfypwv4kP08E/kqZ2IPewSIJ04x8c+rU7AQAAAMBriEVCHss2t7T4SlsnpTIYjZXVdeGhQc4LyxuMxuqaej9fH5m/r8FoVFa1/vplnM7k83lGp1n0GJYJCQrw8Wkd+efxeA4n2M8F0E2JfB4vLCTYbDabLZaq6lqhUCDz83U44ucrFQj4mhYdMYxYLGpobG5s0vj6+jDECPjt3VKT2Wyb75B7CyzLDM4KCF7CZf+UpeXVb/xzX7NGu+qxjFWPZfx7//FrJbcTx8csfrB1EFUkEsTHRnH/DbT/T0REkRkvvPyHXy5L9i//MfMfr/zXf235pEBDRE0/ZBfF3fsQ94SAX1p63I28YiIKTJh2RxCfiIifMD6yqb6u7TYJC55JjxS2XfjA8ml+RET80PR5aUFERBQ0NWOaH0tEkmkT45rUdV1WCIabu9cO8AbayatcVBUAAAAAgF7hC3gymW+Dupl7Mp972t9kMvH5nQzfWq1Wk8ksEPAlYpFOb7BlATjzlfroDUaNVmcwGps1WiISCARCAb9Fq5OIRRartaJSpdV1NxdANyXW1NbX1NZLxCKxSGglYohxPsIyDJ/Pa2zS8Pk8kUjIMIzRaPKTSohIKBAYTaZmjdZssTSom4UCvsBu6UGGGF9fn2aN1mA0arQ6nU7fbQWhBy7LAnhn95cms/npnz6QPjXp65M/njhzMSQ4YO3j8/lOkSQX4ksjE2ZHJsxeTKbqM7v+sfPThNdWhWq1VLD3xRf32s5KSGhbPuDMjbomrYmI6I5U28uC1jCIVqslvqST6d8FtjiJG9dPADeY+QvK/4rKL/bvamNYUsudq11dJwAAAACA7jDEBAfKrFbr7YpqbkUAHstGKkLYzmZQFwgEUqmkprahvqFJLBLy+TyjySToLFjg5+vT2KS5XVHN5/OEAj4RsQyjCAu+rawpunHbbLFIxEKpT8+LYXVaop+vtKyiqujGbStZJWKRVCoRCgUOR7gwRFNzi1wawIUDLBaLSCQiIqlUEhToX1ldW1NbT1YaFeH4ZoMC/JuaNDfLKlmG4S6BfnNZp1ZV1xARHpw+NemrY+f2HfxOIOA/98xiP18fV92/B/zQ9NSY/WfqmihGIqGEFa+tTunw+uVP/3mGv/yXL6UG8Ylydr542fkWEomETFotERaBG0Ee3kzbH+ludcAuWAWSptmb3FMnAAAAAIDu8Hk8eVD7En0sy4iEQu6Re6mPhMdjiSgkONBqtbAMEx4abDabuSf8LRYrn89jGCYmSsENpNsuYaj1TIvFoqyqFYuFRCQWi6IiwrjEex6P5zB8GxEud65bpyXyeKz9fXgsy4oEDke4MIRY1FqxUHkQV3/ucQPb++VmHOBKZxjW9g8yKiLUYrEyDLEMS31fTw5sXPYgQMyo8IrK2j9t2b3v4He+Usl/PLMkIizYVTfvxO0v3/j7kYLatqdZmgr2nyiKnDTBj/ymTo0r+ubLW9xMFobyc2cLtER8IZ+EEn8+kenWkW+LOruj39SpcUXfHixoIiIy1Z/LykbOv+eLmECP7yBh38I6VoGk4cH/NYUOYLpKAAAAAIAB4PN4ErGI+4/r/3MHxSIhQww3vRp3XCjgc6cJBQKxSMjn8XgsKxYJud617RJ1U3Pp7cpyZU1FlYplmVB5EJdxIBYJ2y53HB4WCYW2ou05l+h8n07vzGNZsUjEhQNs9Xd4v7Y3KBIK7askEgolYpFYJBIKBc5Vhd5z2b/d2pXz33rvQFl5daDM7/mfLY3sLGLkSqMeWD51/55/vrK7Xmsi4ktC4+579pf3BBGRZPrqZzU7d7/yYpOe+JLQhPmrJhMlLFyV+Nbu/3rRxPeLe2ByHNV0ckvJ9Cd+1vD+ntdebGpdESDZvW8BBkfcPbTmU/p8Yy+fCDCE3tE0e5MpNMHTQ4sMy/BYhmUZhiWGYRAqBegHq5WsVqvVQhaL1WyxWi3Woa5RJ9DYAQYILR36wTZfnfOubZvbMBpNAuGwmMouIEAqlbam0LMsKxIKerpipLFaW/8sVgtZrFYajm19MDAO/+8LMGJ9+yad3t7NGgEWSZBm0uOaO59mGIb7duUCkIwd2679dKyd7jpv23PrVzefz/L4DMvi1wGAi1ksVrPJajJ1OdPSIENjB3AHtHTojT6FACQS8aBXEHpmtVotZrIMOOqn1eq4BxZ60x0YzABeYUmZw5H4sVEIAYD3ufQ5XT9J5Rep/jYZtVaBxOwbbgi9Qzdqum78A+1dfc8MAfD4rECAoQEA97JarUaj1Tyk3QM0dgB3Q0uH7iEEMGJYrVazmQaS/uNxIQA8RAFeZuLDNPFh217ZrYoO/XuPxTAkEPJ4PI9+EwCegWEYoZAx8xijwTz4UXQ0doDBgZYO4CUYhuHzyWIhs9lbHg1ACADA47E8RijkeXYMA8DT8HgMK+YbDGaLefB+L6CxAwwytHQAL8GyDMMwZrPFOlyeAXKjYTE1BQD0G4/HiET4oQAwBBiGRKLBG6ZDYwcYEmjpAF6CYYjPZxkv6B97wVsEGLlYHiMU8XpxIgC4i1DEY93fN0BjBxhaaOkAXsIbogAj/f0BjFwMQ0IhfigADD13p+yisQMMB2jpAF6Cx2NpRGfiIAQA4KkEeFAQYHjgJu5y3/3R2AGGA7R0AC/BMDSyJ+NECADAI/H47Mj+bALwLDwew+O75SsVjR1g+EBLB/ASLMsw7IhtkggBAHgkgWDEfioBeCg3tUo0doBhBS0dwEvwRu5zOQgBAHgePp9lkCwIMMwwDMN39fAgGjvAcIOWDuAlGIZhR2giAEIAAJ6Hxx+Zn0cAns7lbRONHWAYQksH8BLsCE0E4A91BQCgbxi2LyHJptLj35w8nlun1JiISCCVxaYmL74vLdbPvZUE8E7co4NWi9Uld+tbYweAwTKMWrpFferd9/PufG7dJJfUBQA6YBiGGCu5pq0PIwgBAHgYXq9/KKjO7Hnls4oWS/sRo0ZdcOrUq2d+SF6yYn16kLuqCODFeCxjclHHoPeNnfQao0AqQGIfwGAZmpbuSJP97rvv5QetWO6SigBAJ1iGsVhHWgwAIQAAD9PLsYKW3MxXPq1oaduVRcqM5erWXYs+79P3t0nWrE+Vdn2Div2b9xxUOR+Pnp1UejyfklduWJ/an/r3UcX+zYfo6TWLw+0PXti2ISuPotdsXZZmX1V5yssb5yo6OaFnykM7NmWp5XOXb54f4Zb3AV7DheP2vbqVprRAWX1094XoX6yZ0ZxTUNfZOZKIyckRPl3dITdz7QelRER2TYZrEURESXO3r07pdZW5pmffGHugPLRjG83fPD+iH80WYAgNdkvvhCb73V078k0UNWaypA+XZe/cuiPftidb8BuHb9jOVGZtfP2Cqtt23Yuv0aFs49y7HqyfLi5gNJpuK6uDAvxl/r7uK6WiskYgEIQEB7iviBGAYYksvTjPoyAEAOBhmN4M9Gmy3/qotKV9XzZjxZTS17Py2o+Y8j7ad3z8E7O7CQJ0IXb1hhV9vqh/uL69bIHj8dBoOeWp1MpKonCiyqvZXKhCdSO7khaHE1XWKolIHhQ9SPUEaNerFurKW9Ud/ygv+pmnFoeT6lx1XoHO+QwfhWxycm9u1damqCL7orrv9SXKvd76IWNrjN1q6zNweynrt/Y+1gAwxAa9pTswFX+5Z0eenoiiJyXLentVW5Cunfrg61tLe+wYh8/dvHVuP2oJ/WaxWnU6g8ns3q6n3mB06/1HhhE5UydCAAAepjeTBhcfzS3o8VvDUn3waOnsJV11kyMWb9ywmOz64W0DBdk7t65tDaW3vTRXdjCrlIjkc5dvnk9t6QN2kX5uAIGo7RznIYIOv0vsbt76AyW7w1URaZNkB7PU2ecrFs+PIGVdW7KCulRJFE7K8zdURPJJiYqORduPZ7YOCCRF5+WXEkU/avfbpnWEpG+DnwCtXDitd69uJU1Zt6n1/1Hl0+avmzaQAtvalC2sRuQ8uNf1WF/F/sOlRLLkJMrLb7uVTXuuQetAnC3RQJW1Z+3FlJc3Bmd2HCG0G6ts//xpKz1FkXUhr+NL9kX0Pg0BoH8Gu6V3VHro3VePc3E6WXJibyMAykM5edRJvk/eB5nZqcvSHIfKL2zbkJXHNSXHLAC7r+zOviv78TXannlk1347ftpwvwq4yrcmFCyYqz7onK/k9Gljp6KTnygeRd3YXFPbQERCoSBSEcJjWS5fwGy2CIUCq8UaEhzg4yNuadEpq2utViuPx45ShAoEfHVjs7pJw11SU9tgNBoFAkGLVq/TGZAI0BOGRtxkAHhwEMDD9OKnQkVegaY3t1IXXFe6oEZqrv9PRKqsQxvbHx8o3bHzAjl0wolUWXu25TpWeP/mDuMSeR9kZndbpEIhIyJVZTURZeeWEskWrEyRE+XlXiCi0ko1ESkUEQ5FU37W2s1Z9m85L7+UiChp3MS2I8pDO3bkE8lTXkb/H/rFhcMFvb6VqfjQno+uDaywpOhkItXFq0oiLqyWnNQaH1RMHiO3vdSaICBLm+wUyOMCB/Ixy+bbn0/k0Dknyvtgq9OHgKOOucrqg693uETV2v8nIvXBXVlK7nPGrghSXdjEff4AuMdQtPRWpYd3vGrrLUukVJpz6lzOqYul6h5C/62Nd8Fv2ru+ivlr1iQRUWl2T03STsdUgvystR3bWn++RnMz2/v/RKS6sO1QRS8uKz1ouyo/q/UjottPm7wPnH6ieJSWFl1VTZ2vVBIeGqzXGyqraomoqqbOYrFGKkJYhtG0aM0Wi9FoqqhSCQT8SEWIxWKtqFSZLRaT2aLXG7ierNFo1BuMAf6+YqFAKpUEuPNZgxEAWQAA4BGqSzt5hr8zqrpSooEPlHER+uydW3fkq1WU8vLWuQruO7iqVklE52+oqOOowuEsZar9AJ0t48AWoVcrKyMWb1xOHRMQ2imC5FSqqqpV0oXsfCKSKVKDFR+QqqpWSRXKKiKKTkul7J0XVO15B9ydL2Tmzm0fE2gbN1AeyiEiunhok0pNFL0G44fgKYqOvvLRNdWoGS8/oDm+fdfB8s7OkYxf89uMhB5uNC4tqTQvv66UqDTS/YlHAAAgAElEQVS3lGtBeVwnPDwxTX7hIPdx0dbPT3NK8m/PvgmnNPmFg+3PAnDZAW0fArmZaz8ozcu9sH71mpfJfojP7ud4Zdb+fLthOu6Sw1nK1LZ0HfuRSfvPMSTvwEinPpe59Wt1e/a2tuLgvyuIiCRj1o2P7nZSAO63gUzRsfGmpUbvyC9VKisotVdT4bSmErS2tQvbNmTl5V/PppTWkGH/vkZTl223fS/nZq79oFRVWU3Uc324TxUuYqhUVlAqdfppQ6ltHwtctbmPjqpapSt+Ag0mvcFAREEB/gKBQObvW9fQ2KLVtWh1IcGBErEoMMC/WaPl0vtNZrMiUC4Ri4IC/Ktq6nQ6g/PdBAI+y2P5PFYgQH/Q6/T5T15fX++emgD0SmBg4FBXwUNJZVKiXiUH9FXreGB0uIzy1a3p91wXncg2Jp/3wda1H7Rd0UXooeO4X7da+yQ3snNJSURJ49IohZKy8vJvZOdStoqbCOBCZj4RRbdlI0csfiD64Acdfugkp3boLahUasIkAuBZ4uasWZHgMzZaxtLstc/NHsCdosNllF+anXuB8rlWYJtakHv0pjQ7l9Korv0pmw46ZAd0eFSnteMRncb9xLf/rd+F1mjC3LtbxypT715wuJSLQXBts7UCrZ8DRLbt/Ky1G7K6fuAIwLO1XNy36d/2E/20kUQ/+dulfZoUsN+47/S2b8/2KTy4rJ8BfY06JO71rPVThYtiEFGPnzat1Q4PVhD1paDhQmcwMgzD4/EYhsQiIdfbN1ssfD6PiPh8HvdQidFotFqt3EGJREQMWSwjbjo7GJg+hwDQAQMY9rjZ8uyPqE8dqHjyV09P/v7Ieycr1Ka2w0PW17XNOsaxTTewYfvqrlYicBChCCNSqbMP31C1falzMQjuCNdDcPp36JFMLlerHDIFAIY1viIu2iWLAiomj5FnXcg7nCNvbUGnHV/KvZBNpd09BUDqg69vPdh2TJV1Ont+f562VShkRH2dj5BLJmpNUW6bXwDpPDCi+Iyd8uRPoluIqO565tdti/7wZQvWLZvh1+PVHWbSVR7asenimJc3JmYfLu38dG5i3T7r19colzmYNHf71g0Omfx2ep3hOHIJ+DzbttlstlqtfB7rPJcEj8ezHTSZzFanBe0MRhOBd8NcAAAjT0RyguNE/+qCnG2bPzpIKb/bNMuWDyxLGDcIv4+jw2VcVt72rbb/Oib2d0gt7u13fFpqdNuAgyxaQe1PLKvaJgLgwgRUur/1kcLWbGSFosuxQfnc+ZufTpET5R3OcsUsCQDup60oLsrZ9j97DlaTqijn1LnO/sur6GTY0Fl4sIKIVGqVczMJT0yTE+Vn7cjv/CmA7EOdjt1xDxiHRsvtWmJl1sYNWx1m5XCkCJJzEQRuN/f0QVUvQ5Yp67du2L51+QJ566oEACOKX/TkaVNmTJsSa9G0NmpWtmD9msWRvbk4Im2SjEh98PXMbCLF/PkL6MKmDa0xd/smr1RW2JJxnHHf6W3fkhX7N29du2HH/ra21r+v0ezcUtsQvVLpGP7j5v1pX3CkO33/tPEoQoHAaDI1aVrMFkuDulkoEEh9JEI+v0HdRETqxiaz2czNFGi1WtWNTURU39DIY3lcyoDRZNLpDUajSafv5LkA8Cp49gNgBIrNSE04c8pxUQCLvjjr0Mastl02dEHGYCQBtI4f2j8I0OnzuqoLmzZ0OjeP+uDrWw86X2J71sDWIWnPCm4NCqTNT9mff0GVtWet7V3LU5b1tPTR4qQLO/KRCAAewlJ91GWLAqakJWXl5bel0XaYHqx1GQ7q/CmA1ik57KftaJ1pPPcCpaZwz+DYt8TkB+YqbJnDWXvWZkWv2Tqu/X6tzbB0x4atO6iTSzrhPHLYWagCYERQ511TExGxsoznnupd/5+ISDF/SnJWVh51aFlk983IJdN1+NLs6ib2X9lJUxaH27XNHr5GHUqPXrN1GbfV4XcCVxaXENT2gE8vRHT1adNFqsNwV1NbX9/QyG2HBAf4+voEB8oqq2trVPVENCoilGXZ0JCg28rqohu3hQIBy7JEJBIKwuRB1bX1jU0tJrM5MjyEz+fL/KUN6sZyZTWfxxMJBdw9BQK+ulGDFQG8ELIAAEYiadq6FdE+3Z3BT16xdLZjroB7hM/d/JsUuW3XeZbg8Lnr57ataZQ0d/vKaG5xMu67vOvbJqbJqWOHhBv2tw8KdCw6ae72XiQGp62em4xEAPAU0pR1m55eHMNvXRRw1VLn/568f1y3nwbtuOQaShrnnL3PZdl0/hQANzrXscvden7+9WzuidyV7W1ZPnc51zFQzJ/SVWgibfWGNUm2PdmC3/S0bnnHIjCpJ4xk6rzsMiJWNHnF8mUxfRrMS1m/1b5lOVLMn7+g7SszeeXcLppnyvqtdi91NvN/X79GufOJuMa+fIG8/aPDVlv53LkL5N3co00XnzYeRyjgj4mOiBkVHqkI4f6TSiU8lg0OksWMCh8VERodGSYWiYhI6iMePUoRqQiRSERWsgoEfIZhZDJf7trRoxS+UgnDEJ/HGxURFhUZFhEeEhkeEhEeQkRh8qDR0QqsCOCFGOfnQwC8R+mtCqYz1PY/3IK97cfbdu0X8u1013nb3kDWE5b49Pb7XnVmzyufVbQ4TwHDipKXrFifHtTvOgBAN7QtrnnMsveNfTA4LgwO4O2GqqW3nHn/+U/rkleuWZ/qmkB+9s6tOwirafSZQx/Kfte2zW0YjSaJROyOOpgtlnJljcFgJCKLxSIPCggM8BvIj0zolNHQw3yKWq2OYdhedgcG8w9UWFLmcCR+bBQeBICRz1Xf0J5Inr78jeTS49+cPJ5bp9SYiEgglcWmJi++Ly2253mDAAData/5N9Q1AfByBdfUyT95ylX9fy7pph/TdsJwwDJsmDzQ0hZxEAoF6P9DbyALAEa47kMANTXVIzgLAACGxIjLAmidZp+QAgBgZ8S1dOib4ZAFAIOjr1kA3P+xvYosAAAAAPAs7Ut/AwBAjxgGg6xebrjnYmA6QAAAAAAAAACvgBAAeJHCkjLnfBgAAAAAAAAvgRAAeAtb5x9RAAAAAAAA8E4IAYBXcOj2IwoAAAAAAABeCNMBglfgZr8EAAAAABgcmBfQq3jQiowuDgFUVNaePnf5+o3yG6XKTk8IlQckxEUnxY+ePHGca4sGAAAAAAAAGDRW8rwojytDAF8cOXPg6Fmunx8f2/mgq6ZF9/2PV779/lJy4tj1a5a4sHQAAAAAAIBhhWEYi8XCsnj+emSyWqzkOeP/HJeFABrUzVz//9lVC6dMGt/NmRWVte+8fyDvakne1RvJiWNcVQEAsKmqaRjqKgCMTGEhAUNdhQ7Q2AHcAS0deuSY4W+1ErUPB9u/yjKMQMAXCAWDW0HoFX9fyQDvYDKbPSwA4MIQwJETPxDR73+9MmZUWPdnRoQH/+k3T/35rx98+fVZhAAA3GG4/XYBADdBYwfwBmjpw5BDCKCrXW7DZLYI+Dwejze4dQS3M5nNFouFyMOCAC7LSCksuh0SLOP6/1eu3dr18eHaukYiOnnm4rFTudw5mQdOXrl2i9uOiggpuaVsam5xVQUAulelqr9+8/b1m7erVPVDXRcAAAAA8BY8ljGZzEajyWKxDHVdwAWsZLVYLEaj0WQykdXD+v+uzAIoq6i2Pf9/6JvswuKy4ED/RfPSP/j0GyKKVMiJ6OiJnFtlVXeMjyGiwAC/AH+pwWByVQUAulGlqm9obOa2uY0weeBQVwoAAAAAPJLDbP9dTf7PHWcYhmXJYrVYjAgBeB6Dwdz5C1aytiUA2JYDcJgWwGGZgGGyaoBbFgWcOX1icuKY0dHhRPTEsvv5PF58bJTBYFy2aFaAvy93zqJ56YvmpQ+8LL3B+Nd3PiGiXz/7qKiLZ2yyz1/95MC3G9cvDwr07/GG2eev7vjw0JrH56dNThx49WCYaGzWOOwiBAAAAAAA7uAcEWAYhm2dLKC7JwhgGLKYrUStfX3GLuefYTrs2g4PauX6xS0hgGmpCbbtmXdN5DaEQkHGrCnctsFoqqyuk4hFIcGyAZZVcktZUaniNhLHRQ/wbkSUOiHuL79f6ysd6MwQMKxYLNZudgEAAAAA3I1hOnQRuQQB+90hqhd0rsOgvbXDrsOf0rO4JQSw6+PDhcVl8+emzbxr4pY39xpN5o3rl9te/frkj18dO8fNAhARHvzkYxljYyL6V5DVSqfPXU6ZEEdEp89dToiLHnhuhVAoCMKMnQAAAAAAMGC2jICuHhawPxOBgGGiFxn79uEAD4sFuCUEIPUR19Y1+kjERGQ0mUtuVdheulGq3PvFCT9fn9l3p9Srm68Vl23b8dlrm54VCvpTk1u3q0puKX/2xAIi+tdHX1XV1IWHBnEvFd+s2PHhIVWdOlQemJocxx2sq2/cvG3P5InjLl0pqa1vTIof/fADd7//yddl5dVhIYHPrV4cFhJ4veT2O+9/+ewTDwUH+m/etiftzsSL+cVVNfXBgf5rHp8fO7qf0QoAAAAAABipeuzhd3qJc5/f1p9ELGDwddWZd3qkv6vLe3W3IeeWEMBji+6dO2NycJA/EdmP/xPR6R/yiejZVQ9xcwe+n/n1t99fys273r8H77//8Up4aGBURCgRhQTLfrx4bcH9dxFRg7p5556vIsKDf/WzR+rVzbv2fGV/VWFx2bqnFtXWN/7ro0NvbP/0p4tnh8oDd+756uDX369e8aBDET/kFjy9/EF/P59/fXjo4Dff//LpxTyey5ZRAAAAAACAkcc+ItB9IkA3UwkOSk2hB531/7tKAfCMP5lberNNzS1avd5gNBFRbV1jfUOT7aXKqrr42Cjb2gHTJicQUVVNfxZpq1c3XS64cfe0CTwey+Oxd0+bcPbHK/XqJiIqulGu1RkefWhWWEhgQlzUg3Om2V947/RJ0ZGhCXFRitCg8bGj0iYnjokOHxMVrqyu1er0DqU8OGdaQlxURFhwUvzopuYWg9HYr38SAAAAAAAYOfrXRe/0KoZh0OEfhpz/Lt1MAdDjH3D4/IndkgXw3r+PXrxSvGzRrIxZU15/69+1dY2v/+FZbi2AMdHhh4//kH3+atrkxNq6xkv5JUQUPSqsH6VcunKjWtXw9nsHbEcYhrl05cas6RMra+p5LCsStr47iURkf6H9rm1a+ACZr7K61rkUh2sBAAAAAACcdbNSYFfbDpfbtvEUwFDppqPu3P/vJgVg+HT4nbklBBA9KvR2ZU1kuJyIxkSFj4kKt60FOGdG6uHjP+z48NAXR840NrXo9IbgIP+UpNi+FqE3GM/m5D84Z9qs6RNtB0+evXQ2J/+uOxPDQwJNZnNzi45bBVCrdRzbBwAAAAAAGDS9iQLYnzxY9YKetf01uuzke9afyy0hgEXz0hfNS+e2n1210P6lwAC/1zY9+/Fnx65ev+Xn63Nv+qRHHprZjyJKbilr6xvvnDSe6+Rz7pw0/kxOfsktZdyYSB+J6PPDpx9bdG+9uvmrY+cG/J4AAAAAAADa9aYn301eAEb7PUKnyf99XSBwWMV03BICyLta0tCoCZUHxMdG5Vy8RkRTJo23vRoo81331KKB3J9bCzAiLJhLNLCJDJdHhAWfPnf5mRXzVy9/cOeer176y67gQP+UCXHnL10fSIkAAAAAAADdcw4KdBMFQCDAQ/S5/z+sOvzO+rx2RVfWbtgaHxv1wi8eI6Itb+4tLC5bmDF90bz0tRu2EtELv3jMNgVgfuHNW7errhTe8vOVJMWPnpqaIBIKXFIHAGfaFhMRFZaUORyPHxtFRDU11Uxn2mb/YGwTgdimA7Hf4G7V6a7ztr2BfC5IfNwSuQMAV+E+dgYOjR1gOENLBxvn/lT/jnR/HAaT/W91+8bem9kBnX/nD1VEoKsekMs+dMZEK7jZ+Ilo5vSJyYljRkeHE9ETy+7n83i2/v+b736Rm9c+IJ9z8drnh0///MlFsaMjXFUTAAAAAACA4aPT7IBOO/zDfADZa3XWsfeYVQAduCwEMG5M5NGTOTkXr02ZNH5aaoLt+My72qfrO3HmYm7e9fjYqKULZoyNidDqDFev3/r4s2Ov/t+ebf/znESMufcBAAAAAMCT9Jj83/1BbgOD/8NTV+s1dtX/Hz4pAN1gXXWju6dNIKJ3dh+4dbuq0xO0OsOHn34T4C9ds3L+2JgIIpKIhZOTx6189H4i+uLIGVfVBAAAAAAAYAh10W/sZsE5p+dSYdD15q/AMH3o/w9PLssCiAgPXpgx/cDRs3/+6wchwbKggPaJ+kdHhz/60Mz6hiYiShgXY1sgkDPxjrEhwQGFRbddVRMAAAAAAIBB09dh/96M+XtKf9JL2E/21cUJHhMUcOUEJIvmpc+8a+KREz8UFt0uLG6fe0CnNxCRj4+IiMZEhztfODZGkX3+qgtrAgAAAAAAMGh6HwVA/r9nsU353e05HtP/d+WKAADDE1YEAIBBhnnCAbwBWjp0qt/z/KNTNjwxDNN9Y3fHr31XcfuKAAAAAAAAAN6sm2H/7jv5PfYYESNwhwF21Idz/78bCAEAAAAAAAC4hpuS/4d5r9KrdP+3GP5/KYQAAAAAAAAAXKb7MX9MBOChetO3H/79f4QAAAAAAAAAXKzHzH+H7iLCAcNTnxZo9Ij+P0IAAAAAAAAArtf79f88qPcInfKsPx9CAAAAAAAAAG7Rp0AAeBzP6vxzEAIAAAAAAABwIwQCRh5P7PxzEAIAAAAAAABwO0wEOAJ4bs/fBiEAAAAAAACAwePcjURQYHjq03SAngIhAAAAAAAAgKE08vqZMGyxQ10BAAAAAAAAABgMCAEAAAAAAAAAeAWEAAAAAAAAAAC8AkIAAAAAAAAAAF4BIQAAAAAAAAAAr4AQAAAAAAAAAIBXGIxFAY0ms6q2gYjkwQECPm8QSgQAAAAAAAAAB24PARQWlf1rz1f1DU1EFBjg98zyB+PjotxdKAAAAAAAAAA4cG8IQFlVu+WtvffNvDN9yh1EdCbnypa39r784lOKsGC3lgsAAAAAAAAADtw7F0DWd7nBQf4PzJ4aFRkaFRn6wOypwUH+Wd/lurVQAAAAAAAAAHDm+hDA6R8u7/jwkKZFR0SV1XXpU5Jk/lLuJZm/NH1KUmV1HRFpWnQ7Pjx0+ofLLq8AAAAAAAAAADhz8YMAm7d9pG7S3DEu5lcv/eM/nlkSFRly6UrJonnpthMuXSkZNzby0pWS//vXZ/ekJR84evbEmYv//fzjfS1Iq9P/79uZN8uquF2WZUZFhD7903mjFCF19Y2bt+15dOHMtMmJ2eev7jt0asPPl4XKA2zXWq2057OsG6XK//z5MolY5KK3DgAAAAAAADCsuTILoOSWsuSWcuN/rFj1WMbyJXPe/+Tr2NGRt25XffPtjzq9Qac3fPPtj7duV8WOjnz/k6+XL5mz6rGMF9Y9drO0srCorH8lzr475S+/X/uX3699+cWnA/ylb737RYO62eGcuvrGU9l59keUVbU5F68N4I0CAAAAAAAAeB5XZgEoq2sDZL5c2r+/n7RB3Tw6Kuz5tUv3fHbswNGzROQrlTy/dml4aFCDulkeJCMieZAsQOarqlfHU3+WCRCLhEGB/tz2ww/c/bd/fnqjrDImMtThtOzcghlpyVwigNVKJ85caGpuCQ70c8WbBgAAAAAAAPAMrgwBTIgffeDo2V0fH75jfMyxU7npU5PkQTKBgL9s4aybZZVENDoqPCoyVOYnTZ+a9NWxcwajKe9qCY/HTogfPfDSBXw+EZlNZofj4aFBRHQqO2/pgnuIqKqmLu/qjTHRCqvVMvBCAQAAAAAAADyFK0MAMn/fB+6dmnPx2idffntPWnL61KS33zvw4yXHlPspk8Y/8tDMY6dy93x2TBEa9MC9U2X+vgMs2mQynz6Xx7LMqIgQh5fEIsGs6ZMOZZ3jEgFOnLkYFhIYER58veT2AAsFAAAAAAAA8CCuDAGoGzVSH/H42FHjY0cR0adffssw9OyqhVMmjbedk3Px2o8XCz/98ltFWPCs6ROJSOojVjdqbKsG9MlXx859dewcty0Ri1Ytuz88NKiuvtHhtAkJY87+eOVUdl761KSL+cWrHsu4eu3WwN4rAAAAAAAAgIdxWQigrLx6278+0+kMMaPCuCOFxWVP/WSeff+fSwEwGIy7Pj4cH9v68P/XJ38Ui4Xrn1kS5fQMf49m353ywOypRMTj8/x9pQzT+WkikeC+eyZ/8uW3FVW1irCg8WNHIQQAAAAAAAAA3sZlIYADR8+mJMXNmz2Fm+evsKis8K0ybttBcKA/ES3MmB4fF0VEqjr1keM5B46e/cXTD/e1UPvpALuXnDj25NlLBUWlz69ZyuO5ch0EAAAAAAAAAI/gss7w1aLSO+JjOu3zd08eJLsjPuZqUamratIpPp+3fMmcn618aGxMhFsLAgAAAAAAABieXJYFoNMZfMSi/l3rIxbpdAZX1aQrYSGBYSGB7i4FAAAAAAAAYHhy5XSAg0kiFv33r1Z2+lJQoP/rf3iW206bnJg2OdH5nKUL7iG6x811BAAAAAAAABhG8FQ8AAAAAAAAgFdwWRZARLj8xJkLzscLi8q6usT20okzFyLC5a6qCQAAAAAAAAA4c1kI4M6J464V397y1l77gw67Xb0UHxt158RxrqoJAAAAAAAAADhzWQhg0bx0V90KAAAAAAAAAFwOcwEAAAAAAAAAeAWEAAAAAAAAAAC8AkIAAAAAAAAAAF4BIQAAAAAAAAAAr4AQAAAAAAAAAIBXQAgAAAAAAAAAwCu4bFFAAAAAANep2P+XQ7RyzeJIbvfCts21yzbOVXR1emXWxr9eNkp4REQkjn146brUoN4Xlr0zk1YvS7t29JVrY156aFxf66r6etfGkuQ3np3i09mr6otHswMyMmJIdWZfJt27Lr0PFet4o7zMi7JlM6O7PqNi/+Y9x/UiARER+YydsX5Viry7O2qyd7//URFN/snPn0zqZ6UAAMCzIAQAAAAAw5JFc3x3pmL9sjRp786Pn7VldQoRkeX6e385lZe6KLmvJY7PeGl83+tJpUevhi2LvHG8bsqCznr3LeWlBRbKiCF5+tJ1/bi9jbb6fJG52xAAEUWv+OOyNCIiKsjcsb8gZU1C1+dWf39Qf9cbL6cMpFIAAOBZEAIAAACA4Sli2aqg45kXkp9KaR9d11z/6F9HztcRCYIznlqeEdnZdRZdi5GIqCX/i1czS1uIr5i1aMNs2r85S5VgKrioMbIRKzYsTZNUHH3ni6NVJpInp4komohyMzcq7948v3rb5uuyIHWeUmcMSNywfm401R1/d+/+myZBwNgESYV8yZrF4XbF5V9QT5u3YvwPWw9fXbAikYjI0nZnSfBdiabvvlcb2b+/cG3uBr/TmYo161NJdSZz69EqI5FP4tzf/SRRfWjHRw0RLUUlKhM/YckT61Klpcff33ZcTXyx4t75G2ZGEBFVn3r1zcsqPb3wx9IVf1wU3fEOnWUfmFq0OiKi8lNb372gNLaX9V5dhLGkJHpOivLoZSV3w00z1O/uPVhqIhInL1v+ZJJ6/+YsVZypID94xcP6zByevLq6VM+fkZFQevqyUkOxS55Yl9rLwAwAAAwvCAEAAADAMCWInPtk+I5XD4W+PL/1SPHRk6q7nt4yTUp1J1/ZfSrtVzNktrNLvn/lb7lE5haNNG3FomRtztavZes2PadgNcffOZI96y4itSD5uS1LqOXU+1vPqZMlJ09FLdqyLoIsV3f8vrpDwSpd9Po1T0qpIHPH0Wu0ouHI8dBFb6yOIMv1916u6FjHuoPZ/IynRMTOyKB9p7SJMyRU/PkXeZOe2JIuJYvJSPy7+Tu4nr/y0GkiIm3Oe9/J1m1aFs1S3gd//6ggcQGRUjBuy6b5pMl+dXuuOnXs+Vzpky8/kUzUotG3lhM643e/0G88FLx5dQppc7Z2vIPdUH/F/r/tOkpk1OhlqfPWJZR+9Jfq2b99bjKfij/dc7QyMY1IJRq3ZdN8IqK41hu2fL/n1dBFW1ZHkOXqjj9n5SVNIVILUp/bsowoN/MtbeRL/73Up/zoxn+1rNn081ht9tZ3ctWpdv/yAADgORACAAAAgOFL8cDyBTv3ZZa3JvWr6il6upSIKGhMrDanmGiy7dSxd7202i6nvVKtUl3fsa2EiIxa/gwVEYUlxBER+UjFLUqNWquRR0YQEbHjEmIudyhVHpEgJSKSSalFS+o6uzOjTyrtz7yVc6q04vy2XUREeo3gVN2M+4NU9fxYrpIsX+D8ltRqVUhoNEtElBAXnFlWR0TRceOIiKQiH21zC0VkLArO3L7nuEg2ef78Gc7D7c53SLA9gRCx+FetDwIQEdEFVV3F/r/vOkhEen30eGovy/5+9m8w7HSp3b8VEcnjonyIiMejUcGxRCQRCbTNLUQIAQAAeCKEAAAAAGA4k6Y9NaN46xfFNIGI5IGUXaqhcCnV3SiWhC7o5jqZTC5PfPJXs+REZCFiK/Y7vB4kVZVXUGoEWa4X3KJuJg7ocGZph65v3unmBb9dM0PC7dUdfOtU3txF8kDTqRINhbdmARBLRq2eSNResZrqUgtFs1RQVBs9JYhKHEsUjJ715Foiy4Vtr2fF/rZtEkSWBHp9C5GP8x26FCQPipi9fmkyy/0jkLKspzdYFZomp+Ju/mEBAMCTIQQAAAAAwxs7ZsWKCQUfEBHFZsyS/2vXC4da5wLobiBaMuXJ9H1vvfy22kI+isQnn3Ic+vaZNmvGO1+88EcTyZPTxnRXvs+0ebPf3fv8JpMgYGxCmN0LdacOaqLXS2z7QbMnad76XrMhY65i+67nj5JAEpzx5PKMe6b4vP728+fvfGZsW8Xuydz68t9bn+RPILVjCKDi+PYvjlaZiPiKOYvaF0EIvWuBZNfGTdcWPPeEwx26FszXIr0AACAASURBVL34ketvvf72e1oi/4gVzyzqdEkF7g2+8MfWuQCSSY0QAADASMVYrdahrgOAG2lbTERUWOI46hE/NoqIamqqmc5Q2/8QUYfjbbvcBnerTnedt+11dbw3JD6I3AEMa9zHzsChsQ8nJqOJL+ATUd3Bv2XJ1y9LY4e6RjDU0NIBvISrGvvg66oHhA8dAAAAgG6pr370XnZenY64xQXQ/wcAAI+FEAAAAABAt2TJT67vZq4AAAAAj4E4NgAAAAAAAIBXcHsWwCcHTp7LLahXNxNRcJD/mKjwZ1ctdHehAAAAAAAAAODAvVkA7+w+cOREjkDAj4+Nio+NEgmFORevfXLgpFsLBQAAAAAAAABn7s0CuFFWOUoR8ocXVtmO/OH1987lFjy6cJZbywUAAAAAAAAAB+4NASQnjPXzldgfuXPiuNLyarcWCgAAAAAAAADO3BsCePyRuQ5HFs1Ld2uJAAAAAAAAAF6OZRmLxWq/y224PgRQr24uvllRUanq8czRUeExo8Jk/lKX1wEAAAAAAADAa/n7Shsam+13uQ0XhwAOZWV/duhUny5Jm5y45vH5fS1Iq9P/79uZieNili64p6/XAgAAAAAAAIxgYfJAImps1nD9f27XxSGA3/55e11948y7JsZEhdkK6EZdQ9OlK8XZ569WVtf9/tcrXVgTAAAAAAAAAG8WJg907pi7LARw4szFuvrGKZPGP7Hs/t5fNX3KHYojZw4cPXs258r0KXe4qjIAAAAAAAAA4MBlIYDrJbelPuJnVy3s64WL5qVnfZebm3fdJSEAk8n85TffHz+Vq9MbEsfFrHosIyjAr6Kqdu/nJ66V3DaZzFGRoeueXBjg7/vG9n0CAe+XTy/m8Vgi+nj/8Ztllb9+9tHC4rJ/7z9eU6sODvRfvnTOxMSxA68VAAAAAAAAwJBjXXWj/MKbYSHtOQb16mb7V7e8uXfLm3u7ujYkWFZYXOaSanzz7Y/HT11YsXTu/2x8RiQUfPDJ12azRaPRxowK+8OGVX/8zZM8ltn7xUkejzclJf5mWVW1qoGI1I2avKsl06ckKavqdu05nBQ/+v/91zMZ90758JNvKqvrXFIxAAAAAAAAgKHlshCApkUn4LfmFGx5c++LL7+j1xtsr+oNRlW92uGSwqLWbn+kQt6i1Q+8Djq94Xxe0bTU+LTJifIg2YL771LVqevVTePGjloyf0ZYSGBEWHBCXHR9Q6NOr594xxiRUHD+0jUiKrpZzjDMxDvGXMwv8vf1WZiRLg+S3T01KThIVnJLOfCKAQAAAAAAAAw51y8KSESKsKDC4rLbSlXs6AjuyJrH53P59jaFRWVb3tq7MGP6onnpT//0gad/+sDAy9XpDI1NmhNnLp44c5E7IhIJ6huadHrDnn3HbitVLVodEY2OCiOiQJnfpKTYC/lFM6dPOn3u8uio8AB/v6qa+oqq2v/8w5u2e8a1vQUAAAAAAAAAj+aWEEBUZCgR7c78+k+/eZI7YntGQN2okflL9XrDDxcKiajkllJVp5YHyRqbWvz9fAZYrlgs9PeTJsWPXnBfGneEYRkfsfjNdz9v1mjXr1kSKPM9fPyHG6WtA/t33Zn448VrZ3LyyypqVi9/kGEoLCQwIjz4ZysfkoiF3DkSiWiAtQIAAAAAAAAYDtwSAph518Tzl67nF978818/iIoICQzwI6L0qUnyINkLf3o7UOZrmykgv/Dmxv/ZERzkX1vXuH3rhr4WpNMb6uobuW2GZfykPpOT47JO5d4RHzMmKrxe3VxwvTTj3qkikZDP50kkoupa9cX8YlusISoiNCoy5MujZyMV8rExCiKalBT3XXbe9z9emZU+yWy25Fy8NmXSeIkYUQAAAAAAAADweG4JARDRr372yOkf8g8fO3fq3GXuiFgkzLh3ysKM6QeOniWi5UvmzJmRmnPx2t7Pj9fWNS7MmN6PUo6fvnD89AVuWyQSPL9m6X0z79QZjLv3Hm3R6v39fObcncow9NiiWW+9d+CPr783SiGPGxNZrarnLuHx2LunTbh6rXT6lCSRUMA9I7DqsYx/7z9+5EQOn8+bmDgWSxUCAAAAAADAyMBYrVaX3Gjthq3xsVEv/OIxh+M1tQ119U1ENDo6nOtmr92wNW1y4prH53MnvLP7QM7Fay+/+JQiLNglNQGwp20xEVFhieOSE/Fjo4iopqaa6Qy1/Q8RdTjetsttcLfqdNd5215Xx3tD4uOuyB0AuAT3sTNwaOwAwxlaOoCXcFVjHz5c9qEzNkZRr25yPh4SHBASHOBwsOhmuW27qVlLRDJ/X1fVBAAAAAAAAACcuWxRwLgxkdWqhpyL17o/7Z3dB4iotq5xx4eHCovKvjhy5tbtKiJ6P/Ooq2oCAAAAAAAAAM5clgUwY9qEoydy3tl9IOTXK2NGhXV1WkVV3ZRJ4+vVzdnnr2afv0pEEeHy0VFhVTX1rqoJAAAAAAAAADhz2VwARPTFkTPcVH8hwbKgAH+HV8fHjlo0L922ezbnys49Xy3MmG5/EMDlMBcAAAwyPCEM4A3Q0gG8BOYC6M6ieekz75p45EROYXFZYbFjjys4qENQ4I7xMc4HAQAAAAAAAMBNXJkFADAMIQsAAAYZxgYBvAFaOoCXGHlZAC6bDhAAAAAAAAAAhjOEAAAAAAAAAAC8AkIAAAAAAAAAAF4BIQAAAAAAAAAAr4AQAAAAAAAAAIBXQAgAAAAAAAAAwCsgBAAAAAAAAADgFRACAAAAAAAAAPAKCAEAAAAAAAAAeAWEAAAAAAAAAAC8AkIAAAAAAAAAAF4BIQAAAAAAAAAAr4AQAAAAAAAAAIBXQAgAAAAAAAAAwCsgBAAAAAAAAADgFfjuLuCLI2eUVbXFNyuIKHZ0hCIseNG8dHcXCgAAAAAAAAAO3BsC2Lzto4rK2rQ7E5cumElERTfLvz75Y37hzY3rV7i1XAAAAAAAAABw4MYHAV585Z9+vj5//t3qlY/cV62qr1bVr3zkvj//brWfr8+Lr/zTfeUCAAAAAAAAgDN3hQAyD5wMDQ54bvVimb+UiK4V375WfJuIZP7S51YvDg0OyDxw0k1FAwAAAAAAAIAzt4QAamobjp7IyZg9pasTMmZPOXoip6a2wR2lAwAAAAAAAIAzt8wFcLtCxeOxiXHRDscLi8q4jcS4aB6PvV2hCgkOcEcFAAAAAAAAAMCBW0IAZRXVcaMjBYIONy8sLit8qzUEsH3rhrjRkWUV1anJcf24v1an/9+3M2+WVTkcD/D3/fWzj+z6+DAR/efPl0nEogG8CQAAAAAAAIARxS0hgDHRiq+OnTOaTAJ+6/0XZkxfSNNtJxhNpuJbFfNmT+3f/cUi0XPPLDGbzES0O/NrdaNm7coFYpGAZVk/X+lzzyzhznHRuwEAAAAAAAAYCdwSAlCEBZlM5stXb6Qmj+OOxMdF2Z+Qm3fdZDIrwoL6d3+GIZmflNsWCPh8PhsY4Gsb87e9BAAAAAAAAAA2bgkByINkaZMT9x06ZQsBONh36FTa5ER5kMwdpf9j1+dE9MunH9538LtLV0siw+XnL10XCPhPPHqfqr7x4Nffm82WB+dOW5iRzjCk1Rk+3n/shwuFVot12uSEny6eIxEL3VErAAAAAAAAgKHlrkUB1zw+v6m55cNPs7Q6vf1xrU7/4adZTc0tax6f76ai7Smr6iIV8ld+9/T42FE7PjpUfLPipf984sG5046fvlBWUW210sf7jxVcL12/ZulLG55QVtV+fvj0INQKAAAAAAAAYPC5JQuA87dXfvnPDw7+9//7V/IdY+PGRBJR0Y3yvCslCeNj/vbKL91Xrr3wkMB70ib6+UqmpsRfKy57cM60sJDAlAlxx07lKqtq/XwlBddLH5wzLSEuiogenJv2VVZ2i1bvI8E8AgAAAAAAADDSuDEEQEQ/W7ngiyNnSsurvzhyhohiRoXNnpG6MGN6Ly51DaGQz+e3ZjqIhMJAmS8R+fqIuXkKG9Qand7w4b6sD/dlcecE+PvqdAgBAAAAAAAAwAjk3hAAES2al+7uIvotQCYVi4QP3T/9zomtcxawLOuP2QQBAAAAAABgJHJxCOCTAyfLK2uNRlMvzxeLhYqw4EcW3OPaavRSgL9fwrjob7+/NDoqLDjQv6KqtlrVMPvu1CGpDAAAAAAAAIBbuTIE8Mb2fSW3KiYkjAmLDr9WfHt87Cju+IGjZ7nkf9sGEXEnNDVrT2fnXS+5/bv/WO7CmvQSw9BPF8/5eP+xv/7zU5PJHBTot/D+wXtIAQAAAAAAAGAwMVar1SU32vPZsZtllSsfuS8qMvSLI2euFd9+4RePEVHOxWvv7D7wwrrHiGjLW3tfWPdYfFwUEW15c+/42FGL5qVXVte9/d6ByRPHDedHBsBzaVtMRFRYUuZwPH5sFBHV1FQznaG2/yGiDsfbdrkN7lad7jpv2+vqeG9IfNz+/A4ADAT3sTNwaOwAwxlaOoCXcFVjHz5ctihgfuHNSUmxUZGhDsenTBrPdf63vLWXiLj+v73w0KC4MRHf/3jVVTUBAAAAAAAAAGcuCwFU1dTHxkQ4H7+trCGiF9Y9xiUCVNbUO58zNSWhprbBVTUBAAAAAAAAAGduTz0qV6rsB/+rquvCQwLdXSgAAMD/Z+/O46Oq7v/xv++9syaTfScJhJAQ9n0HZVEBURZREVe0Vau2Vau1/djW2vr5ffpp+7X92M2ltcVqEURUNlk1LLIoO8iWAEkgkIWQfZv13t8fN3Nz586dySRzJ4TM6/ngEWbunHvPnTu5OWfO8j4AAAAAoKBxE0DB+VLF45q6xj6pieLjhPjo8qs1JqNBNT0AAAAAAAAAhI5m4QCfePEPQR7hH394UZMzAZBDOEAA6GYIEgYQDnCnA4SJ3hcOULM/OvgCDwAAAAAAANCTaRYOEAAAAAAAAAB6MjQBAAAAAAAAAIQFNAEAAAAAAAAAhAU0AQAAAAAAAACEBTQBAAAAAAAAAIQFLEMCANBNOrUIazArRwIAAECooViHGxSaAAAAQqtTVQTvvVBpAAAA6DlQrMONDk0AAAAh4auK0GHVQVE5QKUBAADgukOxDr0GmgAAADTmXRuQb+nyuEFxR9QYAAAAuhOKdehl0AQAAKAZRT1AetrluoJEqiKgxgAAANA9UKxDr4QmAAAAbahWCMQH0k9GxrsGIMjIawMMwyiqCIoEAAAAoC0U69BboQkAACBYqr0E8uJfrBxwHOergPeuOvA8L/6UNoo1BvQbAAAAhBSKdejd0AQAABAU714CRS2B4ziWZTt1THEvIuLdFHUC9BsAAACEAop16PXQBAAA0HWKioJi4B/HcWKR32Usy7Is63K5XC6XNM5QhOoCAACAtlCsQzhAEwAAQBf5mhkoPtDr9VoV4WKHg9PplEYJKpYUQnUBAAAgSCjWIUyEvAnAZrMfOl548XJl8aWKktKKvunJfTNS+qYn52anZ6QlhTp3AIAQ8a4oyEP+6PV6bbMTj+lwOMTRg9IkQ6mWgOoCAABAl6FYh/AR2iaACyVlH2/YVVZRndM/fdSwAffceXNxaUXxxfJNX35j/dz+wOJbJo8bEtITAAAIBT8VBZZldbqO/7S6XLyY2MXzLMMwLMMEEARIr9c7nU6e56UtqC4AAAAEKfhivWslO4p1uC5C2ASwev3O7bsODxvU/xc/eohlmfLKmoILpf0yUkYNy0lNilv5Wf6/Vm7ef+jUC0/dG7pzAADQnP+OAv8VBV4QrFa7w+ESiASBdzpcnI4jIoZIr9dxLKPTcQKRQe/zIDqdzuFwyCcroroAAADQZcEU68GX7CjWofsx8l84Da38LD9/z9H7Fs6YPmXkuys2HTlxjuPYnKz0ksuVNpu9f9+0u++4iYhef2t1Wkr8az95LBTnAEBErS1OIiooKlVsz8vOJKKqqquMGnL/J/4hVqz4qljoRfWp92O5YP6amyMQwuM6k9cV5IjIYDD42svhcLZa7a1Wu2LWnxzLME4Xf6WiMi05ITE+xmj0eTS73a745VT9DYTrQvyzEzzc7AA9Ge70XqNrxbq2JTuK9Z5Mq5u95+B+9atfaX7Qk2eLV63dsWzJ7Jz+6T957e9Wm+PxB+YtWzL7pknD590ycWheVuW12jUbdiXERz987+z1W/fxPD8ot6/mpwFARE4HT0TVtQ2K7YlxMUTU0tJ8wzUB6PWdW4cGtOWrosDzvK9AQQ6Hs6XV1tRiczg6KEIEoqvXak6eLbp0pdJms5vNxgizSTUlwzBOp9PXkkKoLlxf4p+d4OFmB+jJcKf3Dl0o1kNRsqNY78m0utl7jpC0O27c/vX40YOmTRz+0mvvZKQlvfrjR4ho78GT+w+evmnS8GGD+j/50B2pSXEbtu0fPyrv7jtvXr9l75gRA/umJ4fiZAAAtKKoKEgPeJ5XXSVYEMjlcrW02u0Oj5l+vtjsjoqr1XX1jQzD1NQ2lF+tnjR2WGJ8jN5r9CDLshzHuVwuMVOp8wHjBgEAAALU2WI9dCU7inXoTto3AVypuHahpOze+dPXbNxttdpf+dHDRLR+674N2/bPnz155Wf5GWlJP35myYI5U04VlHy0bufzT979xe7D4mIBgefSarX98e2PS0orxacMw8THRS1ZMGPM8FzN39E3R868u2LT4w/OmzhmsOYHB4Abl/9YwYIg2OzOhsYWX/OtdBzLMIzTxXMs63S5iKilpbWsokqqlFwuu/oNc2pwblZudibLKst+vV7P87xUZUHlAAAAIBgdLgEQ0pIdxTp0G+2bAMoqqiPMxgFZff754eYFc6dER0UQ0YZt+3/89JK8nMzxo/J++fv3Cs6X5uVkLlkw47d/WVleWd03PflK+bUu5DVz6qi5M8eLcTi27Tz0wcfb42OjszJTtH1Ho4fl/O4XT1gizWJzwAdrtj/3+OLc7Axtc5HaNWJjor7/2ELNDw4AQfI/VtA7vdPparXavGsJLMuYjAajQSe27et0nMPp4l28w+kqr7Qpkl8pr6qqrktKiImNifLujuA4zuFwsCyrCCOE2gMAAIB/nS3Wu6FkR7EO3UP72UeXLlf2zUhpbGqtqq7L7pvmJ+WArD4mo+FKRXVWZmpJaUUX8jIZDfFx0fFx0YnxMXfcOslsMp49fymIc1dnMOjj46INBo2XAwWAG5F3jUE1XLDT6WpqsdntHlMEdTouymJOSoiJspgNBr1Br9PrdQzDGPQ6o9EQGWHsm5EycmiOXnY0nuetVtuh42crq2q8T0an04ljBaURjPIzBAAAAP8CLNa7p2RHsQ7dQ/tRAMWXKgYOyCiruCZ+yRc3zp89+fW3Vs+fPTl/z9G8AZl5OZni9n4ZKWUV1/IGZG7Ytl/Dc3A6XRu/+HrHnqNWm31wbr9HlsyOj43ieWH77sNb8g80NbdGR0Usmjt12sQRb763rqXFajYbz567tGThjA1b998z/2ZxwP/flq+rq2984al7L5dVvfPBxu89fOe2XYePnTxPRL//20dZmSmP3X/7/729ZsyI3BOni6prG4bmZS2cO/WDNdtLr1xNSYr7wXcWpSTFEdGJM0Ufrd1RVV2fEBd9/+JZIwZnnyu6/M4HGyePHfL1kTP1Dc2Z6clPL5tfW9f4p3c/tdkcVFr5xIt/wLwDgB5FXgAr+gq8Kwq8IFhtDrvdId9o0OvMZqOvNYEYhhiGjY+NtkSaY6IjT50tvlx21eWeZFh65apBr09LSfTekWVZKYCQfN4gegwAAAB86VSx3p0lO4p16AbajwKIi7UUnC/NTE8mooqqWnHjgjlTHl06p/DC5fvvmvX0owvEjc0t1oILpZl9kk+fu5jTPz2YTHleOHD0rNVmH5STSURf7D68Y8+xBxbf8j8vf9do0P9nzXaXi9+1//i6zXvnzBz/u1888cDiWxqbW8Wb6FzxFZZlf/zMkoEdje1ftmT2/XfNMhr0Ty9b8IPv3mXU64mo4ELp048uePrRBeeKL//pH5/Mnj725WcfIKLPt39NRCWllctXbhmal/Wbn3139oxxK9Z8UXG1hoisNvvpc5d++N27fvL9+5qaWr7YfaR/37SfPfdgRlrS0Lys3/3iidHDcoK5IAAQCqpLB6sMAXC4bIpagkFnsZhNRr33lH4Fg16f3S990tihfVLbqwUtrdaiS2VllSoTpnQ6nTyIkeI8AQAAwJcAi/XuLNlRrEM30H4UQHRU5JET5ziWSU9L/PZ0Uer0seL2qeOHTR0/TJ7y8PFCIsrok5i/9+iAfv6mDPiyOf/A5vwD4mNLpHnpopn9MlKtNvuRb89PGJ0n9qLfcdukd1d8XlFVs//Q6TEjcufMGM8wFB8XLR0ku1/adx+43WjQ13itG6dgiTRHRpiIoSiLOSYqUkw/Y/LIvunJSQkxacnx8XHRYqb9M1PLr1a3Wm3HT52PtkTMnz0lymKeOn7owWMFRRfLkxJi9DrdXbdPEyMg9s1Iqa5t0Om4uBiLTsfq9Tr56QFAjyIvmHmeZxhGMZHP5eJbrXan0yVtYRgmwmTU67gAs2AYJjkpfvjgHKvNXlVdJ25sbbWdKSzpo9ZdwDCMeCaKAMIAAADgX4fFejeX7CjWoRto3wSQ0z99285DZ8+Xzpo2euVn+UkJMVt3HjpffEWeJiE+eur4YSdOF82cOkrHcSWXKqaMG9qFvMRwgA6na/X6nS2ttmGD+jMMWa32hsbmnfuO79x3XExmNOorr9Y0NDYPysn0voOiLBHGIOb5m81G6XFKYpz4IDbGUn61mogqq2rLKqtfePVNKU1OVp+khBiOY42GkKzICACaU7S+y0cMcpyy+OcFQd5RwLJMZITJ0Pn7vU9a4qDmrKrqY22H5fmz50qmTRhhNBoUKVmWdblcUiVGXlHAoEEAAACFThXr3V+yo1iHUNP+W+joYTm52emfbtrz65eWHf32/PZdh6eMH7po7lR5moamlpNni0tKK/7rh/evXr8zOipyxJDsLuQlhgMkovsWzvzD2x9v3XFw8R03mUyG6KjIoXlZd9w6UUzGsIxep4uOiqypaxQECuTGEQQKZKnPDqUkxfVJTXjyoTvNprZ722w2Xi6rCv7IANDN5OF5/NQVnA4nQyRVLnQcZ9DrulBgm03G4UMGHDx2xmq1iVsYhj1XfHnYIOVfS47jnE6nFMRIqtmglgAAAOBLgMV695fsKNYh1LSPBUBEC+dMLau49u/V2557YnFzi/X91duOfHuusbk1LyfT4XQWXCj954ebjp268PKzDxw9eT5/z9EFcyZHRpiCyTE5MfbmicP3HDhZVlFtMhrGDM85caaouLSCiGrrm/YdOCVuPH7qwo69R2tqGw6fKNy685DiIEajITLSdLrwos3mOFVQohi5IEpLSTDo9ZfLr/F8QHNyRg7NaW6xfn34NC8IDqdr/+EzDY0tvhKbTca05ISa2oa6+qbOXwMA6Cby7gLFcEFBEFy8wMu6F3Q6juO6+JeWZZhBOX2lpwxDZeUqDYji6kGKAMIAAAAQCD/F+nUp2VGsQ6hpPwrg6Mnzby5fN3/25A3b9lddq/vVS8s2ffnNoeOF+XuOvkMkdozfNHH4g3ff+tG6nV/sPjxxzGBNQt9PnTBs36FTW3cefPS+ubfePNZqd7y/eltLqy06KmLW1NFEJG5ct2Xvys/y42OjFsyZorinIiNMd946acWnX+4/dDozPXnYoP5Xr9Uqcsnsk3zb9LGfbNy96YtvpLiGfmRlpjyyZPZHa3ds3XlIp+NGDM6ePG6In/QL5k55698bfvLff587c/ziO27q4rUAAO14DxeUHniPxxOIHA6P5YL0Oo6oi832giD0y0w9dvKc+NTpdDlcrobG5uioSHkyaQEhaS8MGgQAAFDVqWL9upTsKNYh1Bht25b2Hjz53qqt82dPXjBnyvqt+zZs2x8bY7n/rlnDBvV3Ol2lV66mpyVaIs0XSso+27Sn4ELpA4tvmTl1lIYnAKDQ2uIkooKiUsX2vOxMIqqqusqoIfd/4h/i9u3up/LhWKpPvR/LBfO32xyBKBLdSlE54N1cLpfL5YqJiZEndrn4+sYWqa6g47ioKLOv5YICUVZxLX/Podq6RvFp3/SUqRNHJMbHKpLV19dzHMdxHOsm/aJi6GD3E//sBA83O0BPhjv9BtWpYv16lewo1nsUrW72nkPLPzr7Dp56b9XWCaMHbdi2n4g2bNv/46eXbN156K331hsM+pysPgOy+mzZcbD4Unlzi3VoXtarP34kIy1JwxMAAAgRxXg8X8PzeM8tLp4PPFywL3pde7zSquq6mChLIKcnPkAtAQAAwFuAxfr1KtlRrENIadYEcPBYwfJVW6ZPHvnQPbcyDLNh2/6fP/9QVmZKXk7mybMlpwtL6uqbCi9czkxPHjdqYN8+yZnpyVplDQDQbfxPzONY1iVbNEjHsU6nSx9EX0FCXHR9Q6P0NMoSUVvfmOxefMTX6aGKAAAAEIgO59tf35IdxTqEgmZNALv2HV8wZ8r82ZNXrd3xzZEzL33/vqzMFPGlYYOyhg3K0iojAIDrTmqe53leHjqI53mdnrPbne3JgsvoanVtZIRZWouI41iT16KAPM8jaBAAAECX+SrWr0vJjmIdQk3LFQEEQVi/dd+XXx157onFA7MzNDwyAEDPpFg9lGEYhmn/u+p08RRE+e1y8U3NrTV1DdIWlmWNBr0imSYrmAIAAIB3kdr9JTuKdQg1zUYBDByQcfjEOb2Oe3rZgmGD+mt1WACAnszpdOp07X9IOY5lyGMVX5vdafD60h64yqoalmXF2gDLMmnJCZzXFESns7dFqQEAALguFMX6dSnZUaxDqGnWBLBgzpQFc6ZodTQAgJ5PEATvctqg11ttDump1WaPspi7dnynyxUTZUlKiK1vbLZabQa93mKJ0HEqTQAYKwgAABAk1WK9+0t2FOsQaliGBACg3eFF9QAAIABJREFUixiGcTgcio1Gk56a2p/yvNDSajMZDSzbuVg+giC4XHxKcmJMdFRVdW155bXqmvrU5ATvsEAOhwOBggAAAIKkWqx3f8mOYh1CDU0AAABd53Q6XS4XJ2u/ZxnGbDK0Wu3SllarnWVZk7FzgwbtdmdTs5Vj2cgIc2SEOSkhLsJsjIm2KKoFLpfLe9QiAAAAdIF3sd7NJTuKdegGWoYDBAAIQ1arVbHFbDLI4wk7na7WVptDtqRQhxxOV4vVJh8HGBNtiY+NNnitQuSdOwAAAHSZasHabSU7inXoBmgCAADoNEbGu7TW63Umo15eV7A7nE3NrTabo8PZfTwvWG2OpqZWaf0hkdGg1+mVUQDEuoL8ZIJ7WwAAAOHIf7HenSU7inXoBmgCAADoBEWRzDCM0+lsbW1VJDMZ9Yp2fbvdWd/Y0mq1OxwuP2v9Wm325har3eFRSzAY9CajnvWqCrS2tjqdTsX5oMYAAAAQoACL9e4p2VGsQ/fAPBMAgI5JBbBYwjOempqazGaP4MB6vS6SYWx2j84BQRCaW6wcx+l1nF7HsRyr13FOp0sgIkGw2Z1Wm53nlTUIg0FniTDqvNYCJKKmpibFmUhni0oDAACAL50t1runZEexDt0DTQAAAJ3DeHG5XI2NjVFRUfJkHMdFR0W0Wm3ygX88L/C80+FwEpGO41w8r+NYQRCcLt5XXmaT+vf/xsZGMWSRanUBAAAAAhFgsR7qkh3FOnQbNAEAAPjDMIy8vV96KpXNLMvyPN/Y2Gg0Gg0GgywlGQ06jmWayGa3qywy5HS5xPhAqvmyLGvQ6yIjjBzHeVcA7HZ7Y2Mjx3Esy3r3FSjOP6j3DwAA0It0uVgPacmOYh26E2IBAAB0jnd3gVhg19XVKSYCMgyj1+uiIk2RESbVnnxfxKWGIswGnU7l+78gCHV1dVK+6C4AAADossCL9RCV7CjWoZuhCQAAICDywli1uuBwOKqrq7131Om4iAhjVKTZZDQwDOMd1U86vvjAbDLERkdEWcx6ryUARdXV1Q6Hw1dFAZUGAACADnW5WNe8ZEexDt0MEwEAADrgPWhQKpJZlhXcWJa12WzV1dUJCQmKI7AMYzDoOI6NiDA6HU4XLzgcTvGILqdLp+cYhmWI9HrOZDL4qkmIqqurbTYb68lXdwFqDAAAAArBF+saluwo1qH7oQkAAKATxNJXEASpoiA94DhOEISWlhae5xMTE73LaY5jOSK9jhMEQSCjwAu8IHAsy/M8wzAc18GwLEEQrl27ZrVaOY4TpwtKtQTxAVYPAgAA6JRgivUgS3YU63C9oAkAACBQ8qBBYi1BqiiI0YM4jiMiq9VaXl6ekJBgNBp9HYchIo4RJxGybMeTCcWOCDFWsBguWKwfSNUFeecAqgsAAAAd0qpY70LJjmIdriM0AQAAdEw+aFBeMLMsK60qLFYUxNGDLpervLw8NjY2NjY2+Nzr6urq6uqkLgKWZeWPfY0YRI0BAABAFYp1CGdoAgAA6AR5j4Fi6qD4U564vr6+ubk5Ojrae23hADU2NjY0NDidTrFyoBgrqFpLQBUBAAAgQCjWIQyFtgngQknZqYISIspMTx49LCekeQEAhJSiliBtlPcYKNITkcvlqq6urqurs1gsFotFr9cHkpfD4WhqampqanK5XPL+AflP1b4C1BgAAAACgWIdwlaomgBq6hr//sHGCyVl0paEuOjnnrg7LSU+RDkCAHQz+Ww9scageFWqQ/A8X19fX1tbazAYTCaT0WjU6/V6vV4s6QVB4Hne4XA4HA6bzWa1Wu12u9QhIE4RlOoH8oqCr4jBAAAA0Fko1iFMhKQJwOly/W35usqqmmX3zRk7YqDJqD968vxHa3e8/tZHv/rxsihLRCgyBQAINUWPgRg6SJo6qEgp/nS5XGJKMTiw0+kUBwF69zDIhyAqIgMpqgvefQWKoMGoOgAAAHQIxTqEp5A0AXx9+Myly5U/+M6ikUMHiFvGDM/tk5Lw69ff37Lj4L3zp4ciUwCAbqA6btC7uiCW3GL9gOd5nufFKYU8z4u7i+GFvHeROh+k6YiKmgHGCgIAAGgFxTqEoZA0AZw4XZSaHC99/xelJsePGp5z7OQFNAEAQK8hL5jF6oJUS5AeiwW8WEsQawxSRcE7HLGcvHIgryX4ihgEAAAAwUCxDuEgJE0ATc2tifHR3tvjoi2FttJQ5AgA0G28lxGWXpKiB8u7C8RkUnUhkO4CRY+Bosbg3UuAvgIAAICuQbEO4SYkTQBxMZbCC5d5XmBZj9/asspqrQIBtFptf3z748G5/RbfcZNHFhXVr7+1+r6FMyaOGdy1IyhcKCl7d8WmazX1jz84r8NjAkCY8FNdUNQYxFfFmoG8r8A71LB3d4FqpQEVBQAAAG2hWIewEpImgPGj8g4cPbtt58G5syZIGw+fKDxdWDJ/9hQNM/rm6NlpE4cnJ8aKTwWBdu471tjUotXxm1usH6zZ3jc9+cWn741GFEMAkFGtLkjVAqmKIPYYCJ7kYwXlVQ3VcYP+uwhQUQAAAAgeinUIHyFpAhg1LGfYoP6fbtrT2Nw6Ykg2EZWUVq7bsrdPSuLcmeM1zKimtmHPN99K3fjlldWHjhdqePyKqzU1tQ23z5qQGB+j4WEBoHfwjiGk6DoQy3XBi+qCw37qCortikDBqCgAAAAED8U6hIlQLQo4ZnjO6cKL23Ye2rbzkLhxyMB+jz84r6KqtrKqtq6+kYhiY6KSE2P7pid3OaPhg/sfOl4oDQTY/fWJaEuEeAcePlH474+2Pv3owsG5fcUv86+/tfqeO6dPGqsymP9c0eV3Ptg4eeyQr4+cqW9ozkxPfnrZ/N37T2zOP0BE767YtGbD7pefvd9sNq1am3/wWIHL5crok/zY0jkZaUlBXCcAuOFJ1QVFgS1VEeR1BflcwQ7rCr4qB4peAlQUAAAAtIJiHcKB9k0A54ouv/vh5prahpSkuFHDciIjTNn90iyR5vTUxILzpW+/v0Gv4wZk9eE4rmTf8bqGpiULZtw8aUTX8ho9LGfvwVPiQICKqzXHT12YO2vCxm37iWhQTt/4uOjjpy6ITQAFFy4b9Pq8nAxfh7La7KfPXfrhd++y2x3/+M/nX+w+snDulKzM1H+t3Lz4jpvGDM+NskS+//HWs+cuPfv44rgYy+r1O996b/1Lz9wXG2MJ4moBwA3PV3XBe1ShVEVQrSjIj6D46auWgIoCAACAtlCsQ6+ncRPAoWMF73ywMT426tnHFw8f3F/+Unll9etvrX743ttunjSipLTyctnVxx+cd+J00V/++VmE2TRu5MAuZGcw6OfMGLdm4+5pE4fv3Hc8LSV+cG5fsQkgMsI0fmTegaNnG5tajQbdN0fOjBiSHRcT5etQep3urtuniUMS+makVNc2mE3GKIuZGIqMMMXGWGrrG8+eu3T7rAmDcjKJ6J47p/+/Nz86X3xl3Ki8Ll0qAOg9xAJbXmNQTAWU+g0UKX0dSrXSgF4CAACAboBiHXo3VsNjnS++8o8Vm/r3TX3lhYe9v///8Z0182dPFjv8t+06tOKTLx1O54gh2a/95NF33t9wubyqa5kOycuKjbF8+vlXx09duG36OB3X/o6GD8lubG4tLCotq6yuqWtQnQIg4TjWaPDXIFJX32y12c1mo/jUaNBxLFtRVdu10waA3sd7uqBiBqD3UsDe5MkwSxAAAOB6QbEOvZVmTQAuF7981dbE+JgXn15iiTQrXj14rKBPSsKCOW3LATx8z62//smjep2OiNJSEhbMmbJjz7Gu5Ws06G+fNeHbs8V9M5IHZnuM809PTczKTDn67fnDJ87Fx0b3SUno6psjIoqNiTQZDa2tNvGpze508XxqUlwwxwSAXsa7RNeKrywAAAAgRFCsQ6+kWRPAvoMnr16rfWDxLKNB7/1q4YXLSe6l+w4dL/zvP/5n9fqd0qspSXG7vz7R5awH5fR94sF5S+bP4DiPt8Nx7NQJw749U7z3wMmJYwYb1E4scLHRUYNy+27OP3D2fGllVe2ajbvMJkNO//RgjgkAvZJ3cR58FQG1BAAAgOsCxTr0MprFAvj6yJnM9OSheVm+EkhNA+NGDjx77uK3Z0ukl0xGQzBZ63TcqGE5qi/lZKVHRpgEQRgxpL9qgsAxDC1dNGvV2vw/v/upuCLA048uQCxAAPBFvqSQ6vbOHgcAAACuFxTr0Gto1gRQdLF89vRxvl6NMBsvllZKTxubW+Nj2yPzlZRWJLvHCATIbDL+/PmHvLfHx0X/v1e/Jz01mQzRURFZmanegQDlR8jNznj91aekl77/2EJp+19/86xsF8NjS+c+tnRup04VAMKcr0pDgHsBAABAz4FiHW50mjUBRJiNx06dVwzFF8XHRqUkxe3cd7y8sjotJYGIGhpb9HpdU3OrGDWg6GL5sEHB9tKrKrpYXllVu3Du1FAcHACgU1D8AwAA9Boo1uEGpVkTwNJFs/6zZvuGbfu9XzIa9a+++MjB4wVvv7/x1y8tI6IJowcdOVF4oaRs5NABy1dtOVVQcte8aVqdiUQQaO+BkylJcdn90jQ/OAAAAAAAAMCNhenUCJZgHDpe+M77G5ISYpcumtkvI4Vl2cqqmt1fn9h/6PT82ZOlxQIAtNXa4iSigqJSxfa87Ewiqqq6qh6sxf2fIuKLYlUY8VBdWOI1mGZjc4RmLXcAEArin53g4WYH6MlwpwOECa1u9p6j+/7ojBs5kB6ZvyX/wF/++Zm0MTbGgu//AAAAAAAAAN2gW9sdx40cOG7kwBNnimpqGnhBiIuxZPfrExMd2Z3nAAAAAAAAABCersPQoxGDs7s/UwAAAAAAAIAwpxLAHwAAAAAAAAB6HzQBAAAAAAAAAIQFNAEAAAAAAAAAhAU0AQAAAAAAAACEBTQBAAAAAAAAAIQFNAEAAAAAAAAAhAU0AQAAAAAAAACEBTQBAAAAAAAAAIQFNAEAAAAAAAAAhAU0AQAAAAAAAACEBTQBAAAAAAAAAIQFNAEAAAAAAAAAhAU0AQAAAAAAAACEBTQBAAAAAAAAAIQFNAEAAAAAAAAAhAVdSI/e1Ny6Jf/A5fJrpWVXiSizT3JGWuLcWRMskeaQ5gsAAAAAAAAACiFsAjhXdOVvy9fGxliG5PabMn4oEZVcqjhZULLnwMnvP7YoNzs9dFkDAAAAAAAAgEKoJgLsPXjy939b1S8z5eUf3n/TpOEtLdaWFutNk4a//MP7+2Wm/P5vq/YePBmirAEAAAAAAADAW0hGAVyrqV/5af6saaPvv2tWwfnS199aLb3046eX/OjJe1Z+lr/y0/y8AZmJ8TGhOAEAAAAAAAAAUAjJKIBd+46nJsffO3+63e5498NN/TJS/vGHF//xhxf7ZaS8++Emu91x7/zpqcnxu/YdD0XuAAAAAAAAAOAtJE0A5VdrsjJTdTquoqq2rr7pqWXzxe1PLZtfV99UUVWr03FZmanlV2tCkTsAAAAAAAAAeAvJRICLlytH355DRGaTkYgKLpSKA/4LLpRKG/v3S127eW+Xs2i12v749sclpZXiU5ZlMvokP7Z0TkZaUuAHuVBS9u6KTddq6h9/cN7EMYO7fDIAAAAAAAAAPV9ImgA4jrVEmIkoKSFm3MiBG7btd9idRLRl58FxIwcmJcQQkSXCzHHBjkGYOXXU3JnjicjhdK1ev/Ot99a/9Mx9sTGWQPZtbrF+sGZ73/TkF5++N9oSEeSZAAAAAAAAAPRwIZkIkJedWVPXKD4eOTSnuqZhxadfrvj0y+qahpFDc8TtNXWNuf0zgszIZDTEx0XHx0WnJMUtnDu11WovLq0IcN+KqzU1tQ1jRuQmxscYDPogzwQAAAAAAACghwvJKICsvqlFF8tnTh21fuu+fQdP3TVv2pjhuUR05Ntza7fsuXqtdsGcKcWXyvtlJGuYqV6nIyKX00VEJ84UfbR2R1V1fUJc9P2LZ40YnH2u6PI7H2wcNzLv4LGzKUnx/TNTtu06TETvrti0ZsPul5+9v8VqW75q6+WyqxzHjR+Vt3TRLLPJ4L3XqcKL6amJR06c0+t1D99z67Xahs+3f+1y8bffMmH+7CkMQ4VFl1ev23ml/Bov8MMG9f/O/bdHRpg+/fyrE2eKcrL67Dt0WuCFqROHLV04U6fjeF7YvvvwlvwDTc2t0VERi+ZOnTZxxJWKKvFMIsymxfOmTZs4gmE0vE4AAAAAAAAQpkLSBJCbnb7py2/y9xzdsefYrdPHzLtlorh93i0TY6Ij16zfbYk0nzl3afaMcVrl6HS69h74lmWZjD5JJaWVy1duGT8qb/aMcd+eKV6x5ovk791DRFab/dDxggVzpo4ckm0w6Adkpf9r5ebFd9w0Zniuixfeem99anL8kw89VlvftHzl5lVr8x+9b65ir/w9x8orayaMHnTXvGmr1u5498NNwwdnv/LCw98cObNj77FRw3L6pifX1zdNHDN49PCc+obmf/zn8607Di6+4yYiKquoHpid8dpPHj1+6sK6LXvHjhg4OLfvrv3H123eu2DulAmj8opLKyqrausbmqQzqbha88Ga7YkJsYNz+2p1oQAAAAAAACBshaQJICMtaenCmR+s2a7X66ZNGC5/afSw3A3b9q/fum/Zks6F7lO1Of/A5vwD4mOzyfjIvbelJsev27I32hIxf/aUKIt56vihB48VFF0sT0qI4Vju/rtmjR0xUEwfZTETQ5ERptgYy6FjBa1W+z13Tk9JiktJirt91oTN+QfqGhqJyHMvITUp7qaJI6Is5vGj8govlN4+a0JKUtyoYTn5e46WV1b3TU8eP3qQePzE+JjM9GRp1YO05HjxlEYPy9mSf7Chsdlqs+8/dHrMiNw5M8YzDMXHRROR4kwOHy88dbYYTQAAAAAAAAAQvJA0ARDR2JEDq6rrPvn8q/Vb900eNyQ1OV6cfr//0OnqmoZ77rx59PCc4HORwgFyOi7aEikOmK+sqi2rrH7h1TelZDlZfZISYvR6zlfYv4qqWo5ljYa2q2E2G602e119MxEp9jIYdDpdWwAFo8EQF2MhIkuESZyGQESnCko+/fyrq9fqrDY7EY0aluO9o8hqtTc0Ng/KyZSP86+oqm1savnl75dLW6QjAAAAAAAAAAQjVE0ARDR31oTBA/vt3n/i7x9srK1vIqK4GMvwwdm/+NFD/TJSNMlCDAeo2JiSFNcnNeHJh+40mwziFrPZeLmsys9xUpPiXDxvszvFp62tNpPREBsTea26vlPn09jUunrdzpgYy3/df7vZZHj/4+3+Tt5kiI6KrKlrFASSWgFSk+KioyKeXrYgPjZK3IJQhQAAAAAAAKAJ7ZsATp4tiYuxpKclElG/jJSH772NiA4fL3C4+EljBstTXqm4VlvXOGxQf21PYOTQnK+++fbrw6enTxnpcvGHjheOGznQ/y45/dPNJsOajbuWLJhRW9+0Of/AoNy+sdFRnW0C0OlYg0Fn0OuMRv254ivFl8oHDsj0ldhkNIwZnvP5F9/s2Ht01NABxaUV12oaJo4eZDYZd+w9tmDOFI5jvz1TnJ6WODA72KUTAAAAAAAAADRuAnC6XO99tCWzT/JzTyyWb9+Uf9BqtU8cPVg+6P2zTXuKLpb9/pff03GchueQlZnyyJLZH63dsXXnIZ2OGzE4e/K4If53iY2xPP3oguWrtv7y98ulFQG6EIffbDIuXTTr3RWbfvabfw7Ny+ow2MGtN4+12h3rtuxd+Vl+fGzUgjlTYqItTy2bL54Jy7D9+6XlZqd3+jwAAAAAAAAAvDCCIGhyIJ4Xausa9x06tfnLAw6n85lHF2Rn9Ym2RNY3NJ0qKHnvo606jrt3wfRRw3LiYqIampqLL5b/bfk6o0E/Z+b4KeOGxsdFMVj7DkKgtcVJRAVFpYrtedmZRFRVdZVRQ+7/iMhju/up+EA8lOpT78dywfy2myNCOH8HAIIn/tkJHm52gJ4MdzpAmNDqZu85NGsCeOV3yyuu1sTHRc+7ZWJ5ZfW+g6darTbxpcgI06xpow0G/badBxubWsWNZpNx8rghGX2SNm7/uqa2oW968isvPKzJmQDIoQkAALoZvhgAhAPc6QBhovc1AWj2R2fpoplvvbd+2oRh0yePEASqulZXUVXz2NK573ywMW9A5oI5U4ioprbh0PHCp5bN/+Dj7Ynx0eJg+7r6pq07Di6+4yatzgQAAAAAAAAAvLEBpAnI0Lys22+ZuPfgyYqrNZfLq06cKXrontty+qcvWTDj4LGz1TUNVdX1+w6eWnT71IHZGQ/efcvJsyWXy65WXK3Zf+jU3FkThuZlaXUmAAAAAAAAAOBNy6FH1bUNTU2tr/xuuV6vI6LqmnoiqqquYxjmZ//7TyKBZdnqmgYiEn/+719WOhxOo0FfXdug4WkAAAAAAAAAgDctmwDsdkdCXPRD99xaU9e4ev1Ou8NJRE6nKybasnThDINBv+KTLxwOJxHZ7I4oi/ne+TOSE2M/WLNd3AgAAAAAAAAAoaNZOECAngnhAAGgmyFIGEA4wJ0OECZ6XzhAzWIBAAAAAAAAAEBPhiYAAAAAAAAAgLCAJgAAAAAAAACAsIAmAAAAAAAAAICwgCYAAAAAAAAAgLCAJgAAAAAAAACAsIAmAAAAAAAAAICwoBP+bGGIBCKGSBBkrygfu1MJYloiIkGgjvbtcnqfeamdmyZ5tb3YuevguZfvM/TYK4D0mpxhV85NfBzA1etqXvJ3pMCwZLKwCWlsn1wueww3ZBrbf4QyDQAAAAAAAHSVjmGIxG+lxDCM7KsgI/sqyIhf7cSkDLm/2qntS9SeXtzXf3oxLyJletW8GEZ2bp3Py1d6MamUvi0vj6/Esq+tQtt3V/W9GJV3pLx6aulVzlB2Bfyeoc+8fJ2b/0+WCfiTCiQvr/TyqydvICAigafWBv5yA3+5wHlgIxGxGXn6affpb32UjBEa/LIDAAAAAACEN5aE9h5bgYgE8bunIAjiQ/dG6dtae3oSBCKB5OkFj/TuHyr7th1bPIDIb3qS0vvNixT7Ch55CYI7t07k1XaY9qe+yNO35eWxl+quHgkUe5HPd0ReV0/28Qm+9vX+ZAW/6RVXz1dePq+e9yernpdv/OUC26rXmn44yvH5mx2nBgAAAAAAAL9YYsj9r637lmEY8aebuJGIIUZKTNS2A9PWYexO607OtPcHt4/4Ztz9y+37yjIj6QTa0gaSF3nkRYq8mKDyYnzkpUyvyIvxyKvtsknv3JP0knhppH/t74gJ6B2R4mqQvzNkFGfYUV4MqadnPNMrPynF1Vbk5T0PwKfWBtuq11pfu5MvPhHwPgAAAAAAAKDUNgqgredW6rf14O6/Fdo7j4k8+odJ2o8EP736Pnry5fv66tVXGTXgv1e/M3mRoN7vLajl5T26QVDJy/saeo1T8PWO/PbqCwGeIam/o0DyIq+8fH6yweQVyCgAOde5Qy2vznXs+6TTv+MAAAAAAABAREQ62SxulVnf7tnpjO9YAG2zvrsaC4BImhjuY34+ydKHJhZA+zkwqnkJ7hCD4jNiZHPa20/TfXU6njPvP7qBe1/Gd7QCxRn6y8vX/HzPq6H8ZP3/VkhXryuxALzzCpzA2976Plmb9LOWdXJPAAAAAAAAIJ3ssSCPdC+b9S4+c3/jlX9tE2R7CbKvj23pBUH6WqvcV0zhDrgnUHsseUEWK149fVB5kUBCsHn5mNYvv3oke0ceqxMod/Lay33NSRBU0pPQfh7uEQyeVy+QT0oesb/93LyuXkd5ya+Zz7zc2+Q5M53+8i9jW/5TMln0U+7u+iEAAAAAAADCkrsJwKM/n8jz26q731v21bEtidA+ud+dlDxjy3vGt2+PY+/ux25P7k7PyHrppWOqpm/Py91n3p6eZH3XWuXlKz3J+uRlow8U14FRvw7e19DvNW9L75GLn3fksb6D2hmS/OopztBXev+frHdeqp+UcrnBzrC9/UMuLRdLBgIAAAAAAHSKTt4zK+vxVvbrqvWce/fkk9e+DAmCkDiUyVtIRELRdio75DcvRa++Sl7e5+b+39e5BZgXUReug7J33dcZeuzlo3dd/R159px7j9Hwc4aq5+adl2IEgbRkYKB5+b4OannJr3mXCbztg5+Zf7mx60cAAAAAAAAIPzrfK8D7Xz2+/WEH8+3TJ7APbCeGJSJm8kv8itlM2SH/M8ypffa7etwBrWMBqM9mlxo33F/apT55+dx/5V6BzIFXS69yhrIr4PcMOx0LwP8ny/i4el2PO+CRXn71gpgO4Dp3yPH5m/o7nun6IQAAAAAAAMIM6xF1n5SR7X3Eiqf2HWRx4FWi+qeNZe9aRQwrfPkT4YsfE6tj7/mY0ieoxo1XiRWvFj/fZ16e6X1F+Pe1goDPvNoO0/7UF3n6trw89lIPICB4/PTYi3y+I/K6erKPT/C1r/cnq7KCgO+r5ysvn1evwxUEgmRb9wbZWoI9CgAAAAAAQNhgSVyhXVoH3r2Ou4x7Bfi25d2lOevtK8CT2grwTN5d7L3ryJwgrLpDOPy2cOTvwrpHyJzA3ree0sZ5rWzPeK5s3za7vMO8yNdq8x7pu5YX4yMvZXpFXoxHXm2XTZrw70l6iRF/uv+1vyMmoHdEiqtB/s6QUZxhR3kxpJ6e8Uyv/KQUV1uRVzDzANq0Nji+eC/oowAAAAAAAISLtlEAbT23vta09/zZPmrA9+rxNOxhZsH7ZIwWNj8jXPpK3IE/u1ZY+zDpI9gHt1DOHYrV5v326vtcbd5Xr76PUQOqeZGg3u8tqOVFXnkJKnl5X0OvcQq+3pHfXn0hwDMk9XcUSF7klZcivc9e/U7lFfwoACJy7PlIg6MAAAAAAACEh7ZRAJ492Mr+W8++ZUbqv2V89X6P/A4z969EJGx7Tjj1oTy9ULhOWPsIsTp28X/Y3HnynnmGcnI9AAAgAElEQVSpb5nU+rE9+5bb8yKVfaVzI+9z85VecR088iLZvu5jy3ux5bEB5FeP2nP0fkfk6x0petoVV0PtDP3lxajkxXheDZVP1v9vBan8VvjLS+3cZHkFgb9cwBef0OBAAAAAAAAAYYCVPfacl67WW04dzTAXSKDc+cxtfyRihC1PC8eXq8wwL1grfHIfuezMwvcoYxL56R9WGwXQ9l+/m7jnT3Ov1OleqeNeqdP94hr77HF2yvN+95V6ptvzYkfep/9FKbfoz4r03C0v639Zyt36clvfukegBB/T+j2uoWKSv8pO+qc+M/zyWyb3JkUsAM99feTSyfn5il59z8gIXY4FQIHkFbpYACLX6T3aHAgAAAAAAKC3czcBeM/99h8LwN2zq4wdMHgJs+ADYjhh23P07QrVGeZEJFzYJmz9EelM7JJPKHW02mz2jufnEzFC6df8uqf4dU/xO39DjlZ25svsHX9oy8mdl9q+7Xm1XwlFXtLmTscCkGbOk+r7kl8Hzz5xtVgAyinzPufn+zhDxu8ZdjEWAOMjvWpevmIBqIZG6AJX0RFtDgQAAAAAANDb6eTrzrd30io6rT1WmxfcX0sF+XNBIGbAPOb2d4hhhfWPCAWfEZFsHXhxh/bV5vlvP2Rj+zNTf8rev5FfeadQftQzvc+8yN3PTCSQ08YfXyluYwo2sfcsZwfPFwq2COe3e61s7/2+GI+OdnfnNOMeMODRn+3rOri7xBnvM/Q4ssde7QsASt3tyvTi/+1Xwzsv7/ReZ6h6bt55tZ+blJfX1fOXl+/roJaX/PPVAl92TpPjAAAAAAAA9Hq6tu5agbxWgPe/enz7w7Z9B97JLFhBxFBdsVC4lmGkfX2kZwRhz2+YofdRbBb7wOf8+7cIVWdl6VXzal/Zvm1YgrvPXhCIqs4K579kxj/OZE8Xzm/nZv2cHf0wRSYRwwrV5/itPxcKv2DHPMTc/GMmti8JvHCtkP/qDfEqMHF99f9VQJFJZK137X+bz/+d+PWU7TuBe6WYTDFCYyW/43XX1/9iiNg7f8ONXkrmWHLZ+eJ9rg0/o8oCbuqT7JQnmPh+xHBCY6Vr62/4gyu42S9zNz3Fl33L9hkhNFc7PvgON/FhbuwS0pmEuivUXNM+iV7WLOC+2iS7Au3BBxjZ1XB/UuRuXlF8Usr0TECfLOP9SQWRl1d6eeQELeYC8NXlGhwFAAAAAAAgDLAec+BJPoubvGZxi6kUMe3d31tvf5cEnngHyWZ9dzi3n0ggl510JvahrX7Tq0T4b58XL+XVXEVEZIohIrKkCJcPuTY8x+/8LWNJYSf/QCCBmfQ0cXrX5v9ybXuFbM0U3Uc8ONNnNH94hevz/yKnjR1xNyXkEBFxekoa6Nr1hmvrr4mInfkiO+Amdsbz3IRHhapC5yfP8kdXs1mTudtfJSKKTBBqLzvX/dS5/mUSeO7mZwRjJJFAOgPbZzh/eotz02vs4Nu4sUv4Kyecq5/jC3cwqXlqEQQE6aniCsjm53uvJqCIBaC6r/cnG2QsAD+/FR4rAoQ0FgBZmzQ6EAAAAAAAQC+nkwe2ZwRBmggvH6UtEOMe8C0bv+7uH27r7/32faF0N3PbG9JkekFgFKMASNZ33da3TESNZcJX/0Opo8QuY8Hdq8+4O7+982qbnO4xCoBhiMgQSUxbdAN+w7PSsHNm2F0UldrWJe20UuVpoXiPa99bAhE78j4iEs594friNSJiB8+jpIFMTB8Sv7Ke3cJ/9WciYixJ7MTvMANuZjPGCLYmftef+DNb+MMr9Ml5TJ8RTPZk1/bfSlMi2KHzmKRcLnMMEUM8zx/52PnpjwWB9E+uEWzNrvw/86e20IEVTEoeE5fJuC+v+jX3GBFAsisgXg3ZboL86smWLBCH33tePc9PRPqkfOVFUg+/Z3rGM73ab4VHXvLfCtl2AAAAAAAA6BY6xRx4X3PmO4oFIPD5LxERc9sbxLBS77AQ04998qQiS/79mVR+uD0vhuNPfkQnP1LLS9rJa4a5fBRA2/kyjN5MvIuaKomIve2/2eH3kjmOdEYiEqrOCiTwe//ETn+JW7aWXHbh0jeuL/+n7ej2Ztl1cL933ik0X2u7KPYWYjkmKpksScQ7BXtL26x+RytriKSoNG7a0+yUJ5ioFNKbiEioL297A7xTaLomHoOxJJHLQbbmtvfksPqOBaAyPz/AuAOe6ckrfYd5Sdv9xQJQO7fO5aUMdNhlJos2xwEAAAAAAOjtdLJZ3Cqzvt2j/BmvGePSQ49+aSIihpXm5zPmRCKixitUV0xEFJ1JMf0YY7QgTy843aMG5LEDlP3Ynn3LKrEA2KRBTM5tZG8ULn3DDJzLjlwq2BqFfX8WWmrYm18S4+0Lx1c7j69mjBZ2yg/ZyU+zk58SCre3XQlZhm3/sTomMrGtv9sQQbxLaLzKNFVRVApjiGjrKNebBXszw7Ds5O+QIcK18w2h+iI36VGK69s2Xd8dU18QGKGpio1NJ0t8W456k2osAEVPu+JqMCpXg7owP98z7oDyk/X/WyF9Ul2JBeCdV3DYhDQNjgIAAAAAABAGdLLHguyrnrzv17t/mGSPPaLuM+3zzRkiQWA5hkg4+6mw4+dExEx8gZn+K2pPIfAnVjBtowbU+ofVRgEw8jgCOiMz/D4iho3ty4x8gIlK5ff/TTi/nel/M7mc5HKQtYHpN4WJSRdqSyhhALfor0L1BaHoKxJ4EgTSR3i+F8/HDMMMmsvWXCQiZsTdQkuNcGE3b2/msiax058TIhLYfhOYPiP48zv5M1u4WS+QgafWOiZlIJM6WLA1y77Tt10U/vwetv8k7qbvMQYLkzWezRgpNNdIsQA81yfwGTPfR0+7r5589U9KPqFD0ZMv37ejvOSfj5/fCvI1akATbJ9czY4FAAAAAADQq7mbALznfssSqcQCaEsiqCxf717/3T3hmxiWa9uL5dw/3X3L+/5fe5Yes9l9xQIQc2iLBcBkTuIyJxER8U5quMLv+i2/9w0iEoq/4o/8m530FLPgL0L1eaGxkoghRyvVl7FDF9HoB4l3CeUn+P1vMtHpsitAHo9dDrp2jpv1EukjhMZK/ovf8kVfMUVfkSWJG71Ud/ef21YE2Pwa2ZtcX73Jzf4ZN/9/haYqoeYiRSbKrmJbfz6/4w1XfF9u9D3skj8JjZVCZSFZEjuIBeB1zRlSn5/v4+p5rO/Q0dz+QGMBuPNSpveVl2osgPZ9g8Nlj9HgKAAAAAAAAGGA4f8U2f5VU23Wt/ux1H/b3ksv69Vt25d9qpB4J//OkLYdU8eyD+8UDv5V2PEzIqKJL7LTX+XX3EsXtvrISzq+z7zUzk2xr/q5dZQXUReug+devs/QY68A0mtyhl05N/FxAFevq3nJ35EWIl7bxvYf4SdBa4uTiAqKShXb87Iziaiq6iqjhtz/uRu13NvdT6m9hYNUn3o/lvO1PRDmCF0AqQDguhH/7AQPNztAT4Y7HSBMaHWz9xw63yvA+189vv2hx77uFzwD+rV9ERQ78RlipFgAzKzfkD5C2PK8j1gA6nEH5DPnpf5kxeoDau/LV3r12eweX4llX1s9Vrbv0hx4tfQqZyi7An7PsNOxAPx/soyPq9f1uAMe6eVXL+hRAGxGnv/v/wAAAAAAACDRecy3J2IEj7n9nrO4xVQk36G9B1mMBcC7yBDlPowgsDqGiHiX175tR2RGLqPWGr49tr2vWACkjAUgha1TX0HA12z29ij1geZFsuvgY36+dAB5+vZ35DEiQbmTR/wFz718z88n2TtSjQWguq/3JxtkLAA/vxXKFQFCFAtAP+0+bQ4EAAAAAAAQBnQek/gFQRqg3MG8dI/5+bJZ32UHaNDd7Ow3hDNrSCBKHEREJLibAMQ0SUMZRzNDREOWkMEinPuckfXedxQLQDnDXIpLr1xt3mM2e3scAVLZt4O4Ax2m95z9rozt3zZz3n0NPbnn9vu65j7n53u/I3ksAFkgApUzVFylTscCkFYr8Eyv8kmRR14esQCIVC5H55ij9bc+GtwhAAAAAAAAwohO0d9Lsn5bN0VPu9Sb7RWln0jY9Qu2z3ga8Rgz4rH2TAS+7X+x53/6q+0vNV7hv/iprP/bV6++v9XmVXv1fYwaUH1fUp+4+qgBz7wCuQ7KMySVd6TeW+6VXtFzLgR4hp7z8/1dPd+9+t5rQ8ivokqvfqfyCj4WgHHh82SMCCAhAAAAAAAAUPsoAF+zvhU97eR7fn7bvo1XhH9PoeHLGINFGjUgFG5oy+3854LOSOQOI2drEo7/m7E1uvuH1efnq/UtaxsLgKS8GNW83EsbCOKztv582fAJ2QHEXn3/c+b9RzdQ9LQrrobaGfrLy9f8fM+rofxk/f9WSFevK7EAvPPqEi53nP6OZ7q+PwAAAAAAQPiRxyD1nJeu1ltOXn3O3jPMydZAB/+sPj//WoGw53+lzDxjzqv1D6uNAuhULACvfX315HcqL/Wvrl6z+tubGjobC0C2r49cOjk/32sEQfuEjiBiAXjEPPCVl3ubprEAGNb48G+COwQAAAAAAEDYcTcBeM/9liXytUY9ec9jl8369r96vNp8e/ls9kDn5/uYYS71q2uZV2CxAEg2c57xzkt5HfzHAvC65m3pvebn+3hHHus7dDS3P9BYAP4/Wd9xBxj1vDrP+NRfsBAAAAAAAABAZ+m8o/q3vdK5OfC+Vo/36JfuzPx8n3l5n5v7/47m53eQF1EXrkNg8/MVYxwCmDPf/o58xQJQu9qKM1Q9t4DiDnhHefCTl+/roJaX/Jp3ifGx3+mn3N21fQEAAAAAAMKZzvcK8ILf1ePbHwY+3z6w1ebls9/V4w5oHQtAfTa71Ljh/tIu9cnL5/4r9wpkDrxaepUzlF0Bv2fY6VgA/j9ZJuBPKtC4Ax7p5Vevs6MAGNb41F/w/R8AAAAAAKBrdB5z4IkYwXv1eP8rwHv3nPvqyVefb09eq8erpfc1gqCDWACq/fNCp/Ii2XXw23etSN/+jjofC6Cj+fneqwn4WkFAvq/3JxtkLAA/vxXqn2wwsQC43HHGh3+D8f8AAAAAAABdppN9LWUYQZCmb3cwL91jzrz/Wd+KOPMq8/NJtm9H8/OVeUlx6ZWrzXvMZu9aXtJb6VQsAGVs/7aZ8+5r6KmjWAA+5+d7vyN5LABZOAcf0QrkZ9jZWADSJ+uZXuWTIp+/FbLtHTJHGxc+j/j/AAAAAAAAQdIFMAe+4/n5/lePb48V2KX5+Yq8vGeYq/bqdyYvqU9cfdSAZ16BXAc/8+1lmzs5Pz/AuAOKnvbOxwKQtnf8yQaTl9qYCCU2I08/7T79rY+SMaLDxAAAAAAAAOCfTjaLW2XWt6KnnXzPz+9qLACi9r5l9fn5an3L2sYCaD8HRjUvwd2sID5r68+XDZ+QHUDs1fc/Z95/dANFT7viaqidob+8fM3P97wayk/W/2+FdPW6EgvAO6/268iSycImpLF9crnsMdyQaRj2DwAAAAAAoCEd/bCpw0Tew9QDTx/4XgAAAAAAAAAQOuz1PgEAAAAAAAAA6A5oAgAAAAAAAAAIC2gCAAAAAAAAAAgLaAIAAAAAAAAACAtoAgAAAAAAAAAIC2gCAAAAAAAAAAgLaAIAAAAAAAAACAs6zY94ubzq/dXbiy+VB5I4wmx88O5bJ4wepPlpAAAAAAAAAICcxk0A12rqf//Xj1qttsw+SWazscP0xRcr3l2xKSszJTkxTtszAQAAAAAAAAA5jZsA8r862mq1LVkw47bpYwNJv+nLbz7btKe0rApNAAAAAAAAAAAhpXEsgKvVdUQ0fnRegOk5jtP2BAAAAAAAAABAlZZNAPsOnjpffIWIVq/fZbXZFa9eKCnTMC8AAAAAAAAA6BQtJwIcPXm+ucVKRAePnr3j1onpqYni9j0HTv77o61EZDYZnnx4/rBBWRpmCgAAAAAAAACB0LIJ4PuPLfzLu5+dOFP0f689Y4k0ixurquveX70tymJOS0kovljx5vJ1v3vlySiLOci8Wq22P779cUlppfhUr9f1z0xdsnBGv4wU6VUieuGpe82mjqMSAgAAAAAAAPR62i8KqFB44bIgCHNnTpg9Y9yaDbu27jxUdLFs5NABmhx85tRRc2eOJ6KGppZNXx54/c3Vjy2dO2ZErslo/MF37yIik7Hr3///tnxdXX0jGhEAAAAAAACgd9AyFsDWnYcuXCwjor/+a21dfZO4MTbGIs4ROHu+9NipC0SUEB8t7aLjWCJiiOlajiajIT4uOj4uOisz9cmH7hg8sN/6bfuaW6wMQzFRkTFRkUwXDwwAAAAAAADQ22g5CqDiao0YC+ByeZXD6RI3xsdG63Tc+eIrf3hrtfilPcJsknZhGIaIGFaDb+o6HXfzpBH/+M/G4ksVwwZl/W35OnFuwqeff3XiTFFGWtKRb88tmDNl+uSRq9bmHzxWIPDChDGDli6aZTYZeF7YvvvwlvwDTc2t0VERt9089suvjtY1NBHRsz//6+2zJiy+46YTZ4o+WrujqrrebDLMnDb6zlsn6XSc/ODzbp148kxxhNn4/ccWcRxLRKvW7rhQcgXjCAAAAAAAAKAn0LIJYNmS2Q0NzSfOFP3250+IsQDq6pt++5cPnU5XZnryqKEDDh8vLKus/u2fV/76J4+aTQYNsxZFR0UwDNPc0qrYfqX8WoTZ9IPvLMrKTF21Nv/suUvPPr44OirivVVb1m3Zu3TRzF37j6/bvHfB3CkTRuUVl1ZUXK35+fMPvvfR1vqG5iceuiMu1lJSWrl85Zbxo/Jmzxh3oaTsw0/zTQb93FkT5Afv3zc1KjJiw7Z9VdV1qcnxzS3Ws+cvjR+Zh+//AAAAAAAA0BOENhbAlh0HW1pt82dPXjBnChEtmDNl5Wf5+XuOfrH78PzZk6VkHKvNfASbze50uby3J8bHPPHQvLiYqNr6xrPnLt0+a8KgnEwiuv2WiZu//Ka2rmn/odNjRuTOmTGeYSg+rm2egl6v0+nYuFiL2WQ8fup8tCVi/uwpURZzYnzM+eIrR749P2PqKPnBiWjEkP5b8g+cPXcpNTm+sOhya6tt7MiBmrw1AAAAAAAAgCBp2QTwr5WbT5wpIqKf/n//ePXFR5ITY8+eu0REJ8+WFFwoFdPYbA4iOl14Ud4E0NVQAEo2u1Ov04nfxuUskSaT0UBEdfXNVpt9xadfrvj0S/Gl2GhLXUNjQ2PzoJxMP4EDKqtqDQadTtfWVGE2GRsam61Wu/zgRBQXE5XbP/3rI2cmjRty+HhhbnZGSlK8Nu8NAAAAAAAAIDhaNgGkJMZFRpiaW6yZfZJ0Ok7sSCei4kvlipTSd2YRy2gwCsDpdO3++kRMdGR6WqKvNLExkSaj4c7bJo8dkduWNcsaDProqMiaukZBIF+tAClJcVfKrzmdvPi01WqLjoo0qc1lmDx+6L8+3HyqoOR88ZX7Fs1EPEIAAAAAAADoIbRsArjjtklFF8tPnCn6wXcWibEAfv78g/53EUMDRkaY/CfzxWqz19Q2EFFtfdNnm/aUllU989gCP0eLjY4alNt399cnsjJTEuKiyyqrr16rmzl19JjhOZ9/8c2OvUdHDR1QXFpxraZhzoxxA7L67NhztKq6vm968sihOTv3Hd+wbZ8YC+DA0YLbZ41XNGSIsvulJcRHf7xhV4TZODA7o2vvCwAAAAAAAEBzoY0FQER1DU0ffvJlc6tV2pKTlX7XvGni40ljB48Y0l++RkCn7Nh7bMfeY+Jwg/6ZqS88dU+/jBQ/6RmGli6atWpt/v/9/ROn0xUfFzX/tslEdOvNY612x7ote1d+lh8fG7VgzhRBoJsmDj9XdPl/3vjPiCEDvv/Ywsfun/vR2h079x0XVwS49eaxqlkYDfpRw3I+2bj7prlTu9y0AQAAAAAAAKA5RhAErY71p398cvJsifj4Vy8tS09NJKJTBSVv/P0TeTJLpPn/XntGq0x7oMMnClev2/mj792TmoxAANdfa4uTiAqKShXb87Iziaiq6iqjhtz/iUtXtm93P5WWtGxf29LzqfdjOV/bA2GOCHnLHQAEQ/yzEzzc7AA9Ge50gDCh1c3ec2j5R2f8qEHFlyqaW6yjhuXEx7bF5Bual/XTHyx18byULC7GIj222uwXL1f2z0w1GPQansl15HLxew+cTE9LTEqIvd7nAgAAAAAAANBOm9X4RFPGD83pn05EDy6+xWwySttz+qfnDciU/iUnxkkvHTpe+Pqbq08VXtTwNK6v0rKrxZcqpk4YxnFaXlsAAAAAAACAIGn8NTUlKY6IDh4vCDB9Q2MzEfGyMQI3uqzM1P977ZmxIwZe7xMBAAAAAAAA8KDx7KOZU0d99fW3q9ft/ObwGaOx47H9JaWVLMv4j+EHAAAAAAAAAMHTuAkgMT7mR9+758NPvywprQgkfYTZuGzJvMT4GG1PAwAAAAAAAAAUtI9B2r9v6s+ff1DzwwIAAAAAAABAMBCyDgAAAAAAACAsoAkA4AYjCNf7DADANw3vUNzsAD0W7nSAMNEr71A0AQDcYIRe+acIoLfQ8A7FzQ7QY+FOBwgTvfIORRMAwA1G6D1raAL0QhreobjZAXos3OkAYaJX3qFoAgC4wfB8L2yMBOg1NLxDcbMD9Fi40wHCRK+8Q9EEAHCDcfXGv0QAvYaGdyhudoAeC3c6QJjolXcomgAgLLAs4+fpjUXghV7ZHgnQC/C8IGh3e+JmB+iZcKcDhAltb/aeA00AEBaiLZF+nt5wXM5e+McIoBfQ/N7EzQ7QA+FOBwgTvfXeRBMAhIWUxLjYaAvLMizLxEZbUhLjrvcZBcXp5HtleFKAG5ogCE6nxlGDcLMD9DS40wHCRChu9h5Cd71PAKCbpCTG3ejf/OUcDsFguIGnMwD0Pg5HSGrwuNkBehTc6QBhIkQ3e0+AUQAANySXk3e5eu0fJvj/27v3gKjKvA/gv5kBBhAYgZGbgjfIC6GgFqV2UcoMysiysuxmWNtW9rZsF3erbW1bt/Vlt3zb2k1W16JopUwtzM1Gu2mSJsNOiIqKDshwGS7DbZj7+8eZGc5cGWCGmWG+nz905syZ5zxnDs85z/M7z/Mc8Ds6nUHnmXsFKOwAvgMlHSBAeK6w+wKEAAD8lUatQ7dBAF9gMJBGrfNc+ijsAL4AJR0gQHi6sHsdQgAA/spgIPWYPj0B+Au1hyvuKOwAvgAlHSBAeLqwex1CAAB+TK8zqFWoLgB4k1ql03u++y4KO4B3oaQDBIjRKezehRAAgH/T6Qwq1RgPVQL4JoOBVCrdqA3fRWEH8AqUdIAAMcqF3Ys8/kSAppb2d0vK6y+1EFHyxLjH7r8lfsLYmZUdwBfodQZVvzY4hMfjYTJhgFGi0xlGf+AuCjvAKENJBwgQXins3uLxXgDFH+yrv9QyeVL85Enx9ZdatpaUe3qLAAHIYCC1SqdW48HCAB5nMBjUar3aS7fpUNgBRgdKOkCA8G5h9wr39wJo6+gq/fSgsl+VlCBcmbv4YkPz9ClJLzy1moj+8NeSiw3NarVm596vZS3tofyQe1fmxEZHuT0PAIFJp9XrtBQUxOUFcbhc3DoAcDO93qDTGrQ+8JQgFHYAz0FJBwgQvlPYR5mbQwCtbZ2b/7azQ9FNRGfONVT9fI6IYkyN/AmxgosNzS/9+V/tHV3Mkov1zc89eXecEEMDANxGq9VrtcThcnhcDpfL4XCJw+FwUHMAGDqDgQwGg0FPer1BpzcY9L51gwCFHcAtUNIBAoSPF/ZR4+YQwAefiDoU3TdeO//OW6/7x3ufnZDUxsZELV9yBfPpyrxrGmTyppb2eRlpa++9+dBh8Seff1v66aGn1610bzYAwKA3aAP1vAYQUFDYAQIBSjoAuIubQwBtHV1cLmfF8oVcLufxh1aYl1+obw4PC4kTRr/6/MPmhTnXZH267zt5u8K9eQAAAAAAAAAAW24OAaRNndjU0v5+2YF1a/KYJa1tipf/vF2r1RFRUBDv2qvmrLhp4bjwUCLa9uEXer1hZmryMDak7Ff95e9ls9Imr8y7hr28santf9/Zefdt12fPm2X3ixUnaoo/2FdwX66jFQAAAAAAAADGJDc/EeD23GuiIsOPiU+Zl/C4nMhx4UQUyg8JC+Uf/L7y5T9vb21TaLTa41VnYqKjVt+eM+zNVVSeapF3mt8aDPT1EXF3T5+Tr2Rdnvr6i+uyLk91tIKyX/XaGyV/275n2LkCAAAAAAAA8EFuCwG0tXdtLHrvV797u6u7LzZaQESXZPJLTfKY6KinH13JDwlWqTW33HjVkkWZXd19H+0+GBwUNCFW0N7R9dizf9lY9F5rW6cLG7HW3tH1fYXE/FbW3Ha86ozzr4SEBMdER4WEBA9jcwAAAAAAAAD+y20DAd7esbe+sXXypPiY6KiVuYv1ev3rb5VqNLon1uZfPnPKk4/cXvTOzkOHxRufe/jUWel/T55X9queXndH2WffdCp6LjY0by0p/83T9w11oxmzph6vOrM4OyNOOJ6Ivj3636iIcPMDVBub23bu+frM+QatVpc8Me7xB28Vxghqzzf84/3PH7v/ltjoqE1bSrPnz6qqPtfc2hEbHVVwX65er3+zeJdKpaH65nWFRcx4gf/WnP/37kOtbYrY6KjVK5fOmTWNSeTq+bOPnqhRdPWaE1f2qz8/8MORY9U9vcqIcWH3rcxZkDmjvaPLdkPTpyQR0dm6S+9/fEDW3B4UxLsic8Y9+UuJ6KPdB4+JTxv0hivnzbwnf2lYaIi7jhEAAAAAAAAEMrf1AmhobEmZGPfiM2t++dCKhLiYzq5eZb9aq9O9ufWTHytPMU8BnDwpnsMh5hGASqUqfkL0k2vzX3xmTfLEuPrG1mFsNOvy1KjIcKYjQFNLe1X1uSWLs4J4PObT3l7l5Enxvyt84JVnH+RxOTv3fjEyxNwAACAASURBVGOwmUj1WOWp++644ZVnHwwP45d/dTRlYvxvnr5vUuKE9BlTmPECF+qbt5fuT58x5Y+/eWTZ9Qs++PirppZ2IupXqU/WSp965Pbnnri7p6fvq29PEJFer9dqdU+uzX/9xXULr0gv++ybtvYuuxvS6fSNTW1v/2uvMEbw6vMPv/DU6rBQvkaj+2j3wVO10vUFK18qvF/W3LZn/+GRHhgAAAAAAAAAInf2AjAYDHrWo0qYdnhkRHifsn9rSTmzMG3qxD6l6mzdJT4/WBAVYV6ZO9zHm4aEBN90/YKPP/92cXbG10eqEuNjZqWlfP7lD8bNTZuUNm0S83pmakpN7cV+lcoqhZuXXsnMR5g+Y0pN7UW9QR8tiAgK4gYHB8VERxFRVfXZqIjwW5ctjIwIW3RF+jHx6fMXZRNiBcFBQbffvDhlYhwRpUyKb+voIqJx4aGrb1/KpJyZPr3iRE17Z1dsdJTthtQazTHxKX5I8Jo7b4gWRBJRysS4DkX3qVqpec2bc7K/EFX0KVXhYfxh/DgAAAAAAAAAbG4LAUyelHChvum1Nz6IFkTcdvOiiQnCyIhwtVrzwKplh4/9LIwRTJ4Unz1/Vqu8s7evPzgoqLWtMyEuxmCgt7Z9erGhedrkxOFtd/aMKeO/O7Gr/LuLDc0P3LUsiDfQr6FB1lq662CDTN6n7CeiKcnxtl8PG6x13dza0djc9qvfvW1ekjolaUKsgMfj8kOsfz1lv/qTz7+pqj7f1dOr1xv4/IEZB2w31NzaETEuNJQ/0M+/U9Hbr1J/sEv0wS4Rs2R8VER/P0IAAAAAAAAA4AZuCwH84oFb3/7Xngv1TRfqqb6xddNvC67Jztgnqqj8+WzhL+7icjnKfrX0Ustl0yY9ePdN7+38ctOWDx974NZZaSlNLe2TEicU3Jc3vO3yQ4JvXnrlOzs+u3zmlMumTVJ09TDLdTp92d5venqV6wtujxZE7D90rE4qG0b68ROikxJiH11zi3lMflgYv8HBsIWKn04ePVGz6tbrM2ZOuVDf/KGpJe8o5TppU79KHRZqbOGPF4wL5YfccuPV8+ekMUu4XG5U5LhhZBsAAAAAAADAittCALExUS/96n6NVvvipm1tHV0Gg+HmnCtPSGrFP5/97aZ/xkRHyprbunuUNy254s5bruVxudtKv3hr2+7nnrj7tQ2PjHDTM1NT1t2Xm5wUx2N1AeByuXx+SFAQLyyM39KmqKo+FxUZ7kpqYaH8xLjYS03yTkXPeEHE3PTU7yokR386ed3CuTqd/njVmQVzL3P03dBQPpfDiYoM12h1h4/93K9WO9nQ3PTUr49UffzZtytuWqhSa44eP5l7w1Uz01K+PfrfKcnxsdFRjc1tLfLOJYuyhvh7AAAAAAAAANjhtukAGaWfHmrv7J6bPp3D4YTyQ154avXV82fL2xVnzjVoNLqwUP5/Dh3bs//w1QtmP7omT6vVvfHuJw2y4UwEyBYUxMu8PDU2Joq9kMOhu1ZcRxzOK5t37NxzKHXqRNcTXLF8IXE4z7367q7y76Ykxz9w17ITktrf/PGfvy96r/5SS3Cww7jJgrmXXTlv1rvvff7aGx9MiB3P7uRva0py/MOrl1+ob3rp9e1/fusjtUbD43HvyV86bXLiX9/95IXXiks++YqPhxcCAAAAAACAm3AMtrPkj8CLf9rW2tb5xqtPmDu3s7W2KYr+vrOtvWv50ivvyLvmmPj0u+9/HhbK/92vH2DmzANwO2Wf1smnra0tHHvI9B8RWSw3vWVeMInYfWv7mm14818CAAAAAACMBO+VV15xY3KSmvPNrZ2REeEpE+Peff/zd9///Mjx6tmXTYmMCGcmzJ8357KjP508eeaiMEZw1fxZE2LHH686dazy9OwZkzHoHTxBq9E7+bSvrxchAAAAAAAACBBuDgFMm5z0U9WZE5La8q8qZC3tE2IF8vauXmX//DnG8fNhofz5c9J+rDxVceIUEd1w7bw4YfQPx0+ePlu/dDEGvYP7IQQAAAAAAADAcPNcAHHC8b96fNWcWdMumz7pmuyMF5+5n4ha5Z3Mp+/s2PvHNz+cEDv+2V/eEy2I/OzLH0TfncieN2tigrBF3uHenAAAAAAAAAAAm5vnArD16l9LpA3NyUkTeDzuhfrmyZPiX3xmDRE1tbT/6f9Ke/v6E+JimlrazcsB3Ctg5wLgcDk8LofL5XC4ZMoyAAyNwUAGg8GgJ73eoNMbDHrPXjGHB4UdYIRQ0gEChF8U9lHg8RBAa5vi7e17mGn/JyYKn3j4tgmx45mP6i+1vP/xV3VS2fQpSY/cmzshVuDRnEBgCsAQQFAQlxfE4XJROwBwM73eoNMatFpnw4tGEwo7gCegpAMECF8r7KPG4yEAAO8KqBAAL4gbHIxbAwCeZTAYNBqDzqs1BhR2AE9DSQcIEL5Q2EeZw0fcA4Af4XAoOITH46GWAOBxHA4nJISj43E0at3oR9FR2AFGB0o6QIDwbmH3CjdPBwgAo4/L4/BDg1BRABhNPB6HHxrEHd1yh8IOMMpQ0gEChFcKu7cgBADg33g8Dp/PQydBgNHH4RCfP3q36VDYAbwCJR0gQIxyYfcihAAA/BiXxwnh87ydC4CAFsLnjcJNAxR2AO9CSQcIEKNT2L0LIQAAf8XhUEgIKgoA3hcS4tlbdijsAL4AJR0gQHi6sHsdQgAA/ip4rJ+eAPwFM3GX59JHYQfwBSjpAAHC04Xd6xACAPBLvCBuIAxVAvAXPB6HF+SRSyoKO4DvQEkHCBCeK+y+YMzuGMDYFhyMigKAb/FQqURhB/ApKOkAAWIMl0qEAAD8T1AQl4POggA+hsPhBLn7jgEKO4CvQUkHCBCeKOw+IsjbGQCAIeMFoaIA4It4QRyt1s0JujM5ABjQWP5G2e5LlLJs1Us3Jg3pmyjpAAHC7YXdRyAEAOBnOFwOl4u6AoAv4nI5HC7HoDe4JTUUdgD305u6wNaJD9VriUj6g/hcTtJ0LuujwXizpOtV0h9FZd+dP6ef9dKD9M6WGkqetmxFzuKJfLdkBgDY3FvYfQdCAAB+hjf0JoGmW9GnJyIibqggErUEAA/icTlaN9UVXCzsXxz8cVf5d8zrlIlxoaEh5o/aO7ofe+DWKcnxbskPgL+THSh+db9CMy4mIzVCfkaqYJYqarYU9c4c33PqTHsfV5D/TEFewuBJjX5JJyLqlhT/9csKJt9CIiKNSiU/W7PjLzW75y976Z4MwdjsswzgTW4s7L4DIQAAPzPUu4LS/cV/OqDQmN4m3rh643JXejyKtxSKJNYLUwqKVmUPafOuke0rflmkEOas3pTrem/Mxt2b9tHDBfku1NVc/W6TaMNmsdxyWcaawvVZw9gEMfu1hXKHslPg99x4397FpLRanfl1c2vH1Vek37cyh3n7xcEf9Xp97fmG8xdlC6+4PDIizF15A/BDvZIahYaIetslVe3sD/qapCeaiIhIr5Cc6c1LGDdoWqNf0qlXvOV1kURp/0PFT1++3K/btDYz3HECFduKiqttlgozN27ISXQ5t/YxV0+3JDUUdvYoPWfr2kzmpYtVCydXaiZ9phrAfu06VuJMtcod9Sg3/NrsOp4rWXIp87Y/kWuHwCrxkdTuPGJMdsdDCADAz3BcifFrWyQnpAq14py49vu6XvYnsgOlvz6btjgzSRgybvq8WYlDOwdIizeJUkb3Au9A4+5NpeVyQZ7nvyspKdpCw4kCmK58Q88g+DOXSqhbk9Lp9ebXKrXmh2PV5hAA44NdoksyOYfDWXb9gkHSshcFG2EgzMR91V8fMKyopXsx5zHb5a79wpVl60qkXs2/V4xbfGVS2cVGZ6twkxZfMXj73xslvffQew7b/4y+atE7R9IKF7qU/zGrWrRuUxvTNk7MLdiaO8jqzq/U2WsLR3K+skw8c31R5ggSc6PG3ZvY93ikxYVl5M0zM/uXGUntzlPcWNh9B0IAAH7GhUmD27986/2yzpRlqQqm/R8sTFl2zVQhKU58J5bISVFXW15XS0R0qHHj887b8+zapHhLoUgir6toovwEy9o8qzbJXPDYSWSsKVwls7PQ1RZFZdm6Eqllfsx1X0X55qIK6+0K8p41B4/ZcW5muZ3vWm+RFVlnkpXJGikryfKGA3srFnVxZtfM+ZGLStdVZW7ckJPI3pFRv1UCo8aN03q7mJSjMYoGg0EYHdXd03f5jCnCGMEVWTPclTEAPxUeyQ8mYrrFhU/OLLh3cUYMyWu+Ly4Vn2Na18F8gWuj5Ua7pF88XH528LVOfXX43MJl052uY//6y1yh0jPzmsXlctPV1nTZMkWLjJf+vBxFOXPBZd1yt8AOJhrXMTXtjJdOq7esizU7TVY6TiJWrD1iKiriLftmmSsGlplnGLdrfaV+mLZsFsuFKRkklchJmLM6v6nU+s6/TLShhMmSqQpkeU+eSZNd8zFVA2LLrO91m2sOA3Ut4430nEyZyHIr9lRsKyqvHvhxrEKTDiOVTTUVcnM9hMmGtKKSsq17Ooi3FIokltUV2b7idc4PvWOm/GQmisQSYtejzFXKRbJBa2jeMCaf1uHZEIBOpz987Of9B4+1tnUS0YTY8bk3ZC9cMJvLHYvhFIBR4cKJSHqqnojb+P1JLRGFp+dsXEG7S45WUFLeuoLsvf8qrjbNbdrSLiUaYkNUkDiaXbOaRBsG2v9EJC3eJs5eG2e1lmXcQVG+uSzRGClgx7mZ5YuGnRfLDoeK8s1FUmPnQIt7cZKS4t2JBdYXbKsdkYtf3hY71Msn+AU3VhVcTEpvsA4BdCi6i0v21dZdMhgMRBQcFHTrTVdHCyJd3bDdEJWpmpsXLy6vNtXeyFRBN1UHHVfyrNkJqBkbIaaapeVb1vo2oUnmpU0HYLJZbmePrNdxuZHjkAtZYn5hJgPmdSwbEg721ywpf0NhPtk2pRztFztjKQVrLNKykzenx8Iv6RXnjnyzY3+dcVicMPOF9cY/cmF6zgtPkvFHU9UVF+3Nv+u6JZMFztMb5ZIuq5YqBl+LSCGVtNB064uky6rF5cZX0uJNxbvlxm3KRft2zzMXZGm5yLy+aMO+OJsWpmVnItNt+ey5gnKRouJEY35ukqkVOjU7wWbgoTlNy3TkotItiYPePMhcv6Z2XYlU3tRCxM6V3frAqhS7acilzLkre14S7bP+UCISm16OpF+kVS8eaXFhsYx1qrTYyjZxtt1yJxebUzD+OPOmCkVieVWNLDcpkRorqhTGvbCSEJtIJDcFSkxnElcMduhdIBeZj6mifLso2x9uh4zFCIAnQwA9vcotxbvqpE0zU5PnzJ5GRPWNLTv+/Z/DP/68vuD2sFDMSQbgSXptn4qI4vLv5pdt2lehJKLaHW/Q+g1XzXz5+1OupiItLiwqZr3PWDNIVzFzvztj/VWYuSqLErPsLHRJQs6mIlP/PKY20Nwmo8z8DatpoNbbuHuTgiy7JOze15ht7P5nU3u2+K69jcrFLxeKWe8F2fOSqEm0u5qstiLZL5JlMdmzSS23YCOxAvBNIhpW1BxgUFzL6olOr9/8t50zU5MLH1+1Y+eXR45Va7TaTkWPezY2UOlUlG8vrpArjO+qRVsqM821c4tKnjEkZ8FBQC0to0Qqqa6toMxsoopKKRFlZGXarG+ueTtoOVSWWXQ7GkorxVQZtajpsndtMK5lyVj5npUtFJeb9ld2ok5OJJw7K9Hh/rrA4X6xm0DS4hLWV+znzeGx8FPn9pT+6fuBYXEpVy2w+D0TFixJFpfVExH1NdV+uKVRtv4X9072Qj4dkTbZiwCExc2bO9VqOEi408ECzOi2daw/AMu7xCkFRauymb8iuSJxTeGmLKaxqpDKiEzXOONd4sqydSVSU4NzQMU+sXwgWebr4rLKHGMDtamFKIn9106VtRKr9UWHK3JXpZyok5PlHen9IlnWYAUhMUZIUnlzm8zOZzb1AbtXatYFvcI2DeN1nNUv0lFGrBInVr2i8nD5wH14YwyufJ8431xDYLbChN6a22T279ZY9GWQVIopa1a2UFwub5cSJVoEWaxkZqeLJNUkF5WuEzkL1Npyfuhdwg6Ayq1uRCXlD1pDAzfxVAhAp9P/5e9l8nbFk2vz56ZP37XvO41G9z+P3iGpqfvnh19sKf70+Sfv8dCmAYAlNLy78Zy5QqBsOdedEjyC5Jhb3IOel03115QCVrXV7kLX2J2b0KxFKreOVsibWogys+cKykWm5cPse2++xNbJiYQ5i4y1h6xFefulzIU2OyuluFpavrmonBz32Utg6vqidYUi5x0aAYbKaqYirVYniBr3wF3LlP3qY+LTzMLE+NghpGgdBWP/VTMlgqn+Kihn9dbcJKZom8fLENnvYjrAcUAtO10kqVbImogSxBXVRJSSnUVE4opqq+qyuKwyZz3ZbzkwWXVeyhy2Ukz5ZE8AZrFrzjlozGRnrdpq/gWY2jPrHFVRSdlZ7Ft2DvbXhTCEw/2iwwO9u61CDI7yZv9YgG/gCpasylD8eNTOdBAjkZ6Wbb5LbDziSYnxROzNmIP4rOsg69pq/GvJN5a+pPzlKeUlUpms0dhAra6toExqGrhBLZOZesub426kkDURNSmsAxbW23Jd0hDqA/abzQxBXi7TSjcWEKmD1rlzxpjacmMeEnMXZIhEElbYwhhuY6KijlJJX8BUxhKZ2Epzm4x9SqH2gSCLjey1hSkDfX8GejUOYuDQp2WUSCXDOhzGLDGVIjf/+cIQeCoEcOTYz/WNrQ+sunFu+vSid8pOnZUSUZ1U9sJTq9tv7vr3nq8rJbVZGWke2joAmPTIuZdPDxPLmShAWNx0rsJxW9qWRYO2YltRcTXTi89iJeb6PfB2X3GxsZ/wwHftLhycuWdsUeF6BxOV2cdEzXMLtuaaKrty8cuFdS7Fle1VDhITBUQOumFmrdo6MPhfWlxYVGHnUsr0tTPGMgYmCHBxdwAcYw9TfHJt/js79q4vuJ2Ijled1mi0RBQxLuwLUcXXR8T3rsy5bNqkEW3MWDmOSxGSRG6swackCKjacrIPY9WWXfsf+NR4A9BxQK3iRGP+vDaZuUHS1CazCUzIZI0yctByYKqnpuX2Rj47aaUwKxibu0x+XP95HDZmbLvoE5nr7pJKMSW2VchNdXoH++tCGMLhfjG/lfk3t7NfNnmzfyz81vTbVr8w4Zsd+2tlSiIi6dHjsiWsM3DT8UP1xpfhCWn5d123xJe6ABBRShKrlHEFSx5bMa9qb9ER26uSIHHZIEmNdHbPQRp+zMnB7kdJpgaqmKqdt7QVUpndTbBKkyOydjkRxccmErE7AgyzPmAvY84zYL+/hiXbc+Zw2OsdYD6lVJDU/igA85rGPpvGIQmSSjFZdfNpsulJMfwQDPgcT4UAqk6ej4mOuuaqOS3yjlNnpUsXZ0WPj/xC9GO/Sr108bwvDv4oqalDCADA89rLP+na+Pyq6V8dP0UT825IO1fy/hDqs4NgLsbMzSsTU5/SjDWsi6vdhS6w6CvIXNftYCocDqfMYWb0ZZrotvELVzF9C833GI29+GLMIwmNV1PmfqbtpdSImfaWueIyEysOKzMADvB4PA6Hwwy1O3KsOjE+RtbcfuN187t7lFqttvzAUeHdN8WMH2xSgBFPV+m8veo0oJaWUSKVVNVUUJ3cac9zeVOLvYo4U0HPXF+UaW7TSkqK1lVajcFx0kpxO4VURiQzjaUvKrSY4tTYP6h2d4Ji8P2lQUMAw9qvSgd5c/lY+AeuYPriFRujd/1yW52GiOTiP20h9nSAxp+NP7WgcEWG781YlTgrRXBAohik/U8kSMnw+GXF1K/H5jpIZO41wAzHSyJq3L1fSkSJiUkDDdQSEbFuUDMnBNtuOzKZgKoVQwxYGDfn6M/Vpj4w5O54pus7E24TpJhPlMbmMbN8EMwum8c1yPYdl5jCFkOooZlqEUxNifm6ucthsZPuDBZTexgDhezPmRO4MVkL5kNfKyHbQ28MbbDGa4jLRArz0Qef4qkQQKu8c/rkRCKKihwXHhYq/vns5OSEXz68IpQfQkSpUyZKL7V4aNMAwKY5+/2GzTEZqYJgku7Y/L2014XvDLCeC8AcVE4RkkSuMPV+H8B0b2N33hPmrM5vsrPQto+u5a0zEuasXm9vOYuifHNReXrORnYHPyLTXQ7b4QNM5hvZ33V1cH5CTn66uLjacivLzV2dLdZlVz7kotJ1opSCNVRseYl1egMEYJiO/nSSedHTqzxbd+lXj935bYXkeNWZ8VHjJDV1RPTDseq8G6/ydDbM81Gxav+si76zgBrTvVZcLGL1PGe6JdsGJipr7bYcjIwziYi3FIrMY9pNnLRSRlQ5cdSYqdg20Cyx7DZlvC9a7sr+Ds7hfiWSgEhh+s2Ny415q3SUN3vHws/1KXo15tcXxVs2ia3X0KgUKqKwUc/ZoCYvykuVfHjeafufaOYNi5w/DsB2LgBXHyTpIAXbrubZuZm7q8UWF25zB/KB7t+sG9SW3XbIHIU0xgtYuXVwybbeIzvzDTmqDxgZr9TPxgy+86YBfTRwHWfGTdjWlywTL2Ld+DR2fWL39DEPMXCdRR3MVPFgTikKu4fGtHVmpg/Wjpi+zrThHVe6Bjn0xiEJNkPJhn72GGINDYbOUyGAoOCg7p4+Igrlh9xw7TytVnf+YuOW4k+LXvlFKD+kp1dpNXZxeFrbOks/PXjqbL1Go40YFzZ/Ttodt1wXFhryt+17iOiJh2+z+62KEzXFH+wruC83e96skecB/MLp8/VWS2ZMS/ZSXkbBrMUZ30gk2oEFve2Sqnbb9cIzZmYMLWXzBC1J+Q9nVmw2PbHGtn3rJom5uXlVxgZ2xprC7Mqi4mom7G0RtzZPusO8FeasXp/F3HIn9lXf1AfBTszbFdlrC8nOQwHNs9eQ5dZNo/uYpVmrtpLl0w0xCgA8oOJETVAQj4hqaqUR48JmpCZPSUlY/9u35s6+igkBuMS6AkfCnNWb5g0lHxYp2NT/HAbUyKKP+kDPc2Nb1KK6/GxBvoOWA9k8mtS2E7uzVorre2kTtTTOomebJSJ7TS+yOFEMur8uBA0d7xfT5HDYSrGbN3vHwq/1fn98sBCPvvH7Y72Lrx03SjkagnFLHlgRLhMIHLf/w9NzHl84Cjm3eF6GnQBcQs6mZ8nBYylMDVSLILjVxdp0fbRKR5i50ZUGof12o6P6gOWV2gUWj+szXseNjyFgMlkwt67YdP5xnLhVzWHIURhmW6bnswxUPAba4c5GAdj+GoWmegu70pVDJVaZd+HQF8VaRFuGHMocZg0NhopjsHmYkFuUfPJVxU81r7/0qMFg+PXv/z5/zmW9ff3Vpy8UvfILHo/33MZ/LM7OuCd/yUg2cfpc/dvb906eFHfnrddFhIc2NreVffbN1QvSly+5wnkIQK3W9PQqI8aFhYSMZFo08A/KPmNLmB0FMLf/W1tbOPaQ6T9mnO3ActNb9vhbu29tX7ON5BGjYeGuRO607HsdDgSFC8ahDAC4nfm0M0KuFXba+58jn335g/lteBj/zT88+fpbH0WPj3x0Td6F+ubX/6/098891KHoJqJ4YfR4QYTDtBzMuCHMWb1pXg3rkXUWD6JjP33ahSc/Wzz+msi2fWu8X2fVAZg9g531Y8CNiwcSt/OUO+c7a/NQQPZUhXa6KNtGGayfnW6VJfNCQd6zubS9tFxu8yRwl/bX1jAeCijIyxGUi6Q2GbbNm/1j4b9kB4pf3a/QjIvJSI2Qn5HKTHPlhiekzBzfc+pMex9XkP9MQZ5rXbRGuaQTESkk77z55Qm7IwDmL3vpngyBZ4cwWJfiYXD4sHpwF8vHi4JbuKuw+w5PhQAuNcl//7875sye/suHVhwTn35v5wEDGdauvjnr8tT/++enp85KX31+7YTYQZ656oROp//b9t19StUzj93JN7Xk9Xo9EXG5XOchAAgo7ELLRAHY9//HbggAALxmlBsG5QeO7t5/2Pw2KjL80ftveeMfn/zxt49ECyJ3/Ps//WrNY/ff4pYsDcod9Xs3NDPATcbisdATMe3kun2/fqtGQUSCWS+8mDudy/rINV4IARCRXiX9UVT23flzLSqNnojPT0yetmxFzuKJo/Cw7ZH/PdhErMDdEGTxhLEXAvBUW2JignDZdQv+8/XxTVtK19x5w5OP5HM4nOAg3mtvlNQ3tuYvXzSS9j8Rtcg7L9Q3rVi2kM+6k8/lWp+5G5vbdu75+sz5Bq1Wlzwx7vEHbxXGCGrPN/zj/c8fu/+W2OioTVtK581J++/J820dXekzpty2fNH7Hx+ov9QSPyH6ybX58ROiR5JJ8DVjuvM/AASoGanJ06cknbvATHJBQTxen1K1ZHFmtCCS6TF367KF3s7jUDATTY2Rnud+bkweC3NVcWrmkuTa3Zco5erM6VzLj3wZl59yVW6hxyf08ADTZJPCnFy0/z3D1KNHmLke7X9wyoO3E++45Vph7Pide77+w19LogWRWp2uu6cvLDRk7eqbr5o/e4SJ9/T2GQwkjB3vfLXeXuXkSfGrb1+q0+v/9dH+nXu/efzBFVbrnD5X//hDK9o6uv754b43t35yT/6SOGH0ttIvyg8cXXvvzSPMJ/i7kdyuBwAYBalTJ77w1OqeXmXt+YYz5y81yFozZk3NujyV+fT3zz4UHOwvXYfMk2umFGAWKC8LhGORlPc/T+d5OxN+hXmozXBlrdo6JoaT+LCRHSAIJB6sFnA4nOsXzp192WTxz2frpDIejzdtcuK8jDRnoxDdLW3apDTTM5BnpqbU1F7sV6ms1rn+6rkpE+MmxAoS42JioqOYOQKnJifIWtqU/Srm0UoAAAC+LGJcWFZGmu3Tdke5/W961vTwJOVvKMx3a35guHAsAADGLDfXDM6cb6iTNiVMiJ42OSkyIoyI4oTjx913GgAAA+FJREFUl12/wL1bIaKIceEcDsnbOp2v1iBrLd11sEEm71P2E9GU5HjbdcLCBhr58UJjz//xgghZS5u7cw0AAAAAAADgNZ6aDhDA93V19XR2dDmfDtDuLICYDhAAnPDOJGEAMLpQ0gECxNibDtAvZj4B8AitVuftLAAAAAAAAIwehAAgcKlV6pEngvkCAQAAAADAXyAEAAFKq9Vq0AsAAAAAAAACCUIAEKD6+9V6nUUIAPfzAQAAAABgbMMEJBCgVKxRAHZn8vNrza2DPCwDAIYnfsJ4b2cBAAIOLusAHhKYl3WEACAQ6XR6Vb/a7vT+w+NrsYPAPJ0BAACMSbisA4AbIQQAgUip7NdoNHbb7cyjAIedsq/FAgBgbMO9QQBPQJMbAMYwhAAgECn7+r2dBQAAN0BDBQAAAIYE0wFCwOnvV/UphxkCwE1+AAAAAADwXwgBQMDp7VUa9PohfQUtfwAAAAAAGAMQAoDAolT29/b0Dboah8Ph0Eib/QgcAAAAAACAT0EIAAJLT3efTqfzdi4AAAAAAAC8ACEACCDd3b3d3b1uSQp3+AEAAAAAwO8gBACBQqPRdHf1EBlc/wq7nY82PwAAAAAA+DuEACBQdHZ2K4f7IAA2xAIAAAAAAMBPIQQAAUHR2dWl6OY4ZfeLzhv8wwsHIIgAAAAAAABegRAAjH3d3b2dnd2DrmYMBAy9fY4mPQAAAAAA+AWEAGCM6+tTdnYoNBqNtzMCAAAAAADgZQgBwFimVPa3yTv6+1VD+tbwBgUAAAAAAAD4uCBvZwDAU/r6lEz738lQf0c4hGcBAAAAAADAWIMQAIxNXV09He2dKpXa3IC3mvmP/a8nIHAAAAAAAAC+BiEAGIM6OxTt7QqNRuO8S7/5X7vdBNgLrT7FSAEAAAAAAPBHCAHAmKJWq9vbFZ0dXRwODbX/vyuPAxh5Ix9hAgAAAAAA8LTT5+utlsyYlozpAGFMUSi6ZY0tnR1d7IVW/f8H5XoTHY15AAAAAADwTUyD3/YtQgAwFvT29jU2Njc2Nvf19RMR0wXAdjUXwwF25wJEgx8AAAAAAPyIudnPDgdgIAD4t97evq6uni5Ft06nd3HEvvlTJ+EA9AUAAAAAAAB/Z9UXACEA8Fdara67u6e3p6+7u0evN1hO+0+OngLgCMf0NauFdl+40uZHXAAAAAAAAHwQQgDgT9RqTW9vn1LZ39vTq1Jp2PP2W7XzHc3wP+jNf7ujAOyuOegSAAAAAAAAn4IQAPgig8FgMBi0Wp1Wq9VqtGq1WqVS96tUqn61Tqe3vSHPejGELgCuTxOI5j0AAAAAAIwB/w+ohG4MsivSAgAAAABJRU5ErkJggg==
12.07.2025 22:48:39,756 INFO  HomePageClass:51 - Logout link is cliked.
12.07.2025 22:48:39,757 INFO  HomePageClass:51 - Logout link is cliked.
iVBORw0KGgoAAAANSUhEUgAABVYAAAJNCAIAAABV7bmTAAAAAXNSR0IArs4c6QAADoJJREFUeJzt2LENwCAAwLDS/9+FhYUvWonYF2TOWHM/AAAAwO3evwMAAACAL1gAAAAAkGABAAAAQIIFAAAAAAkWAAAAACRYAAAAAJBgAQAAAECCBQAAAAAJFgAAAAAkWAAAAACQYAEAAABAggUAAAAACRYAAAAAJFgAAAAAkGABAAAAQIIFAAAAAAkWAAAAACRYAAAAAJBgAQAAAECCBQAAAAAJFgAAAAAkWAAAAACQYAEAAABAggUAAAAACRYAAAAAJFgAAAAAkGABAAAAQIIFAAAAAAkWAAAAACRYAAAAAJBgAQAAAECCBQAAAAAJFgAAAAAkWAAAAACQYAEAAABAggUAAAAACRYAAAAAJFgAAAAAkGABAAAAQIIFAAAAAAkWAAAAACRYAAAAAJBgAQAAAECCBQAAAAAJFgAAAAAkWAAAAACQYAEAAABAggUAAAAACRYAAAAAJFgAAAAAkGABAAAAQIIFAAAAAAkWAAAAACRYAAAAAJBgAQAAAECCBQAAAAAJFgAAAAAkWAAAAACQYAEAAABAggUAAAAACRYAAAAAJFgAAAAAkGABAAAAQIIFAAAAAAkWAAAAACRYAAAAAJBgAQAAAECCBQAAAAAJFgAAAAAkWAAAAACQYAEAAABAggUAAAAACRYAAAAAJFgAAAAAkGABAAAAQIIFAAAAAAkWAAAAACRYAAAAAJBgAQAAAECCBQAAAAAJFgAAAAAkWAAAAACQYAEAAABAggUAAAAACRYAAAAAJFgAAAAAkGABAAAAQIIFAAAAAAkWAAAAACRYAAAAAJBgAQAAAECCBQAAAAAJFgAAAAAkWAAAAACQYAEAAABAggUAAAAACRYAAAAAJFgAAAAAkGABAAAAQIIFAAAAAAkWAAAAACRYAAAAAJBgAQAAAECCBQAAAAAJFgAAAAAkWAAAAACQYAEAAABAggUAAAAACRYAAAAAJFgAAAAAkGABAAAAQIIFAAAAAAkWAAAAACRYAAAAAJBgAQAAAECCBQAAAAAJFgAAAAAkWAAAAACQYAEAAABAggUAAAAACRYAAAAAJFgAAAAAkGABAAAAQIIFAAAAAAkWAAAAACRYAAAAAJBgAQAAAECCBQAAAAAJFgAAAAAkWAAAAACQYAEAAABAggUAAAAACRYAAAAAJFgAAAAAkGABAAAAQIIFAAAAAAkWAAAAACRYAAAAAJBgAQAAAECCBQAAAAAJFgAAAAAkWAAAAACQYAEAAABAggUAAAAACRYAAAAAJFgAAAAAkGABAAAAQIIFAAAAAAkWAAAAACRYAAAAAJBgAQAAAECCBQAAAAAJFgAAAAAkWAAAAACQYAEAAABAggUAAAAACRYAAAAAJFgAAAAAkGABAAAAQIIFAAAAAAkWAAAAACRYAAAAAJBgAQAAAECCBQAAAAAJFgAAAAAkWAAAAACQYAEAAABAggUAAAAACRYAAAAAJFgAAAAAkGABAAAAQIIFAAAAAAkWAAAAACRYAAAAAJBgAQAAAECCBQAAAAAJFgAAAAAkWAAAAACQYAEAAABAggUAAAAACRYAAAAAJFgAAAAAkGABAAAAQIIFAAAAAAkWAAAAACRYAAAAAJBgAQAAAECCBQAAAAAJFgAAAAAkWAAAAACQYAEAAABAggUAAAAACRYAAAAAJFgAAAAAkGABAAAAQIIFAAAAAAkWAAAAACRYAAAAAJBgAQAAAECCBQAAAAAJFgAAAAAkWAAAAACQYAEAAABAggUAAAAACRYAAAAAJFgAAAAAkGABAAAAQIIFAAAAAAkWAAAAACRYAAAAAJBgAQAAAECCBQAAAAAJFgAAAAAkWAAAAACQYAEAAABAggUAAAAACRYAAAAAJFgAAAAAkGABAAAAQIIFAAAAAAkWAAAAACRYAAAAAJBgAQAAAECCBQAAAAAJFgAAAAAkWAAAAACQYAEAAABAggUAAAAACRYAAAAAJFgAAAAAkGABAAAAQIIFAAAAAAkWAAAAACRYAAAAAJBgAQAAAECCBQAAAAAJFgAAAAAkWAAAAACQYAEAAABAggUAAAAACRYAAAAAJFgAAAAAkGABAAAAQIIFAAAAAAkWAAAAACRYAAAAAJBgAQAAAECCBQAAAAAJFgAAAAAkWAAAAACQYAEAAABAggUAAAAACRYAAAAAJFgAAAAAkGABAAAAQIIFAAAAAAkWAAAAACRYAAAAAJBgAQAAAECCBQAAAAAJFgAAAAAkWAAAAACQYAEAAABAggUAAAAACRYAAAAAJFgAAAAAkGABAAAAQIIFAAAAAAkWAAAAACRYAAAAAJBgAQAAAECCBQAAAAAJFgAAAAAkWAAAAACQYAEAAABAggUAAAAACRYAAAAAJFgAAAAAkGABAAAAQIIFAAAAAAkWAAAAACRYAAAAAJBgAQAAAECCBQAAAAAJFgAAAAAkWAAAAACQYAEAAABAggUAAAAACRYAAAAAJFgAAAAAkGABAAAAQIIFAAAAAAkWAAAAACRYAAAAAJBgAQAAAECCBQAAAAAJFgAAAAAkWAAAAACQYAEAAABAggUAAAAACRYAAAAAJFgAAAAAkGABAAAAQIIFAAAAAAkWAAAAACRYAAAAAJBgAQAAAECCBQAAAAAJFgAAAAAkWAAAAACQYAEAAABAggUAAAAACRYAAAAAJFgAAAAAkGABAAAAQIIFAAAAAAkWAAAAACRYAAAAAJBgAQAAAECCBQAAAAAJFgAAAAAkWAAAAACQYAEAAABAggUAAAAACRYAAAAAJFgAAAAAkGABAAAAQIIFAAAAAAkWAAAAACRYAAAAAJBgAQAAAECCBQAAAAAJFgAAAAAkWAAAAACQYAEAAABAggUAAAAACRYAAAAAJFgAAAAAkGABAAAAQIIFAAAAAAkWAAAAACRYAAAAAJBgAQAAAECCBQAAAAAJFgAAAAAkWAAAAACQYAEAAABAggUAAAAACRYAAAAAJFgAAAAAkGABAAAAQIIFAAAAAAkWAAAAACRYAAAAAJBgAQAAAECCBQAAAAAJFgAAAAAkWAAAAACQYAEAAABAggUAAAAACRYAAAAAJFgAAAAAkGABAAAAQIIFAAAAAAkWAAAAACRYAAAAAJBgAQAAAECCBQAAAAAJFgAAAAAkWAAAAACQYAEAAABAggUAAAAACRYAAAAAJFgAAAAAkGABAAAAQIIFAAAAAAkWAAAAACRYAAAAAJBgAQAAAECCBQAAAAAJFgAAAAAkWAAAAACQYAEAAABAggUAAAAACRYAAAAAJFgAAAAAkGABAAAAQIIFAAAAAAkWAAAAACRYAAAAAJBgAQAAAECCBQAAAAAJFgAAAAAkWAAAAACQYAEAAABAggUAAAAACRYAAAAAJFgAAAAAkGABAAAAQIIFAAAAAAkWAAAAACRYAAAAAJBgAQAAAECCBQAAAAAJFgAAAAAkWAAAAACQYAEAAABAggUAAAAACRYAAAAAJFgAAAAAkGABAAAAQIIFAAAAAAkWAAAAACRYAAAAAJBgAQAAAECCBQAAAAAJFgAAAAAkWAAAAACQYAEAAABAggUAAAAACRYAAAAAJFgAAAAAkGABAAAAQIIFAAAAAAkWAAAAACRYAAAAAJBgAQAAAECCBQAAAAAJFgAAAAAkWAAAAACQYAEAAABAggUAAAAACRYAAAAAJFgAAAAAkGABAAAAQIIFAAAAAAkWAAAAACRYAAAAAJBgAQAAAECCBQAAAAAJFgAAAAAkWAAAAACQYAEAAABAggUAAAAACRYAAAAAJFgAAAAAkGABAAAAQIIFAAAAAAkWAAAAACRYAAAAAJBgAQAAAECCBQAAAAAJFgAAAAAkWAAAAACQYAEAAABAggUAAAAACRYAAAAAJFgAAAAAkGABAAAAQIIFAAAAAAkWAAAAACRYAAAAAJBgAQAAAECCBQAAAAAJFgAAAAAkWAAAAACQYAEAAABAggUAAAAACRYAAAAAJFgAAAAAkGABAAAAQIIFAAAAAAkWAAAAACRYAAAAAJBgAQAAAECCBQAAAAAJFgAAAAAkWAAAAACQYAEAAABAggUAAAAACRYAAAAAJFgAAAAAkGABAAAAQIIFAAAAAAkWAAAAACRYAAAAAJBgAQAAAECCBQAAAAAJFgAAAAAkWAAAAACQYAEAAABAggUAAAAACRYAAAAAJFgAAAAAkGABAAAAQIIFAAAAAAkWAAAAACRYAAAAAJBgAQAAAECCBQAAAAAJFgAAAAAkWAAAAACQYAEAAABAggUAAAAACRYAAAAAJFgAAAAAkGABAAAAQIIFAAAAAAkWAAAAACRYAAAAAJBgAQAAAECCBQAAAAAJFgAAAAAkWAAAAACQYAEAAABAggUAAAAACRYAAAAAJFgAAAAAkGABAAAAQIIFAAAAAAkWAAAAACRYAAAAAJBgAQAAAECCBQAAAAAJFgAAAAAkWAAAAACQYAEAAABAggUAAAAACRYAAAAAJFgAAAAAkGABAAAAQIIFAAAAAAkWAAAAACRYAAAAAJBgAQAAAECCBQAAAAAJFgAAAAAkWAAAAACQYAEAAABAggUAAAAACRYAAAAAJFgAAAAAkGABAAAAQIIFAAAAAAkWAAAAACRYAAAAAJBgAQAAAECCBQAAAAAJFgAAAAAkWAAAAACQYAEAAABAggUAAAAACRYAAAAAJFgAAAAAkGABAAAAQIIFAAAAAAkWAAAAACRYAAAAAJBgAQAAAECCBQAAAAAJFgAAAAAkWAAAAACQYAEAAABAggUAAAAACRYAAAAAJFgAAAAAkGABAAAAQIIFAAAAAAkWAAAAACRYAAAAAJBgAQAAAECCBQAAAAAJFgAAAAAkWAAAAACQYAEAAABAggUAAAAACRYAAAAAJFgAAAAAkGABAAAAQIIFAAAAAAkWAAAAACRYAAAAAJBgAQAAAECCBQAAAAAJFgAAAAAkWAAAAACQYAEAAABAggUAAAAACQdf8geAteQ1xAAAAABJRU5ErkJggg==
]]></system-out>
  </testcase>
</testsuite>