<?xml version="1.0" encoding="UTF-8"?>
<!-- Generated by org.testng.reporters.JUnitReportReporter -->
<testsuite hostname="DESKTOP-P1ON6IV" failures="0" tests="1" name="OpenHRMTestClasses.HomeTestClass" time="3.299" errors="0" timestamp="2025-07-12T22:48:41 IST" skipped="0">
  <testcase classname="OpenHRMTestClasses.HomeTestClass" name="logout" time="3.299"/>
</testsuite> <!-- OpenHRMTestClasses.HomeTestClass -->
